<?xml version="1.0" encoding="UTF-8"?>
<testsuite name="com.softserve.service.ScheduleServiceTest" tests="8" skipped="0" failures="0" errors="0" timestamp="2025-06-26T11:47:46.025Z" hostname="MacBook-Air-Ivan.local" time="0.451">
  <properties/>
  <testcase name="sendScheduleToTeachers" classname="com.softserve.service.ScheduleServiceTest" time="0.427"/>
  <testcase name="scheduleForGroupedLessons" classname="com.softserve.service.ScheduleServiceTest" time="0.009"/>
  <testcase name="throwEntityNotFoundExceptionIfScheduleNotFounded" classname="com.softserve.service.ScheduleServiceTest" time="0.001"/>
  <testcase name="update" classname="com.softserve.service.ScheduleServiceTest" time="0.001"/>
  <testcase name="sendScheduleToTeacher" classname="com.softserve.service.ScheduleServiceTest" time="0.009"/>
  <testcase name="getById" classname="com.softserve.service.ScheduleServiceTest" time="0.001"/>
  <testcase name="save" classname="com.softserve.service.ScheduleServiceTest" time="0.001"/>
  <testcase name="getAllOrderedByRoomsDaysPeriodsTest" classname="com.softserve.service.ScheduleServiceTest" time="0.001"/>
  <system-out><![CDATA[[INFO ] 2025-06-26 14:47:46.089 [Test worker] c.s.s.i.ScheduleServiceImpl - Enter into sendScheduleToTeachers of TeacherServiceImpl
[INFO ] 2025-06-26 14:47:46.090 [Test worker] c.s.s.i.ScheduleServiceImpl - Enter into sendScheduleToTeacher of TeacherServiceImpl
[INFO ] 2025-06-26 14:47:46.090 [Test worker] c.s.s.i.ScheduleServiceImpl - In getScheduleForTeacher(semesterId = [4], teacherId[10])
[INFO ] 2025-06-26 14:47:46.092 [Test worker] c.s.u.PdfReportGenerator - Enter into teacherScheduleReport method with schedule ScheduleForTeacherDTO(semester=SemesterDTO(id=4, description=null, year=0, startDay=null, endDay=null, currentSemester=false, defaultSemester=false, daysOfWeek=null, periods=null, disable=false), teacher=com.softserve.dto.TeacherDTO@38b80f73, days=[DaysOfWeekWithClassesForTeacherDTO(day=MONDAY, evenWeek=ClassesInScheduleForTeacherDTO(periods=[]), oddWeek=ClassesInScheduleForTeacherDTO(periods=[])), DaysOfWeekWithClassesForTeacherDTO(day=TUESDAY, evenWeek=ClassesInScheduleForTeacherDTO(periods=[]), oddWeek=ClassesInScheduleForTeacherDTO(periods=[]))])
[INFO ] 2025-06-26 14:47:46.340 [Test worker] c.s.u.TeacherTableBuilder - Enter into createTeacherTable method with schedule ScheduleForTeacherDTO(semester=SemesterDTO(id=4, description=null, year=0, startDay=null, endDay=null, currentSemester=false, defaultSemester=false, daysOfWeek=null, periods=null, disable=false), teacher=com.softserve.dto.TeacherDTO@38b80f73, days=[DaysOfWeekWithClassesForTeacherDTO(day=MONDAY, evenWeek=ClassesInScheduleForTeacherDTO(periods=[]), oddWeek=ClassesInScheduleForTeacherDTO(periods=[])), DaysOfWeekWithClassesForTeacherDTO(day=TUESDAY, evenWeek=ClassesInScheduleForTeacherDTO(periods=[]), oddWeek=ClassesInScheduleForTeacherDTO(periods=[]))]) and language en
[INFO ] 2025-06-26 14:47:46.357 [Test worker] c.s.u.TeacherTableBuilder - Enter into createTableTitleCell method with tableWidth 3 and schedule ScheduleForTeacherDTO(semester=SemesterDTO(id=4, description=null, year=0, startDay=null, endDay=null, currentSemester=false, defaultSemester=false, daysOfWeek=null, periods=null, disable=false), teacher=com.softserve.dto.TeacherDTO@38b80f73, days=[DaysOfWeekWithClassesForTeacherDTO(day=MONDAY, evenWeek=ClassesInScheduleForTeacherDTO(periods=[]), oddWeek=ClassesInScheduleForTeacherDTO(periods=[])), DaysOfWeekWithClassesForTeacherDTO(day=TUESDAY, evenWeek=ClassesInScheduleForTeacherDTO(periods=[]), oddWeek=ClassesInScheduleForTeacherDTO(periods=[]))]) and language en
[INFO ] 2025-06-26 14:47:46.367 [Test worker] c.s.u.TeacherTableBuilder - Enter into getAllPeriods method with schedule ScheduleForTeacherDTO(semester=SemesterDTO(id=4, description=null, year=0, startDay=null, endDay=null, currentSemester=false, defaultSemester=false, daysOfWeek=null, periods=null, disable=false), teacher=com.softserve.dto.TeacherDTO@38b80f73, days=[DaysOfWeekWithClassesForTeacherDTO(day=MONDAY, evenWeek=ClassesInScheduleForTeacherDTO(periods=[]), oddWeek=ClassesInScheduleForTeacherDTO(periods=[])), DaysOfWeekWithClassesForTeacherDTO(day=TUESDAY, evenWeek=ClassesInScheduleForTeacherDTO(periods=[]), oddWeek=ClassesInScheduleForTeacherDTO(periods=[]))])
[INFO ] 2025-06-26 14:47:46.417 [Test worker] c.s.s.i.ScheduleServiceImpl - Enter into sendScheduleToTeacher of TeacherServiceImpl
[INFO ] 2025-06-26 14:47:46.418 [Test worker] c.s.s.i.ScheduleServiceImpl - In getScheduleForTeacher(semesterId = [4], teacherId[10])
[INFO ] 2025-06-26 14:47:46.419 [Test worker] c.s.u.PdfReportGenerator - Enter into teacherScheduleReport method with schedule ScheduleForTeacherDTO(semester=SemesterDTO(id=4, description=null, year=0, startDay=null, endDay=null, currentSemester=false, defaultSemester=false, daysOfWeek=null, periods=null, disable=false), teacher=com.softserve.dto.TeacherDTO@38b80f73, days=[DaysOfWeekWithClassesForTeacherDTO(day=MONDAY, evenWeek=ClassesInScheduleForTeacherDTO(periods=[]), oddWeek=ClassesInScheduleForTeacherDTO(periods=[])), DaysOfWeekWithClassesForTeacherDTO(day=TUESDAY, evenWeek=ClassesInScheduleForTeacherDTO(periods=[]), oddWeek=ClassesInScheduleForTeacherDTO(periods=[]))])
[INFO ] 2025-06-26 14:47:46.419 [Test worker] c.s.u.TeacherTableBuilder - Enter into createTeacherTable method with schedule ScheduleForTeacherDTO(semester=SemesterDTO(id=4, description=null, year=0, startDay=null, endDay=null, currentSemester=false, defaultSemester=false, daysOfWeek=null, periods=null, disable=false), teacher=com.softserve.dto.TeacherDTO@38b80f73, days=[DaysOfWeekWithClassesForTeacherDTO(day=MONDAY, evenWeek=ClassesInScheduleForTeacherDTO(periods=[]), oddWeek=ClassesInScheduleForTeacherDTO(periods=[])), DaysOfWeekWithClassesForTeacherDTO(day=TUESDAY, evenWeek=ClassesInScheduleForTeacherDTO(periods=[]), oddWeek=ClassesInScheduleForTeacherDTO(periods=[]))]) and language en
[INFO ] 2025-06-26 14:47:46.419 [Test worker] c.s.u.TeacherTableBuilder - Enter into createTableTitleCell method with tableWidth 3 and schedule ScheduleForTeacherDTO(semester=SemesterDTO(id=4, description=null, year=0, startDay=null, endDay=null, currentSemester=false, defaultSemester=false, daysOfWeek=null, periods=null, disable=false), teacher=com.softserve.dto.TeacherDTO@38b80f73, days=[DaysOfWeekWithClassesForTeacherDTO(day=MONDAY, evenWeek=ClassesInScheduleForTeacherDTO(periods=[]), oddWeek=ClassesInScheduleForTeacherDTO(periods=[])), DaysOfWeekWithClassesForTeacherDTO(day=TUESDAY, evenWeek=ClassesInScheduleForTeacherDTO(periods=[]), oddWeek=ClassesInScheduleForTeacherDTO(periods=[]))]) and language en
[INFO ] 2025-06-26 14:47:46.419 [Test worker] c.s.u.TeacherTableBuilder - Enter into getAllPeriods method with schedule ScheduleForTeacherDTO(semester=SemesterDTO(id=4, description=null, year=0, startDay=null, endDay=null, currentSemester=false, defaultSemester=false, daysOfWeek=null, periods=null, disable=false), teacher=com.softserve.dto.TeacherDTO@38b80f73, days=[DaysOfWeekWithClassesForTeacherDTO(day=MONDAY, evenWeek=ClassesInScheduleForTeacherDTO(periods=[]), oddWeek=ClassesInScheduleForTeacherDTO(periods=[])), DaysOfWeekWithClassesForTeacherDTO(day=TUESDAY, evenWeek=ClassesInScheduleForTeacherDTO(periods=[]), oddWeek=ClassesInScheduleForTeacherDTO(periods=[]))])
[INFO ] 2025-06-26 14:47:46.435 [Test worker] c.s.s.i.ScheduleServiceImpl - Enter into sendScheduleToTeacher of TeacherServiceImpl
[INFO ] 2025-06-26 14:47:46.435 [Test worker] c.s.s.i.ScheduleServiceImpl - In getScheduleForTeacher(semesterId = [4], teacherId[10])
[INFO ] 2025-06-26 14:47:46.435 [Test worker] c.s.u.PdfReportGenerator - Enter into teacherScheduleReport method with schedule ScheduleForTeacherDTO(semester=SemesterDTO(id=4, description=null, year=0, startDay=null, endDay=null, currentSemester=false, defaultSemester=false, daysOfWeek=null, periods=null, disable=false), teacher=com.softserve.dto.TeacherDTO@38b80f73, days=[DaysOfWeekWithClassesForTeacherDTO(day=MONDAY, evenWeek=ClassesInScheduleForTeacherDTO(periods=[]), oddWeek=ClassesInScheduleForTeacherDTO(periods=[])), DaysOfWeekWithClassesForTeacherDTO(day=TUESDAY, evenWeek=ClassesInScheduleForTeacherDTO(periods=[]), oddWeek=ClassesInScheduleForTeacherDTO(periods=[]))])
[INFO ] 2025-06-26 14:47:46.436 [Test worker] c.s.u.TeacherTableBuilder - Enter into createTeacherTable method with schedule ScheduleForTeacherDTO(semester=SemesterDTO(id=4, description=null, year=0, startDay=null, endDay=null, currentSemester=false, defaultSemester=false, daysOfWeek=null, periods=null, disable=false), teacher=com.softserve.dto.TeacherDTO@38b80f73, days=[DaysOfWeekWithClassesForTeacherDTO(day=MONDAY, evenWeek=ClassesInScheduleForTeacherDTO(periods=[]), oddWeek=ClassesInScheduleForTeacherDTO(periods=[])), DaysOfWeekWithClassesForTeacherDTO(day=TUESDAY, evenWeek=ClassesInScheduleForTeacherDTO(periods=[]), oddWeek=ClassesInScheduleForTeacherDTO(periods=[]))]) and language en
[INFO ] 2025-06-26 14:47:46.436 [Test worker] c.s.u.TeacherTableBuilder - Enter into createTableTitleCell method with tableWidth 3 and schedule ScheduleForTeacherDTO(semester=SemesterDTO(id=4, description=null, year=0, startDay=null, endDay=null, currentSemester=false, defaultSemester=false, daysOfWeek=null, periods=null, disable=false), teacher=com.softserve.dto.TeacherDTO@38b80f73, days=[DaysOfWeekWithClassesForTeacherDTO(day=MONDAY, evenWeek=ClassesInScheduleForTeacherDTO(periods=[]), oddWeek=ClassesInScheduleForTeacherDTO(periods=[])), DaysOfWeekWithClassesForTeacherDTO(day=TUESDAY, evenWeek=ClassesInScheduleForTeacherDTO(periods=[]), oddWeek=ClassesInScheduleForTeacherDTO(periods=[]))]) and language en
[INFO ] 2025-06-26 14:47:46.437 [Test worker] c.s.u.TeacherTableBuilder - Enter into getAllPeriods method with schedule ScheduleForTeacherDTO(semester=SemesterDTO(id=4, description=null, year=0, startDay=null, endDay=null, currentSemester=false, defaultSemester=false, daysOfWeek=null, periods=null, disable=false), teacher=com.softserve.dto.TeacherDTO@38b80f73, days=[DaysOfWeekWithClassesForTeacherDTO(day=MONDAY, evenWeek=ClassesInScheduleForTeacherDTO(periods=[]), oddWeek=ClassesInScheduleForTeacherDTO(periods=[])), DaysOfWeekWithClassesForTeacherDTO(day=TUESDAY, evenWeek=ClassesInScheduleForTeacherDTO(periods=[]), oddWeek=ClassesInScheduleForTeacherDTO(periods=[]))])
[INFO ] 2025-06-26 14:47:46.444 [Test worker] c.s.s.i.ScheduleServiceImpl - Enter into sendScheduleToTeacher of TeacherServiceImpl
[INFO ] 2025-06-26 14:47:46.445 [Test worker] c.s.s.i.ScheduleServiceImpl - In getScheduleForTeacher(semesterId = [4], teacherId[10])
[INFO ] 2025-06-26 14:47:46.445 [Test worker] c.s.u.PdfReportGenerator - Enter into teacherScheduleReport method with schedule ScheduleForTeacherDTO(semester=SemesterDTO(id=4, description=null, year=0, startDay=null, endDay=null, currentSemester=false, defaultSemester=false, daysOfWeek=null, periods=null, disable=false), teacher=com.softserve.dto.TeacherDTO@38b80f73, days=[DaysOfWeekWithClassesForTeacherDTO(day=MONDAY, evenWeek=ClassesInScheduleForTeacherDTO(periods=[]), oddWeek=ClassesInScheduleForTeacherDTO(periods=[])), DaysOfWeekWithClassesForTeacherDTO(day=TUESDAY, evenWeek=ClassesInScheduleForTeacherDTO(periods=[]), oddWeek=ClassesInScheduleForTeacherDTO(periods=[]))])
[INFO ] 2025-06-26 14:47:46.446 [Test worker] c.s.u.TeacherTableBuilder - Enter into createTeacherTable method with schedule ScheduleForTeacherDTO(semester=SemesterDTO(id=4, description=null, year=0, startDay=null, endDay=null, currentSemester=false, defaultSemester=false, daysOfWeek=null, periods=null, disable=false), teacher=com.softserve.dto.TeacherDTO@38b80f73, days=[DaysOfWeekWithClassesForTeacherDTO(day=MONDAY, evenWeek=ClassesInScheduleForTeacherDTO(periods=[]), oddWeek=ClassesInScheduleForTeacherDTO(periods=[])), DaysOfWeekWithClassesForTeacherDTO(day=TUESDAY, evenWeek=ClassesInScheduleForTeacherDTO(periods=[]), oddWeek=ClassesInScheduleForTeacherDTO(periods=[]))]) and language en
[INFO ] 2025-06-26 14:47:46.446 [Test worker] c.s.u.TeacherTableBuilder - Enter into createTableTitleCell method with tableWidth 3 and schedule ScheduleForTeacherDTO(semester=SemesterDTO(id=4, description=null, year=0, startDay=null, endDay=null, currentSemester=false, defaultSemester=false, daysOfWeek=null, periods=null, disable=false), teacher=com.softserve.dto.TeacherDTO@38b80f73, days=[DaysOfWeekWithClassesForTeacherDTO(day=MONDAY, evenWeek=ClassesInScheduleForTeacherDTO(periods=[]), oddWeek=ClassesInScheduleForTeacherDTO(periods=[])), DaysOfWeekWithClassesForTeacherDTO(day=TUESDAY, evenWeek=ClassesInScheduleForTeacherDTO(periods=[]), oddWeek=ClassesInScheduleForTeacherDTO(periods=[]))]) and language en
[INFO ] 2025-06-26 14:47:46.446 [Test worker] c.s.u.TeacherTableBuilder - Enter into getAllPeriods method with schedule ScheduleForTeacherDTO(semester=SemesterDTO(id=4, description=null, year=0, startDay=null, endDay=null, currentSemester=false, defaultSemester=false, daysOfWeek=null, periods=null, disable=false), teacher=com.softserve.dto.TeacherDTO@38b80f73, days=[DaysOfWeekWithClassesForTeacherDTO(day=MONDAY, evenWeek=ClassesInScheduleForTeacherDTO(periods=[]), oddWeek=ClassesInScheduleForTeacherDTO(periods=[])), DaysOfWeekWithClassesForTeacherDTO(day=TUESDAY, evenWeek=ClassesInScheduleForTeacherDTO(periods=[]), oddWeek=ClassesInScheduleForTeacherDTO(periods=[]))])
[INFO ] 2025-06-26 14:47:46.454 [Test worker] c.s.s.i.ScheduleServiceImpl - In schedulesForGroupedLessons(schedule = [Schedule(id=1, dayOfWeek=MONDAY, evenOdd=ODD, room=com.softserve.entity.Room@3c1, period=Period(id=null, startTime=null, endTime=null, name=null), lesson=Lesson(id=1, hours=0, linkToMeeting=null, subjectForSite=null, lessonType=null, teacher=null, subject=null, group=Group(id=null, title=null, disable=false, sortOrder=null), semester=Semester(id=null, description=null, year=0, startDay=null, endDay=null, currentSemester=false, defaultSemester=false, daysOfWeek=null, periods=null, groups=null, disable=false), grouped=true))]
[INFO ] 2025-06-26 14:47:46.463 [Test worker] c.s.s.i.ScheduleServiceImpl - In getById(id = [2])
[INFO ] 2025-06-26 14:47:46.464 [Test worker] c.s.s.i.ScheduleServiceImpl - In update(entity = [Schedule(id=1, dayOfWeek=MONDAY, evenOdd=EVEN, room=com.softserve.entity.Room@3c1, period=Period(id=null, startTime=null, endTime=null, name=null), lesson=Lesson(id=null, hours=0, linkToMeeting=null, subjectForSite=null, lessonType=null, teacher=null, subject=null, group=Group(id=null, title=null, disable=false, sortOrder=null), semester=Semester(id=null, description=null, year=0, startDay=null, endDay=null, currentSemester=false, defaultSemester=false, daysOfWeek=null, periods=null, groups=null, disable=false), grouped=false))]
[INFO ] 2025-06-26 14:47:46.464 [Test worker] c.s.s.i.ScheduleServiceImpl - In isConflictForGroupInSchedule(semesterId = [null], dayOfWeek = [MONDAY], evenOdd = [EVEN], classId = [null], lessonId = [null])
[INFO ] 2025-06-26 14:47:46.466 [Test worker] c.s.s.i.ScheduleServiceImpl - Enter into sendScheduleToTeacher of TeacherServiceImpl
[INFO ] 2025-06-26 14:47:46.466 [Test worker] c.s.s.i.ScheduleServiceImpl - In getScheduleForTeacher(semesterId = [1], teacherId[1])
[INFO ] 2025-06-26 14:47:46.466 [Test worker] c.s.u.PdfReportGenerator - Enter into teacherScheduleReport method with schedule ScheduleForTeacherDTO(semester=SemesterDTO(id=1, description=null, year=0, startDay=null, endDay=null, currentSemester=false, defaultSemester=false, daysOfWeek=null, periods=null, disable=false), teacher=com.softserve.dto.TeacherDTO@37830fe9, days=[DaysOfWeekWithClassesForTeacherDTO(day=MONDAY, evenWeek=ClassesInScheduleForTeacherDTO(periods=[]), oddWeek=ClassesInScheduleForTeacherDTO(periods=[])), DaysOfWeekWithClassesForTeacherDTO(day=TUESDAY, evenWeek=ClassesInScheduleForTeacherDTO(periods=[]), oddWeek=ClassesInScheduleForTeacherDTO(periods=[]))])
[INFO ] 2025-06-26 14:47:46.467 [Test worker] c.s.u.TeacherTableBuilder - Enter into createTeacherTable method with schedule ScheduleForTeacherDTO(semester=SemesterDTO(id=1, description=null, year=0, startDay=null, endDay=null, currentSemester=false, defaultSemester=false, daysOfWeek=null, periods=null, disable=false), teacher=com.softserve.dto.TeacherDTO@37830fe9, days=[DaysOfWeekWithClassesForTeacherDTO(day=MONDAY, evenWeek=ClassesInScheduleForTeacherDTO(periods=[]), oddWeek=ClassesInScheduleForTeacherDTO(periods=[])), DaysOfWeekWithClassesForTeacherDTO(day=TUESDAY, evenWeek=ClassesInScheduleForTeacherDTO(periods=[]), oddWeek=ClassesInScheduleForTeacherDTO(periods=[]))]) and language en
[INFO ] 2025-06-26 14:47:46.467 [Test worker] c.s.u.TeacherTableBuilder - Enter into createTableTitleCell method with tableWidth 3 and schedule ScheduleForTeacherDTO(semester=SemesterDTO(id=1, description=null, year=0, startDay=null, endDay=null, currentSemester=false, defaultSemester=false, daysOfWeek=null, periods=null, disable=false), teacher=com.softserve.dto.TeacherDTO@37830fe9, days=[DaysOfWeekWithClassesForTeacherDTO(day=MONDAY, evenWeek=ClassesInScheduleForTeacherDTO(periods=[]), oddWeek=ClassesInScheduleForTeacherDTO(periods=[])), DaysOfWeekWithClassesForTeacherDTO(day=TUESDAY, evenWeek=ClassesInScheduleForTeacherDTO(periods=[]), oddWeek=ClassesInScheduleForTeacherDTO(periods=[]))]) and language en
[INFO ] 2025-06-26 14:47:46.467 [Test worker] c.s.u.TeacherTableBuilder - Enter into getAllPeriods method with schedule ScheduleForTeacherDTO(semester=SemesterDTO(id=1, description=null, year=0, startDay=null, endDay=null, currentSemester=false, defaultSemester=false, daysOfWeek=null, periods=null, disable=false), teacher=com.softserve.dto.TeacherDTO@37830fe9, days=[DaysOfWeekWithClassesForTeacherDTO(day=MONDAY, evenWeek=ClassesInScheduleForTeacherDTO(periods=[]), oddWeek=ClassesInScheduleForTeacherDTO(periods=[])), DaysOfWeekWithClassesForTeacherDTO(day=TUESDAY, evenWeek=ClassesInScheduleForTeacherDTO(periods=[]), oddWeek=ClassesInScheduleForTeacherDTO(periods=[]))])
[INFO ] 2025-06-26 14:47:46.474 [Test worker] c.s.s.i.ScheduleServiceImpl - In getById(id = [1])
[INFO ] 2025-06-26 14:47:46.475 [Test worker] c.s.s.i.ScheduleServiceImpl - In save(entity = [Schedule(id=1, dayOfWeek=MONDAY, evenOdd=ODD, room=com.softserve.entity.Room@3c1, period=Period(id=null, startTime=null, endTime=null, name=null), lesson=Lesson(id=1, hours=0, linkToMeeting=null, subjectForSite=null, lessonType=null, teacher=null, subject=null, group=Group(id=null, title=null, disable=false, sortOrder=null), semester=Semester(id=null, description=null, year=0, startDay=null, endDay=null, currentSemester=false, defaultSemester=false, daysOfWeek=null, periods=null, groups=null, disable=false), grouped=false))]
[INFO ] 2025-06-26 14:47:46.475 [Test worker] c.s.s.i.ScheduleServiceImpl - In isConflictForGroupInSchedule(semesterId = [null], dayOfWeek = [MONDAY], evenOdd = [ODD], classId = [null], lessonId = [1])
[INFO ] 2025-06-26 14:47:46.476 [Test worker] c.s.s.i.ScheduleServiceImpl - Entered getAllOrdered(1)
]]></system-out>
  <system-err><![CDATA[]]></system-err>
</testsuite>
