<?xml version="1.0" encoding="UTF-8"?>
<testsuite name="com.softserve.controller.SemesterControllerTest" tests="19" skipped="3" failures="16" errors="0" timestamp="2025-06-26T11:47:44.673Z" hostname="MacBook-Air-Ivan.local" time="0.21">
  <properties/>
  <testcase name="saveSemesterIfSavedSemesterDoesNotExistAndStartDayBeginBeforeEndDay" classname="com.softserve.controller.SemesterControllerTest" time="0.008">
    <failure message="org.springframework.jdbc.datasource.init.ScriptStatementFailedException: Failed to execute SQL script statement #1 of class path resource [create-semesters-before.sql]: TRUNCATE &quot;public&quot;.semester_day, &quot;public&quot;.semester_period, &quot;public&quot;.periods, &quot;public&quot;.semesters, &quot;public&quot;.groups, &quot;public&quot;.students, &quot;public&quot;.semester_group RESTART IDENTITY CASCADE; nested exception is org.h2.jdbc.JdbcSQLSyntaxErrorException: Syntax error in SQL statement &quot;TRUNCATE &quot;&quot;public&quot;&quot;[*].SEMESTER_DAY, &quot;&quot;public&quot;&quot;.SEMESTER_PERIOD, &quot;&quot;public&quot;&quot;.PERIODS, &quot;&quot;public&quot;&quot;.SEMESTERS, &quot;&quot;public&quot;&quot;.GROUPS, &quot;&quot;public&quot;&quot;.STUDENTS, &quot;&quot;public&quot;&quot;.SEMESTER_GROUP RESTART IDENTITY CASCADE&quot;; expected &quot;TABLE&quot;; SQL statement:&#10;TRUNCATE &quot;public&quot;.semester_day, &quot;public&quot;.semester_period, &quot;public&quot;.periods, &quot;public&quot;.semesters, &quot;public&quot;.groups, &quot;public&quot;.students, &quot;public&quot;.semester_group RESTART IDENTITY CASCADE [42001-200]" type="org.springframework.jdbc.datasource.init.ScriptStatementFailedException">org.springframework.jdbc.datasource.init.ScriptStatementFailedException: Failed to execute SQL script statement #1 of class path resource [create-semesters-before.sql]: TRUNCATE &quot;public&quot;.semester_day, &quot;public&quot;.semester_period, &quot;public&quot;.periods, &quot;public&quot;.semesters, &quot;public&quot;.groups, &quot;public&quot;.students, &quot;public&quot;.semester_group RESTART IDENTITY CASCADE; nested exception is org.h2.jdbc.JdbcSQLSyntaxErrorException: Syntax error in SQL statement &quot;TRUNCATE &quot;&quot;public&quot;&quot;[*].SEMESTER_DAY, &quot;&quot;public&quot;&quot;.SEMESTER_PERIOD, &quot;&quot;public&quot;&quot;.PERIODS, &quot;&quot;public&quot;&quot;.SEMESTERS, &quot;&quot;public&quot;&quot;.GROUPS, &quot;&quot;public&quot;&quot;.STUDENTS, &quot;&quot;public&quot;&quot;.SEMESTER_GROUP RESTART IDENTITY CASCADE&quot;; expected &quot;TABLE&quot;; SQL statement:
TRUNCATE &quot;public&quot;.semester_day, &quot;public&quot;.semester_period, &quot;public&quot;.periods, &quot;public&quot;.semesters, &quot;public&quot;.groups, &quot;public&quot;.students, &quot;public&quot;.semester_group RESTART IDENTITY CASCADE [42001-200]
	at app//org.springframework.jdbc.datasource.init.ScriptUtils.executeSqlScript(ScriptUtils.java:622)
	at app//org.springframework.jdbc.datasource.init.ResourceDatabasePopulator.populate(ResourceDatabasePopulator.java:254)
	at app//org.springframework.jdbc.datasource.init.DatabasePopulatorUtils.execute(DatabasePopulatorUtils.java:49)
	at app//org.springframework.jdbc.datasource.init.ResourceDatabasePopulator.execute(ResourceDatabasePopulator.java:269)
	at app//org.springframework.test.context.jdbc.SqlScriptsTestExecutionListener.lambda$executeSqlScripts$4(SqlScriptsTestExecutionListener.java:263)
	at app//org.springframework.transaction.support.TransactionOperations.lambda$executeWithoutResult$0(TransactionOperations.java:68)
	at app//org.springframework.transaction.support.TransactionTemplate.execute(TransactionTemplate.java:140)
	at app//org.springframework.transaction.support.TransactionOperations.executeWithoutResult(TransactionOperations.java:67)
	at app//org.springframework.test.context.jdbc.SqlScriptsTestExecutionListener.executeSqlScripts(SqlScriptsTestExecutionListener.java:263)
	at app//org.springframework.test.context.jdbc.SqlScriptsTestExecutionListener.lambda$executeSqlScripts$0(SqlScriptsTestExecutionListener.java:185)
	at java.base@11.0.27/java.lang.Iterable.forEach(Iterable.java:75)
	at app//org.springframework.test.context.jdbc.SqlScriptsTestExecutionListener.executeSqlScripts(SqlScriptsTestExecutionListener.java:185)
	at app//org.springframework.test.context.jdbc.SqlScriptsTestExecutionListener.executeSqlScripts(SqlScriptsTestExecutionListener.java:147)
	at app//org.springframework.test.context.jdbc.SqlScriptsTestExecutionListener.beforeTestMethod(SqlScriptsTestExecutionListener.java:117)
	at app//org.springframework.test.context.TestContextManager.beforeTestMethod(TestContextManager.java:289)
	at app//org.springframework.test.context.junit4.statements.RunBeforeTestMethodCallbacks.evaluate(RunBeforeTestMethodCallbacks.java:74)
	at app//org.springframework.test.context.junit4.statements.RunAfterTestMethodCallbacks.evaluate(RunAfterTestMethodCallbacks.java:86)
	at app//org.springframework.test.context.junit4.statements.SpringRepeat.evaluate(SpringRepeat.java:84)
	at app//org.junit.runners.ParentRunner.runLeaf(ParentRunner.java:366)
	at app//org.springframework.test.context.junit4.SpringJUnit4ClassRunner.runChild(SpringJUnit4ClassRunner.java:251)
	at app//org.springframework.test.context.junit4.SpringJUnit4ClassRunner.runChild(SpringJUnit4ClassRunner.java:97)
	at app//org.junit.runners.ParentRunner$4.run(ParentRunner.java:331)
	at app//org.junit.runners.ParentRunner$1.schedule(ParentRunner.java:79)
	at app//org.junit.runners.ParentRunner.runChildren(ParentRunner.java:329)
	at app//org.junit.runners.ParentRunner.access$100(ParentRunner.java:66)
	at app//org.junit.runners.ParentRunner$2.evaluate(ParentRunner.java:293)
	at app//org.springframework.test.context.junit4.statements.RunBeforeTestClassCallbacks.evaluate(RunBeforeTestClassCallbacks.java:61)
	at app//org.springframework.test.context.junit4.statements.RunAfterTestClassCallbacks.evaluate(RunAfterTestClassCallbacks.java:70)
	at app//org.junit.runners.ParentRunner$3.evaluate(ParentRunner.java:306)
	at app//org.junit.runners.ParentRunner.run(ParentRunner.java:413)
	at app//org.springframework.test.context.junit4.SpringJUnit4ClassRunner.run(SpringJUnit4ClassRunner.java:190)
	at org.gradle.api.internal.tasks.testing.junit.JUnitTestClassExecutor.runTestClass(JUnitTestClassExecutor.java:112)
	at org.gradle.api.internal.tasks.testing.junit.JUnitTestClassExecutor.execute(JUnitTestClassExecutor.java:58)
	at org.gradle.api.internal.tasks.testing.junit.JUnitTestClassExecutor.execute(JUnitTestClassExecutor.java:40)
	at org.gradle.api.internal.tasks.testing.junit.AbstractJUnitTestClassProcessor.processTestClass(AbstractJUnitTestClassProcessor.java:54)
	at org.gradle.api.internal.tasks.testing.SuiteTestClassProcessor.processTestClass(SuiteTestClassProcessor.java:53)
	at java.base@11.0.27/jdk.internal.reflect.NativeMethodAccessorImpl.invoke0(Native Method)
	at java.base@11.0.27/jdk.internal.reflect.NativeMethodAccessorImpl.invoke(NativeMethodAccessorImpl.java:62)
	at java.base@11.0.27/jdk.internal.reflect.DelegatingMethodAccessorImpl.invoke(DelegatingMethodAccessorImpl.java:43)
	at java.base@11.0.27/java.lang.reflect.Method.invoke(Method.java:566)
	at org.gradle.internal.dispatch.ReflectionDispatch.dispatch(ReflectionDispatch.java:36)
	at org.gradle.internal.dispatch.ReflectionDispatch.dispatch(ReflectionDispatch.java:24)
	at org.gradle.internal.dispatch.ContextClassLoaderDispatch.dispatch(ContextClassLoaderDispatch.java:33)
	at org.gradle.internal.dispatch.ProxyDispatchAdapter$DispatchingInvocationHandler.invoke(ProxyDispatchAdapter.java:92)
	at com.sun.proxy.$Proxy6.processTestClass(Unknown Source)
	at org.gradle.api.internal.tasks.testing.worker.TestWorker$2.run(TestWorker.java:183)
	at org.gradle.api.internal.tasks.testing.worker.TestWorker.executeAndMaintainThreadName(TestWorker.java:132)
	at org.gradle.api.internal.tasks.testing.worker.TestWorker.execute(TestWorker.java:103)
	at org.gradle.api.internal.tasks.testing.worker.TestWorker.execute(TestWorker.java:63)
	at org.gradle.process.internal.worker.child.ActionExecutionWorker.execute(ActionExecutionWorker.java:56)
	at org.gradle.process.internal.worker.child.SystemApplicationClassLoaderWorker.call(SystemApplicationClassLoaderWorker.java:122)
	at org.gradle.process.internal.worker.child.SystemApplicationClassLoaderWorker.call(SystemApplicationClassLoaderWorker.java:72)
	at app//worker.org.gradle.process.internal.worker.GradleWorkerMain.run(GradleWorkerMain.java:69)
	at app//worker.org.gradle.process.internal.worker.GradleWorkerMain.main(GradleWorkerMain.java:74)
Caused by: org.h2.jdbc.JdbcSQLSyntaxErrorException: Syntax error in SQL statement &quot;TRUNCATE &quot;&quot;public&quot;&quot;[*].SEMESTER_DAY, &quot;&quot;public&quot;&quot;.SEMESTER_PERIOD, &quot;&quot;public&quot;&quot;.PERIODS, &quot;&quot;public&quot;&quot;.SEMESTERS, &quot;&quot;public&quot;&quot;.GROUPS, &quot;&quot;public&quot;&quot;.STUDENTS, &quot;&quot;public&quot;&quot;.SEMESTER_GROUP RESTART IDENTITY CASCADE&quot;; expected &quot;TABLE&quot;; SQL statement:
TRUNCATE &quot;public&quot;.semester_day, &quot;public&quot;.semester_period, &quot;public&quot;.periods, &quot;public&quot;.semesters, &quot;public&quot;.groups, &quot;public&quot;.students, &quot;public&quot;.semester_group RESTART IDENTITY CASCADE [42001-200]
	at app//org.h2.message.DbException.getJdbcSQLException(DbException.java:453)
	at app//org.h2.message.DbException.getJdbcSQLException(DbException.java:429)
	at app//org.h2.message.DbException.getSyntaxError(DbException.java:243)
	at app//org.h2.command.Parser.getSyntaxError(Parser.java:1053)
	at app//org.h2.command.Parser.read(Parser.java:4995)
	at app//org.h2.command.Parser.parseTruncate(Parser.java:2137)
	at app//org.h2.command.Parser.parsePrepared(Parser.java:1000)
	at app//org.h2.command.Parser.parse(Parser.java:843)
	at app//org.h2.command.Parser.parse(Parser.java:819)
	at app//org.h2.command.Parser.prepareCommand(Parser.java:738)
	at app//org.h2.engine.Session.prepareLocal(Session.java:657)
	at app//org.h2.engine.Session.prepareCommand(Session.java:595)
	at app//org.h2.jdbc.JdbcConnection.prepareCommand(JdbcConnection.java:1235)
	at app//org.h2.jdbc.JdbcStatement.executeInternal(JdbcStatement.java:212)
	at app//org.h2.jdbc.JdbcStatement.execute(JdbcStatement.java:201)
	at app//com.mchange.v2.c3p0.impl.NewProxyStatement.execute(NewProxyStatement.java:75)
	at app//org.springframework.jdbc.datasource.init.ScriptUtils.executeSqlScript(ScriptUtils.java:601)
	... 53 more
</failure>
  </testcase>
  <testcase name="getDefaultSemester" classname="com.softserve.controller.SemesterControllerTest" time="0.007">
    <failure message="org.springframework.jdbc.datasource.init.ScriptStatementFailedException: Failed to execute SQL script statement #1 of class path resource [create-semesters-before.sql]: TRUNCATE &quot;public&quot;.semester_day, &quot;public&quot;.semester_period, &quot;public&quot;.periods, &quot;public&quot;.semesters, &quot;public&quot;.groups, &quot;public&quot;.students, &quot;public&quot;.semester_group RESTART IDENTITY CASCADE; nested exception is org.h2.jdbc.JdbcSQLSyntaxErrorException: Syntax error in SQL statement &quot;TRUNCATE &quot;&quot;public&quot;&quot;[*].SEMESTER_DAY, &quot;&quot;public&quot;&quot;.SEMESTER_PERIOD, &quot;&quot;public&quot;&quot;.PERIODS, &quot;&quot;public&quot;&quot;.SEMESTERS, &quot;&quot;public&quot;&quot;.GROUPS, &quot;&quot;public&quot;&quot;.STUDENTS, &quot;&quot;public&quot;&quot;.SEMESTER_GROUP RESTART IDENTITY CASCADE&quot;; expected &quot;TABLE&quot;; SQL statement:&#10;TRUNCATE &quot;public&quot;.semester_day, &quot;public&quot;.semester_period, &quot;public&quot;.periods, &quot;public&quot;.semesters, &quot;public&quot;.groups, &quot;public&quot;.students, &quot;public&quot;.semester_group RESTART IDENTITY CASCADE [42001-200]" type="org.springframework.jdbc.datasource.init.ScriptStatementFailedException">org.springframework.jdbc.datasource.init.ScriptStatementFailedException: Failed to execute SQL script statement #1 of class path resource [create-semesters-before.sql]: TRUNCATE &quot;public&quot;.semester_day, &quot;public&quot;.semester_period, &quot;public&quot;.periods, &quot;public&quot;.semesters, &quot;public&quot;.groups, &quot;public&quot;.students, &quot;public&quot;.semester_group RESTART IDENTITY CASCADE; nested exception is org.h2.jdbc.JdbcSQLSyntaxErrorException: Syntax error in SQL statement &quot;TRUNCATE &quot;&quot;public&quot;&quot;[*].SEMESTER_DAY, &quot;&quot;public&quot;&quot;.SEMESTER_PERIOD, &quot;&quot;public&quot;&quot;.PERIODS, &quot;&quot;public&quot;&quot;.SEMESTERS, &quot;&quot;public&quot;&quot;.GROUPS, &quot;&quot;public&quot;&quot;.STUDENTS, &quot;&quot;public&quot;&quot;.SEMESTER_GROUP RESTART IDENTITY CASCADE&quot;; expected &quot;TABLE&quot;; SQL statement:
TRUNCATE &quot;public&quot;.semester_day, &quot;public&quot;.semester_period, &quot;public&quot;.periods, &quot;public&quot;.semesters, &quot;public&quot;.groups, &quot;public&quot;.students, &quot;public&quot;.semester_group RESTART IDENTITY CASCADE [42001-200]
	at app//org.springframework.jdbc.datasource.init.ScriptUtils.executeSqlScript(ScriptUtils.java:622)
	at app//org.springframework.jdbc.datasource.init.ResourceDatabasePopulator.populate(ResourceDatabasePopulator.java:254)
	at app//org.springframework.jdbc.datasource.init.DatabasePopulatorUtils.execute(DatabasePopulatorUtils.java:49)
	at app//org.springframework.jdbc.datasource.init.ResourceDatabasePopulator.execute(ResourceDatabasePopulator.java:269)
	at app//org.springframework.test.context.jdbc.SqlScriptsTestExecutionListener.lambda$executeSqlScripts$4(SqlScriptsTestExecutionListener.java:263)
	at app//org.springframework.transaction.support.TransactionOperations.lambda$executeWithoutResult$0(TransactionOperations.java:68)
	at app//org.springframework.transaction.support.TransactionTemplate.execute(TransactionTemplate.java:140)
	at app//org.springframework.transaction.support.TransactionOperations.executeWithoutResult(TransactionOperations.java:67)
	at app//org.springframework.test.context.jdbc.SqlScriptsTestExecutionListener.executeSqlScripts(SqlScriptsTestExecutionListener.java:263)
	at app//org.springframework.test.context.jdbc.SqlScriptsTestExecutionListener.lambda$executeSqlScripts$0(SqlScriptsTestExecutionListener.java:185)
	at java.base@11.0.27/java.lang.Iterable.forEach(Iterable.java:75)
	at app//org.springframework.test.context.jdbc.SqlScriptsTestExecutionListener.executeSqlScripts(SqlScriptsTestExecutionListener.java:185)
	at app//org.springframework.test.context.jdbc.SqlScriptsTestExecutionListener.executeSqlScripts(SqlScriptsTestExecutionListener.java:147)
	at app//org.springframework.test.context.jdbc.SqlScriptsTestExecutionListener.beforeTestMethod(SqlScriptsTestExecutionListener.java:117)
	at app//org.springframework.test.context.TestContextManager.beforeTestMethod(TestContextManager.java:289)
	at app//org.springframework.test.context.junit4.statements.RunBeforeTestMethodCallbacks.evaluate(RunBeforeTestMethodCallbacks.java:74)
	at app//org.springframework.test.context.junit4.statements.RunAfterTestMethodCallbacks.evaluate(RunAfterTestMethodCallbacks.java:86)
	at app//org.springframework.test.context.junit4.statements.SpringRepeat.evaluate(SpringRepeat.java:84)
	at app//org.junit.runners.ParentRunner.runLeaf(ParentRunner.java:366)
	at app//org.springframework.test.context.junit4.SpringJUnit4ClassRunner.runChild(SpringJUnit4ClassRunner.java:251)
	at app//org.springframework.test.context.junit4.SpringJUnit4ClassRunner.runChild(SpringJUnit4ClassRunner.java:97)
	at app//org.junit.runners.ParentRunner$4.run(ParentRunner.java:331)
	at app//org.junit.runners.ParentRunner$1.schedule(ParentRunner.java:79)
	at app//org.junit.runners.ParentRunner.runChildren(ParentRunner.java:329)
	at app//org.junit.runners.ParentRunner.access$100(ParentRunner.java:66)
	at app//org.junit.runners.ParentRunner$2.evaluate(ParentRunner.java:293)
	at app//org.springframework.test.context.junit4.statements.RunBeforeTestClassCallbacks.evaluate(RunBeforeTestClassCallbacks.java:61)
	at app//org.springframework.test.context.junit4.statements.RunAfterTestClassCallbacks.evaluate(RunAfterTestClassCallbacks.java:70)
	at app//org.junit.runners.ParentRunner$3.evaluate(ParentRunner.java:306)
	at app//org.junit.runners.ParentRunner.run(ParentRunner.java:413)
	at app//org.springframework.test.context.junit4.SpringJUnit4ClassRunner.run(SpringJUnit4ClassRunner.java:190)
	at org.gradle.api.internal.tasks.testing.junit.JUnitTestClassExecutor.runTestClass(JUnitTestClassExecutor.java:112)
	at org.gradle.api.internal.tasks.testing.junit.JUnitTestClassExecutor.execute(JUnitTestClassExecutor.java:58)
	at org.gradle.api.internal.tasks.testing.junit.JUnitTestClassExecutor.execute(JUnitTestClassExecutor.java:40)
	at org.gradle.api.internal.tasks.testing.junit.AbstractJUnitTestClassProcessor.processTestClass(AbstractJUnitTestClassProcessor.java:54)
	at org.gradle.api.internal.tasks.testing.SuiteTestClassProcessor.processTestClass(SuiteTestClassProcessor.java:53)
	at java.base@11.0.27/jdk.internal.reflect.NativeMethodAccessorImpl.invoke0(Native Method)
	at java.base@11.0.27/jdk.internal.reflect.NativeMethodAccessorImpl.invoke(NativeMethodAccessorImpl.java:62)
	at java.base@11.0.27/jdk.internal.reflect.DelegatingMethodAccessorImpl.invoke(DelegatingMethodAccessorImpl.java:43)
	at java.base@11.0.27/java.lang.reflect.Method.invoke(Method.java:566)
	at org.gradle.internal.dispatch.ReflectionDispatch.dispatch(ReflectionDispatch.java:36)
	at org.gradle.internal.dispatch.ReflectionDispatch.dispatch(ReflectionDispatch.java:24)
	at org.gradle.internal.dispatch.ContextClassLoaderDispatch.dispatch(ContextClassLoaderDispatch.java:33)
	at org.gradle.internal.dispatch.ProxyDispatchAdapter$DispatchingInvocationHandler.invoke(ProxyDispatchAdapter.java:92)
	at com.sun.proxy.$Proxy6.processTestClass(Unknown Source)
	at org.gradle.api.internal.tasks.testing.worker.TestWorker$2.run(TestWorker.java:183)
	at org.gradle.api.internal.tasks.testing.worker.TestWorker.executeAndMaintainThreadName(TestWorker.java:132)
	at org.gradle.api.internal.tasks.testing.worker.TestWorker.execute(TestWorker.java:103)
	at org.gradle.api.internal.tasks.testing.worker.TestWorker.execute(TestWorker.java:63)
	at org.gradle.process.internal.worker.child.ActionExecutionWorker.execute(ActionExecutionWorker.java:56)
	at org.gradle.process.internal.worker.child.SystemApplicationClassLoaderWorker.call(SystemApplicationClassLoaderWorker.java:122)
	at org.gradle.process.internal.worker.child.SystemApplicationClassLoaderWorker.call(SystemApplicationClassLoaderWorker.java:72)
	at app//worker.org.gradle.process.internal.worker.GradleWorkerMain.run(GradleWorkerMain.java:69)
	at app//worker.org.gradle.process.internal.worker.GradleWorkerMain.main(GradleWorkerMain.java:74)
Caused by: org.h2.jdbc.JdbcSQLSyntaxErrorException: Syntax error in SQL statement &quot;TRUNCATE &quot;&quot;public&quot;&quot;[*].SEMESTER_DAY, &quot;&quot;public&quot;&quot;.SEMESTER_PERIOD, &quot;&quot;public&quot;&quot;.PERIODS, &quot;&quot;public&quot;&quot;.SEMESTERS, &quot;&quot;public&quot;&quot;.GROUPS, &quot;&quot;public&quot;&quot;.STUDENTS, &quot;&quot;public&quot;&quot;.SEMESTER_GROUP RESTART IDENTITY CASCADE&quot;; expected &quot;TABLE&quot;; SQL statement:
TRUNCATE &quot;public&quot;.semester_day, &quot;public&quot;.semester_period, &quot;public&quot;.periods, &quot;public&quot;.semesters, &quot;public&quot;.groups, &quot;public&quot;.students, &quot;public&quot;.semester_group RESTART IDENTITY CASCADE [42001-200]
	at app//org.h2.message.DbException.getJdbcSQLException(DbException.java:453)
	at app//org.h2.message.DbException.getJdbcSQLException(DbException.java:429)
	at app//org.h2.message.DbException.getSyntaxError(DbException.java:243)
	at app//org.h2.command.Parser.getSyntaxError(Parser.java:1053)
	at app//org.h2.command.Parser.read(Parser.java:4995)
	at app//org.h2.command.Parser.parseTruncate(Parser.java:2137)
	at app//org.h2.command.Parser.parsePrepared(Parser.java:1000)
	at app//org.h2.command.Parser.parse(Parser.java:843)
	at app//org.h2.command.Parser.parse(Parser.java:819)
	at app//org.h2.command.Parser.prepareCommand(Parser.java:738)
	at app//org.h2.engine.Session.prepareLocal(Session.java:657)
	at app//org.h2.engine.Session.prepareCommand(Session.java:595)
	at app//org.h2.jdbc.JdbcConnection.prepareCommand(JdbcConnection.java:1235)
	at app//org.h2.jdbc.JdbcStatement.executeInternal(JdbcStatement.java:212)
	at app//org.h2.jdbc.JdbcStatement.execute(JdbcStatement.java:201)
	at app//com.mchange.v2.c3p0.impl.NewProxyStatement.execute(NewProxyStatement.java:75)
	at app//org.springframework.jdbc.datasource.init.ScriptUtils.executeSqlScript(ScriptUtils.java:601)
	... 53 more
</failure>
  </testcase>
  <testcase name="getCurrentSemester" classname="com.softserve.controller.SemesterControllerTest" time="0.008">
    <failure message="org.springframework.jdbc.datasource.init.ScriptStatementFailedException: Failed to execute SQL script statement #1 of class path resource [create-semesters-before.sql]: TRUNCATE &quot;public&quot;.semester_day, &quot;public&quot;.semester_period, &quot;public&quot;.periods, &quot;public&quot;.semesters, &quot;public&quot;.groups, &quot;public&quot;.students, &quot;public&quot;.semester_group RESTART IDENTITY CASCADE; nested exception is org.h2.jdbc.JdbcSQLSyntaxErrorException: Syntax error in SQL statement &quot;TRUNCATE &quot;&quot;public&quot;&quot;[*].SEMESTER_DAY, &quot;&quot;public&quot;&quot;.SEMESTER_PERIOD, &quot;&quot;public&quot;&quot;.PERIODS, &quot;&quot;public&quot;&quot;.SEMESTERS, &quot;&quot;public&quot;&quot;.GROUPS, &quot;&quot;public&quot;&quot;.STUDENTS, &quot;&quot;public&quot;&quot;.SEMESTER_GROUP RESTART IDENTITY CASCADE&quot;; expected &quot;TABLE&quot;; SQL statement:&#10;TRUNCATE &quot;public&quot;.semester_day, &quot;public&quot;.semester_period, &quot;public&quot;.periods, &quot;public&quot;.semesters, &quot;public&quot;.groups, &quot;public&quot;.students, &quot;public&quot;.semester_group RESTART IDENTITY CASCADE [42001-200]" type="org.springframework.jdbc.datasource.init.ScriptStatementFailedException">org.springframework.jdbc.datasource.init.ScriptStatementFailedException: Failed to execute SQL script statement #1 of class path resource [create-semesters-before.sql]: TRUNCATE &quot;public&quot;.semester_day, &quot;public&quot;.semester_period, &quot;public&quot;.periods, &quot;public&quot;.semesters, &quot;public&quot;.groups, &quot;public&quot;.students, &quot;public&quot;.semester_group RESTART IDENTITY CASCADE; nested exception is org.h2.jdbc.JdbcSQLSyntaxErrorException: Syntax error in SQL statement &quot;TRUNCATE &quot;&quot;public&quot;&quot;[*].SEMESTER_DAY, &quot;&quot;public&quot;&quot;.SEMESTER_PERIOD, &quot;&quot;public&quot;&quot;.PERIODS, &quot;&quot;public&quot;&quot;.SEMESTERS, &quot;&quot;public&quot;&quot;.GROUPS, &quot;&quot;public&quot;&quot;.STUDENTS, &quot;&quot;public&quot;&quot;.SEMESTER_GROUP RESTART IDENTITY CASCADE&quot;; expected &quot;TABLE&quot;; SQL statement:
TRUNCATE &quot;public&quot;.semester_day, &quot;public&quot;.semester_period, &quot;public&quot;.periods, &quot;public&quot;.semesters, &quot;public&quot;.groups, &quot;public&quot;.students, &quot;public&quot;.semester_group RESTART IDENTITY CASCADE [42001-200]
	at app//org.springframework.jdbc.datasource.init.ScriptUtils.executeSqlScript(ScriptUtils.java:622)
	at app//org.springframework.jdbc.datasource.init.ResourceDatabasePopulator.populate(ResourceDatabasePopulator.java:254)
	at app//org.springframework.jdbc.datasource.init.DatabasePopulatorUtils.execute(DatabasePopulatorUtils.java:49)
	at app//org.springframework.jdbc.datasource.init.ResourceDatabasePopulator.execute(ResourceDatabasePopulator.java:269)
	at app//org.springframework.test.context.jdbc.SqlScriptsTestExecutionListener.lambda$executeSqlScripts$4(SqlScriptsTestExecutionListener.java:263)
	at app//org.springframework.transaction.support.TransactionOperations.lambda$executeWithoutResult$0(TransactionOperations.java:68)
	at app//org.springframework.transaction.support.TransactionTemplate.execute(TransactionTemplate.java:140)
	at app//org.springframework.transaction.support.TransactionOperations.executeWithoutResult(TransactionOperations.java:67)
	at app//org.springframework.test.context.jdbc.SqlScriptsTestExecutionListener.executeSqlScripts(SqlScriptsTestExecutionListener.java:263)
	at app//org.springframework.test.context.jdbc.SqlScriptsTestExecutionListener.lambda$executeSqlScripts$0(SqlScriptsTestExecutionListener.java:185)
	at java.base@11.0.27/java.lang.Iterable.forEach(Iterable.java:75)
	at app//org.springframework.test.context.jdbc.SqlScriptsTestExecutionListener.executeSqlScripts(SqlScriptsTestExecutionListener.java:185)
	at app//org.springframework.test.context.jdbc.SqlScriptsTestExecutionListener.executeSqlScripts(SqlScriptsTestExecutionListener.java:147)
	at app//org.springframework.test.context.jdbc.SqlScriptsTestExecutionListener.beforeTestMethod(SqlScriptsTestExecutionListener.java:117)
	at app//org.springframework.test.context.TestContextManager.beforeTestMethod(TestContextManager.java:289)
	at app//org.springframework.test.context.junit4.statements.RunBeforeTestMethodCallbacks.evaluate(RunBeforeTestMethodCallbacks.java:74)
	at app//org.springframework.test.context.junit4.statements.RunAfterTestMethodCallbacks.evaluate(RunAfterTestMethodCallbacks.java:86)
	at app//org.springframework.test.context.junit4.statements.SpringRepeat.evaluate(SpringRepeat.java:84)
	at app//org.junit.runners.ParentRunner.runLeaf(ParentRunner.java:366)
	at app//org.springframework.test.context.junit4.SpringJUnit4ClassRunner.runChild(SpringJUnit4ClassRunner.java:251)
	at app//org.springframework.test.context.junit4.SpringJUnit4ClassRunner.runChild(SpringJUnit4ClassRunner.java:97)
	at app//org.junit.runners.ParentRunner$4.run(ParentRunner.java:331)
	at app//org.junit.runners.ParentRunner$1.schedule(ParentRunner.java:79)
	at app//org.junit.runners.ParentRunner.runChildren(ParentRunner.java:329)
	at app//org.junit.runners.ParentRunner.access$100(ParentRunner.java:66)
	at app//org.junit.runners.ParentRunner$2.evaluate(ParentRunner.java:293)
	at app//org.springframework.test.context.junit4.statements.RunBeforeTestClassCallbacks.evaluate(RunBeforeTestClassCallbacks.java:61)
	at app//org.springframework.test.context.junit4.statements.RunAfterTestClassCallbacks.evaluate(RunAfterTestClassCallbacks.java:70)
	at app//org.junit.runners.ParentRunner$3.evaluate(ParentRunner.java:306)
	at app//org.junit.runners.ParentRunner.run(ParentRunner.java:413)
	at app//org.springframework.test.context.junit4.SpringJUnit4ClassRunner.run(SpringJUnit4ClassRunner.java:190)
	at org.gradle.api.internal.tasks.testing.junit.JUnitTestClassExecutor.runTestClass(JUnitTestClassExecutor.java:112)
	at org.gradle.api.internal.tasks.testing.junit.JUnitTestClassExecutor.execute(JUnitTestClassExecutor.java:58)
	at org.gradle.api.internal.tasks.testing.junit.JUnitTestClassExecutor.execute(JUnitTestClassExecutor.java:40)
	at org.gradle.api.internal.tasks.testing.junit.AbstractJUnitTestClassProcessor.processTestClass(AbstractJUnitTestClassProcessor.java:54)
	at org.gradle.api.internal.tasks.testing.SuiteTestClassProcessor.processTestClass(SuiteTestClassProcessor.java:53)
	at java.base@11.0.27/jdk.internal.reflect.NativeMethodAccessorImpl.invoke0(Native Method)
	at java.base@11.0.27/jdk.internal.reflect.NativeMethodAccessorImpl.invoke(NativeMethodAccessorImpl.java:62)
	at java.base@11.0.27/jdk.internal.reflect.DelegatingMethodAccessorImpl.invoke(DelegatingMethodAccessorImpl.java:43)
	at java.base@11.0.27/java.lang.reflect.Method.invoke(Method.java:566)
	at org.gradle.internal.dispatch.ReflectionDispatch.dispatch(ReflectionDispatch.java:36)
	at org.gradle.internal.dispatch.ReflectionDispatch.dispatch(ReflectionDispatch.java:24)
	at org.gradle.internal.dispatch.ContextClassLoaderDispatch.dispatch(ContextClassLoaderDispatch.java:33)
	at org.gradle.internal.dispatch.ProxyDispatchAdapter$DispatchingInvocationHandler.invoke(ProxyDispatchAdapter.java:92)
	at com.sun.proxy.$Proxy6.processTestClass(Unknown Source)
	at org.gradle.api.internal.tasks.testing.worker.TestWorker$2.run(TestWorker.java:183)
	at org.gradle.api.internal.tasks.testing.worker.TestWorker.executeAndMaintainThreadName(TestWorker.java:132)
	at org.gradle.api.internal.tasks.testing.worker.TestWorker.execute(TestWorker.java:103)
	at org.gradle.api.internal.tasks.testing.worker.TestWorker.execute(TestWorker.java:63)
	at org.gradle.process.internal.worker.child.ActionExecutionWorker.execute(ActionExecutionWorker.java:56)
	at org.gradle.process.internal.worker.child.SystemApplicationClassLoaderWorker.call(SystemApplicationClassLoaderWorker.java:122)
	at org.gradle.process.internal.worker.child.SystemApplicationClassLoaderWorker.call(SystemApplicationClassLoaderWorker.java:72)
	at app//worker.org.gradle.process.internal.worker.GradleWorkerMain.run(GradleWorkerMain.java:69)
	at app//worker.org.gradle.process.internal.worker.GradleWorkerMain.main(GradleWorkerMain.java:74)
Caused by: org.h2.jdbc.JdbcSQLSyntaxErrorException: Syntax error in SQL statement &quot;TRUNCATE &quot;&quot;public&quot;&quot;[*].SEMESTER_DAY, &quot;&quot;public&quot;&quot;.SEMESTER_PERIOD, &quot;&quot;public&quot;&quot;.PERIODS, &quot;&quot;public&quot;&quot;.SEMESTERS, &quot;&quot;public&quot;&quot;.GROUPS, &quot;&quot;public&quot;&quot;.STUDENTS, &quot;&quot;public&quot;&quot;.SEMESTER_GROUP RESTART IDENTITY CASCADE&quot;; expected &quot;TABLE&quot;; SQL statement:
TRUNCATE &quot;public&quot;.semester_day, &quot;public&quot;.semester_period, &quot;public&quot;.periods, &quot;public&quot;.semesters, &quot;public&quot;.groups, &quot;public&quot;.students, &quot;public&quot;.semester_group RESTART IDENTITY CASCADE [42001-200]
	at app//org.h2.message.DbException.getJdbcSQLException(DbException.java:453)
	at app//org.h2.message.DbException.getJdbcSQLException(DbException.java:429)
	at app//org.h2.message.DbException.getSyntaxError(DbException.java:243)
	at app//org.h2.command.Parser.getSyntaxError(Parser.java:1053)
	at app//org.h2.command.Parser.read(Parser.java:4995)
	at app//org.h2.command.Parser.parseTruncate(Parser.java:2137)
	at app//org.h2.command.Parser.parsePrepared(Parser.java:1000)
	at app//org.h2.command.Parser.parse(Parser.java:843)
	at app//org.h2.command.Parser.parse(Parser.java:819)
	at app//org.h2.command.Parser.prepareCommand(Parser.java:738)
	at app//org.h2.engine.Session.prepareLocal(Session.java:657)
	at app//org.h2.engine.Session.prepareCommand(Session.java:595)
	at app//org.h2.jdbc.JdbcConnection.prepareCommand(JdbcConnection.java:1235)
	at app//org.h2.jdbc.JdbcStatement.executeInternal(JdbcStatement.java:212)
	at app//org.h2.jdbc.JdbcStatement.execute(JdbcStatement.java:201)
	at app//com.mchange.v2.c3p0.impl.NewProxyStatement.execute(NewProxyStatement.java:75)
	at app//org.springframework.jdbc.datasource.init.ScriptUtils.executeSqlScript(ScriptUtils.java:601)
	... 53 more
</failure>
  </testcase>
  <testcase name="returnBadRequestIfUpdatedDescriptionIsNull" classname="com.softserve.controller.SemesterControllerTest" time="0.009">
    <failure message="org.springframework.jdbc.datasource.init.ScriptStatementFailedException: Failed to execute SQL script statement #1 of class path resource [create-semesters-before.sql]: TRUNCATE &quot;public&quot;.semester_day, &quot;public&quot;.semester_period, &quot;public&quot;.periods, &quot;public&quot;.semesters, &quot;public&quot;.groups, &quot;public&quot;.students, &quot;public&quot;.semester_group RESTART IDENTITY CASCADE; nested exception is org.h2.jdbc.JdbcSQLSyntaxErrorException: Syntax error in SQL statement &quot;TRUNCATE &quot;&quot;public&quot;&quot;[*].SEMESTER_DAY, &quot;&quot;public&quot;&quot;.SEMESTER_PERIOD, &quot;&quot;public&quot;&quot;.PERIODS, &quot;&quot;public&quot;&quot;.SEMESTERS, &quot;&quot;public&quot;&quot;.GROUPS, &quot;&quot;public&quot;&quot;.STUDENTS, &quot;&quot;public&quot;&quot;.SEMESTER_GROUP RESTART IDENTITY CASCADE&quot;; expected &quot;TABLE&quot;; SQL statement:&#10;TRUNCATE &quot;public&quot;.semester_day, &quot;public&quot;.semester_period, &quot;public&quot;.periods, &quot;public&quot;.semesters, &quot;public&quot;.groups, &quot;public&quot;.students, &quot;public&quot;.semester_group RESTART IDENTITY CASCADE [42001-200]" type="org.springframework.jdbc.datasource.init.ScriptStatementFailedException">org.springframework.jdbc.datasource.init.ScriptStatementFailedException: Failed to execute SQL script statement #1 of class path resource [create-semesters-before.sql]: TRUNCATE &quot;public&quot;.semester_day, &quot;public&quot;.semester_period, &quot;public&quot;.periods, &quot;public&quot;.semesters, &quot;public&quot;.groups, &quot;public&quot;.students, &quot;public&quot;.semester_group RESTART IDENTITY CASCADE; nested exception is org.h2.jdbc.JdbcSQLSyntaxErrorException: Syntax error in SQL statement &quot;TRUNCATE &quot;&quot;public&quot;&quot;[*].SEMESTER_DAY, &quot;&quot;public&quot;&quot;.SEMESTER_PERIOD, &quot;&quot;public&quot;&quot;.PERIODS, &quot;&quot;public&quot;&quot;.SEMESTERS, &quot;&quot;public&quot;&quot;.GROUPS, &quot;&quot;public&quot;&quot;.STUDENTS, &quot;&quot;public&quot;&quot;.SEMESTER_GROUP RESTART IDENTITY CASCADE&quot;; expected &quot;TABLE&quot;; SQL statement:
TRUNCATE &quot;public&quot;.semester_day, &quot;public&quot;.semester_period, &quot;public&quot;.periods, &quot;public&quot;.semesters, &quot;public&quot;.groups, &quot;public&quot;.students, &quot;public&quot;.semester_group RESTART IDENTITY CASCADE [42001-200]
	at app//org.springframework.jdbc.datasource.init.ScriptUtils.executeSqlScript(ScriptUtils.java:622)
	at app//org.springframework.jdbc.datasource.init.ResourceDatabasePopulator.populate(ResourceDatabasePopulator.java:254)
	at app//org.springframework.jdbc.datasource.init.DatabasePopulatorUtils.execute(DatabasePopulatorUtils.java:49)
	at app//org.springframework.jdbc.datasource.init.ResourceDatabasePopulator.execute(ResourceDatabasePopulator.java:269)
	at app//org.springframework.test.context.jdbc.SqlScriptsTestExecutionListener.lambda$executeSqlScripts$4(SqlScriptsTestExecutionListener.java:263)
	at app//org.springframework.transaction.support.TransactionOperations.lambda$executeWithoutResult$0(TransactionOperations.java:68)
	at app//org.springframework.transaction.support.TransactionTemplate.execute(TransactionTemplate.java:140)
	at app//org.springframework.transaction.support.TransactionOperations.executeWithoutResult(TransactionOperations.java:67)
	at app//org.springframework.test.context.jdbc.SqlScriptsTestExecutionListener.executeSqlScripts(SqlScriptsTestExecutionListener.java:263)
	at app//org.springframework.test.context.jdbc.SqlScriptsTestExecutionListener.lambda$executeSqlScripts$0(SqlScriptsTestExecutionListener.java:185)
	at java.base@11.0.27/java.lang.Iterable.forEach(Iterable.java:75)
	at app//org.springframework.test.context.jdbc.SqlScriptsTestExecutionListener.executeSqlScripts(SqlScriptsTestExecutionListener.java:185)
	at app//org.springframework.test.context.jdbc.SqlScriptsTestExecutionListener.executeSqlScripts(SqlScriptsTestExecutionListener.java:147)
	at app//org.springframework.test.context.jdbc.SqlScriptsTestExecutionListener.beforeTestMethod(SqlScriptsTestExecutionListener.java:117)
	at app//org.springframework.test.context.TestContextManager.beforeTestMethod(TestContextManager.java:289)
	at app//org.springframework.test.context.junit4.statements.RunBeforeTestMethodCallbacks.evaluate(RunBeforeTestMethodCallbacks.java:74)
	at app//org.springframework.test.context.junit4.statements.RunAfterTestMethodCallbacks.evaluate(RunAfterTestMethodCallbacks.java:86)
	at app//org.springframework.test.context.junit4.statements.SpringRepeat.evaluate(SpringRepeat.java:84)
	at app//org.junit.runners.ParentRunner.runLeaf(ParentRunner.java:366)
	at app//org.springframework.test.context.junit4.SpringJUnit4ClassRunner.runChild(SpringJUnit4ClassRunner.java:251)
	at app//org.springframework.test.context.junit4.SpringJUnit4ClassRunner.runChild(SpringJUnit4ClassRunner.java:97)
	at app//org.junit.runners.ParentRunner$4.run(ParentRunner.java:331)
	at app//org.junit.runners.ParentRunner$1.schedule(ParentRunner.java:79)
	at app//org.junit.runners.ParentRunner.runChildren(ParentRunner.java:329)
	at app//org.junit.runners.ParentRunner.access$100(ParentRunner.java:66)
	at app//org.junit.runners.ParentRunner$2.evaluate(ParentRunner.java:293)
	at app//org.springframework.test.context.junit4.statements.RunBeforeTestClassCallbacks.evaluate(RunBeforeTestClassCallbacks.java:61)
	at app//org.springframework.test.context.junit4.statements.RunAfterTestClassCallbacks.evaluate(RunAfterTestClassCallbacks.java:70)
	at app//org.junit.runners.ParentRunner$3.evaluate(ParentRunner.java:306)
	at app//org.junit.runners.ParentRunner.run(ParentRunner.java:413)
	at app//org.springframework.test.context.junit4.SpringJUnit4ClassRunner.run(SpringJUnit4ClassRunner.java:190)
	at org.gradle.api.internal.tasks.testing.junit.JUnitTestClassExecutor.runTestClass(JUnitTestClassExecutor.java:112)
	at org.gradle.api.internal.tasks.testing.junit.JUnitTestClassExecutor.execute(JUnitTestClassExecutor.java:58)
	at org.gradle.api.internal.tasks.testing.junit.JUnitTestClassExecutor.execute(JUnitTestClassExecutor.java:40)
	at org.gradle.api.internal.tasks.testing.junit.AbstractJUnitTestClassProcessor.processTestClass(AbstractJUnitTestClassProcessor.java:54)
	at org.gradle.api.internal.tasks.testing.SuiteTestClassProcessor.processTestClass(SuiteTestClassProcessor.java:53)
	at java.base@11.0.27/jdk.internal.reflect.NativeMethodAccessorImpl.invoke0(Native Method)
	at java.base@11.0.27/jdk.internal.reflect.NativeMethodAccessorImpl.invoke(NativeMethodAccessorImpl.java:62)
	at java.base@11.0.27/jdk.internal.reflect.DelegatingMethodAccessorImpl.invoke(DelegatingMethodAccessorImpl.java:43)
	at java.base@11.0.27/java.lang.reflect.Method.invoke(Method.java:566)
	at org.gradle.internal.dispatch.ReflectionDispatch.dispatch(ReflectionDispatch.java:36)
	at org.gradle.internal.dispatch.ReflectionDispatch.dispatch(ReflectionDispatch.java:24)
	at org.gradle.internal.dispatch.ContextClassLoaderDispatch.dispatch(ContextClassLoaderDispatch.java:33)
	at org.gradle.internal.dispatch.ProxyDispatchAdapter$DispatchingInvocationHandler.invoke(ProxyDispatchAdapter.java:92)
	at com.sun.proxy.$Proxy6.processTestClass(Unknown Source)
	at org.gradle.api.internal.tasks.testing.worker.TestWorker$2.run(TestWorker.java:183)
	at org.gradle.api.internal.tasks.testing.worker.TestWorker.executeAndMaintainThreadName(TestWorker.java:132)
	at org.gradle.api.internal.tasks.testing.worker.TestWorker.execute(TestWorker.java:103)
	at org.gradle.api.internal.tasks.testing.worker.TestWorker.execute(TestWorker.java:63)
	at org.gradle.process.internal.worker.child.ActionExecutionWorker.execute(ActionExecutionWorker.java:56)
	at org.gradle.process.internal.worker.child.SystemApplicationClassLoaderWorker.call(SystemApplicationClassLoaderWorker.java:122)
	at org.gradle.process.internal.worker.child.SystemApplicationClassLoaderWorker.call(SystemApplicationClassLoaderWorker.java:72)
	at app//worker.org.gradle.process.internal.worker.GradleWorkerMain.run(GradleWorkerMain.java:69)
	at app//worker.org.gradle.process.internal.worker.GradleWorkerMain.main(GradleWorkerMain.java:74)
Caused by: org.h2.jdbc.JdbcSQLSyntaxErrorException: Syntax error in SQL statement &quot;TRUNCATE &quot;&quot;public&quot;&quot;[*].SEMESTER_DAY, &quot;&quot;public&quot;&quot;.SEMESTER_PERIOD, &quot;&quot;public&quot;&quot;.PERIODS, &quot;&quot;public&quot;&quot;.SEMESTERS, &quot;&quot;public&quot;&quot;.GROUPS, &quot;&quot;public&quot;&quot;.STUDENTS, &quot;&quot;public&quot;&quot;.SEMESTER_GROUP RESTART IDENTITY CASCADE&quot;; expected &quot;TABLE&quot;; SQL statement:
TRUNCATE &quot;public&quot;.semester_day, &quot;public&quot;.semester_period, &quot;public&quot;.periods, &quot;public&quot;.semesters, &quot;public&quot;.groups, &quot;public&quot;.students, &quot;public&quot;.semester_group RESTART IDENTITY CASCADE [42001-200]
	at app//org.h2.message.DbException.getJdbcSQLException(DbException.java:453)
	at app//org.h2.message.DbException.getJdbcSQLException(DbException.java:429)
	at app//org.h2.message.DbException.getSyntaxError(DbException.java:243)
	at app//org.h2.command.Parser.getSyntaxError(Parser.java:1053)
	at app//org.h2.command.Parser.read(Parser.java:4995)
	at app//org.h2.command.Parser.parseTruncate(Parser.java:2137)
	at app//org.h2.command.Parser.parsePrepared(Parser.java:1000)
	at app//org.h2.command.Parser.parse(Parser.java:843)
	at app//org.h2.command.Parser.parse(Parser.java:819)
	at app//org.h2.command.Parser.prepareCommand(Parser.java:738)
	at app//org.h2.engine.Session.prepareLocal(Session.java:657)
	at app//org.h2.engine.Session.prepareCommand(Session.java:595)
	at app//org.h2.jdbc.JdbcConnection.prepareCommand(JdbcConnection.java:1235)
	at app//org.h2.jdbc.JdbcStatement.executeInternal(JdbcStatement.java:212)
	at app//org.h2.jdbc.JdbcStatement.execute(JdbcStatement.java:201)
	at app//com.mchange.v2.c3p0.impl.NewProxyStatement.execute(NewProxyStatement.java:75)
	at app//org.springframework.jdbc.datasource.init.ScriptUtils.executeSqlScript(ScriptUtils.java:601)
	... 53 more
</failure>
  </testcase>
  <testcase name="updateSemesterIfUpdatedSemesterDoesNotExistAndStartDayBeginBeforeEndDay" classname="com.softserve.controller.SemesterControllerTest" time="0.013">
    <failure message="org.springframework.jdbc.datasource.init.ScriptStatementFailedException: Failed to execute SQL script statement #1 of class path resource [create-semesters-before.sql]: TRUNCATE &quot;public&quot;.semester_day, &quot;public&quot;.semester_period, &quot;public&quot;.periods, &quot;public&quot;.semesters, &quot;public&quot;.groups, &quot;public&quot;.students, &quot;public&quot;.semester_group RESTART IDENTITY CASCADE; nested exception is org.h2.jdbc.JdbcSQLSyntaxErrorException: Syntax error in SQL statement &quot;TRUNCATE &quot;&quot;public&quot;&quot;[*].SEMESTER_DAY, &quot;&quot;public&quot;&quot;.SEMESTER_PERIOD, &quot;&quot;public&quot;&quot;.PERIODS, &quot;&quot;public&quot;&quot;.SEMESTERS, &quot;&quot;public&quot;&quot;.GROUPS, &quot;&quot;public&quot;&quot;.STUDENTS, &quot;&quot;public&quot;&quot;.SEMESTER_GROUP RESTART IDENTITY CASCADE&quot;; expected &quot;TABLE&quot;; SQL statement:&#10;TRUNCATE &quot;public&quot;.semester_day, &quot;public&quot;.semester_period, &quot;public&quot;.periods, &quot;public&quot;.semesters, &quot;public&quot;.groups, &quot;public&quot;.students, &quot;public&quot;.semester_group RESTART IDENTITY CASCADE [42001-200]" type="org.springframework.jdbc.datasource.init.ScriptStatementFailedException">org.springframework.jdbc.datasource.init.ScriptStatementFailedException: Failed to execute SQL script statement #1 of class path resource [create-semesters-before.sql]: TRUNCATE &quot;public&quot;.semester_day, &quot;public&quot;.semester_period, &quot;public&quot;.periods, &quot;public&quot;.semesters, &quot;public&quot;.groups, &quot;public&quot;.students, &quot;public&quot;.semester_group RESTART IDENTITY CASCADE; nested exception is org.h2.jdbc.JdbcSQLSyntaxErrorException: Syntax error in SQL statement &quot;TRUNCATE &quot;&quot;public&quot;&quot;[*].SEMESTER_DAY, &quot;&quot;public&quot;&quot;.SEMESTER_PERIOD, &quot;&quot;public&quot;&quot;.PERIODS, &quot;&quot;public&quot;&quot;.SEMESTERS, &quot;&quot;public&quot;&quot;.GROUPS, &quot;&quot;public&quot;&quot;.STUDENTS, &quot;&quot;public&quot;&quot;.SEMESTER_GROUP RESTART IDENTITY CASCADE&quot;; expected &quot;TABLE&quot;; SQL statement:
TRUNCATE &quot;public&quot;.semester_day, &quot;public&quot;.semester_period, &quot;public&quot;.periods, &quot;public&quot;.semesters, &quot;public&quot;.groups, &quot;public&quot;.students, &quot;public&quot;.semester_group RESTART IDENTITY CASCADE [42001-200]
	at app//org.springframework.jdbc.datasource.init.ScriptUtils.executeSqlScript(ScriptUtils.java:622)
	at app//org.springframework.jdbc.datasource.init.ResourceDatabasePopulator.populate(ResourceDatabasePopulator.java:254)
	at app//org.springframework.jdbc.datasource.init.DatabasePopulatorUtils.execute(DatabasePopulatorUtils.java:49)
	at app//org.springframework.jdbc.datasource.init.ResourceDatabasePopulator.execute(ResourceDatabasePopulator.java:269)
	at app//org.springframework.test.context.jdbc.SqlScriptsTestExecutionListener.lambda$executeSqlScripts$4(SqlScriptsTestExecutionListener.java:263)
	at app//org.springframework.transaction.support.TransactionOperations.lambda$executeWithoutResult$0(TransactionOperations.java:68)
	at app//org.springframework.transaction.support.TransactionTemplate.execute(TransactionTemplate.java:140)
	at app//org.springframework.transaction.support.TransactionOperations.executeWithoutResult(TransactionOperations.java:67)
	at app//org.springframework.test.context.jdbc.SqlScriptsTestExecutionListener.executeSqlScripts(SqlScriptsTestExecutionListener.java:263)
	at app//org.springframework.test.context.jdbc.SqlScriptsTestExecutionListener.lambda$executeSqlScripts$0(SqlScriptsTestExecutionListener.java:185)
	at java.base@11.0.27/java.lang.Iterable.forEach(Iterable.java:75)
	at app//org.springframework.test.context.jdbc.SqlScriptsTestExecutionListener.executeSqlScripts(SqlScriptsTestExecutionListener.java:185)
	at app//org.springframework.test.context.jdbc.SqlScriptsTestExecutionListener.executeSqlScripts(SqlScriptsTestExecutionListener.java:147)
	at app//org.springframework.test.context.jdbc.SqlScriptsTestExecutionListener.beforeTestMethod(SqlScriptsTestExecutionListener.java:117)
	at app//org.springframework.test.context.TestContextManager.beforeTestMethod(TestContextManager.java:289)
	at app//org.springframework.test.context.junit4.statements.RunBeforeTestMethodCallbacks.evaluate(RunBeforeTestMethodCallbacks.java:74)
	at app//org.springframework.test.context.junit4.statements.RunAfterTestMethodCallbacks.evaluate(RunAfterTestMethodCallbacks.java:86)
	at app//org.springframework.test.context.junit4.statements.SpringRepeat.evaluate(SpringRepeat.java:84)
	at app//org.junit.runners.ParentRunner.runLeaf(ParentRunner.java:366)
	at app//org.springframework.test.context.junit4.SpringJUnit4ClassRunner.runChild(SpringJUnit4ClassRunner.java:251)
	at app//org.springframework.test.context.junit4.SpringJUnit4ClassRunner.runChild(SpringJUnit4ClassRunner.java:97)
	at app//org.junit.runners.ParentRunner$4.run(ParentRunner.java:331)
	at app//org.junit.runners.ParentRunner$1.schedule(ParentRunner.java:79)
	at app//org.junit.runners.ParentRunner.runChildren(ParentRunner.java:329)
	at app//org.junit.runners.ParentRunner.access$100(ParentRunner.java:66)
	at app//org.junit.runners.ParentRunner$2.evaluate(ParentRunner.java:293)
	at app//org.springframework.test.context.junit4.statements.RunBeforeTestClassCallbacks.evaluate(RunBeforeTestClassCallbacks.java:61)
	at app//org.springframework.test.context.junit4.statements.RunAfterTestClassCallbacks.evaluate(RunAfterTestClassCallbacks.java:70)
	at app//org.junit.runners.ParentRunner$3.evaluate(ParentRunner.java:306)
	at app//org.junit.runners.ParentRunner.run(ParentRunner.java:413)
	at app//org.springframework.test.context.junit4.SpringJUnit4ClassRunner.run(SpringJUnit4ClassRunner.java:190)
	at org.gradle.api.internal.tasks.testing.junit.JUnitTestClassExecutor.runTestClass(JUnitTestClassExecutor.java:112)
	at org.gradle.api.internal.tasks.testing.junit.JUnitTestClassExecutor.execute(JUnitTestClassExecutor.java:58)
	at org.gradle.api.internal.tasks.testing.junit.JUnitTestClassExecutor.execute(JUnitTestClassExecutor.java:40)
	at org.gradle.api.internal.tasks.testing.junit.AbstractJUnitTestClassProcessor.processTestClass(AbstractJUnitTestClassProcessor.java:54)
	at org.gradle.api.internal.tasks.testing.SuiteTestClassProcessor.processTestClass(SuiteTestClassProcessor.java:53)
	at java.base@11.0.27/jdk.internal.reflect.NativeMethodAccessorImpl.invoke0(Native Method)
	at java.base@11.0.27/jdk.internal.reflect.NativeMethodAccessorImpl.invoke(NativeMethodAccessorImpl.java:62)
	at java.base@11.0.27/jdk.internal.reflect.DelegatingMethodAccessorImpl.invoke(DelegatingMethodAccessorImpl.java:43)
	at java.base@11.0.27/java.lang.reflect.Method.invoke(Method.java:566)
	at org.gradle.internal.dispatch.ReflectionDispatch.dispatch(ReflectionDispatch.java:36)
	at org.gradle.internal.dispatch.ReflectionDispatch.dispatch(ReflectionDispatch.java:24)
	at org.gradle.internal.dispatch.ContextClassLoaderDispatch.dispatch(ContextClassLoaderDispatch.java:33)
	at org.gradle.internal.dispatch.ProxyDispatchAdapter$DispatchingInvocationHandler.invoke(ProxyDispatchAdapter.java:92)
	at com.sun.proxy.$Proxy6.processTestClass(Unknown Source)
	at org.gradle.api.internal.tasks.testing.worker.TestWorker$2.run(TestWorker.java:183)
	at org.gradle.api.internal.tasks.testing.worker.TestWorker.executeAndMaintainThreadName(TestWorker.java:132)
	at org.gradle.api.internal.tasks.testing.worker.TestWorker.execute(TestWorker.java:103)
	at org.gradle.api.internal.tasks.testing.worker.TestWorker.execute(TestWorker.java:63)
	at org.gradle.process.internal.worker.child.ActionExecutionWorker.execute(ActionExecutionWorker.java:56)
	at org.gradle.process.internal.worker.child.SystemApplicationClassLoaderWorker.call(SystemApplicationClassLoaderWorker.java:122)
	at org.gradle.process.internal.worker.child.SystemApplicationClassLoaderWorker.call(SystemApplicationClassLoaderWorker.java:72)
	at app//worker.org.gradle.process.internal.worker.GradleWorkerMain.run(GradleWorkerMain.java:69)
	at app//worker.org.gradle.process.internal.worker.GradleWorkerMain.main(GradleWorkerMain.java:74)
Caused by: org.h2.jdbc.JdbcSQLSyntaxErrorException: Syntax error in SQL statement &quot;TRUNCATE &quot;&quot;public&quot;&quot;[*].SEMESTER_DAY, &quot;&quot;public&quot;&quot;.SEMESTER_PERIOD, &quot;&quot;public&quot;&quot;.PERIODS, &quot;&quot;public&quot;&quot;.SEMESTERS, &quot;&quot;public&quot;&quot;.GROUPS, &quot;&quot;public&quot;&quot;.STUDENTS, &quot;&quot;public&quot;&quot;.SEMESTER_GROUP RESTART IDENTITY CASCADE&quot;; expected &quot;TABLE&quot;; SQL statement:
TRUNCATE &quot;public&quot;.semester_day, &quot;public&quot;.semester_period, &quot;public&quot;.periods, &quot;public&quot;.semesters, &quot;public&quot;.groups, &quot;public&quot;.students, &quot;public&quot;.semester_group RESTART IDENTITY CASCADE [42001-200]
	at app//org.h2.message.DbException.getJdbcSQLException(DbException.java:453)
	at app//org.h2.message.DbException.getJdbcSQLException(DbException.java:429)
	at app//org.h2.message.DbException.getSyntaxError(DbException.java:243)
	at app//org.h2.command.Parser.getSyntaxError(Parser.java:1053)
	at app//org.h2.command.Parser.read(Parser.java:4995)
	at app//org.h2.command.Parser.parseTruncate(Parser.java:2137)
	at app//org.h2.command.Parser.parsePrepared(Parser.java:1000)
	at app//org.h2.command.Parser.parse(Parser.java:843)
	at app//org.h2.command.Parser.parse(Parser.java:819)
	at app//org.h2.command.Parser.prepareCommand(Parser.java:738)
	at app//org.h2.engine.Session.prepareLocal(Session.java:657)
	at app//org.h2.engine.Session.prepareCommand(Session.java:595)
	at app//org.h2.jdbc.JdbcConnection.prepareCommand(JdbcConnection.java:1235)
	at app//org.h2.jdbc.JdbcStatement.executeInternal(JdbcStatement.java:212)
	at app//org.h2.jdbc.JdbcStatement.execute(JdbcStatement.java:201)
	at app//com.mchange.v2.c3p0.impl.NewProxyStatement.execute(NewProxyStatement.java:75)
	at app//org.springframework.jdbc.datasource.init.ScriptUtils.executeSqlScript(ScriptUtils.java:601)
	... 53 more
</failure>
  </testcase>
  <testcase name="copySemester" classname="com.softserve.controller.SemesterControllerTest" time="0.0">
    <skipped/>
  </testcase>
  <testcase name="getDisableSemesters" classname="com.softserve.controller.SemesterControllerTest" time="0.01">
    <failure message="org.springframework.jdbc.datasource.init.ScriptStatementFailedException: Failed to execute SQL script statement #1 of class path resource [create-semesters-before.sql]: TRUNCATE &quot;public&quot;.semester_day, &quot;public&quot;.semester_period, &quot;public&quot;.periods, &quot;public&quot;.semesters, &quot;public&quot;.groups, &quot;public&quot;.students, &quot;public&quot;.semester_group RESTART IDENTITY CASCADE; nested exception is org.h2.jdbc.JdbcSQLSyntaxErrorException: Syntax error in SQL statement &quot;TRUNCATE &quot;&quot;public&quot;&quot;[*].SEMESTER_DAY, &quot;&quot;public&quot;&quot;.SEMESTER_PERIOD, &quot;&quot;public&quot;&quot;.PERIODS, &quot;&quot;public&quot;&quot;.SEMESTERS, &quot;&quot;public&quot;&quot;.GROUPS, &quot;&quot;public&quot;&quot;.STUDENTS, &quot;&quot;public&quot;&quot;.SEMESTER_GROUP RESTART IDENTITY CASCADE&quot;; expected &quot;TABLE&quot;; SQL statement:&#10;TRUNCATE &quot;public&quot;.semester_day, &quot;public&quot;.semester_period, &quot;public&quot;.periods, &quot;public&quot;.semesters, &quot;public&quot;.groups, &quot;public&quot;.students, &quot;public&quot;.semester_group RESTART IDENTITY CASCADE [42001-200]" type="org.springframework.jdbc.datasource.init.ScriptStatementFailedException">org.springframework.jdbc.datasource.init.ScriptStatementFailedException: Failed to execute SQL script statement #1 of class path resource [create-semesters-before.sql]: TRUNCATE &quot;public&quot;.semester_day, &quot;public&quot;.semester_period, &quot;public&quot;.periods, &quot;public&quot;.semesters, &quot;public&quot;.groups, &quot;public&quot;.students, &quot;public&quot;.semester_group RESTART IDENTITY CASCADE; nested exception is org.h2.jdbc.JdbcSQLSyntaxErrorException: Syntax error in SQL statement &quot;TRUNCATE &quot;&quot;public&quot;&quot;[*].SEMESTER_DAY, &quot;&quot;public&quot;&quot;.SEMESTER_PERIOD, &quot;&quot;public&quot;&quot;.PERIODS, &quot;&quot;public&quot;&quot;.SEMESTERS, &quot;&quot;public&quot;&quot;.GROUPS, &quot;&quot;public&quot;&quot;.STUDENTS, &quot;&quot;public&quot;&quot;.SEMESTER_GROUP RESTART IDENTITY CASCADE&quot;; expected &quot;TABLE&quot;; SQL statement:
TRUNCATE &quot;public&quot;.semester_day, &quot;public&quot;.semester_period, &quot;public&quot;.periods, &quot;public&quot;.semesters, &quot;public&quot;.groups, &quot;public&quot;.students, &quot;public&quot;.semester_group RESTART IDENTITY CASCADE [42001-200]
	at app//org.springframework.jdbc.datasource.init.ScriptUtils.executeSqlScript(ScriptUtils.java:622)
	at app//org.springframework.jdbc.datasource.init.ResourceDatabasePopulator.populate(ResourceDatabasePopulator.java:254)
	at app//org.springframework.jdbc.datasource.init.DatabasePopulatorUtils.execute(DatabasePopulatorUtils.java:49)
	at app//org.springframework.jdbc.datasource.init.ResourceDatabasePopulator.execute(ResourceDatabasePopulator.java:269)
	at app//org.springframework.test.context.jdbc.SqlScriptsTestExecutionListener.lambda$executeSqlScripts$4(SqlScriptsTestExecutionListener.java:263)
	at app//org.springframework.transaction.support.TransactionOperations.lambda$executeWithoutResult$0(TransactionOperations.java:68)
	at app//org.springframework.transaction.support.TransactionTemplate.execute(TransactionTemplate.java:140)
	at app//org.springframework.transaction.support.TransactionOperations.executeWithoutResult(TransactionOperations.java:67)
	at app//org.springframework.test.context.jdbc.SqlScriptsTestExecutionListener.executeSqlScripts(SqlScriptsTestExecutionListener.java:263)
	at app//org.springframework.test.context.jdbc.SqlScriptsTestExecutionListener.lambda$executeSqlScripts$0(SqlScriptsTestExecutionListener.java:185)
	at java.base@11.0.27/java.lang.Iterable.forEach(Iterable.java:75)
	at app//org.springframework.test.context.jdbc.SqlScriptsTestExecutionListener.executeSqlScripts(SqlScriptsTestExecutionListener.java:185)
	at app//org.springframework.test.context.jdbc.SqlScriptsTestExecutionListener.executeSqlScripts(SqlScriptsTestExecutionListener.java:147)
	at app//org.springframework.test.context.jdbc.SqlScriptsTestExecutionListener.beforeTestMethod(SqlScriptsTestExecutionListener.java:117)
	at app//org.springframework.test.context.TestContextManager.beforeTestMethod(TestContextManager.java:289)
	at app//org.springframework.test.context.junit4.statements.RunBeforeTestMethodCallbacks.evaluate(RunBeforeTestMethodCallbacks.java:74)
	at app//org.springframework.test.context.junit4.statements.RunAfterTestMethodCallbacks.evaluate(RunAfterTestMethodCallbacks.java:86)
	at app//org.springframework.test.context.junit4.statements.SpringRepeat.evaluate(SpringRepeat.java:84)
	at app//org.junit.runners.ParentRunner.runLeaf(ParentRunner.java:366)
	at app//org.springframework.test.context.junit4.SpringJUnit4ClassRunner.runChild(SpringJUnit4ClassRunner.java:251)
	at app//org.springframework.test.context.junit4.SpringJUnit4ClassRunner.runChild(SpringJUnit4ClassRunner.java:97)
	at app//org.junit.runners.ParentRunner$4.run(ParentRunner.java:331)
	at app//org.junit.runners.ParentRunner$1.schedule(ParentRunner.java:79)
	at app//org.junit.runners.ParentRunner.runChildren(ParentRunner.java:329)
	at app//org.junit.runners.ParentRunner.access$100(ParentRunner.java:66)
	at app//org.junit.runners.ParentRunner$2.evaluate(ParentRunner.java:293)
	at app//org.springframework.test.context.junit4.statements.RunBeforeTestClassCallbacks.evaluate(RunBeforeTestClassCallbacks.java:61)
	at app//org.springframework.test.context.junit4.statements.RunAfterTestClassCallbacks.evaluate(RunAfterTestClassCallbacks.java:70)
	at app//org.junit.runners.ParentRunner$3.evaluate(ParentRunner.java:306)
	at app//org.junit.runners.ParentRunner.run(ParentRunner.java:413)
	at app//org.springframework.test.context.junit4.SpringJUnit4ClassRunner.run(SpringJUnit4ClassRunner.java:190)
	at org.gradle.api.internal.tasks.testing.junit.JUnitTestClassExecutor.runTestClass(JUnitTestClassExecutor.java:112)
	at org.gradle.api.internal.tasks.testing.junit.JUnitTestClassExecutor.execute(JUnitTestClassExecutor.java:58)
	at org.gradle.api.internal.tasks.testing.junit.JUnitTestClassExecutor.execute(JUnitTestClassExecutor.java:40)
	at org.gradle.api.internal.tasks.testing.junit.AbstractJUnitTestClassProcessor.processTestClass(AbstractJUnitTestClassProcessor.java:54)
	at org.gradle.api.internal.tasks.testing.SuiteTestClassProcessor.processTestClass(SuiteTestClassProcessor.java:53)
	at java.base@11.0.27/jdk.internal.reflect.NativeMethodAccessorImpl.invoke0(Native Method)
	at java.base@11.0.27/jdk.internal.reflect.NativeMethodAccessorImpl.invoke(NativeMethodAccessorImpl.java:62)
	at java.base@11.0.27/jdk.internal.reflect.DelegatingMethodAccessorImpl.invoke(DelegatingMethodAccessorImpl.java:43)
	at java.base@11.0.27/java.lang.reflect.Method.invoke(Method.java:566)
	at org.gradle.internal.dispatch.ReflectionDispatch.dispatch(ReflectionDispatch.java:36)
	at org.gradle.internal.dispatch.ReflectionDispatch.dispatch(ReflectionDispatch.java:24)
	at org.gradle.internal.dispatch.ContextClassLoaderDispatch.dispatch(ContextClassLoaderDispatch.java:33)
	at org.gradle.internal.dispatch.ProxyDispatchAdapter$DispatchingInvocationHandler.invoke(ProxyDispatchAdapter.java:92)
	at com.sun.proxy.$Proxy6.processTestClass(Unknown Source)
	at org.gradle.api.internal.tasks.testing.worker.TestWorker$2.run(TestWorker.java:183)
	at org.gradle.api.internal.tasks.testing.worker.TestWorker.executeAndMaintainThreadName(TestWorker.java:132)
	at org.gradle.api.internal.tasks.testing.worker.TestWorker.execute(TestWorker.java:103)
	at org.gradle.api.internal.tasks.testing.worker.TestWorker.execute(TestWorker.java:63)
	at org.gradle.process.internal.worker.child.ActionExecutionWorker.execute(ActionExecutionWorker.java:56)
	at org.gradle.process.internal.worker.child.SystemApplicationClassLoaderWorker.call(SystemApplicationClassLoaderWorker.java:122)
	at org.gradle.process.internal.worker.child.SystemApplicationClassLoaderWorker.call(SystemApplicationClassLoaderWorker.java:72)
	at app//worker.org.gradle.process.internal.worker.GradleWorkerMain.run(GradleWorkerMain.java:69)
	at app//worker.org.gradle.process.internal.worker.GradleWorkerMain.main(GradleWorkerMain.java:74)
Caused by: org.h2.jdbc.JdbcSQLSyntaxErrorException: Syntax error in SQL statement &quot;TRUNCATE &quot;&quot;public&quot;&quot;[*].SEMESTER_DAY, &quot;&quot;public&quot;&quot;.SEMESTER_PERIOD, &quot;&quot;public&quot;&quot;.PERIODS, &quot;&quot;public&quot;&quot;.SEMESTERS, &quot;&quot;public&quot;&quot;.GROUPS, &quot;&quot;public&quot;&quot;.STUDENTS, &quot;&quot;public&quot;&quot;.SEMESTER_GROUP RESTART IDENTITY CASCADE&quot;; expected &quot;TABLE&quot;; SQL statement:
TRUNCATE &quot;public&quot;.semester_day, &quot;public&quot;.semester_period, &quot;public&quot;.periods, &quot;public&quot;.semesters, &quot;public&quot;.groups, &quot;public&quot;.students, &quot;public&quot;.semester_group RESTART IDENTITY CASCADE [42001-200]
	at app//org.h2.message.DbException.getJdbcSQLException(DbException.java:453)
	at app//org.h2.message.DbException.getJdbcSQLException(DbException.java:429)
	at app//org.h2.message.DbException.getSyntaxError(DbException.java:243)
	at app//org.h2.command.Parser.getSyntaxError(Parser.java:1053)
	at app//org.h2.command.Parser.read(Parser.java:4995)
	at app//org.h2.command.Parser.parseTruncate(Parser.java:2137)
	at app//org.h2.command.Parser.parsePrepared(Parser.java:1000)
	at app//org.h2.command.Parser.parse(Parser.java:843)
	at app//org.h2.command.Parser.parse(Parser.java:819)
	at app//org.h2.command.Parser.prepareCommand(Parser.java:738)
	at app//org.h2.engine.Session.prepareLocal(Session.java:657)
	at app//org.h2.engine.Session.prepareCommand(Session.java:595)
	at app//org.h2.jdbc.JdbcConnection.prepareCommand(JdbcConnection.java:1235)
	at app//org.h2.jdbc.JdbcStatement.executeInternal(JdbcStatement.java:212)
	at app//org.h2.jdbc.JdbcStatement.execute(JdbcStatement.java:201)
	at app//com.mchange.v2.c3p0.impl.NewProxyStatement.execute(NewProxyStatement.java:75)
	at app//org.springframework.jdbc.datasource.init.ScriptUtils.executeSqlScript(ScriptUtils.java:601)
	... 53 more
</failure>
  </testcase>
  <testcase name="deleteExistSemester" classname="com.softserve.controller.SemesterControllerTest" time="0.013">
    <failure message="org.springframework.jdbc.datasource.init.ScriptStatementFailedException: Failed to execute SQL script statement #1 of class path resource [create-semesters-before.sql]: TRUNCATE &quot;public&quot;.semester_day, &quot;public&quot;.semester_period, &quot;public&quot;.periods, &quot;public&quot;.semesters, &quot;public&quot;.groups, &quot;public&quot;.students, &quot;public&quot;.semester_group RESTART IDENTITY CASCADE; nested exception is org.h2.jdbc.JdbcSQLSyntaxErrorException: Syntax error in SQL statement &quot;TRUNCATE &quot;&quot;public&quot;&quot;[*].SEMESTER_DAY, &quot;&quot;public&quot;&quot;.SEMESTER_PERIOD, &quot;&quot;public&quot;&quot;.PERIODS, &quot;&quot;public&quot;&quot;.SEMESTERS, &quot;&quot;public&quot;&quot;.GROUPS, &quot;&quot;public&quot;&quot;.STUDENTS, &quot;&quot;public&quot;&quot;.SEMESTER_GROUP RESTART IDENTITY CASCADE&quot;; expected &quot;TABLE&quot;; SQL statement:&#10;TRUNCATE &quot;public&quot;.semester_day, &quot;public&quot;.semester_period, &quot;public&quot;.periods, &quot;public&quot;.semesters, &quot;public&quot;.groups, &quot;public&quot;.students, &quot;public&quot;.semester_group RESTART IDENTITY CASCADE [42001-200]" type="org.springframework.jdbc.datasource.init.ScriptStatementFailedException">org.springframework.jdbc.datasource.init.ScriptStatementFailedException: Failed to execute SQL script statement #1 of class path resource [create-semesters-before.sql]: TRUNCATE &quot;public&quot;.semester_day, &quot;public&quot;.semester_period, &quot;public&quot;.periods, &quot;public&quot;.semesters, &quot;public&quot;.groups, &quot;public&quot;.students, &quot;public&quot;.semester_group RESTART IDENTITY CASCADE; nested exception is org.h2.jdbc.JdbcSQLSyntaxErrorException: Syntax error in SQL statement &quot;TRUNCATE &quot;&quot;public&quot;&quot;[*].SEMESTER_DAY, &quot;&quot;public&quot;&quot;.SEMESTER_PERIOD, &quot;&quot;public&quot;&quot;.PERIODS, &quot;&quot;public&quot;&quot;.SEMESTERS, &quot;&quot;public&quot;&quot;.GROUPS, &quot;&quot;public&quot;&quot;.STUDENTS, &quot;&quot;public&quot;&quot;.SEMESTER_GROUP RESTART IDENTITY CASCADE&quot;; expected &quot;TABLE&quot;; SQL statement:
TRUNCATE &quot;public&quot;.semester_day, &quot;public&quot;.semester_period, &quot;public&quot;.periods, &quot;public&quot;.semesters, &quot;public&quot;.groups, &quot;public&quot;.students, &quot;public&quot;.semester_group RESTART IDENTITY CASCADE [42001-200]
	at app//org.springframework.jdbc.datasource.init.ScriptUtils.executeSqlScript(ScriptUtils.java:622)
	at app//org.springframework.jdbc.datasource.init.ResourceDatabasePopulator.populate(ResourceDatabasePopulator.java:254)
	at app//org.springframework.jdbc.datasource.init.DatabasePopulatorUtils.execute(DatabasePopulatorUtils.java:49)
	at app//org.springframework.jdbc.datasource.init.ResourceDatabasePopulator.execute(ResourceDatabasePopulator.java:269)
	at app//org.springframework.test.context.jdbc.SqlScriptsTestExecutionListener.lambda$executeSqlScripts$4(SqlScriptsTestExecutionListener.java:263)
	at app//org.springframework.transaction.support.TransactionOperations.lambda$executeWithoutResult$0(TransactionOperations.java:68)
	at app//org.springframework.transaction.support.TransactionTemplate.execute(TransactionTemplate.java:140)
	at app//org.springframework.transaction.support.TransactionOperations.executeWithoutResult(TransactionOperations.java:67)
	at app//org.springframework.test.context.jdbc.SqlScriptsTestExecutionListener.executeSqlScripts(SqlScriptsTestExecutionListener.java:263)
	at app//org.springframework.test.context.jdbc.SqlScriptsTestExecutionListener.lambda$executeSqlScripts$0(SqlScriptsTestExecutionListener.java:185)
	at java.base@11.0.27/java.lang.Iterable.forEach(Iterable.java:75)
	at app//org.springframework.test.context.jdbc.SqlScriptsTestExecutionListener.executeSqlScripts(SqlScriptsTestExecutionListener.java:185)
	at app//org.springframework.test.context.jdbc.SqlScriptsTestExecutionListener.executeSqlScripts(SqlScriptsTestExecutionListener.java:147)
	at app//org.springframework.test.context.jdbc.SqlScriptsTestExecutionListener.beforeTestMethod(SqlScriptsTestExecutionListener.java:117)
	at app//org.springframework.test.context.TestContextManager.beforeTestMethod(TestContextManager.java:289)
	at app//org.springframework.test.context.junit4.statements.RunBeforeTestMethodCallbacks.evaluate(RunBeforeTestMethodCallbacks.java:74)
	at app//org.springframework.test.context.junit4.statements.RunAfterTestMethodCallbacks.evaluate(RunAfterTestMethodCallbacks.java:86)
	at app//org.springframework.test.context.junit4.statements.SpringRepeat.evaluate(SpringRepeat.java:84)
	at app//org.junit.runners.ParentRunner.runLeaf(ParentRunner.java:366)
	at app//org.springframework.test.context.junit4.SpringJUnit4ClassRunner.runChild(SpringJUnit4ClassRunner.java:251)
	at app//org.springframework.test.context.junit4.SpringJUnit4ClassRunner.runChild(SpringJUnit4ClassRunner.java:97)
	at app//org.junit.runners.ParentRunner$4.run(ParentRunner.java:331)
	at app//org.junit.runners.ParentRunner$1.schedule(ParentRunner.java:79)
	at app//org.junit.runners.ParentRunner.runChildren(ParentRunner.java:329)
	at app//org.junit.runners.ParentRunner.access$100(ParentRunner.java:66)
	at app//org.junit.runners.ParentRunner$2.evaluate(ParentRunner.java:293)
	at app//org.springframework.test.context.junit4.statements.RunBeforeTestClassCallbacks.evaluate(RunBeforeTestClassCallbacks.java:61)
	at app//org.springframework.test.context.junit4.statements.RunAfterTestClassCallbacks.evaluate(RunAfterTestClassCallbacks.java:70)
	at app//org.junit.runners.ParentRunner$3.evaluate(ParentRunner.java:306)
	at app//org.junit.runners.ParentRunner.run(ParentRunner.java:413)
	at app//org.springframework.test.context.junit4.SpringJUnit4ClassRunner.run(SpringJUnit4ClassRunner.java:190)
	at org.gradle.api.internal.tasks.testing.junit.JUnitTestClassExecutor.runTestClass(JUnitTestClassExecutor.java:112)
	at org.gradle.api.internal.tasks.testing.junit.JUnitTestClassExecutor.execute(JUnitTestClassExecutor.java:58)
	at org.gradle.api.internal.tasks.testing.junit.JUnitTestClassExecutor.execute(JUnitTestClassExecutor.java:40)
	at org.gradle.api.internal.tasks.testing.junit.AbstractJUnitTestClassProcessor.processTestClass(AbstractJUnitTestClassProcessor.java:54)
	at org.gradle.api.internal.tasks.testing.SuiteTestClassProcessor.processTestClass(SuiteTestClassProcessor.java:53)
	at java.base@11.0.27/jdk.internal.reflect.NativeMethodAccessorImpl.invoke0(Native Method)
	at java.base@11.0.27/jdk.internal.reflect.NativeMethodAccessorImpl.invoke(NativeMethodAccessorImpl.java:62)
	at java.base@11.0.27/jdk.internal.reflect.DelegatingMethodAccessorImpl.invoke(DelegatingMethodAccessorImpl.java:43)
	at java.base@11.0.27/java.lang.reflect.Method.invoke(Method.java:566)
	at org.gradle.internal.dispatch.ReflectionDispatch.dispatch(ReflectionDispatch.java:36)
	at org.gradle.internal.dispatch.ReflectionDispatch.dispatch(ReflectionDispatch.java:24)
	at org.gradle.internal.dispatch.ContextClassLoaderDispatch.dispatch(ContextClassLoaderDispatch.java:33)
	at org.gradle.internal.dispatch.ProxyDispatchAdapter$DispatchingInvocationHandler.invoke(ProxyDispatchAdapter.java:92)
	at com.sun.proxy.$Proxy6.processTestClass(Unknown Source)
	at org.gradle.api.internal.tasks.testing.worker.TestWorker$2.run(TestWorker.java:183)
	at org.gradle.api.internal.tasks.testing.worker.TestWorker.executeAndMaintainThreadName(TestWorker.java:132)
	at org.gradle.api.internal.tasks.testing.worker.TestWorker.execute(TestWorker.java:103)
	at org.gradle.api.internal.tasks.testing.worker.TestWorker.execute(TestWorker.java:63)
	at org.gradle.process.internal.worker.child.ActionExecutionWorker.execute(ActionExecutionWorker.java:56)
	at org.gradle.process.internal.worker.child.SystemApplicationClassLoaderWorker.call(SystemApplicationClassLoaderWorker.java:122)
	at org.gradle.process.internal.worker.child.SystemApplicationClassLoaderWorker.call(SystemApplicationClassLoaderWorker.java:72)
	at app//worker.org.gradle.process.internal.worker.GradleWorkerMain.run(GradleWorkerMain.java:69)
	at app//worker.org.gradle.process.internal.worker.GradleWorkerMain.main(GradleWorkerMain.java:74)
Caused by: org.h2.jdbc.JdbcSQLSyntaxErrorException: Syntax error in SQL statement &quot;TRUNCATE &quot;&quot;public&quot;&quot;[*].SEMESTER_DAY, &quot;&quot;public&quot;&quot;.SEMESTER_PERIOD, &quot;&quot;public&quot;&quot;.PERIODS, &quot;&quot;public&quot;&quot;.SEMESTERS, &quot;&quot;public&quot;&quot;.GROUPS, &quot;&quot;public&quot;&quot;.STUDENTS, &quot;&quot;public&quot;&quot;.SEMESTER_GROUP RESTART IDENTITY CASCADE&quot;; expected &quot;TABLE&quot;; SQL statement:
TRUNCATE &quot;public&quot;.semester_day, &quot;public&quot;.semester_period, &quot;public&quot;.periods, &quot;public&quot;.semesters, &quot;public&quot;.groups, &quot;public&quot;.students, &quot;public&quot;.semester_group RESTART IDENTITY CASCADE [42001-200]
	at app//org.h2.message.DbException.getJdbcSQLException(DbException.java:453)
	at app//org.h2.message.DbException.getJdbcSQLException(DbException.java:429)
	at app//org.h2.message.DbException.getSyntaxError(DbException.java:243)
	at app//org.h2.command.Parser.getSyntaxError(Parser.java:1053)
	at app//org.h2.command.Parser.read(Parser.java:4995)
	at app//org.h2.command.Parser.parseTruncate(Parser.java:2137)
	at app//org.h2.command.Parser.parsePrepared(Parser.java:1000)
	at app//org.h2.command.Parser.parse(Parser.java:843)
	at app//org.h2.command.Parser.parse(Parser.java:819)
	at app//org.h2.command.Parser.prepareCommand(Parser.java:738)
	at app//org.h2.engine.Session.prepareLocal(Session.java:657)
	at app//org.h2.engine.Session.prepareCommand(Session.java:595)
	at app//org.h2.jdbc.JdbcConnection.prepareCommand(JdbcConnection.java:1235)
	at app//org.h2.jdbc.JdbcStatement.executeInternal(JdbcStatement.java:212)
	at app//org.h2.jdbc.JdbcStatement.execute(JdbcStatement.java:201)
	at app//com.mchange.v2.c3p0.impl.NewProxyStatement.execute(NewProxyStatement.java:75)
	at app//org.springframework.jdbc.datasource.init.ScriptUtils.executeSqlScript(ScriptUtils.java:601)
	... 53 more
</failure>
  </testcase>
  <testcase name="returnBadRequestIfSavedStartDayBeginAfterEndDay" classname="com.softserve.controller.SemesterControllerTest" time="0.011">
    <failure message="org.springframework.jdbc.datasource.init.ScriptStatementFailedException: Failed to execute SQL script statement #1 of class path resource [create-semesters-before.sql]: TRUNCATE &quot;public&quot;.semester_day, &quot;public&quot;.semester_period, &quot;public&quot;.periods, &quot;public&quot;.semesters, &quot;public&quot;.groups, &quot;public&quot;.students, &quot;public&quot;.semester_group RESTART IDENTITY CASCADE; nested exception is org.h2.jdbc.JdbcSQLSyntaxErrorException: Syntax error in SQL statement &quot;TRUNCATE &quot;&quot;public&quot;&quot;[*].SEMESTER_DAY, &quot;&quot;public&quot;&quot;.SEMESTER_PERIOD, &quot;&quot;public&quot;&quot;.PERIODS, &quot;&quot;public&quot;&quot;.SEMESTERS, &quot;&quot;public&quot;&quot;.GROUPS, &quot;&quot;public&quot;&quot;.STUDENTS, &quot;&quot;public&quot;&quot;.SEMESTER_GROUP RESTART IDENTITY CASCADE&quot;; expected &quot;TABLE&quot;; SQL statement:&#10;TRUNCATE &quot;public&quot;.semester_day, &quot;public&quot;.semester_period, &quot;public&quot;.periods, &quot;public&quot;.semesters, &quot;public&quot;.groups, &quot;public&quot;.students, &quot;public&quot;.semester_group RESTART IDENTITY CASCADE [42001-200]" type="org.springframework.jdbc.datasource.init.ScriptStatementFailedException">org.springframework.jdbc.datasource.init.ScriptStatementFailedException: Failed to execute SQL script statement #1 of class path resource [create-semesters-before.sql]: TRUNCATE &quot;public&quot;.semester_day, &quot;public&quot;.semester_period, &quot;public&quot;.periods, &quot;public&quot;.semesters, &quot;public&quot;.groups, &quot;public&quot;.students, &quot;public&quot;.semester_group RESTART IDENTITY CASCADE; nested exception is org.h2.jdbc.JdbcSQLSyntaxErrorException: Syntax error in SQL statement &quot;TRUNCATE &quot;&quot;public&quot;&quot;[*].SEMESTER_DAY, &quot;&quot;public&quot;&quot;.SEMESTER_PERIOD, &quot;&quot;public&quot;&quot;.PERIODS, &quot;&quot;public&quot;&quot;.SEMESTERS, &quot;&quot;public&quot;&quot;.GROUPS, &quot;&quot;public&quot;&quot;.STUDENTS, &quot;&quot;public&quot;&quot;.SEMESTER_GROUP RESTART IDENTITY CASCADE&quot;; expected &quot;TABLE&quot;; SQL statement:
TRUNCATE &quot;public&quot;.semester_day, &quot;public&quot;.semester_period, &quot;public&quot;.periods, &quot;public&quot;.semesters, &quot;public&quot;.groups, &quot;public&quot;.students, &quot;public&quot;.semester_group RESTART IDENTITY CASCADE [42001-200]
	at app//org.springframework.jdbc.datasource.init.ScriptUtils.executeSqlScript(ScriptUtils.java:622)
	at app//org.springframework.jdbc.datasource.init.ResourceDatabasePopulator.populate(ResourceDatabasePopulator.java:254)
	at app//org.springframework.jdbc.datasource.init.DatabasePopulatorUtils.execute(DatabasePopulatorUtils.java:49)
	at app//org.springframework.jdbc.datasource.init.ResourceDatabasePopulator.execute(ResourceDatabasePopulator.java:269)
	at app//org.springframework.test.context.jdbc.SqlScriptsTestExecutionListener.lambda$executeSqlScripts$4(SqlScriptsTestExecutionListener.java:263)
	at app//org.springframework.transaction.support.TransactionOperations.lambda$executeWithoutResult$0(TransactionOperations.java:68)
	at app//org.springframework.transaction.support.TransactionTemplate.execute(TransactionTemplate.java:140)
	at app//org.springframework.transaction.support.TransactionOperations.executeWithoutResult(TransactionOperations.java:67)
	at app//org.springframework.test.context.jdbc.SqlScriptsTestExecutionListener.executeSqlScripts(SqlScriptsTestExecutionListener.java:263)
	at app//org.springframework.test.context.jdbc.SqlScriptsTestExecutionListener.lambda$executeSqlScripts$0(SqlScriptsTestExecutionListener.java:185)
	at java.base@11.0.27/java.lang.Iterable.forEach(Iterable.java:75)
	at app//org.springframework.test.context.jdbc.SqlScriptsTestExecutionListener.executeSqlScripts(SqlScriptsTestExecutionListener.java:185)
	at app//org.springframework.test.context.jdbc.SqlScriptsTestExecutionListener.executeSqlScripts(SqlScriptsTestExecutionListener.java:147)
	at app//org.springframework.test.context.jdbc.SqlScriptsTestExecutionListener.beforeTestMethod(SqlScriptsTestExecutionListener.java:117)
	at app//org.springframework.test.context.TestContextManager.beforeTestMethod(TestContextManager.java:289)
	at app//org.springframework.test.context.junit4.statements.RunBeforeTestMethodCallbacks.evaluate(RunBeforeTestMethodCallbacks.java:74)
	at app//org.springframework.test.context.junit4.statements.RunAfterTestMethodCallbacks.evaluate(RunAfterTestMethodCallbacks.java:86)
	at app//org.springframework.test.context.junit4.statements.SpringRepeat.evaluate(SpringRepeat.java:84)
	at app//org.junit.runners.ParentRunner.runLeaf(ParentRunner.java:366)
	at app//org.springframework.test.context.junit4.SpringJUnit4ClassRunner.runChild(SpringJUnit4ClassRunner.java:251)
	at app//org.springframework.test.context.junit4.SpringJUnit4ClassRunner.runChild(SpringJUnit4ClassRunner.java:97)
	at app//org.junit.runners.ParentRunner$4.run(ParentRunner.java:331)
	at app//org.junit.runners.ParentRunner$1.schedule(ParentRunner.java:79)
	at app//org.junit.runners.ParentRunner.runChildren(ParentRunner.java:329)
	at app//org.junit.runners.ParentRunner.access$100(ParentRunner.java:66)
	at app//org.junit.runners.ParentRunner$2.evaluate(ParentRunner.java:293)
	at app//org.springframework.test.context.junit4.statements.RunBeforeTestClassCallbacks.evaluate(RunBeforeTestClassCallbacks.java:61)
	at app//org.springframework.test.context.junit4.statements.RunAfterTestClassCallbacks.evaluate(RunAfterTestClassCallbacks.java:70)
	at app//org.junit.runners.ParentRunner$3.evaluate(ParentRunner.java:306)
	at app//org.junit.runners.ParentRunner.run(ParentRunner.java:413)
	at app//org.springframework.test.context.junit4.SpringJUnit4ClassRunner.run(SpringJUnit4ClassRunner.java:190)
	at org.gradle.api.internal.tasks.testing.junit.JUnitTestClassExecutor.runTestClass(JUnitTestClassExecutor.java:112)
	at org.gradle.api.internal.tasks.testing.junit.JUnitTestClassExecutor.execute(JUnitTestClassExecutor.java:58)
	at org.gradle.api.internal.tasks.testing.junit.JUnitTestClassExecutor.execute(JUnitTestClassExecutor.java:40)
	at org.gradle.api.internal.tasks.testing.junit.AbstractJUnitTestClassProcessor.processTestClass(AbstractJUnitTestClassProcessor.java:54)
	at org.gradle.api.internal.tasks.testing.SuiteTestClassProcessor.processTestClass(SuiteTestClassProcessor.java:53)
	at java.base@11.0.27/jdk.internal.reflect.NativeMethodAccessorImpl.invoke0(Native Method)
	at java.base@11.0.27/jdk.internal.reflect.NativeMethodAccessorImpl.invoke(NativeMethodAccessorImpl.java:62)
	at java.base@11.0.27/jdk.internal.reflect.DelegatingMethodAccessorImpl.invoke(DelegatingMethodAccessorImpl.java:43)
	at java.base@11.0.27/java.lang.reflect.Method.invoke(Method.java:566)
	at org.gradle.internal.dispatch.ReflectionDispatch.dispatch(ReflectionDispatch.java:36)
	at org.gradle.internal.dispatch.ReflectionDispatch.dispatch(ReflectionDispatch.java:24)
	at org.gradle.internal.dispatch.ContextClassLoaderDispatch.dispatch(ContextClassLoaderDispatch.java:33)
	at org.gradle.internal.dispatch.ProxyDispatchAdapter$DispatchingInvocationHandler.invoke(ProxyDispatchAdapter.java:92)
	at com.sun.proxy.$Proxy6.processTestClass(Unknown Source)
	at org.gradle.api.internal.tasks.testing.worker.TestWorker$2.run(TestWorker.java:183)
	at org.gradle.api.internal.tasks.testing.worker.TestWorker.executeAndMaintainThreadName(TestWorker.java:132)
	at org.gradle.api.internal.tasks.testing.worker.TestWorker.execute(TestWorker.java:103)
	at org.gradle.api.internal.tasks.testing.worker.TestWorker.execute(TestWorker.java:63)
	at org.gradle.process.internal.worker.child.ActionExecutionWorker.execute(ActionExecutionWorker.java:56)
	at org.gradle.process.internal.worker.child.SystemApplicationClassLoaderWorker.call(SystemApplicationClassLoaderWorker.java:122)
	at org.gradle.process.internal.worker.child.SystemApplicationClassLoaderWorker.call(SystemApplicationClassLoaderWorker.java:72)
	at app//worker.org.gradle.process.internal.worker.GradleWorkerMain.run(GradleWorkerMain.java:69)
	at app//worker.org.gradle.process.internal.worker.GradleWorkerMain.main(GradleWorkerMain.java:74)
Caused by: org.h2.jdbc.JdbcSQLSyntaxErrorException: Syntax error in SQL statement &quot;TRUNCATE &quot;&quot;public&quot;&quot;[*].SEMESTER_DAY, &quot;&quot;public&quot;&quot;.SEMESTER_PERIOD, &quot;&quot;public&quot;&quot;.PERIODS, &quot;&quot;public&quot;&quot;.SEMESTERS, &quot;&quot;public&quot;&quot;.GROUPS, &quot;&quot;public&quot;&quot;.STUDENTS, &quot;&quot;public&quot;&quot;.SEMESTER_GROUP RESTART IDENTITY CASCADE&quot;; expected &quot;TABLE&quot;; SQL statement:
TRUNCATE &quot;public&quot;.semester_day, &quot;public&quot;.semester_period, &quot;public&quot;.periods, &quot;public&quot;.semesters, &quot;public&quot;.groups, &quot;public&quot;.students, &quot;public&quot;.semester_group RESTART IDENTITY CASCADE [42001-200]
	at app//org.h2.message.DbException.getJdbcSQLException(DbException.java:453)
	at app//org.h2.message.DbException.getJdbcSQLException(DbException.java:429)
	at app//org.h2.message.DbException.getSyntaxError(DbException.java:243)
	at app//org.h2.command.Parser.getSyntaxError(Parser.java:1053)
	at app//org.h2.command.Parser.read(Parser.java:4995)
	at app//org.h2.command.Parser.parseTruncate(Parser.java:2137)
	at app//org.h2.command.Parser.parsePrepared(Parser.java:1000)
	at app//org.h2.command.Parser.parse(Parser.java:843)
	at app//org.h2.command.Parser.parse(Parser.java:819)
	at app//org.h2.command.Parser.prepareCommand(Parser.java:738)
	at app//org.h2.engine.Session.prepareLocal(Session.java:657)
	at app//org.h2.engine.Session.prepareCommand(Session.java:595)
	at app//org.h2.jdbc.JdbcConnection.prepareCommand(JdbcConnection.java:1235)
	at app//org.h2.jdbc.JdbcStatement.executeInternal(JdbcStatement.java:212)
	at app//org.h2.jdbc.JdbcStatement.execute(JdbcStatement.java:201)
	at app//com.mchange.v2.c3p0.impl.NewProxyStatement.execute(NewProxyStatement.java:75)
	at app//org.springframework.jdbc.datasource.init.ScriptUtils.executeSqlScript(ScriptUtils.java:601)
	... 53 more
</failure>
  </testcase>
  <testcase name="returnNotFoundIfSemesterNotFoundedById" classname="com.softserve.controller.SemesterControllerTest" time="0.009">
    <failure message="org.springframework.jdbc.datasource.init.ScriptStatementFailedException: Failed to execute SQL script statement #1 of class path resource [create-semesters-before.sql]: TRUNCATE &quot;public&quot;.semester_day, &quot;public&quot;.semester_period, &quot;public&quot;.periods, &quot;public&quot;.semesters, &quot;public&quot;.groups, &quot;public&quot;.students, &quot;public&quot;.semester_group RESTART IDENTITY CASCADE; nested exception is org.h2.jdbc.JdbcSQLSyntaxErrorException: Syntax error in SQL statement &quot;TRUNCATE &quot;&quot;public&quot;&quot;[*].SEMESTER_DAY, &quot;&quot;public&quot;&quot;.SEMESTER_PERIOD, &quot;&quot;public&quot;&quot;.PERIODS, &quot;&quot;public&quot;&quot;.SEMESTERS, &quot;&quot;public&quot;&quot;.GROUPS, &quot;&quot;public&quot;&quot;.STUDENTS, &quot;&quot;public&quot;&quot;.SEMESTER_GROUP RESTART IDENTITY CASCADE&quot;; expected &quot;TABLE&quot;; SQL statement:&#10;TRUNCATE &quot;public&quot;.semester_day, &quot;public&quot;.semester_period, &quot;public&quot;.periods, &quot;public&quot;.semesters, &quot;public&quot;.groups, &quot;public&quot;.students, &quot;public&quot;.semester_group RESTART IDENTITY CASCADE [42001-200]" type="org.springframework.jdbc.datasource.init.ScriptStatementFailedException">org.springframework.jdbc.datasource.init.ScriptStatementFailedException: Failed to execute SQL script statement #1 of class path resource [create-semesters-before.sql]: TRUNCATE &quot;public&quot;.semester_day, &quot;public&quot;.semester_period, &quot;public&quot;.periods, &quot;public&quot;.semesters, &quot;public&quot;.groups, &quot;public&quot;.students, &quot;public&quot;.semester_group RESTART IDENTITY CASCADE; nested exception is org.h2.jdbc.JdbcSQLSyntaxErrorException: Syntax error in SQL statement &quot;TRUNCATE &quot;&quot;public&quot;&quot;[*].SEMESTER_DAY, &quot;&quot;public&quot;&quot;.SEMESTER_PERIOD, &quot;&quot;public&quot;&quot;.PERIODS, &quot;&quot;public&quot;&quot;.SEMESTERS, &quot;&quot;public&quot;&quot;.GROUPS, &quot;&quot;public&quot;&quot;.STUDENTS, &quot;&quot;public&quot;&quot;.SEMESTER_GROUP RESTART IDENTITY CASCADE&quot;; expected &quot;TABLE&quot;; SQL statement:
TRUNCATE &quot;public&quot;.semester_day, &quot;public&quot;.semester_period, &quot;public&quot;.periods, &quot;public&quot;.semesters, &quot;public&quot;.groups, &quot;public&quot;.students, &quot;public&quot;.semester_group RESTART IDENTITY CASCADE [42001-200]
	at app//org.springframework.jdbc.datasource.init.ScriptUtils.executeSqlScript(ScriptUtils.java:622)
	at app//org.springframework.jdbc.datasource.init.ResourceDatabasePopulator.populate(ResourceDatabasePopulator.java:254)
	at app//org.springframework.jdbc.datasource.init.DatabasePopulatorUtils.execute(DatabasePopulatorUtils.java:49)
	at app//org.springframework.jdbc.datasource.init.ResourceDatabasePopulator.execute(ResourceDatabasePopulator.java:269)
	at app//org.springframework.test.context.jdbc.SqlScriptsTestExecutionListener.lambda$executeSqlScripts$4(SqlScriptsTestExecutionListener.java:263)
	at app//org.springframework.transaction.support.TransactionOperations.lambda$executeWithoutResult$0(TransactionOperations.java:68)
	at app//org.springframework.transaction.support.TransactionTemplate.execute(TransactionTemplate.java:140)
	at app//org.springframework.transaction.support.TransactionOperations.executeWithoutResult(TransactionOperations.java:67)
	at app//org.springframework.test.context.jdbc.SqlScriptsTestExecutionListener.executeSqlScripts(SqlScriptsTestExecutionListener.java:263)
	at app//org.springframework.test.context.jdbc.SqlScriptsTestExecutionListener.lambda$executeSqlScripts$0(SqlScriptsTestExecutionListener.java:185)
	at java.base@11.0.27/java.lang.Iterable.forEach(Iterable.java:75)
	at app//org.springframework.test.context.jdbc.SqlScriptsTestExecutionListener.executeSqlScripts(SqlScriptsTestExecutionListener.java:185)
	at app//org.springframework.test.context.jdbc.SqlScriptsTestExecutionListener.executeSqlScripts(SqlScriptsTestExecutionListener.java:147)
	at app//org.springframework.test.context.jdbc.SqlScriptsTestExecutionListener.beforeTestMethod(SqlScriptsTestExecutionListener.java:117)
	at app//org.springframework.test.context.TestContextManager.beforeTestMethod(TestContextManager.java:289)
	at app//org.springframework.test.context.junit4.statements.RunBeforeTestMethodCallbacks.evaluate(RunBeforeTestMethodCallbacks.java:74)
	at app//org.springframework.test.context.junit4.statements.RunAfterTestMethodCallbacks.evaluate(RunAfterTestMethodCallbacks.java:86)
	at app//org.springframework.test.context.junit4.statements.SpringRepeat.evaluate(SpringRepeat.java:84)
	at app//org.junit.runners.ParentRunner.runLeaf(ParentRunner.java:366)
	at app//org.springframework.test.context.junit4.SpringJUnit4ClassRunner.runChild(SpringJUnit4ClassRunner.java:251)
	at app//org.springframework.test.context.junit4.SpringJUnit4ClassRunner.runChild(SpringJUnit4ClassRunner.java:97)
	at app//org.junit.runners.ParentRunner$4.run(ParentRunner.java:331)
	at app//org.junit.runners.ParentRunner$1.schedule(ParentRunner.java:79)
	at app//org.junit.runners.ParentRunner.runChildren(ParentRunner.java:329)
	at app//org.junit.runners.ParentRunner.access$100(ParentRunner.java:66)
	at app//org.junit.runners.ParentRunner$2.evaluate(ParentRunner.java:293)
	at app//org.springframework.test.context.junit4.statements.RunBeforeTestClassCallbacks.evaluate(RunBeforeTestClassCallbacks.java:61)
	at app//org.springframework.test.context.junit4.statements.RunAfterTestClassCallbacks.evaluate(RunAfterTestClassCallbacks.java:70)
	at app//org.junit.runners.ParentRunner$3.evaluate(ParentRunner.java:306)
	at app//org.junit.runners.ParentRunner.run(ParentRunner.java:413)
	at app//org.springframework.test.context.junit4.SpringJUnit4ClassRunner.run(SpringJUnit4ClassRunner.java:190)
	at org.gradle.api.internal.tasks.testing.junit.JUnitTestClassExecutor.runTestClass(JUnitTestClassExecutor.java:112)
	at org.gradle.api.internal.tasks.testing.junit.JUnitTestClassExecutor.execute(JUnitTestClassExecutor.java:58)
	at org.gradle.api.internal.tasks.testing.junit.JUnitTestClassExecutor.execute(JUnitTestClassExecutor.java:40)
	at org.gradle.api.internal.tasks.testing.junit.AbstractJUnitTestClassProcessor.processTestClass(AbstractJUnitTestClassProcessor.java:54)
	at org.gradle.api.internal.tasks.testing.SuiteTestClassProcessor.processTestClass(SuiteTestClassProcessor.java:53)
	at java.base@11.0.27/jdk.internal.reflect.NativeMethodAccessorImpl.invoke0(Native Method)
	at java.base@11.0.27/jdk.internal.reflect.NativeMethodAccessorImpl.invoke(NativeMethodAccessorImpl.java:62)
	at java.base@11.0.27/jdk.internal.reflect.DelegatingMethodAccessorImpl.invoke(DelegatingMethodAccessorImpl.java:43)
	at java.base@11.0.27/java.lang.reflect.Method.invoke(Method.java:566)
	at org.gradle.internal.dispatch.ReflectionDispatch.dispatch(ReflectionDispatch.java:36)
	at org.gradle.internal.dispatch.ReflectionDispatch.dispatch(ReflectionDispatch.java:24)
	at org.gradle.internal.dispatch.ContextClassLoaderDispatch.dispatch(ContextClassLoaderDispatch.java:33)
	at org.gradle.internal.dispatch.ProxyDispatchAdapter$DispatchingInvocationHandler.invoke(ProxyDispatchAdapter.java:92)
	at com.sun.proxy.$Proxy6.processTestClass(Unknown Source)
	at org.gradle.api.internal.tasks.testing.worker.TestWorker$2.run(TestWorker.java:183)
	at org.gradle.api.internal.tasks.testing.worker.TestWorker.executeAndMaintainThreadName(TestWorker.java:132)
	at org.gradle.api.internal.tasks.testing.worker.TestWorker.execute(TestWorker.java:103)
	at org.gradle.api.internal.tasks.testing.worker.TestWorker.execute(TestWorker.java:63)
	at org.gradle.process.internal.worker.child.ActionExecutionWorker.execute(ActionExecutionWorker.java:56)
	at org.gradle.process.internal.worker.child.SystemApplicationClassLoaderWorker.call(SystemApplicationClassLoaderWorker.java:122)
	at org.gradle.process.internal.worker.child.SystemApplicationClassLoaderWorker.call(SystemApplicationClassLoaderWorker.java:72)
	at app//worker.org.gradle.process.internal.worker.GradleWorkerMain.run(GradleWorkerMain.java:69)
	at app//worker.org.gradle.process.internal.worker.GradleWorkerMain.main(GradleWorkerMain.java:74)
Caused by: org.h2.jdbc.JdbcSQLSyntaxErrorException: Syntax error in SQL statement &quot;TRUNCATE &quot;&quot;public&quot;&quot;[*].SEMESTER_DAY, &quot;&quot;public&quot;&quot;.SEMESTER_PERIOD, &quot;&quot;public&quot;&quot;.PERIODS, &quot;&quot;public&quot;&quot;.SEMESTERS, &quot;&quot;public&quot;&quot;.GROUPS, &quot;&quot;public&quot;&quot;.STUDENTS, &quot;&quot;public&quot;&quot;.SEMESTER_GROUP RESTART IDENTITY CASCADE&quot;; expected &quot;TABLE&quot;; SQL statement:
TRUNCATE &quot;public&quot;.semester_day, &quot;public&quot;.semester_period, &quot;public&quot;.periods, &quot;public&quot;.semesters, &quot;public&quot;.groups, &quot;public&quot;.students, &quot;public&quot;.semester_group RESTART IDENTITY CASCADE [42001-200]
	at app//org.h2.message.DbException.getJdbcSQLException(DbException.java:453)
	at app//org.h2.message.DbException.getJdbcSQLException(DbException.java:429)
	at app//org.h2.message.DbException.getSyntaxError(DbException.java:243)
	at app//org.h2.command.Parser.getSyntaxError(Parser.java:1053)
	at app//org.h2.command.Parser.read(Parser.java:4995)
	at app//org.h2.command.Parser.parseTruncate(Parser.java:2137)
	at app//org.h2.command.Parser.parsePrepared(Parser.java:1000)
	at app//org.h2.command.Parser.parse(Parser.java:843)
	at app//org.h2.command.Parser.parse(Parser.java:819)
	at app//org.h2.command.Parser.prepareCommand(Parser.java:738)
	at app//org.h2.engine.Session.prepareLocal(Session.java:657)
	at app//org.h2.engine.Session.prepareCommand(Session.java:595)
	at app//org.h2.jdbc.JdbcConnection.prepareCommand(JdbcConnection.java:1235)
	at app//org.h2.jdbc.JdbcStatement.executeInternal(JdbcStatement.java:212)
	at app//org.h2.jdbc.JdbcStatement.execute(JdbcStatement.java:201)
	at app//com.mchange.v2.c3p0.impl.NewProxyStatement.execute(NewProxyStatement.java:75)
	at app//org.springframework.jdbc.datasource.init.ScriptUtils.executeSqlScript(ScriptUtils.java:601)
	... 53 more
</failure>
  </testcase>
  <testcase name="returnBadRequestIfSavedSemesterAlreadyExists" classname="com.softserve.controller.SemesterControllerTest" time="0.0">
    <skipped/>
  </testcase>
  <testcase name="returnBadRequestIfUpdatedStartDayBeginAfterEndDay" classname="com.softserve.controller.SemesterControllerTest" time="0.009">
    <failure message="org.springframework.jdbc.datasource.init.ScriptStatementFailedException: Failed to execute SQL script statement #1 of class path resource [create-semesters-before.sql]: TRUNCATE &quot;public&quot;.semester_day, &quot;public&quot;.semester_period, &quot;public&quot;.periods, &quot;public&quot;.semesters, &quot;public&quot;.groups, &quot;public&quot;.students, &quot;public&quot;.semester_group RESTART IDENTITY CASCADE; nested exception is org.h2.jdbc.JdbcSQLSyntaxErrorException: Syntax error in SQL statement &quot;TRUNCATE &quot;&quot;public&quot;&quot;[*].SEMESTER_DAY, &quot;&quot;public&quot;&quot;.SEMESTER_PERIOD, &quot;&quot;public&quot;&quot;.PERIODS, &quot;&quot;public&quot;&quot;.SEMESTERS, &quot;&quot;public&quot;&quot;.GROUPS, &quot;&quot;public&quot;&quot;.STUDENTS, &quot;&quot;public&quot;&quot;.SEMESTER_GROUP RESTART IDENTITY CASCADE&quot;; expected &quot;TABLE&quot;; SQL statement:&#10;TRUNCATE &quot;public&quot;.semester_day, &quot;public&quot;.semester_period, &quot;public&quot;.periods, &quot;public&quot;.semesters, &quot;public&quot;.groups, &quot;public&quot;.students, &quot;public&quot;.semester_group RESTART IDENTITY CASCADE [42001-200]" type="org.springframework.jdbc.datasource.init.ScriptStatementFailedException">org.springframework.jdbc.datasource.init.ScriptStatementFailedException: Failed to execute SQL script statement #1 of class path resource [create-semesters-before.sql]: TRUNCATE &quot;public&quot;.semester_day, &quot;public&quot;.semester_period, &quot;public&quot;.periods, &quot;public&quot;.semesters, &quot;public&quot;.groups, &quot;public&quot;.students, &quot;public&quot;.semester_group RESTART IDENTITY CASCADE; nested exception is org.h2.jdbc.JdbcSQLSyntaxErrorException: Syntax error in SQL statement &quot;TRUNCATE &quot;&quot;public&quot;&quot;[*].SEMESTER_DAY, &quot;&quot;public&quot;&quot;.SEMESTER_PERIOD, &quot;&quot;public&quot;&quot;.PERIODS, &quot;&quot;public&quot;&quot;.SEMESTERS, &quot;&quot;public&quot;&quot;.GROUPS, &quot;&quot;public&quot;&quot;.STUDENTS, &quot;&quot;public&quot;&quot;.SEMESTER_GROUP RESTART IDENTITY CASCADE&quot;; expected &quot;TABLE&quot;; SQL statement:
TRUNCATE &quot;public&quot;.semester_day, &quot;public&quot;.semester_period, &quot;public&quot;.periods, &quot;public&quot;.semesters, &quot;public&quot;.groups, &quot;public&quot;.students, &quot;public&quot;.semester_group RESTART IDENTITY CASCADE [42001-200]
	at app//org.springframework.jdbc.datasource.init.ScriptUtils.executeSqlScript(ScriptUtils.java:622)
	at app//org.springframework.jdbc.datasource.init.ResourceDatabasePopulator.populate(ResourceDatabasePopulator.java:254)
	at app//org.springframework.jdbc.datasource.init.DatabasePopulatorUtils.execute(DatabasePopulatorUtils.java:49)
	at app//org.springframework.jdbc.datasource.init.ResourceDatabasePopulator.execute(ResourceDatabasePopulator.java:269)
	at app//org.springframework.test.context.jdbc.SqlScriptsTestExecutionListener.lambda$executeSqlScripts$4(SqlScriptsTestExecutionListener.java:263)
	at app//org.springframework.transaction.support.TransactionOperations.lambda$executeWithoutResult$0(TransactionOperations.java:68)
	at app//org.springframework.transaction.support.TransactionTemplate.execute(TransactionTemplate.java:140)
	at app//org.springframework.transaction.support.TransactionOperations.executeWithoutResult(TransactionOperations.java:67)
	at app//org.springframework.test.context.jdbc.SqlScriptsTestExecutionListener.executeSqlScripts(SqlScriptsTestExecutionListener.java:263)
	at app//org.springframework.test.context.jdbc.SqlScriptsTestExecutionListener.lambda$executeSqlScripts$0(SqlScriptsTestExecutionListener.java:185)
	at java.base@11.0.27/java.lang.Iterable.forEach(Iterable.java:75)
	at app//org.springframework.test.context.jdbc.SqlScriptsTestExecutionListener.executeSqlScripts(SqlScriptsTestExecutionListener.java:185)
	at app//org.springframework.test.context.jdbc.SqlScriptsTestExecutionListener.executeSqlScripts(SqlScriptsTestExecutionListener.java:147)
	at app//org.springframework.test.context.jdbc.SqlScriptsTestExecutionListener.beforeTestMethod(SqlScriptsTestExecutionListener.java:117)
	at app//org.springframework.test.context.TestContextManager.beforeTestMethod(TestContextManager.java:289)
	at app//org.springframework.test.context.junit4.statements.RunBeforeTestMethodCallbacks.evaluate(RunBeforeTestMethodCallbacks.java:74)
	at app//org.springframework.test.context.junit4.statements.RunAfterTestMethodCallbacks.evaluate(RunAfterTestMethodCallbacks.java:86)
	at app//org.springframework.test.context.junit4.statements.SpringRepeat.evaluate(SpringRepeat.java:84)
	at app//org.junit.runners.ParentRunner.runLeaf(ParentRunner.java:366)
	at app//org.springframework.test.context.junit4.SpringJUnit4ClassRunner.runChild(SpringJUnit4ClassRunner.java:251)
	at app//org.springframework.test.context.junit4.SpringJUnit4ClassRunner.runChild(SpringJUnit4ClassRunner.java:97)
	at app//org.junit.runners.ParentRunner$4.run(ParentRunner.java:331)
	at app//org.junit.runners.ParentRunner$1.schedule(ParentRunner.java:79)
	at app//org.junit.runners.ParentRunner.runChildren(ParentRunner.java:329)
	at app//org.junit.runners.ParentRunner.access$100(ParentRunner.java:66)
	at app//org.junit.runners.ParentRunner$2.evaluate(ParentRunner.java:293)
	at app//org.springframework.test.context.junit4.statements.RunBeforeTestClassCallbacks.evaluate(RunBeforeTestClassCallbacks.java:61)
	at app//org.springframework.test.context.junit4.statements.RunAfterTestClassCallbacks.evaluate(RunAfterTestClassCallbacks.java:70)
	at app//org.junit.runners.ParentRunner$3.evaluate(ParentRunner.java:306)
	at app//org.junit.runners.ParentRunner.run(ParentRunner.java:413)
	at app//org.springframework.test.context.junit4.SpringJUnit4ClassRunner.run(SpringJUnit4ClassRunner.java:190)
	at org.gradle.api.internal.tasks.testing.junit.JUnitTestClassExecutor.runTestClass(JUnitTestClassExecutor.java:112)
	at org.gradle.api.internal.tasks.testing.junit.JUnitTestClassExecutor.execute(JUnitTestClassExecutor.java:58)
	at org.gradle.api.internal.tasks.testing.junit.JUnitTestClassExecutor.execute(JUnitTestClassExecutor.java:40)
	at org.gradle.api.internal.tasks.testing.junit.AbstractJUnitTestClassProcessor.processTestClass(AbstractJUnitTestClassProcessor.java:54)
	at org.gradle.api.internal.tasks.testing.SuiteTestClassProcessor.processTestClass(SuiteTestClassProcessor.java:53)
	at java.base@11.0.27/jdk.internal.reflect.NativeMethodAccessorImpl.invoke0(Native Method)
	at java.base@11.0.27/jdk.internal.reflect.NativeMethodAccessorImpl.invoke(NativeMethodAccessorImpl.java:62)
	at java.base@11.0.27/jdk.internal.reflect.DelegatingMethodAccessorImpl.invoke(DelegatingMethodAccessorImpl.java:43)
	at java.base@11.0.27/java.lang.reflect.Method.invoke(Method.java:566)
	at org.gradle.internal.dispatch.ReflectionDispatch.dispatch(ReflectionDispatch.java:36)
	at org.gradle.internal.dispatch.ReflectionDispatch.dispatch(ReflectionDispatch.java:24)
	at org.gradle.internal.dispatch.ContextClassLoaderDispatch.dispatch(ContextClassLoaderDispatch.java:33)
	at org.gradle.internal.dispatch.ProxyDispatchAdapter$DispatchingInvocationHandler.invoke(ProxyDispatchAdapter.java:92)
	at com.sun.proxy.$Proxy6.processTestClass(Unknown Source)
	at org.gradle.api.internal.tasks.testing.worker.TestWorker$2.run(TestWorker.java:183)
	at org.gradle.api.internal.tasks.testing.worker.TestWorker.executeAndMaintainThreadName(TestWorker.java:132)
	at org.gradle.api.internal.tasks.testing.worker.TestWorker.execute(TestWorker.java:103)
	at org.gradle.api.internal.tasks.testing.worker.TestWorker.execute(TestWorker.java:63)
	at org.gradle.process.internal.worker.child.ActionExecutionWorker.execute(ActionExecutionWorker.java:56)
	at org.gradle.process.internal.worker.child.SystemApplicationClassLoaderWorker.call(SystemApplicationClassLoaderWorker.java:122)
	at org.gradle.process.internal.worker.child.SystemApplicationClassLoaderWorker.call(SystemApplicationClassLoaderWorker.java:72)
	at app//worker.org.gradle.process.internal.worker.GradleWorkerMain.run(GradleWorkerMain.java:69)
	at app//worker.org.gradle.process.internal.worker.GradleWorkerMain.main(GradleWorkerMain.java:74)
Caused by: org.h2.jdbc.JdbcSQLSyntaxErrorException: Syntax error in SQL statement &quot;TRUNCATE &quot;&quot;public&quot;&quot;[*].SEMESTER_DAY, &quot;&quot;public&quot;&quot;.SEMESTER_PERIOD, &quot;&quot;public&quot;&quot;.PERIODS, &quot;&quot;public&quot;&quot;.SEMESTERS, &quot;&quot;public&quot;&quot;.GROUPS, &quot;&quot;public&quot;&quot;.STUDENTS, &quot;&quot;public&quot;&quot;.SEMESTER_GROUP RESTART IDENTITY CASCADE&quot;; expected &quot;TABLE&quot;; SQL statement:
TRUNCATE &quot;public&quot;.semester_day, &quot;public&quot;.semester_period, &quot;public&quot;.periods, &quot;public&quot;.semesters, &quot;public&quot;.groups, &quot;public&quot;.students, &quot;public&quot;.semester_group RESTART IDENTITY CASCADE [42001-200]
	at app//org.h2.message.DbException.getJdbcSQLException(DbException.java:453)
	at app//org.h2.message.DbException.getJdbcSQLException(DbException.java:429)
	at app//org.h2.message.DbException.getSyntaxError(DbException.java:243)
	at app//org.h2.command.Parser.getSyntaxError(Parser.java:1053)
	at app//org.h2.command.Parser.read(Parser.java:4995)
	at app//org.h2.command.Parser.parseTruncate(Parser.java:2137)
	at app//org.h2.command.Parser.parsePrepared(Parser.java:1000)
	at app//org.h2.command.Parser.parse(Parser.java:843)
	at app//org.h2.command.Parser.parse(Parser.java:819)
	at app//org.h2.command.Parser.prepareCommand(Parser.java:738)
	at app//org.h2.engine.Session.prepareLocal(Session.java:657)
	at app//org.h2.engine.Session.prepareCommand(Session.java:595)
	at app//org.h2.jdbc.JdbcConnection.prepareCommand(JdbcConnection.java:1235)
	at app//org.h2.jdbc.JdbcStatement.executeInternal(JdbcStatement.java:212)
	at app//org.h2.jdbc.JdbcStatement.execute(JdbcStatement.java:201)
	at app//com.mchange.v2.c3p0.impl.NewProxyStatement.execute(NewProxyStatement.java:75)
	at app//org.springframework.jdbc.datasource.init.ScriptUtils.executeSqlScript(ScriptUtils.java:601)
	... 53 more
</failure>
  </testcase>
  <testcase name="returnBadRequestIfUpdatedSemesterAlreadyExists" classname="com.softserve.controller.SemesterControllerTest" time="0.0">
    <skipped/>
  </testcase>
  <testcase name="returnBadRequestIfSavedDescriptionIsNull" classname="com.softserve.controller.SemesterControllerTest" time="0.012">
    <failure message="org.springframework.jdbc.datasource.init.ScriptStatementFailedException: Failed to execute SQL script statement #1 of class path resource [create-semesters-before.sql]: TRUNCATE &quot;public&quot;.semester_day, &quot;public&quot;.semester_period, &quot;public&quot;.periods, &quot;public&quot;.semesters, &quot;public&quot;.groups, &quot;public&quot;.students, &quot;public&quot;.semester_group RESTART IDENTITY CASCADE; nested exception is org.h2.jdbc.JdbcSQLSyntaxErrorException: Syntax error in SQL statement &quot;TRUNCATE &quot;&quot;public&quot;&quot;[*].SEMESTER_DAY, &quot;&quot;public&quot;&quot;.SEMESTER_PERIOD, &quot;&quot;public&quot;&quot;.PERIODS, &quot;&quot;public&quot;&quot;.SEMESTERS, &quot;&quot;public&quot;&quot;.GROUPS, &quot;&quot;public&quot;&quot;.STUDENTS, &quot;&quot;public&quot;&quot;.SEMESTER_GROUP RESTART IDENTITY CASCADE&quot;; expected &quot;TABLE&quot;; SQL statement:&#10;TRUNCATE &quot;public&quot;.semester_day, &quot;public&quot;.semester_period, &quot;public&quot;.periods, &quot;public&quot;.semesters, &quot;public&quot;.groups, &quot;public&quot;.students, &quot;public&quot;.semester_group RESTART IDENTITY CASCADE [42001-200]" type="org.springframework.jdbc.datasource.init.ScriptStatementFailedException">org.springframework.jdbc.datasource.init.ScriptStatementFailedException: Failed to execute SQL script statement #1 of class path resource [create-semesters-before.sql]: TRUNCATE &quot;public&quot;.semester_day, &quot;public&quot;.semester_period, &quot;public&quot;.periods, &quot;public&quot;.semesters, &quot;public&quot;.groups, &quot;public&quot;.students, &quot;public&quot;.semester_group RESTART IDENTITY CASCADE; nested exception is org.h2.jdbc.JdbcSQLSyntaxErrorException: Syntax error in SQL statement &quot;TRUNCATE &quot;&quot;public&quot;&quot;[*].SEMESTER_DAY, &quot;&quot;public&quot;&quot;.SEMESTER_PERIOD, &quot;&quot;public&quot;&quot;.PERIODS, &quot;&quot;public&quot;&quot;.SEMESTERS, &quot;&quot;public&quot;&quot;.GROUPS, &quot;&quot;public&quot;&quot;.STUDENTS, &quot;&quot;public&quot;&quot;.SEMESTER_GROUP RESTART IDENTITY CASCADE&quot;; expected &quot;TABLE&quot;; SQL statement:
TRUNCATE &quot;public&quot;.semester_day, &quot;public&quot;.semester_period, &quot;public&quot;.periods, &quot;public&quot;.semesters, &quot;public&quot;.groups, &quot;public&quot;.students, &quot;public&quot;.semester_group RESTART IDENTITY CASCADE [42001-200]
	at app//org.springframework.jdbc.datasource.init.ScriptUtils.executeSqlScript(ScriptUtils.java:622)
	at app//org.springframework.jdbc.datasource.init.ResourceDatabasePopulator.populate(ResourceDatabasePopulator.java:254)
	at app//org.springframework.jdbc.datasource.init.DatabasePopulatorUtils.execute(DatabasePopulatorUtils.java:49)
	at app//org.springframework.jdbc.datasource.init.ResourceDatabasePopulator.execute(ResourceDatabasePopulator.java:269)
	at app//org.springframework.test.context.jdbc.SqlScriptsTestExecutionListener.lambda$executeSqlScripts$4(SqlScriptsTestExecutionListener.java:263)
	at app//org.springframework.transaction.support.TransactionOperations.lambda$executeWithoutResult$0(TransactionOperations.java:68)
	at app//org.springframework.transaction.support.TransactionTemplate.execute(TransactionTemplate.java:140)
	at app//org.springframework.transaction.support.TransactionOperations.executeWithoutResult(TransactionOperations.java:67)
	at app//org.springframework.test.context.jdbc.SqlScriptsTestExecutionListener.executeSqlScripts(SqlScriptsTestExecutionListener.java:263)
	at app//org.springframework.test.context.jdbc.SqlScriptsTestExecutionListener.lambda$executeSqlScripts$0(SqlScriptsTestExecutionListener.java:185)
	at java.base@11.0.27/java.lang.Iterable.forEach(Iterable.java:75)
	at app//org.springframework.test.context.jdbc.SqlScriptsTestExecutionListener.executeSqlScripts(SqlScriptsTestExecutionListener.java:185)
	at app//org.springframework.test.context.jdbc.SqlScriptsTestExecutionListener.executeSqlScripts(SqlScriptsTestExecutionListener.java:147)
	at app//org.springframework.test.context.jdbc.SqlScriptsTestExecutionListener.beforeTestMethod(SqlScriptsTestExecutionListener.java:117)
	at app//org.springframework.test.context.TestContextManager.beforeTestMethod(TestContextManager.java:289)
	at app//org.springframework.test.context.junit4.statements.RunBeforeTestMethodCallbacks.evaluate(RunBeforeTestMethodCallbacks.java:74)
	at app//org.springframework.test.context.junit4.statements.RunAfterTestMethodCallbacks.evaluate(RunAfterTestMethodCallbacks.java:86)
	at app//org.springframework.test.context.junit4.statements.SpringRepeat.evaluate(SpringRepeat.java:84)
	at app//org.junit.runners.ParentRunner.runLeaf(ParentRunner.java:366)
	at app//org.springframework.test.context.junit4.SpringJUnit4ClassRunner.runChild(SpringJUnit4ClassRunner.java:251)
	at app//org.springframework.test.context.junit4.SpringJUnit4ClassRunner.runChild(SpringJUnit4ClassRunner.java:97)
	at app//org.junit.runners.ParentRunner$4.run(ParentRunner.java:331)
	at app//org.junit.runners.ParentRunner$1.schedule(ParentRunner.java:79)
	at app//org.junit.runners.ParentRunner.runChildren(ParentRunner.java:329)
	at app//org.junit.runners.ParentRunner.access$100(ParentRunner.java:66)
	at app//org.junit.runners.ParentRunner$2.evaluate(ParentRunner.java:293)
	at app//org.springframework.test.context.junit4.statements.RunBeforeTestClassCallbacks.evaluate(RunBeforeTestClassCallbacks.java:61)
	at app//org.springframework.test.context.junit4.statements.RunAfterTestClassCallbacks.evaluate(RunAfterTestClassCallbacks.java:70)
	at app//org.junit.runners.ParentRunner$3.evaluate(ParentRunner.java:306)
	at app//org.junit.runners.ParentRunner.run(ParentRunner.java:413)
	at app//org.springframework.test.context.junit4.SpringJUnit4ClassRunner.run(SpringJUnit4ClassRunner.java:190)
	at org.gradle.api.internal.tasks.testing.junit.JUnitTestClassExecutor.runTestClass(JUnitTestClassExecutor.java:112)
	at org.gradle.api.internal.tasks.testing.junit.JUnitTestClassExecutor.execute(JUnitTestClassExecutor.java:58)
	at org.gradle.api.internal.tasks.testing.junit.JUnitTestClassExecutor.execute(JUnitTestClassExecutor.java:40)
	at org.gradle.api.internal.tasks.testing.junit.AbstractJUnitTestClassProcessor.processTestClass(AbstractJUnitTestClassProcessor.java:54)
	at org.gradle.api.internal.tasks.testing.SuiteTestClassProcessor.processTestClass(SuiteTestClassProcessor.java:53)
	at java.base@11.0.27/jdk.internal.reflect.NativeMethodAccessorImpl.invoke0(Native Method)
	at java.base@11.0.27/jdk.internal.reflect.NativeMethodAccessorImpl.invoke(NativeMethodAccessorImpl.java:62)
	at java.base@11.0.27/jdk.internal.reflect.DelegatingMethodAccessorImpl.invoke(DelegatingMethodAccessorImpl.java:43)
	at java.base@11.0.27/java.lang.reflect.Method.invoke(Method.java:566)
	at org.gradle.internal.dispatch.ReflectionDispatch.dispatch(ReflectionDispatch.java:36)
	at org.gradle.internal.dispatch.ReflectionDispatch.dispatch(ReflectionDispatch.java:24)
	at org.gradle.internal.dispatch.ContextClassLoaderDispatch.dispatch(ContextClassLoaderDispatch.java:33)
	at org.gradle.internal.dispatch.ProxyDispatchAdapter$DispatchingInvocationHandler.invoke(ProxyDispatchAdapter.java:92)
	at com.sun.proxy.$Proxy6.processTestClass(Unknown Source)
	at org.gradle.api.internal.tasks.testing.worker.TestWorker$2.run(TestWorker.java:183)
	at org.gradle.api.internal.tasks.testing.worker.TestWorker.executeAndMaintainThreadName(TestWorker.java:132)
	at org.gradle.api.internal.tasks.testing.worker.TestWorker.execute(TestWorker.java:103)
	at org.gradle.api.internal.tasks.testing.worker.TestWorker.execute(TestWorker.java:63)
	at org.gradle.process.internal.worker.child.ActionExecutionWorker.execute(ActionExecutionWorker.java:56)
	at org.gradle.process.internal.worker.child.SystemApplicationClassLoaderWorker.call(SystemApplicationClassLoaderWorker.java:122)
	at org.gradle.process.internal.worker.child.SystemApplicationClassLoaderWorker.call(SystemApplicationClassLoaderWorker.java:72)
	at app//worker.org.gradle.process.internal.worker.GradleWorkerMain.run(GradleWorkerMain.java:69)
	at app//worker.org.gradle.process.internal.worker.GradleWorkerMain.main(GradleWorkerMain.java:74)
Caused by: org.h2.jdbc.JdbcSQLSyntaxErrorException: Syntax error in SQL statement &quot;TRUNCATE &quot;&quot;public&quot;&quot;[*].SEMESTER_DAY, &quot;&quot;public&quot;&quot;.SEMESTER_PERIOD, &quot;&quot;public&quot;&quot;.PERIODS, &quot;&quot;public&quot;&quot;.SEMESTERS, &quot;&quot;public&quot;&quot;.GROUPS, &quot;&quot;public&quot;&quot;.STUDENTS, &quot;&quot;public&quot;&quot;.SEMESTER_GROUP RESTART IDENTITY CASCADE&quot;; expected &quot;TABLE&quot;; SQL statement:
TRUNCATE &quot;public&quot;.semester_day, &quot;public&quot;.semester_period, &quot;public&quot;.periods, &quot;public&quot;.semesters, &quot;public&quot;.groups, &quot;public&quot;.students, &quot;public&quot;.semester_group RESTART IDENTITY CASCADE [42001-200]
	at app//org.h2.message.DbException.getJdbcSQLException(DbException.java:453)
	at app//org.h2.message.DbException.getJdbcSQLException(DbException.java:429)
	at app//org.h2.message.DbException.getSyntaxError(DbException.java:243)
	at app//org.h2.command.Parser.getSyntaxError(Parser.java:1053)
	at app//org.h2.command.Parser.read(Parser.java:4995)
	at app//org.h2.command.Parser.parseTruncate(Parser.java:2137)
	at app//org.h2.command.Parser.parsePrepared(Parser.java:1000)
	at app//org.h2.command.Parser.parse(Parser.java:843)
	at app//org.h2.command.Parser.parse(Parser.java:819)
	at app//org.h2.command.Parser.prepareCommand(Parser.java:738)
	at app//org.h2.engine.Session.prepareLocal(Session.java:657)
	at app//org.h2.engine.Session.prepareCommand(Session.java:595)
	at app//org.h2.jdbc.JdbcConnection.prepareCommand(JdbcConnection.java:1235)
	at app//org.h2.jdbc.JdbcStatement.executeInternal(JdbcStatement.java:212)
	at app//org.h2.jdbc.JdbcStatement.execute(JdbcStatement.java:201)
	at app//com.mchange.v2.c3p0.impl.NewProxyStatement.execute(NewProxyStatement.java:75)
	at app//org.springframework.jdbc.datasource.init.ScriptUtils.executeSqlScript(ScriptUtils.java:601)
	... 53 more
</failure>
  </testcase>
  <testcase name="returnForbiddenIfAuthenticatedUserRoleIsNotManager" classname="com.softserve.controller.SemesterControllerTest" time="0.012">
    <failure message="org.springframework.jdbc.datasource.init.ScriptStatementFailedException: Failed to execute SQL script statement #1 of class path resource [create-semesters-before.sql]: TRUNCATE &quot;public&quot;.semester_day, &quot;public&quot;.semester_period, &quot;public&quot;.periods, &quot;public&quot;.semesters, &quot;public&quot;.groups, &quot;public&quot;.students, &quot;public&quot;.semester_group RESTART IDENTITY CASCADE; nested exception is org.h2.jdbc.JdbcSQLSyntaxErrorException: Syntax error in SQL statement &quot;TRUNCATE &quot;&quot;public&quot;&quot;[*].SEMESTER_DAY, &quot;&quot;public&quot;&quot;.SEMESTER_PERIOD, &quot;&quot;public&quot;&quot;.PERIODS, &quot;&quot;public&quot;&quot;.SEMESTERS, &quot;&quot;public&quot;&quot;.GROUPS, &quot;&quot;public&quot;&quot;.STUDENTS, &quot;&quot;public&quot;&quot;.SEMESTER_GROUP RESTART IDENTITY CASCADE&quot;; expected &quot;TABLE&quot;; SQL statement:&#10;TRUNCATE &quot;public&quot;.semester_day, &quot;public&quot;.semester_period, &quot;public&quot;.periods, &quot;public&quot;.semesters, &quot;public&quot;.groups, &quot;public&quot;.students, &quot;public&quot;.semester_group RESTART IDENTITY CASCADE [42001-200]" type="org.springframework.jdbc.datasource.init.ScriptStatementFailedException">org.springframework.jdbc.datasource.init.ScriptStatementFailedException: Failed to execute SQL script statement #1 of class path resource [create-semesters-before.sql]: TRUNCATE &quot;public&quot;.semester_day, &quot;public&quot;.semester_period, &quot;public&quot;.periods, &quot;public&quot;.semesters, &quot;public&quot;.groups, &quot;public&quot;.students, &quot;public&quot;.semester_group RESTART IDENTITY CASCADE; nested exception is org.h2.jdbc.JdbcSQLSyntaxErrorException: Syntax error in SQL statement &quot;TRUNCATE &quot;&quot;public&quot;&quot;[*].SEMESTER_DAY, &quot;&quot;public&quot;&quot;.SEMESTER_PERIOD, &quot;&quot;public&quot;&quot;.PERIODS, &quot;&quot;public&quot;&quot;.SEMESTERS, &quot;&quot;public&quot;&quot;.GROUPS, &quot;&quot;public&quot;&quot;.STUDENTS, &quot;&quot;public&quot;&quot;.SEMESTER_GROUP RESTART IDENTITY CASCADE&quot;; expected &quot;TABLE&quot;; SQL statement:
TRUNCATE &quot;public&quot;.semester_day, &quot;public&quot;.semester_period, &quot;public&quot;.periods, &quot;public&quot;.semesters, &quot;public&quot;.groups, &quot;public&quot;.students, &quot;public&quot;.semester_group RESTART IDENTITY CASCADE [42001-200]
	at app//org.springframework.jdbc.datasource.init.ScriptUtils.executeSqlScript(ScriptUtils.java:622)
	at app//org.springframework.jdbc.datasource.init.ResourceDatabasePopulator.populate(ResourceDatabasePopulator.java:254)
	at app//org.springframework.jdbc.datasource.init.DatabasePopulatorUtils.execute(DatabasePopulatorUtils.java:49)
	at app//org.springframework.jdbc.datasource.init.ResourceDatabasePopulator.execute(ResourceDatabasePopulator.java:269)
	at app//org.springframework.test.context.jdbc.SqlScriptsTestExecutionListener.lambda$executeSqlScripts$4(SqlScriptsTestExecutionListener.java:263)
	at app//org.springframework.transaction.support.TransactionOperations.lambda$executeWithoutResult$0(TransactionOperations.java:68)
	at app//org.springframework.transaction.support.TransactionTemplate.execute(TransactionTemplate.java:140)
	at app//org.springframework.transaction.support.TransactionOperations.executeWithoutResult(TransactionOperations.java:67)
	at app//org.springframework.test.context.jdbc.SqlScriptsTestExecutionListener.executeSqlScripts(SqlScriptsTestExecutionListener.java:263)
	at app//org.springframework.test.context.jdbc.SqlScriptsTestExecutionListener.lambda$executeSqlScripts$0(SqlScriptsTestExecutionListener.java:185)
	at java.base@11.0.27/java.lang.Iterable.forEach(Iterable.java:75)
	at app//org.springframework.test.context.jdbc.SqlScriptsTestExecutionListener.executeSqlScripts(SqlScriptsTestExecutionListener.java:185)
	at app//org.springframework.test.context.jdbc.SqlScriptsTestExecutionListener.executeSqlScripts(SqlScriptsTestExecutionListener.java:147)
	at app//org.springframework.test.context.jdbc.SqlScriptsTestExecutionListener.beforeTestMethod(SqlScriptsTestExecutionListener.java:117)
	at app//org.springframework.test.context.TestContextManager.beforeTestMethod(TestContextManager.java:289)
	at app//org.springframework.test.context.junit4.statements.RunBeforeTestMethodCallbacks.evaluate(RunBeforeTestMethodCallbacks.java:74)
	at app//org.springframework.test.context.junit4.statements.RunAfterTestMethodCallbacks.evaluate(RunAfterTestMethodCallbacks.java:86)
	at app//org.springframework.test.context.junit4.statements.SpringRepeat.evaluate(SpringRepeat.java:84)
	at app//org.junit.runners.ParentRunner.runLeaf(ParentRunner.java:366)
	at app//org.springframework.test.context.junit4.SpringJUnit4ClassRunner.runChild(SpringJUnit4ClassRunner.java:251)
	at app//org.springframework.test.context.junit4.SpringJUnit4ClassRunner.runChild(SpringJUnit4ClassRunner.java:97)
	at app//org.junit.runners.ParentRunner$4.run(ParentRunner.java:331)
	at app//org.junit.runners.ParentRunner$1.schedule(ParentRunner.java:79)
	at app//org.junit.runners.ParentRunner.runChildren(ParentRunner.java:329)
	at app//org.junit.runners.ParentRunner.access$100(ParentRunner.java:66)
	at app//org.junit.runners.ParentRunner$2.evaluate(ParentRunner.java:293)
	at app//org.springframework.test.context.junit4.statements.RunBeforeTestClassCallbacks.evaluate(RunBeforeTestClassCallbacks.java:61)
	at app//org.springframework.test.context.junit4.statements.RunAfterTestClassCallbacks.evaluate(RunAfterTestClassCallbacks.java:70)
	at app//org.junit.runners.ParentRunner$3.evaluate(ParentRunner.java:306)
	at app//org.junit.runners.ParentRunner.run(ParentRunner.java:413)
	at app//org.springframework.test.context.junit4.SpringJUnit4ClassRunner.run(SpringJUnit4ClassRunner.java:190)
	at org.gradle.api.internal.tasks.testing.junit.JUnitTestClassExecutor.runTestClass(JUnitTestClassExecutor.java:112)
	at org.gradle.api.internal.tasks.testing.junit.JUnitTestClassExecutor.execute(JUnitTestClassExecutor.java:58)
	at org.gradle.api.internal.tasks.testing.junit.JUnitTestClassExecutor.execute(JUnitTestClassExecutor.java:40)
	at org.gradle.api.internal.tasks.testing.junit.AbstractJUnitTestClassProcessor.processTestClass(AbstractJUnitTestClassProcessor.java:54)
	at org.gradle.api.internal.tasks.testing.SuiteTestClassProcessor.processTestClass(SuiteTestClassProcessor.java:53)
	at java.base@11.0.27/jdk.internal.reflect.NativeMethodAccessorImpl.invoke0(Native Method)
	at java.base@11.0.27/jdk.internal.reflect.NativeMethodAccessorImpl.invoke(NativeMethodAccessorImpl.java:62)
	at java.base@11.0.27/jdk.internal.reflect.DelegatingMethodAccessorImpl.invoke(DelegatingMethodAccessorImpl.java:43)
	at java.base@11.0.27/java.lang.reflect.Method.invoke(Method.java:566)
	at org.gradle.internal.dispatch.ReflectionDispatch.dispatch(ReflectionDispatch.java:36)
	at org.gradle.internal.dispatch.ReflectionDispatch.dispatch(ReflectionDispatch.java:24)
	at org.gradle.internal.dispatch.ContextClassLoaderDispatch.dispatch(ContextClassLoaderDispatch.java:33)
	at org.gradle.internal.dispatch.ProxyDispatchAdapter$DispatchingInvocationHandler.invoke(ProxyDispatchAdapter.java:92)
	at com.sun.proxy.$Proxy6.processTestClass(Unknown Source)
	at org.gradle.api.internal.tasks.testing.worker.TestWorker$2.run(TestWorker.java:183)
	at org.gradle.api.internal.tasks.testing.worker.TestWorker.executeAndMaintainThreadName(TestWorker.java:132)
	at org.gradle.api.internal.tasks.testing.worker.TestWorker.execute(TestWorker.java:103)
	at org.gradle.api.internal.tasks.testing.worker.TestWorker.execute(TestWorker.java:63)
	at org.gradle.process.internal.worker.child.ActionExecutionWorker.execute(ActionExecutionWorker.java:56)
	at org.gradle.process.internal.worker.child.SystemApplicationClassLoaderWorker.call(SystemApplicationClassLoaderWorker.java:122)
	at org.gradle.process.internal.worker.child.SystemApplicationClassLoaderWorker.call(SystemApplicationClassLoaderWorker.java:72)
	at app//worker.org.gradle.process.internal.worker.GradleWorkerMain.run(GradleWorkerMain.java:69)
	at app//worker.org.gradle.process.internal.worker.GradleWorkerMain.main(GradleWorkerMain.java:74)
Caused by: org.h2.jdbc.JdbcSQLSyntaxErrorException: Syntax error in SQL statement &quot;TRUNCATE &quot;&quot;public&quot;&quot;[*].SEMESTER_DAY, &quot;&quot;public&quot;&quot;.SEMESTER_PERIOD, &quot;&quot;public&quot;&quot;.PERIODS, &quot;&quot;public&quot;&quot;.SEMESTERS, &quot;&quot;public&quot;&quot;.GROUPS, &quot;&quot;public&quot;&quot;.STUDENTS, &quot;&quot;public&quot;&quot;.SEMESTER_GROUP RESTART IDENTITY CASCADE&quot;; expected &quot;TABLE&quot;; SQL statement:
TRUNCATE &quot;public&quot;.semester_day, &quot;public&quot;.semester_period, &quot;public&quot;.periods, &quot;public&quot;.semesters, &quot;public&quot;.groups, &quot;public&quot;.students, &quot;public&quot;.semester_group RESTART IDENTITY CASCADE [42001-200]
	at app//org.h2.message.DbException.getJdbcSQLException(DbException.java:453)
	at app//org.h2.message.DbException.getJdbcSQLException(DbException.java:429)
	at app//org.h2.message.DbException.getSyntaxError(DbException.java:243)
	at app//org.h2.command.Parser.getSyntaxError(Parser.java:1053)
	at app//org.h2.command.Parser.read(Parser.java:4995)
	at app//org.h2.command.Parser.parseTruncate(Parser.java:2137)
	at app//org.h2.command.Parser.parsePrepared(Parser.java:1000)
	at app//org.h2.command.Parser.parse(Parser.java:843)
	at app//org.h2.command.Parser.parse(Parser.java:819)
	at app//org.h2.command.Parser.prepareCommand(Parser.java:738)
	at app//org.h2.engine.Session.prepareLocal(Session.java:657)
	at app//org.h2.engine.Session.prepareCommand(Session.java:595)
	at app//org.h2.jdbc.JdbcConnection.prepareCommand(JdbcConnection.java:1235)
	at app//org.h2.jdbc.JdbcStatement.executeInternal(JdbcStatement.java:212)
	at app//org.h2.jdbc.JdbcStatement.execute(JdbcStatement.java:201)
	at app//com.mchange.v2.c3p0.impl.NewProxyStatement.execute(NewProxyStatement.java:75)
	at app//org.springframework.jdbc.datasource.init.ScriptUtils.executeSqlScript(ScriptUtils.java:601)
	... 53 more
</failure>
  </testcase>
  <testcase name="changeDefaultSemester" classname="com.softserve.controller.SemesterControllerTest" time="0.022">
    <failure message="org.springframework.jdbc.datasource.init.ScriptStatementFailedException: Failed to execute SQL script statement #1 of class path resource [create-semesters-before.sql]: TRUNCATE &quot;public&quot;.semester_day, &quot;public&quot;.semester_period, &quot;public&quot;.periods, &quot;public&quot;.semesters, &quot;public&quot;.groups, &quot;public&quot;.students, &quot;public&quot;.semester_group RESTART IDENTITY CASCADE; nested exception is org.h2.jdbc.JdbcSQLSyntaxErrorException: Syntax error in SQL statement &quot;TRUNCATE &quot;&quot;public&quot;&quot;[*].SEMESTER_DAY, &quot;&quot;public&quot;&quot;.SEMESTER_PERIOD, &quot;&quot;public&quot;&quot;.PERIODS, &quot;&quot;public&quot;&quot;.SEMESTERS, &quot;&quot;public&quot;&quot;.GROUPS, &quot;&quot;public&quot;&quot;.STUDENTS, &quot;&quot;public&quot;&quot;.SEMESTER_GROUP RESTART IDENTITY CASCADE&quot;; expected &quot;TABLE&quot;; SQL statement:&#10;TRUNCATE &quot;public&quot;.semester_day, &quot;public&quot;.semester_period, &quot;public&quot;.periods, &quot;public&quot;.semesters, &quot;public&quot;.groups, &quot;public&quot;.students, &quot;public&quot;.semester_group RESTART IDENTITY CASCADE [42001-200]" type="org.springframework.jdbc.datasource.init.ScriptStatementFailedException">org.springframework.jdbc.datasource.init.ScriptStatementFailedException: Failed to execute SQL script statement #1 of class path resource [create-semesters-before.sql]: TRUNCATE &quot;public&quot;.semester_day, &quot;public&quot;.semester_period, &quot;public&quot;.periods, &quot;public&quot;.semesters, &quot;public&quot;.groups, &quot;public&quot;.students, &quot;public&quot;.semester_group RESTART IDENTITY CASCADE; nested exception is org.h2.jdbc.JdbcSQLSyntaxErrorException: Syntax error in SQL statement &quot;TRUNCATE &quot;&quot;public&quot;&quot;[*].SEMESTER_DAY, &quot;&quot;public&quot;&quot;.SEMESTER_PERIOD, &quot;&quot;public&quot;&quot;.PERIODS, &quot;&quot;public&quot;&quot;.SEMESTERS, &quot;&quot;public&quot;&quot;.GROUPS, &quot;&quot;public&quot;&quot;.STUDENTS, &quot;&quot;public&quot;&quot;.SEMESTER_GROUP RESTART IDENTITY CASCADE&quot;; expected &quot;TABLE&quot;; SQL statement:
TRUNCATE &quot;public&quot;.semester_day, &quot;public&quot;.semester_period, &quot;public&quot;.periods, &quot;public&quot;.semesters, &quot;public&quot;.groups, &quot;public&quot;.students, &quot;public&quot;.semester_group RESTART IDENTITY CASCADE [42001-200]
	at app//org.springframework.jdbc.datasource.init.ScriptUtils.executeSqlScript(ScriptUtils.java:622)
	at app//org.springframework.jdbc.datasource.init.ResourceDatabasePopulator.populate(ResourceDatabasePopulator.java:254)
	at app//org.springframework.jdbc.datasource.init.DatabasePopulatorUtils.execute(DatabasePopulatorUtils.java:49)
	at app//org.springframework.jdbc.datasource.init.ResourceDatabasePopulator.execute(ResourceDatabasePopulator.java:269)
	at app//org.springframework.test.context.jdbc.SqlScriptsTestExecutionListener.lambda$executeSqlScripts$4(SqlScriptsTestExecutionListener.java:263)
	at app//org.springframework.transaction.support.TransactionOperations.lambda$executeWithoutResult$0(TransactionOperations.java:68)
	at app//org.springframework.transaction.support.TransactionTemplate.execute(TransactionTemplate.java:140)
	at app//org.springframework.transaction.support.TransactionOperations.executeWithoutResult(TransactionOperations.java:67)
	at app//org.springframework.test.context.jdbc.SqlScriptsTestExecutionListener.executeSqlScripts(SqlScriptsTestExecutionListener.java:263)
	at app//org.springframework.test.context.jdbc.SqlScriptsTestExecutionListener.lambda$executeSqlScripts$0(SqlScriptsTestExecutionListener.java:185)
	at java.base@11.0.27/java.lang.Iterable.forEach(Iterable.java:75)
	at app//org.springframework.test.context.jdbc.SqlScriptsTestExecutionListener.executeSqlScripts(SqlScriptsTestExecutionListener.java:185)
	at app//org.springframework.test.context.jdbc.SqlScriptsTestExecutionListener.executeSqlScripts(SqlScriptsTestExecutionListener.java:147)
	at app//org.springframework.test.context.jdbc.SqlScriptsTestExecutionListener.beforeTestMethod(SqlScriptsTestExecutionListener.java:117)
	at app//org.springframework.test.context.TestContextManager.beforeTestMethod(TestContextManager.java:289)
	at app//org.springframework.test.context.junit4.statements.RunBeforeTestMethodCallbacks.evaluate(RunBeforeTestMethodCallbacks.java:74)
	at app//org.springframework.test.context.junit4.statements.RunAfterTestMethodCallbacks.evaluate(RunAfterTestMethodCallbacks.java:86)
	at app//org.springframework.test.context.junit4.statements.SpringRepeat.evaluate(SpringRepeat.java:84)
	at app//org.junit.runners.ParentRunner.runLeaf(ParentRunner.java:366)
	at app//org.springframework.test.context.junit4.SpringJUnit4ClassRunner.runChild(SpringJUnit4ClassRunner.java:251)
	at app//org.springframework.test.context.junit4.SpringJUnit4ClassRunner.runChild(SpringJUnit4ClassRunner.java:97)
	at app//org.junit.runners.ParentRunner$4.run(ParentRunner.java:331)
	at app//org.junit.runners.ParentRunner$1.schedule(ParentRunner.java:79)
	at app//org.junit.runners.ParentRunner.runChildren(ParentRunner.java:329)
	at app//org.junit.runners.ParentRunner.access$100(ParentRunner.java:66)
	at app//org.junit.runners.ParentRunner$2.evaluate(ParentRunner.java:293)
	at app//org.springframework.test.context.junit4.statements.RunBeforeTestClassCallbacks.evaluate(RunBeforeTestClassCallbacks.java:61)
	at app//org.springframework.test.context.junit4.statements.RunAfterTestClassCallbacks.evaluate(RunAfterTestClassCallbacks.java:70)
	at app//org.junit.runners.ParentRunner$3.evaluate(ParentRunner.java:306)
	at app//org.junit.runners.ParentRunner.run(ParentRunner.java:413)
	at app//org.springframework.test.context.junit4.SpringJUnit4ClassRunner.run(SpringJUnit4ClassRunner.java:190)
	at org.gradle.api.internal.tasks.testing.junit.JUnitTestClassExecutor.runTestClass(JUnitTestClassExecutor.java:112)
	at org.gradle.api.internal.tasks.testing.junit.JUnitTestClassExecutor.execute(JUnitTestClassExecutor.java:58)
	at org.gradle.api.internal.tasks.testing.junit.JUnitTestClassExecutor.execute(JUnitTestClassExecutor.java:40)
	at org.gradle.api.internal.tasks.testing.junit.AbstractJUnitTestClassProcessor.processTestClass(AbstractJUnitTestClassProcessor.java:54)
	at org.gradle.api.internal.tasks.testing.SuiteTestClassProcessor.processTestClass(SuiteTestClassProcessor.java:53)
	at java.base@11.0.27/jdk.internal.reflect.NativeMethodAccessorImpl.invoke0(Native Method)
	at java.base@11.0.27/jdk.internal.reflect.NativeMethodAccessorImpl.invoke(NativeMethodAccessorImpl.java:62)
	at java.base@11.0.27/jdk.internal.reflect.DelegatingMethodAccessorImpl.invoke(DelegatingMethodAccessorImpl.java:43)
	at java.base@11.0.27/java.lang.reflect.Method.invoke(Method.java:566)
	at org.gradle.internal.dispatch.ReflectionDispatch.dispatch(ReflectionDispatch.java:36)
	at org.gradle.internal.dispatch.ReflectionDispatch.dispatch(ReflectionDispatch.java:24)
	at org.gradle.internal.dispatch.ContextClassLoaderDispatch.dispatch(ContextClassLoaderDispatch.java:33)
	at org.gradle.internal.dispatch.ProxyDispatchAdapter$DispatchingInvocationHandler.invoke(ProxyDispatchAdapter.java:92)
	at com.sun.proxy.$Proxy6.processTestClass(Unknown Source)
	at org.gradle.api.internal.tasks.testing.worker.TestWorker$2.run(TestWorker.java:183)
	at org.gradle.api.internal.tasks.testing.worker.TestWorker.executeAndMaintainThreadName(TestWorker.java:132)
	at org.gradle.api.internal.tasks.testing.worker.TestWorker.execute(TestWorker.java:103)
	at org.gradle.api.internal.tasks.testing.worker.TestWorker.execute(TestWorker.java:63)
	at org.gradle.process.internal.worker.child.ActionExecutionWorker.execute(ActionExecutionWorker.java:56)
	at org.gradle.process.internal.worker.child.SystemApplicationClassLoaderWorker.call(SystemApplicationClassLoaderWorker.java:122)
	at org.gradle.process.internal.worker.child.SystemApplicationClassLoaderWorker.call(SystemApplicationClassLoaderWorker.java:72)
	at app//worker.org.gradle.process.internal.worker.GradleWorkerMain.run(GradleWorkerMain.java:69)
	at app//worker.org.gradle.process.internal.worker.GradleWorkerMain.main(GradleWorkerMain.java:74)
Caused by: org.h2.jdbc.JdbcSQLSyntaxErrorException: Syntax error in SQL statement &quot;TRUNCATE &quot;&quot;public&quot;&quot;[*].SEMESTER_DAY, &quot;&quot;public&quot;&quot;.SEMESTER_PERIOD, &quot;&quot;public&quot;&quot;.PERIODS, &quot;&quot;public&quot;&quot;.SEMESTERS, &quot;&quot;public&quot;&quot;.GROUPS, &quot;&quot;public&quot;&quot;.STUDENTS, &quot;&quot;public&quot;&quot;.SEMESTER_GROUP RESTART IDENTITY CASCADE&quot;; expected &quot;TABLE&quot;; SQL statement:
TRUNCATE &quot;public&quot;.semester_day, &quot;public&quot;.semester_period, &quot;public&quot;.periods, &quot;public&quot;.semesters, &quot;public&quot;.groups, &quot;public&quot;.students, &quot;public&quot;.semester_group RESTART IDENTITY CASCADE [42001-200]
	at app//org.h2.message.DbException.getJdbcSQLException(DbException.java:453)
	at app//org.h2.message.DbException.getJdbcSQLException(DbException.java:429)
	at app//org.h2.message.DbException.getSyntaxError(DbException.java:243)
	at app//org.h2.command.Parser.getSyntaxError(Parser.java:1053)
	at app//org.h2.command.Parser.read(Parser.java:4995)
	at app//org.h2.command.Parser.parseTruncate(Parser.java:2137)
	at app//org.h2.command.Parser.parsePrepared(Parser.java:1000)
	at app//org.h2.command.Parser.parse(Parser.java:843)
	at app//org.h2.command.Parser.parse(Parser.java:819)
	at app//org.h2.command.Parser.prepareCommand(Parser.java:738)
	at app//org.h2.engine.Session.prepareLocal(Session.java:657)
	at app//org.h2.engine.Session.prepareCommand(Session.java:595)
	at app//org.h2.jdbc.JdbcConnection.prepareCommand(JdbcConnection.java:1235)
	at app//org.h2.jdbc.JdbcStatement.executeInternal(JdbcStatement.java:212)
	at app//org.h2.jdbc.JdbcStatement.execute(JdbcStatement.java:201)
	at app//com.mchange.v2.c3p0.impl.NewProxyStatement.execute(NewProxyStatement.java:75)
	at app//org.springframework.jdbc.datasource.init.ScriptUtils.executeSqlScript(ScriptUtils.java:601)
	... 53 more
</failure>
  </testcase>
  <testcase name="changeCurrentSemester" classname="com.softserve.controller.SemesterControllerTest" time="0.02">
    <failure message="org.springframework.jdbc.datasource.init.ScriptStatementFailedException: Failed to execute SQL script statement #1 of class path resource [create-semesters-before.sql]: TRUNCATE &quot;public&quot;.semester_day, &quot;public&quot;.semester_period, &quot;public&quot;.periods, &quot;public&quot;.semesters, &quot;public&quot;.groups, &quot;public&quot;.students, &quot;public&quot;.semester_group RESTART IDENTITY CASCADE; nested exception is org.h2.jdbc.JdbcSQLSyntaxErrorException: Syntax error in SQL statement &quot;TRUNCATE &quot;&quot;public&quot;&quot;[*].SEMESTER_DAY, &quot;&quot;public&quot;&quot;.SEMESTER_PERIOD, &quot;&quot;public&quot;&quot;.PERIODS, &quot;&quot;public&quot;&quot;.SEMESTERS, &quot;&quot;public&quot;&quot;.GROUPS, &quot;&quot;public&quot;&quot;.STUDENTS, &quot;&quot;public&quot;&quot;.SEMESTER_GROUP RESTART IDENTITY CASCADE&quot;; expected &quot;TABLE&quot;; SQL statement:&#10;TRUNCATE &quot;public&quot;.semester_day, &quot;public&quot;.semester_period, &quot;public&quot;.periods, &quot;public&quot;.semesters, &quot;public&quot;.groups, &quot;public&quot;.students, &quot;public&quot;.semester_group RESTART IDENTITY CASCADE [42001-200]" type="org.springframework.jdbc.datasource.init.ScriptStatementFailedException">org.springframework.jdbc.datasource.init.ScriptStatementFailedException: Failed to execute SQL script statement #1 of class path resource [create-semesters-before.sql]: TRUNCATE &quot;public&quot;.semester_day, &quot;public&quot;.semester_period, &quot;public&quot;.periods, &quot;public&quot;.semesters, &quot;public&quot;.groups, &quot;public&quot;.students, &quot;public&quot;.semester_group RESTART IDENTITY CASCADE; nested exception is org.h2.jdbc.JdbcSQLSyntaxErrorException: Syntax error in SQL statement &quot;TRUNCATE &quot;&quot;public&quot;&quot;[*].SEMESTER_DAY, &quot;&quot;public&quot;&quot;.SEMESTER_PERIOD, &quot;&quot;public&quot;&quot;.PERIODS, &quot;&quot;public&quot;&quot;.SEMESTERS, &quot;&quot;public&quot;&quot;.GROUPS, &quot;&quot;public&quot;&quot;.STUDENTS, &quot;&quot;public&quot;&quot;.SEMESTER_GROUP RESTART IDENTITY CASCADE&quot;; expected &quot;TABLE&quot;; SQL statement:
TRUNCATE &quot;public&quot;.semester_day, &quot;public&quot;.semester_period, &quot;public&quot;.periods, &quot;public&quot;.semesters, &quot;public&quot;.groups, &quot;public&quot;.students, &quot;public&quot;.semester_group RESTART IDENTITY CASCADE [42001-200]
	at app//org.springframework.jdbc.datasource.init.ScriptUtils.executeSqlScript(ScriptUtils.java:622)
	at app//org.springframework.jdbc.datasource.init.ResourceDatabasePopulator.populate(ResourceDatabasePopulator.java:254)
	at app//org.springframework.jdbc.datasource.init.DatabasePopulatorUtils.execute(DatabasePopulatorUtils.java:49)
	at app//org.springframework.jdbc.datasource.init.ResourceDatabasePopulator.execute(ResourceDatabasePopulator.java:269)
	at app//org.springframework.test.context.jdbc.SqlScriptsTestExecutionListener.lambda$executeSqlScripts$4(SqlScriptsTestExecutionListener.java:263)
	at app//org.springframework.transaction.support.TransactionOperations.lambda$executeWithoutResult$0(TransactionOperations.java:68)
	at app//org.springframework.transaction.support.TransactionTemplate.execute(TransactionTemplate.java:140)
	at app//org.springframework.transaction.support.TransactionOperations.executeWithoutResult(TransactionOperations.java:67)
	at app//org.springframework.test.context.jdbc.SqlScriptsTestExecutionListener.executeSqlScripts(SqlScriptsTestExecutionListener.java:263)
	at app//org.springframework.test.context.jdbc.SqlScriptsTestExecutionListener.lambda$executeSqlScripts$0(SqlScriptsTestExecutionListener.java:185)
	at java.base@11.0.27/java.lang.Iterable.forEach(Iterable.java:75)
	at app//org.springframework.test.context.jdbc.SqlScriptsTestExecutionListener.executeSqlScripts(SqlScriptsTestExecutionListener.java:185)
	at app//org.springframework.test.context.jdbc.SqlScriptsTestExecutionListener.executeSqlScripts(SqlScriptsTestExecutionListener.java:147)
	at app//org.springframework.test.context.jdbc.SqlScriptsTestExecutionListener.beforeTestMethod(SqlScriptsTestExecutionListener.java:117)
	at app//org.springframework.test.context.TestContextManager.beforeTestMethod(TestContextManager.java:289)
	at app//org.springframework.test.context.junit4.statements.RunBeforeTestMethodCallbacks.evaluate(RunBeforeTestMethodCallbacks.java:74)
	at app//org.springframework.test.context.junit4.statements.RunAfterTestMethodCallbacks.evaluate(RunAfterTestMethodCallbacks.java:86)
	at app//org.springframework.test.context.junit4.statements.SpringRepeat.evaluate(SpringRepeat.java:84)
	at app//org.junit.runners.ParentRunner.runLeaf(ParentRunner.java:366)
	at app//org.springframework.test.context.junit4.SpringJUnit4ClassRunner.runChild(SpringJUnit4ClassRunner.java:251)
	at app//org.springframework.test.context.junit4.SpringJUnit4ClassRunner.runChild(SpringJUnit4ClassRunner.java:97)
	at app//org.junit.runners.ParentRunner$4.run(ParentRunner.java:331)
	at app//org.junit.runners.ParentRunner$1.schedule(ParentRunner.java:79)
	at app//org.junit.runners.ParentRunner.runChildren(ParentRunner.java:329)
	at app//org.junit.runners.ParentRunner.access$100(ParentRunner.java:66)
	at app//org.junit.runners.ParentRunner$2.evaluate(ParentRunner.java:293)
	at app//org.springframework.test.context.junit4.statements.RunBeforeTestClassCallbacks.evaluate(RunBeforeTestClassCallbacks.java:61)
	at app//org.springframework.test.context.junit4.statements.RunAfterTestClassCallbacks.evaluate(RunAfterTestClassCallbacks.java:70)
	at app//org.junit.runners.ParentRunner$3.evaluate(ParentRunner.java:306)
	at app//org.junit.runners.ParentRunner.run(ParentRunner.java:413)
	at app//org.springframework.test.context.junit4.SpringJUnit4ClassRunner.run(SpringJUnit4ClassRunner.java:190)
	at org.gradle.api.internal.tasks.testing.junit.JUnitTestClassExecutor.runTestClass(JUnitTestClassExecutor.java:112)
	at org.gradle.api.internal.tasks.testing.junit.JUnitTestClassExecutor.execute(JUnitTestClassExecutor.java:58)
	at org.gradle.api.internal.tasks.testing.junit.JUnitTestClassExecutor.execute(JUnitTestClassExecutor.java:40)
	at org.gradle.api.internal.tasks.testing.junit.AbstractJUnitTestClassProcessor.processTestClass(AbstractJUnitTestClassProcessor.java:54)
	at org.gradle.api.internal.tasks.testing.SuiteTestClassProcessor.processTestClass(SuiteTestClassProcessor.java:53)
	at java.base@11.0.27/jdk.internal.reflect.NativeMethodAccessorImpl.invoke0(Native Method)
	at java.base@11.0.27/jdk.internal.reflect.NativeMethodAccessorImpl.invoke(NativeMethodAccessorImpl.java:62)
	at java.base@11.0.27/jdk.internal.reflect.DelegatingMethodAccessorImpl.invoke(DelegatingMethodAccessorImpl.java:43)
	at java.base@11.0.27/java.lang.reflect.Method.invoke(Method.java:566)
	at org.gradle.internal.dispatch.ReflectionDispatch.dispatch(ReflectionDispatch.java:36)
	at org.gradle.internal.dispatch.ReflectionDispatch.dispatch(ReflectionDispatch.java:24)
	at org.gradle.internal.dispatch.ContextClassLoaderDispatch.dispatch(ContextClassLoaderDispatch.java:33)
	at org.gradle.internal.dispatch.ProxyDispatchAdapter$DispatchingInvocationHandler.invoke(ProxyDispatchAdapter.java:92)
	at com.sun.proxy.$Proxy6.processTestClass(Unknown Source)
	at org.gradle.api.internal.tasks.testing.worker.TestWorker$2.run(TestWorker.java:183)
	at org.gradle.api.internal.tasks.testing.worker.TestWorker.executeAndMaintainThreadName(TestWorker.java:132)
	at org.gradle.api.internal.tasks.testing.worker.TestWorker.execute(TestWorker.java:103)
	at org.gradle.api.internal.tasks.testing.worker.TestWorker.execute(TestWorker.java:63)
	at org.gradle.process.internal.worker.child.ActionExecutionWorker.execute(ActionExecutionWorker.java:56)
	at org.gradle.process.internal.worker.child.SystemApplicationClassLoaderWorker.call(SystemApplicationClassLoaderWorker.java:122)
	at org.gradle.process.internal.worker.child.SystemApplicationClassLoaderWorker.call(SystemApplicationClassLoaderWorker.java:72)
	at app//worker.org.gradle.process.internal.worker.GradleWorkerMain.run(GradleWorkerMain.java:69)
	at app//worker.org.gradle.process.internal.worker.GradleWorkerMain.main(GradleWorkerMain.java:74)
Caused by: org.h2.jdbc.JdbcSQLSyntaxErrorException: Syntax error in SQL statement &quot;TRUNCATE &quot;&quot;public&quot;&quot;[*].SEMESTER_DAY, &quot;&quot;public&quot;&quot;.SEMESTER_PERIOD, &quot;&quot;public&quot;&quot;.PERIODS, &quot;&quot;public&quot;&quot;.SEMESTERS, &quot;&quot;public&quot;&quot;.GROUPS, &quot;&quot;public&quot;&quot;.STUDENTS, &quot;&quot;public&quot;&quot;.SEMESTER_GROUP RESTART IDENTITY CASCADE&quot;; expected &quot;TABLE&quot;; SQL statement:
TRUNCATE &quot;public&quot;.semester_day, &quot;public&quot;.semester_period, &quot;public&quot;.periods, &quot;public&quot;.semesters, &quot;public&quot;.groups, &quot;public&quot;.students, &quot;public&quot;.semester_group RESTART IDENTITY CASCADE [42001-200]
	at app//org.h2.message.DbException.getJdbcSQLException(DbException.java:453)
	at app//org.h2.message.DbException.getJdbcSQLException(DbException.java:429)
	at app//org.h2.message.DbException.getSyntaxError(DbException.java:243)
	at app//org.h2.command.Parser.getSyntaxError(Parser.java:1053)
	at app//org.h2.command.Parser.read(Parser.java:4995)
	at app//org.h2.command.Parser.parseTruncate(Parser.java:2137)
	at app//org.h2.command.Parser.parsePrepared(Parser.java:1000)
	at app//org.h2.command.Parser.parse(Parser.java:843)
	at app//org.h2.command.Parser.parse(Parser.java:819)
	at app//org.h2.command.Parser.prepareCommand(Parser.java:738)
	at app//org.h2.engine.Session.prepareLocal(Session.java:657)
	at app//org.h2.engine.Session.prepareCommand(Session.java:595)
	at app//org.h2.jdbc.JdbcConnection.prepareCommand(JdbcConnection.java:1235)
	at app//org.h2.jdbc.JdbcStatement.executeInternal(JdbcStatement.java:212)
	at app//org.h2.jdbc.JdbcStatement.execute(JdbcStatement.java:201)
	at app//com.mchange.v2.c3p0.impl.NewProxyStatement.execute(NewProxyStatement.java:75)
	at app//org.springframework.jdbc.datasource.init.ScriptUtils.executeSqlScript(ScriptUtils.java:601)
	... 53 more
</failure>
  </testcase>
  <testcase name="getSemesterById" classname="com.softserve.controller.SemesterControllerTest" time="0.017">
    <failure message="org.springframework.jdbc.datasource.init.ScriptStatementFailedException: Failed to execute SQL script statement #1 of class path resource [create-semesters-before.sql]: TRUNCATE &quot;public&quot;.semester_day, &quot;public&quot;.semester_period, &quot;public&quot;.periods, &quot;public&quot;.semesters, &quot;public&quot;.groups, &quot;public&quot;.students, &quot;public&quot;.semester_group RESTART IDENTITY CASCADE; nested exception is org.h2.jdbc.JdbcSQLSyntaxErrorException: Syntax error in SQL statement &quot;TRUNCATE &quot;&quot;public&quot;&quot;[*].SEMESTER_DAY, &quot;&quot;public&quot;&quot;.SEMESTER_PERIOD, &quot;&quot;public&quot;&quot;.PERIODS, &quot;&quot;public&quot;&quot;.SEMESTERS, &quot;&quot;public&quot;&quot;.GROUPS, &quot;&quot;public&quot;&quot;.STUDENTS, &quot;&quot;public&quot;&quot;.SEMESTER_GROUP RESTART IDENTITY CASCADE&quot;; expected &quot;TABLE&quot;; SQL statement:&#10;TRUNCATE &quot;public&quot;.semester_day, &quot;public&quot;.semester_period, &quot;public&quot;.periods, &quot;public&quot;.semesters, &quot;public&quot;.groups, &quot;public&quot;.students, &quot;public&quot;.semester_group RESTART IDENTITY CASCADE [42001-200]" type="org.springframework.jdbc.datasource.init.ScriptStatementFailedException">org.springframework.jdbc.datasource.init.ScriptStatementFailedException: Failed to execute SQL script statement #1 of class path resource [create-semesters-before.sql]: TRUNCATE &quot;public&quot;.semester_day, &quot;public&quot;.semester_period, &quot;public&quot;.periods, &quot;public&quot;.semesters, &quot;public&quot;.groups, &quot;public&quot;.students, &quot;public&quot;.semester_group RESTART IDENTITY CASCADE; nested exception is org.h2.jdbc.JdbcSQLSyntaxErrorException: Syntax error in SQL statement &quot;TRUNCATE &quot;&quot;public&quot;&quot;[*].SEMESTER_DAY, &quot;&quot;public&quot;&quot;.SEMESTER_PERIOD, &quot;&quot;public&quot;&quot;.PERIODS, &quot;&quot;public&quot;&quot;.SEMESTERS, &quot;&quot;public&quot;&quot;.GROUPS, &quot;&quot;public&quot;&quot;.STUDENTS, &quot;&quot;public&quot;&quot;.SEMESTER_GROUP RESTART IDENTITY CASCADE&quot;; expected &quot;TABLE&quot;; SQL statement:
TRUNCATE &quot;public&quot;.semester_day, &quot;public&quot;.semester_period, &quot;public&quot;.periods, &quot;public&quot;.semesters, &quot;public&quot;.groups, &quot;public&quot;.students, &quot;public&quot;.semester_group RESTART IDENTITY CASCADE [42001-200]
	at app//org.springframework.jdbc.datasource.init.ScriptUtils.executeSqlScript(ScriptUtils.java:622)
	at app//org.springframework.jdbc.datasource.init.ResourceDatabasePopulator.populate(ResourceDatabasePopulator.java:254)
	at app//org.springframework.jdbc.datasource.init.DatabasePopulatorUtils.execute(DatabasePopulatorUtils.java:49)
	at app//org.springframework.jdbc.datasource.init.ResourceDatabasePopulator.execute(ResourceDatabasePopulator.java:269)
	at app//org.springframework.test.context.jdbc.SqlScriptsTestExecutionListener.lambda$executeSqlScripts$4(SqlScriptsTestExecutionListener.java:263)
	at app//org.springframework.transaction.support.TransactionOperations.lambda$executeWithoutResult$0(TransactionOperations.java:68)
	at app//org.springframework.transaction.support.TransactionTemplate.execute(TransactionTemplate.java:140)
	at app//org.springframework.transaction.support.TransactionOperations.executeWithoutResult(TransactionOperations.java:67)
	at app//org.springframework.test.context.jdbc.SqlScriptsTestExecutionListener.executeSqlScripts(SqlScriptsTestExecutionListener.java:263)
	at app//org.springframework.test.context.jdbc.SqlScriptsTestExecutionListener.lambda$executeSqlScripts$0(SqlScriptsTestExecutionListener.java:185)
	at java.base@11.0.27/java.lang.Iterable.forEach(Iterable.java:75)
	at app//org.springframework.test.context.jdbc.SqlScriptsTestExecutionListener.executeSqlScripts(SqlScriptsTestExecutionListener.java:185)
	at app//org.springframework.test.context.jdbc.SqlScriptsTestExecutionListener.executeSqlScripts(SqlScriptsTestExecutionListener.java:147)
	at app//org.springframework.test.context.jdbc.SqlScriptsTestExecutionListener.beforeTestMethod(SqlScriptsTestExecutionListener.java:117)
	at app//org.springframework.test.context.TestContextManager.beforeTestMethod(TestContextManager.java:289)
	at app//org.springframework.test.context.junit4.statements.RunBeforeTestMethodCallbacks.evaluate(RunBeforeTestMethodCallbacks.java:74)
	at app//org.springframework.test.context.junit4.statements.RunAfterTestMethodCallbacks.evaluate(RunAfterTestMethodCallbacks.java:86)
	at app//org.springframework.test.context.junit4.statements.SpringRepeat.evaluate(SpringRepeat.java:84)
	at app//org.junit.runners.ParentRunner.runLeaf(ParentRunner.java:366)
	at app//org.springframework.test.context.junit4.SpringJUnit4ClassRunner.runChild(SpringJUnit4ClassRunner.java:251)
	at app//org.springframework.test.context.junit4.SpringJUnit4ClassRunner.runChild(SpringJUnit4ClassRunner.java:97)
	at app//org.junit.runners.ParentRunner$4.run(ParentRunner.java:331)
	at app//org.junit.runners.ParentRunner$1.schedule(ParentRunner.java:79)
	at app//org.junit.runners.ParentRunner.runChildren(ParentRunner.java:329)
	at app//org.junit.runners.ParentRunner.access$100(ParentRunner.java:66)
	at app//org.junit.runners.ParentRunner$2.evaluate(ParentRunner.java:293)
	at app//org.springframework.test.context.junit4.statements.RunBeforeTestClassCallbacks.evaluate(RunBeforeTestClassCallbacks.java:61)
	at app//org.springframework.test.context.junit4.statements.RunAfterTestClassCallbacks.evaluate(RunAfterTestClassCallbacks.java:70)
	at app//org.junit.runners.ParentRunner$3.evaluate(ParentRunner.java:306)
	at app//org.junit.runners.ParentRunner.run(ParentRunner.java:413)
	at app//org.springframework.test.context.junit4.SpringJUnit4ClassRunner.run(SpringJUnit4ClassRunner.java:190)
	at org.gradle.api.internal.tasks.testing.junit.JUnitTestClassExecutor.runTestClass(JUnitTestClassExecutor.java:112)
	at org.gradle.api.internal.tasks.testing.junit.JUnitTestClassExecutor.execute(JUnitTestClassExecutor.java:58)
	at org.gradle.api.internal.tasks.testing.junit.JUnitTestClassExecutor.execute(JUnitTestClassExecutor.java:40)
	at org.gradle.api.internal.tasks.testing.junit.AbstractJUnitTestClassProcessor.processTestClass(AbstractJUnitTestClassProcessor.java:54)
	at org.gradle.api.internal.tasks.testing.SuiteTestClassProcessor.processTestClass(SuiteTestClassProcessor.java:53)
	at java.base@11.0.27/jdk.internal.reflect.NativeMethodAccessorImpl.invoke0(Native Method)
	at java.base@11.0.27/jdk.internal.reflect.NativeMethodAccessorImpl.invoke(NativeMethodAccessorImpl.java:62)
	at java.base@11.0.27/jdk.internal.reflect.DelegatingMethodAccessorImpl.invoke(DelegatingMethodAccessorImpl.java:43)
	at java.base@11.0.27/java.lang.reflect.Method.invoke(Method.java:566)
	at org.gradle.internal.dispatch.ReflectionDispatch.dispatch(ReflectionDispatch.java:36)
	at org.gradle.internal.dispatch.ReflectionDispatch.dispatch(ReflectionDispatch.java:24)
	at org.gradle.internal.dispatch.ContextClassLoaderDispatch.dispatch(ContextClassLoaderDispatch.java:33)
	at org.gradle.internal.dispatch.ProxyDispatchAdapter$DispatchingInvocationHandler.invoke(ProxyDispatchAdapter.java:92)
	at com.sun.proxy.$Proxy6.processTestClass(Unknown Source)
	at org.gradle.api.internal.tasks.testing.worker.TestWorker$2.run(TestWorker.java:183)
	at org.gradle.api.internal.tasks.testing.worker.TestWorker.executeAndMaintainThreadName(TestWorker.java:132)
	at org.gradle.api.internal.tasks.testing.worker.TestWorker.execute(TestWorker.java:103)
	at org.gradle.api.internal.tasks.testing.worker.TestWorker.execute(TestWorker.java:63)
	at org.gradle.process.internal.worker.child.ActionExecutionWorker.execute(ActionExecutionWorker.java:56)
	at org.gradle.process.internal.worker.child.SystemApplicationClassLoaderWorker.call(SystemApplicationClassLoaderWorker.java:122)
	at org.gradle.process.internal.worker.child.SystemApplicationClassLoaderWorker.call(SystemApplicationClassLoaderWorker.java:72)
	at app//worker.org.gradle.process.internal.worker.GradleWorkerMain.run(GradleWorkerMain.java:69)
	at app//worker.org.gradle.process.internal.worker.GradleWorkerMain.main(GradleWorkerMain.java:74)
Caused by: org.h2.jdbc.JdbcSQLSyntaxErrorException: Syntax error in SQL statement &quot;TRUNCATE &quot;&quot;public&quot;&quot;[*].SEMESTER_DAY, &quot;&quot;public&quot;&quot;.SEMESTER_PERIOD, &quot;&quot;public&quot;&quot;.PERIODS, &quot;&quot;public&quot;&quot;.SEMESTERS, &quot;&quot;public&quot;&quot;.GROUPS, &quot;&quot;public&quot;&quot;.STUDENTS, &quot;&quot;public&quot;&quot;.SEMESTER_GROUP RESTART IDENTITY CASCADE&quot;; expected &quot;TABLE&quot;; SQL statement:
TRUNCATE &quot;public&quot;.semester_day, &quot;public&quot;.semester_period, &quot;public&quot;.periods, &quot;public&quot;.semesters, &quot;public&quot;.groups, &quot;public&quot;.students, &quot;public&quot;.semester_group RESTART IDENTITY CASCADE [42001-200]
	at app//org.h2.message.DbException.getJdbcSQLException(DbException.java:453)
	at app//org.h2.message.DbException.getJdbcSQLException(DbException.java:429)
	at app//org.h2.message.DbException.getSyntaxError(DbException.java:243)
	at app//org.h2.command.Parser.getSyntaxError(Parser.java:1053)
	at app//org.h2.command.Parser.read(Parser.java:4995)
	at app//org.h2.command.Parser.parseTruncate(Parser.java:2137)
	at app//org.h2.command.Parser.parsePrepared(Parser.java:1000)
	at app//org.h2.command.Parser.parse(Parser.java:843)
	at app//org.h2.command.Parser.parse(Parser.java:819)
	at app//org.h2.command.Parser.prepareCommand(Parser.java:738)
	at app//org.h2.engine.Session.prepareLocal(Session.java:657)
	at app//org.h2.engine.Session.prepareCommand(Session.java:595)
	at app//org.h2.jdbc.JdbcConnection.prepareCommand(JdbcConnection.java:1235)
	at app//org.h2.jdbc.JdbcStatement.executeInternal(JdbcStatement.java:212)
	at app//org.h2.jdbc.JdbcStatement.execute(JdbcStatement.java:201)
	at app//com.mchange.v2.c3p0.impl.NewProxyStatement.execute(NewProxyStatement.java:75)
	at app//org.springframework.jdbc.datasource.init.ScriptUtils.executeSqlScript(ScriptUtils.java:601)
	... 53 more
</failure>
  </testcase>
  <testcase name="getAllSemesters" classname="com.softserve.controller.SemesterControllerTest" time="0.012">
    <failure message="org.springframework.jdbc.datasource.init.ScriptStatementFailedException: Failed to execute SQL script statement #1 of class path resource [create-semesters-before.sql]: TRUNCATE &quot;public&quot;.semester_day, &quot;public&quot;.semester_period, &quot;public&quot;.periods, &quot;public&quot;.semesters, &quot;public&quot;.groups, &quot;public&quot;.students, &quot;public&quot;.semester_group RESTART IDENTITY CASCADE; nested exception is org.h2.jdbc.JdbcSQLSyntaxErrorException: Syntax error in SQL statement &quot;TRUNCATE &quot;&quot;public&quot;&quot;[*].SEMESTER_DAY, &quot;&quot;public&quot;&quot;.SEMESTER_PERIOD, &quot;&quot;public&quot;&quot;.PERIODS, &quot;&quot;public&quot;&quot;.SEMESTERS, &quot;&quot;public&quot;&quot;.GROUPS, &quot;&quot;public&quot;&quot;.STUDENTS, &quot;&quot;public&quot;&quot;.SEMESTER_GROUP RESTART IDENTITY CASCADE&quot;; expected &quot;TABLE&quot;; SQL statement:&#10;TRUNCATE &quot;public&quot;.semester_day, &quot;public&quot;.semester_period, &quot;public&quot;.periods, &quot;public&quot;.semesters, &quot;public&quot;.groups, &quot;public&quot;.students, &quot;public&quot;.semester_group RESTART IDENTITY CASCADE [42001-200]" type="org.springframework.jdbc.datasource.init.ScriptStatementFailedException">org.springframework.jdbc.datasource.init.ScriptStatementFailedException: Failed to execute SQL script statement #1 of class path resource [create-semesters-before.sql]: TRUNCATE &quot;public&quot;.semester_day, &quot;public&quot;.semester_period, &quot;public&quot;.periods, &quot;public&quot;.semesters, &quot;public&quot;.groups, &quot;public&quot;.students, &quot;public&quot;.semester_group RESTART IDENTITY CASCADE; nested exception is org.h2.jdbc.JdbcSQLSyntaxErrorException: Syntax error in SQL statement &quot;TRUNCATE &quot;&quot;public&quot;&quot;[*].SEMESTER_DAY, &quot;&quot;public&quot;&quot;.SEMESTER_PERIOD, &quot;&quot;public&quot;&quot;.PERIODS, &quot;&quot;public&quot;&quot;.SEMESTERS, &quot;&quot;public&quot;&quot;.GROUPS, &quot;&quot;public&quot;&quot;.STUDENTS, &quot;&quot;public&quot;&quot;.SEMESTER_GROUP RESTART IDENTITY CASCADE&quot;; expected &quot;TABLE&quot;; SQL statement:
TRUNCATE &quot;public&quot;.semester_day, &quot;public&quot;.semester_period, &quot;public&quot;.periods, &quot;public&quot;.semesters, &quot;public&quot;.groups, &quot;public&quot;.students, &quot;public&quot;.semester_group RESTART IDENTITY CASCADE [42001-200]
	at app//org.springframework.jdbc.datasource.init.ScriptUtils.executeSqlScript(ScriptUtils.java:622)
	at app//org.springframework.jdbc.datasource.init.ResourceDatabasePopulator.populate(ResourceDatabasePopulator.java:254)
	at app//org.springframework.jdbc.datasource.init.DatabasePopulatorUtils.execute(DatabasePopulatorUtils.java:49)
	at app//org.springframework.jdbc.datasource.init.ResourceDatabasePopulator.execute(ResourceDatabasePopulator.java:269)
	at app//org.springframework.test.context.jdbc.SqlScriptsTestExecutionListener.lambda$executeSqlScripts$4(SqlScriptsTestExecutionListener.java:263)
	at app//org.springframework.transaction.support.TransactionOperations.lambda$executeWithoutResult$0(TransactionOperations.java:68)
	at app//org.springframework.transaction.support.TransactionTemplate.execute(TransactionTemplate.java:140)
	at app//org.springframework.transaction.support.TransactionOperations.executeWithoutResult(TransactionOperations.java:67)
	at app//org.springframework.test.context.jdbc.SqlScriptsTestExecutionListener.executeSqlScripts(SqlScriptsTestExecutionListener.java:263)
	at app//org.springframework.test.context.jdbc.SqlScriptsTestExecutionListener.lambda$executeSqlScripts$0(SqlScriptsTestExecutionListener.java:185)
	at java.base@11.0.27/java.lang.Iterable.forEach(Iterable.java:75)
	at app//org.springframework.test.context.jdbc.SqlScriptsTestExecutionListener.executeSqlScripts(SqlScriptsTestExecutionListener.java:185)
	at app//org.springframework.test.context.jdbc.SqlScriptsTestExecutionListener.executeSqlScripts(SqlScriptsTestExecutionListener.java:147)
	at app//org.springframework.test.context.jdbc.SqlScriptsTestExecutionListener.beforeTestMethod(SqlScriptsTestExecutionListener.java:117)
	at app//org.springframework.test.context.TestContextManager.beforeTestMethod(TestContextManager.java:289)
	at app//org.springframework.test.context.junit4.statements.RunBeforeTestMethodCallbacks.evaluate(RunBeforeTestMethodCallbacks.java:74)
	at app//org.springframework.test.context.junit4.statements.RunAfterTestMethodCallbacks.evaluate(RunAfterTestMethodCallbacks.java:86)
	at app//org.springframework.test.context.junit4.statements.SpringRepeat.evaluate(SpringRepeat.java:84)
	at app//org.junit.runners.ParentRunner.runLeaf(ParentRunner.java:366)
	at app//org.springframework.test.context.junit4.SpringJUnit4ClassRunner.runChild(SpringJUnit4ClassRunner.java:251)
	at app//org.springframework.test.context.junit4.SpringJUnit4ClassRunner.runChild(SpringJUnit4ClassRunner.java:97)
	at app//org.junit.runners.ParentRunner$4.run(ParentRunner.java:331)
	at app//org.junit.runners.ParentRunner$1.schedule(ParentRunner.java:79)
	at app//org.junit.runners.ParentRunner.runChildren(ParentRunner.java:329)
	at app//org.junit.runners.ParentRunner.access$100(ParentRunner.java:66)
	at app//org.junit.runners.ParentRunner$2.evaluate(ParentRunner.java:293)
	at app//org.springframework.test.context.junit4.statements.RunBeforeTestClassCallbacks.evaluate(RunBeforeTestClassCallbacks.java:61)
	at app//org.springframework.test.context.junit4.statements.RunAfterTestClassCallbacks.evaluate(RunAfterTestClassCallbacks.java:70)
	at app//org.junit.runners.ParentRunner$3.evaluate(ParentRunner.java:306)
	at app//org.junit.runners.ParentRunner.run(ParentRunner.java:413)
	at app//org.springframework.test.context.junit4.SpringJUnit4ClassRunner.run(SpringJUnit4ClassRunner.java:190)
	at org.gradle.api.internal.tasks.testing.junit.JUnitTestClassExecutor.runTestClass(JUnitTestClassExecutor.java:112)
	at org.gradle.api.internal.tasks.testing.junit.JUnitTestClassExecutor.execute(JUnitTestClassExecutor.java:58)
	at org.gradle.api.internal.tasks.testing.junit.JUnitTestClassExecutor.execute(JUnitTestClassExecutor.java:40)
	at org.gradle.api.internal.tasks.testing.junit.AbstractJUnitTestClassProcessor.processTestClass(AbstractJUnitTestClassProcessor.java:54)
	at org.gradle.api.internal.tasks.testing.SuiteTestClassProcessor.processTestClass(SuiteTestClassProcessor.java:53)
	at java.base@11.0.27/jdk.internal.reflect.NativeMethodAccessorImpl.invoke0(Native Method)
	at java.base@11.0.27/jdk.internal.reflect.NativeMethodAccessorImpl.invoke(NativeMethodAccessorImpl.java:62)
	at java.base@11.0.27/jdk.internal.reflect.DelegatingMethodAccessorImpl.invoke(DelegatingMethodAccessorImpl.java:43)
	at java.base@11.0.27/java.lang.reflect.Method.invoke(Method.java:566)
	at org.gradle.internal.dispatch.ReflectionDispatch.dispatch(ReflectionDispatch.java:36)
	at org.gradle.internal.dispatch.ReflectionDispatch.dispatch(ReflectionDispatch.java:24)
	at org.gradle.internal.dispatch.ContextClassLoaderDispatch.dispatch(ContextClassLoaderDispatch.java:33)
	at org.gradle.internal.dispatch.ProxyDispatchAdapter$DispatchingInvocationHandler.invoke(ProxyDispatchAdapter.java:92)
	at com.sun.proxy.$Proxy6.processTestClass(Unknown Source)
	at org.gradle.api.internal.tasks.testing.worker.TestWorker$2.run(TestWorker.java:183)
	at org.gradle.api.internal.tasks.testing.worker.TestWorker.executeAndMaintainThreadName(TestWorker.java:132)
	at org.gradle.api.internal.tasks.testing.worker.TestWorker.execute(TestWorker.java:103)
	at org.gradle.api.internal.tasks.testing.worker.TestWorker.execute(TestWorker.java:63)
	at org.gradle.process.internal.worker.child.ActionExecutionWorker.execute(ActionExecutionWorker.java:56)
	at org.gradle.process.internal.worker.child.SystemApplicationClassLoaderWorker.call(SystemApplicationClassLoaderWorker.java:122)
	at org.gradle.process.internal.worker.child.SystemApplicationClassLoaderWorker.call(SystemApplicationClassLoaderWorker.java:72)
	at app//worker.org.gradle.process.internal.worker.GradleWorkerMain.run(GradleWorkerMain.java:69)
	at app//worker.org.gradle.process.internal.worker.GradleWorkerMain.main(GradleWorkerMain.java:74)
Caused by: org.h2.jdbc.JdbcSQLSyntaxErrorException: Syntax error in SQL statement &quot;TRUNCATE &quot;&quot;public&quot;&quot;[*].SEMESTER_DAY, &quot;&quot;public&quot;&quot;.SEMESTER_PERIOD, &quot;&quot;public&quot;&quot;.PERIODS, &quot;&quot;public&quot;&quot;.SEMESTERS, &quot;&quot;public&quot;&quot;.GROUPS, &quot;&quot;public&quot;&quot;.STUDENTS, &quot;&quot;public&quot;&quot;.SEMESTER_GROUP RESTART IDENTITY CASCADE&quot;; expected &quot;TABLE&quot;; SQL statement:
TRUNCATE &quot;public&quot;.semester_day, &quot;public&quot;.semester_period, &quot;public&quot;.periods, &quot;public&quot;.semesters, &quot;public&quot;.groups, &quot;public&quot;.students, &quot;public&quot;.semester_group RESTART IDENTITY CASCADE [42001-200]
	at app//org.h2.message.DbException.getJdbcSQLException(DbException.java:453)
	at app//org.h2.message.DbException.getJdbcSQLException(DbException.java:429)
	at app//org.h2.message.DbException.getSyntaxError(DbException.java:243)
	at app//org.h2.command.Parser.getSyntaxError(Parser.java:1053)
	at app//org.h2.command.Parser.read(Parser.java:4995)
	at app//org.h2.command.Parser.parseTruncate(Parser.java:2137)
	at app//org.h2.command.Parser.parsePrepared(Parser.java:1000)
	at app//org.h2.command.Parser.parse(Parser.java:843)
	at app//org.h2.command.Parser.parse(Parser.java:819)
	at app//org.h2.command.Parser.prepareCommand(Parser.java:738)
	at app//org.h2.engine.Session.prepareLocal(Session.java:657)
	at app//org.h2.engine.Session.prepareCommand(Session.java:595)
	at app//org.h2.jdbc.JdbcConnection.prepareCommand(JdbcConnection.java:1235)
	at app//org.h2.jdbc.JdbcStatement.executeInternal(JdbcStatement.java:212)
	at app//org.h2.jdbc.JdbcStatement.execute(JdbcStatement.java:201)
	at app//com.mchange.v2.c3p0.impl.NewProxyStatement.execute(NewProxyStatement.java:75)
	at app//org.springframework.jdbc.datasource.init.ScriptUtils.executeSqlScript(ScriptUtils.java:601)
	... 53 more
</failure>
  </testcase>
  <system-out><![CDATA[[INFO ] 2025-06-26 14:47:44.673 [Test worker] o.s.t.c.w.WebTestContextBootstrapper - Loaded default TestExecutionListener class names from location [META-INF/spring.factories]: [org.springframework.security.test.context.support.WithSecurityContextTestExecutionListener, org.springframework.security.test.context.support.ReactorContextTestExecutionListener, org.springframework.test.context.web.ServletTestExecutionListener, org.springframework.test.context.support.DirtiesContextBeforeModesTestExecutionListener, org.springframework.test.context.support.DependencyInjectionTestExecutionListener, org.springframework.test.context.support.DirtiesContextTestExecutionListener, org.springframework.test.context.transaction.TransactionalTestExecutionListener, org.springframework.test.context.jdbc.SqlScriptsTestExecutionListener, org.springframework.test.context.event.EventPublishingTestExecutionListener]
[INFO ] 2025-06-26 14:47:44.673 [Test worker] o.s.t.c.w.WebTestContextBootstrapper - Using TestExecutionListeners: [org.springframework.test.context.web.ServletTestExecutionListener@6fcf41eb, org.springframework.test.context.support.DirtiesContextBeforeModesTestExecutionListener@6ab11907, org.springframework.test.context.support.DependencyInjectionTestExecutionListener@84eb7e8, org.springframework.test.context.support.DirtiesContextTestExecutionListener@768379cb, org.springframework.test.context.transaction.TransactionalTestExecutionListener@63d6bee9, org.springframework.test.context.jdbc.SqlScriptsTestExecutionListener@14deab5, org.springframework.security.test.context.support.WithSecurityContextTestExecutionListener@7cc1fc83, org.springframework.test.context.event.EventPublishingTestExecutionListener@11618ff1, org.springframework.security.test.context.support.ReactorContextTestExecutionListener@47965ac2]
[WARN ] 2025-06-26 14:47:44.680 [Test worker] o.s.t.c.TestContextManager - Caught exception while invoking 'beforeTestMethod' callback on TestExecutionListener [org.springframework.test.context.jdbc.SqlScriptsTestExecutionListener@14deab5] for test method [public void com.softserve.controller.SemesterControllerTest.saveSemesterIfSavedSemesterDoesNotExistAndStartDayBeginBeforeEndDay() throws java.lang.Exception] and test instance [com.softserve.controller.SemesterControllerTest@1b0f5ce5]
org.springframework.jdbc.datasource.init.ScriptStatementFailedException: Failed to execute SQL script statement #1 of class path resource [create-semesters-before.sql]: TRUNCATE "public".semester_day, "public".semester_period, "public".periods, "public".semesters, "public".groups, "public".students, "public".semester_group RESTART IDENTITY CASCADE; nested exception is org.h2.jdbc.JdbcSQLSyntaxErrorException: Syntax error in SQL statement "TRUNCATE ""public""[*].SEMESTER_DAY, ""public"".SEMESTER_PERIOD, ""public"".PERIODS, ""public"".SEMESTERS, ""public"".GROUPS, ""public"".STUDENTS, ""public"".SEMESTER_GROUP RESTART IDENTITY CASCADE"; expected "TABLE"; SQL statement:
TRUNCATE "public".semester_day, "public".semester_period, "public".periods, "public".semesters, "public".groups, "public".students, "public".semester_group RESTART IDENTITY CASCADE [42001-200]
	at org.springframework.jdbc.datasource.init.ScriptUtils.executeSqlScript(ScriptUtils.java:622) ~[spring-jdbc-5.2.4.RELEASE.jar:5.2.4.RELEASE]
	at org.springframework.jdbc.datasource.init.ResourceDatabasePopulator.populate(ResourceDatabasePopulator.java:254) ~[spring-jdbc-5.2.4.RELEASE.jar:5.2.4.RELEASE]
	at org.springframework.jdbc.datasource.init.DatabasePopulatorUtils.execute(DatabasePopulatorUtils.java:49) ~[spring-jdbc-5.2.4.RELEASE.jar:5.2.4.RELEASE]
	at org.springframework.jdbc.datasource.init.ResourceDatabasePopulator.execute(ResourceDatabasePopulator.java:269) ~[spring-jdbc-5.2.4.RELEASE.jar:5.2.4.RELEASE]
	at org.springframework.test.context.jdbc.SqlScriptsTestExecutionListener.lambda$executeSqlScripts$4(SqlScriptsTestExecutionListener.java:263) ~[spring-test-5.2.5.RELEASE.jar:5.2.5.RELEASE]
	at org.springframework.transaction.support.TransactionOperations.lambda$executeWithoutResult$0(TransactionOperations.java:68) ~[spring-tx-5.2.4.RELEASE.jar:5.2.4.RELEASE]
	at org.springframework.transaction.support.TransactionTemplate.execute(TransactionTemplate.java:140) ~[spring-tx-5.2.4.RELEASE.jar:5.2.4.RELEASE]
	at org.springframework.transaction.support.TransactionOperations.executeWithoutResult(TransactionOperations.java:67) ~[spring-tx-5.2.4.RELEASE.jar:5.2.4.RELEASE]
	at org.springframework.test.context.jdbc.SqlScriptsTestExecutionListener.executeSqlScripts(SqlScriptsTestExecutionListener.java:263) ~[spring-test-5.2.5.RELEASE.jar:5.2.5.RELEASE]
	at org.springframework.test.context.jdbc.SqlScriptsTestExecutionListener.lambda$executeSqlScripts$0(SqlScriptsTestExecutionListener.java:185) ~[spring-test-5.2.5.RELEASE.jar:5.2.5.RELEASE]
	at java.base/java.lang.Iterable.forEach(Iterable.java:75) ~[na:na]
	at org.springframework.test.context.jdbc.SqlScriptsTestExecutionListener.executeSqlScripts(SqlScriptsTestExecutionListener.java:185) ~[spring-test-5.2.5.RELEASE.jar:5.2.5.RELEASE]
	at org.springframework.test.context.jdbc.SqlScriptsTestExecutionListener.executeSqlScripts(SqlScriptsTestExecutionListener.java:147) ~[spring-test-5.2.5.RELEASE.jar:5.2.5.RELEASE]
	at org.springframework.test.context.jdbc.SqlScriptsTestExecutionListener.beforeTestMethod(SqlScriptsTestExecutionListener.java:117) ~[spring-test-5.2.5.RELEASE.jar:5.2.5.RELEASE]
	at org.springframework.test.context.TestContextManager.beforeTestMethod(TestContextManager.java:289) ~[spring-test-5.2.5.RELEASE.jar:5.2.5.RELEASE]
	at org.springframework.test.context.junit4.statements.RunBeforeTestMethodCallbacks.evaluate(RunBeforeTestMethodCallbacks.java:74) ~[spring-test-5.2.5.RELEASE.jar:5.2.5.RELEASE]
	at org.springframework.test.context.junit4.statements.RunAfterTestMethodCallbacks.evaluate(RunAfterTestMethodCallbacks.java:86) ~[spring-test-5.2.5.RELEASE.jar:5.2.5.RELEASE]
	at org.springframework.test.context.junit4.statements.SpringRepeat.evaluate(SpringRepeat.java:84) ~[spring-test-5.2.5.RELEASE.jar:5.2.5.RELEASE]
	at org.junit.runners.ParentRunner.runLeaf(ParentRunner.java:366) ~[junit-4.13.1.jar:4.13.1]
	at org.springframework.test.context.junit4.SpringJUnit4ClassRunner.runChild(SpringJUnit4ClassRunner.java:251) ~[spring-test-5.2.5.RELEASE.jar:5.2.5.RELEASE]
	at org.springframework.test.context.junit4.SpringJUnit4ClassRunner.runChild(SpringJUnit4ClassRunner.java:97) ~[spring-test-5.2.5.RELEASE.jar:5.2.5.RELEASE]
	at org.junit.runners.ParentRunner$4.run(ParentRunner.java:331) ~[junit-4.13.1.jar:4.13.1]
	at org.junit.runners.ParentRunner$1.schedule(ParentRunner.java:79) ~[junit-4.13.1.jar:4.13.1]
	at org.junit.runners.ParentRunner.runChildren(ParentRunner.java:329) ~[junit-4.13.1.jar:4.13.1]
	at org.junit.runners.ParentRunner.access$100(ParentRunner.java:66) ~[junit-4.13.1.jar:4.13.1]
	at org.junit.runners.ParentRunner$2.evaluate(ParentRunner.java:293) ~[junit-4.13.1.jar:4.13.1]
	at org.springframework.test.context.junit4.statements.RunBeforeTestClassCallbacks.evaluate(RunBeforeTestClassCallbacks.java:61) ~[spring-test-5.2.5.RELEASE.jar:5.2.5.RELEASE]
	at org.springframework.test.context.junit4.statements.RunAfterTestClassCallbacks.evaluate(RunAfterTestClassCallbacks.java:70) ~[spring-test-5.2.5.RELEASE.jar:5.2.5.RELEASE]
	at org.junit.runners.ParentRunner$3.evaluate(ParentRunner.java:306) ~[junit-4.13.1.jar:4.13.1]
	at org.junit.runners.ParentRunner.run(ParentRunner.java:413) ~[junit-4.13.1.jar:4.13.1]
	at org.springframework.test.context.junit4.SpringJUnit4ClassRunner.run(SpringJUnit4ClassRunner.java:190) ~[spring-test-5.2.5.RELEASE.jar:5.2.5.RELEASE]
	at org.gradle.api.internal.tasks.testing.junit.JUnitTestClassExecutor.runTestClass(JUnitTestClassExecutor.java:112) ~[na:na]
	at org.gradle.api.internal.tasks.testing.junit.JUnitTestClassExecutor.execute(JUnitTestClassExecutor.java:58) ~[na:na]
	at org.gradle.api.internal.tasks.testing.junit.JUnitTestClassExecutor.execute(JUnitTestClassExecutor.java:40) ~[na:na]
	at org.gradle.api.internal.tasks.testing.junit.AbstractJUnitTestClassProcessor.processTestClass(AbstractJUnitTestClassProcessor.java:54) ~[na:na]
	at org.gradle.api.internal.tasks.testing.SuiteTestClassProcessor.processTestClass(SuiteTestClassProcessor.java:53) ~[na:na]
	at java.base/jdk.internal.reflect.NativeMethodAccessorImpl.invoke0(Native Method) ~[na:na]
	at java.base/jdk.internal.reflect.NativeMethodAccessorImpl.invoke(NativeMethodAccessorImpl.java:62) ~[na:na]
	at java.base/jdk.internal.reflect.DelegatingMethodAccessorImpl.invoke(DelegatingMethodAccessorImpl.java:43) ~[na:na]
	at java.base/java.lang.reflect.Method.invoke(Method.java:566) ~[na:na]
	at org.gradle.internal.dispatch.ReflectionDispatch.dispatch(ReflectionDispatch.java:36) ~[na:na]
	at org.gradle.internal.dispatch.ReflectionDispatch.dispatch(ReflectionDispatch.java:24) ~[na:na]
	at org.gradle.internal.dispatch.ContextClassLoaderDispatch.dispatch(ContextClassLoaderDispatch.java:33) ~[na:na]
	at org.gradle.internal.dispatch.ProxyDispatchAdapter$DispatchingInvocationHandler.invoke(ProxyDispatchAdapter.java:92) ~[na:na]
	at com.sun.proxy.$Proxy6.processTestClass(Unknown Source) ~[na:na]
	at org.gradle.api.internal.tasks.testing.worker.TestWorker$2.run(TestWorker.java:183) ~[na:na]
	at org.gradle.api.internal.tasks.testing.worker.TestWorker.executeAndMaintainThreadName(TestWorker.java:132) ~[na:na]
	at org.gradle.api.internal.tasks.testing.worker.TestWorker.execute(TestWorker.java:103) ~[na:na]
	at org.gradle.api.internal.tasks.testing.worker.TestWorker.execute(TestWorker.java:63) ~[na:na]
	at org.gradle.process.internal.worker.child.ActionExecutionWorker.execute(ActionExecutionWorker.java:56) ~[na:na]
	at org.gradle.process.internal.worker.child.SystemApplicationClassLoaderWorker.call(SystemApplicationClassLoaderWorker.java:122) ~[na:na]
	at org.gradle.process.internal.worker.child.SystemApplicationClassLoaderWorker.call(SystemApplicationClassLoaderWorker.java:72) ~[na:na]
	at worker.org.gradle.process.internal.worker.GradleWorkerMain.run(GradleWorkerMain.java:69) ~[gradle-worker.jar:na]
	at worker.org.gradle.process.internal.worker.GradleWorkerMain.main(GradleWorkerMain.java:74) ~[gradle-worker.jar:na]
Caused by: org.h2.jdbc.JdbcSQLSyntaxErrorException: Syntax error in SQL statement "TRUNCATE ""public""[*].SEMESTER_DAY, ""public"".SEMESTER_PERIOD, ""public"".PERIODS, ""public"".SEMESTERS, ""public"".GROUPS, ""public"".STUDENTS, ""public"".SEMESTER_GROUP RESTART IDENTITY CASCADE"; expected "TABLE"; SQL statement:
TRUNCATE "public".semester_day, "public".semester_period, "public".periods, "public".semesters, "public".groups, "public".students, "public".semester_group RESTART IDENTITY CASCADE [42001-200]
	at org.h2.message.DbException.getJdbcSQLException(DbException.java:453) ~[h2-1.4.200.jar:1.4.200]
	at org.h2.message.DbException.getJdbcSQLException(DbException.java:429) ~[h2-1.4.200.jar:1.4.200]
	at org.h2.message.DbException.getSyntaxError(DbException.java:243) ~[h2-1.4.200.jar:1.4.200]
	at org.h2.command.Parser.getSyntaxError(Parser.java:1053) ~[h2-1.4.200.jar:1.4.200]
	at org.h2.command.Parser.read(Parser.java:4995) ~[h2-1.4.200.jar:1.4.200]
	at org.h2.command.Parser.parseTruncate(Parser.java:2137) ~[h2-1.4.200.jar:1.4.200]
	at org.h2.command.Parser.parsePrepared(Parser.java:1000) ~[h2-1.4.200.jar:1.4.200]
	at org.h2.command.Parser.parse(Parser.java:843) ~[h2-1.4.200.jar:1.4.200]
	at org.h2.command.Parser.parse(Parser.java:819) ~[h2-1.4.200.jar:1.4.200]
	at org.h2.command.Parser.prepareCommand(Parser.java:738) ~[h2-1.4.200.jar:1.4.200]
	at org.h2.engine.Session.prepareLocal(Session.java:657) ~[h2-1.4.200.jar:1.4.200]
	at org.h2.engine.Session.prepareCommand(Session.java:595) ~[h2-1.4.200.jar:1.4.200]
	at org.h2.jdbc.JdbcConnection.prepareCommand(JdbcConnection.java:1235) ~[h2-1.4.200.jar:1.4.200]
	at org.h2.jdbc.JdbcStatement.executeInternal(JdbcStatement.java:212) ~[h2-1.4.200.jar:1.4.200]
	at org.h2.jdbc.JdbcStatement.execute(JdbcStatement.java:201) ~[h2-1.4.200.jar:1.4.200]
	at com.mchange.v2.c3p0.impl.NewProxyStatement.execute(NewProxyStatement.java:75) ~[c3p0-0.9.5.4.jar:0.9.5.4]
	at org.springframework.jdbc.datasource.init.ScriptUtils.executeSqlScript(ScriptUtils.java:601) ~[spring-jdbc-5.2.4.RELEASE.jar:5.2.4.RELEASE]
	... 53 common frames omitted
[WARN ] 2025-06-26 14:47:44.688 [Test worker] o.s.t.c.TestContextManager - Caught exception while invoking 'beforeTestMethod' callback on TestExecutionListener [org.springframework.test.context.jdbc.SqlScriptsTestExecutionListener@14deab5] for test method [public void com.softserve.controller.SemesterControllerTest.getDefaultSemester() throws java.lang.Exception] and test instance [com.softserve.controller.SemesterControllerTest@303ca789]
org.springframework.jdbc.datasource.init.ScriptStatementFailedException: Failed to execute SQL script statement #1 of class path resource [create-semesters-before.sql]: TRUNCATE "public".semester_day, "public".semester_period, "public".periods, "public".semesters, "public".groups, "public".students, "public".semester_group RESTART IDENTITY CASCADE; nested exception is org.h2.jdbc.JdbcSQLSyntaxErrorException: Syntax error in SQL statement "TRUNCATE ""public""[*].SEMESTER_DAY, ""public"".SEMESTER_PERIOD, ""public"".PERIODS, ""public"".SEMESTERS, ""public"".GROUPS, ""public"".STUDENTS, ""public"".SEMESTER_GROUP RESTART IDENTITY CASCADE"; expected "TABLE"; SQL statement:
TRUNCATE "public".semester_day, "public".semester_period, "public".periods, "public".semesters, "public".groups, "public".students, "public".semester_group RESTART IDENTITY CASCADE [42001-200]
	at org.springframework.jdbc.datasource.init.ScriptUtils.executeSqlScript(ScriptUtils.java:622) ~[spring-jdbc-5.2.4.RELEASE.jar:5.2.4.RELEASE]
	at org.springframework.jdbc.datasource.init.ResourceDatabasePopulator.populate(ResourceDatabasePopulator.java:254) ~[spring-jdbc-5.2.4.RELEASE.jar:5.2.4.RELEASE]
	at org.springframework.jdbc.datasource.init.DatabasePopulatorUtils.execute(DatabasePopulatorUtils.java:49) ~[spring-jdbc-5.2.4.RELEASE.jar:5.2.4.RELEASE]
	at org.springframework.jdbc.datasource.init.ResourceDatabasePopulator.execute(ResourceDatabasePopulator.java:269) ~[spring-jdbc-5.2.4.RELEASE.jar:5.2.4.RELEASE]
	at org.springframework.test.context.jdbc.SqlScriptsTestExecutionListener.lambda$executeSqlScripts$4(SqlScriptsTestExecutionListener.java:263) ~[spring-test-5.2.5.RELEASE.jar:5.2.5.RELEASE]
	at org.springframework.transaction.support.TransactionOperations.lambda$executeWithoutResult$0(TransactionOperations.java:68) ~[spring-tx-5.2.4.RELEASE.jar:5.2.4.RELEASE]
	at org.springframework.transaction.support.TransactionTemplate.execute(TransactionTemplate.java:140) ~[spring-tx-5.2.4.RELEASE.jar:5.2.4.RELEASE]
	at org.springframework.transaction.support.TransactionOperations.executeWithoutResult(TransactionOperations.java:67) ~[spring-tx-5.2.4.RELEASE.jar:5.2.4.RELEASE]
	at org.springframework.test.context.jdbc.SqlScriptsTestExecutionListener.executeSqlScripts(SqlScriptsTestExecutionListener.java:263) ~[spring-test-5.2.5.RELEASE.jar:5.2.5.RELEASE]
	at org.springframework.test.context.jdbc.SqlScriptsTestExecutionListener.lambda$executeSqlScripts$0(SqlScriptsTestExecutionListener.java:185) ~[spring-test-5.2.5.RELEASE.jar:5.2.5.RELEASE]
	at java.base/java.lang.Iterable.forEach(Iterable.java:75) ~[na:na]
	at org.springframework.test.context.jdbc.SqlScriptsTestExecutionListener.executeSqlScripts(SqlScriptsTestExecutionListener.java:185) ~[spring-test-5.2.5.RELEASE.jar:5.2.5.RELEASE]
	at org.springframework.test.context.jdbc.SqlScriptsTestExecutionListener.executeSqlScripts(SqlScriptsTestExecutionListener.java:147) ~[spring-test-5.2.5.RELEASE.jar:5.2.5.RELEASE]
	at org.springframework.test.context.jdbc.SqlScriptsTestExecutionListener.beforeTestMethod(SqlScriptsTestExecutionListener.java:117) ~[spring-test-5.2.5.RELEASE.jar:5.2.5.RELEASE]
	at org.springframework.test.context.TestContextManager.beforeTestMethod(TestContextManager.java:289) ~[spring-test-5.2.5.RELEASE.jar:5.2.5.RELEASE]
	at org.springframework.test.context.junit4.statements.RunBeforeTestMethodCallbacks.evaluate(RunBeforeTestMethodCallbacks.java:74) ~[spring-test-5.2.5.RELEASE.jar:5.2.5.RELEASE]
	at org.springframework.test.context.junit4.statements.RunAfterTestMethodCallbacks.evaluate(RunAfterTestMethodCallbacks.java:86) ~[spring-test-5.2.5.RELEASE.jar:5.2.5.RELEASE]
	at org.springframework.test.context.junit4.statements.SpringRepeat.evaluate(SpringRepeat.java:84) ~[spring-test-5.2.5.RELEASE.jar:5.2.5.RELEASE]
	at org.junit.runners.ParentRunner.runLeaf(ParentRunner.java:366) ~[junit-4.13.1.jar:4.13.1]
	at org.springframework.test.context.junit4.SpringJUnit4ClassRunner.runChild(SpringJUnit4ClassRunner.java:251) ~[spring-test-5.2.5.RELEASE.jar:5.2.5.RELEASE]
	at org.springframework.test.context.junit4.SpringJUnit4ClassRunner.runChild(SpringJUnit4ClassRunner.java:97) ~[spring-test-5.2.5.RELEASE.jar:5.2.5.RELEASE]
	at org.junit.runners.ParentRunner$4.run(ParentRunner.java:331) ~[junit-4.13.1.jar:4.13.1]
	at org.junit.runners.ParentRunner$1.schedule(ParentRunner.java:79) ~[junit-4.13.1.jar:4.13.1]
	at org.junit.runners.ParentRunner.runChildren(ParentRunner.java:329) ~[junit-4.13.1.jar:4.13.1]
	at org.junit.runners.ParentRunner.access$100(ParentRunner.java:66) ~[junit-4.13.1.jar:4.13.1]
	at org.junit.runners.ParentRunner$2.evaluate(ParentRunner.java:293) ~[junit-4.13.1.jar:4.13.1]
	at org.springframework.test.context.junit4.statements.RunBeforeTestClassCallbacks.evaluate(RunBeforeTestClassCallbacks.java:61) ~[spring-test-5.2.5.RELEASE.jar:5.2.5.RELEASE]
	at org.springframework.test.context.junit4.statements.RunAfterTestClassCallbacks.evaluate(RunAfterTestClassCallbacks.java:70) ~[spring-test-5.2.5.RELEASE.jar:5.2.5.RELEASE]
	at org.junit.runners.ParentRunner$3.evaluate(ParentRunner.java:306) ~[junit-4.13.1.jar:4.13.1]
	at org.junit.runners.ParentRunner.run(ParentRunner.java:413) ~[junit-4.13.1.jar:4.13.1]
	at org.springframework.test.context.junit4.SpringJUnit4ClassRunner.run(SpringJUnit4ClassRunner.java:190) ~[spring-test-5.2.5.RELEASE.jar:5.2.5.RELEASE]
	at org.gradle.api.internal.tasks.testing.junit.JUnitTestClassExecutor.runTestClass(JUnitTestClassExecutor.java:112) ~[na:na]
	at org.gradle.api.internal.tasks.testing.junit.JUnitTestClassExecutor.execute(JUnitTestClassExecutor.java:58) ~[na:na]
	at org.gradle.api.internal.tasks.testing.junit.JUnitTestClassExecutor.execute(JUnitTestClassExecutor.java:40) ~[na:na]
	at org.gradle.api.internal.tasks.testing.junit.AbstractJUnitTestClassProcessor.processTestClass(AbstractJUnitTestClassProcessor.java:54) ~[na:na]
	at org.gradle.api.internal.tasks.testing.SuiteTestClassProcessor.processTestClass(SuiteTestClassProcessor.java:53) ~[na:na]
	at java.base/jdk.internal.reflect.NativeMethodAccessorImpl.invoke0(Native Method) ~[na:na]
	at java.base/jdk.internal.reflect.NativeMethodAccessorImpl.invoke(NativeMethodAccessorImpl.java:62) ~[na:na]
	at java.base/jdk.internal.reflect.DelegatingMethodAccessorImpl.invoke(DelegatingMethodAccessorImpl.java:43) ~[na:na]
	at java.base/java.lang.reflect.Method.invoke(Method.java:566) ~[na:na]
	at org.gradle.internal.dispatch.ReflectionDispatch.dispatch(ReflectionDispatch.java:36) ~[na:na]
	at org.gradle.internal.dispatch.ReflectionDispatch.dispatch(ReflectionDispatch.java:24) ~[na:na]
	at org.gradle.internal.dispatch.ContextClassLoaderDispatch.dispatch(ContextClassLoaderDispatch.java:33) ~[na:na]
	at org.gradle.internal.dispatch.ProxyDispatchAdapter$DispatchingInvocationHandler.invoke(ProxyDispatchAdapter.java:92) ~[na:na]
	at com.sun.proxy.$Proxy6.processTestClass(Unknown Source) ~[na:na]
	at org.gradle.api.internal.tasks.testing.worker.TestWorker$2.run(TestWorker.java:183) ~[na:na]
	at org.gradle.api.internal.tasks.testing.worker.TestWorker.executeAndMaintainThreadName(TestWorker.java:132) ~[na:na]
	at org.gradle.api.internal.tasks.testing.worker.TestWorker.execute(TestWorker.java:103) ~[na:na]
	at org.gradle.api.internal.tasks.testing.worker.TestWorker.execute(TestWorker.java:63) ~[na:na]
	at org.gradle.process.internal.worker.child.ActionExecutionWorker.execute(ActionExecutionWorker.java:56) ~[na:na]
	at org.gradle.process.internal.worker.child.SystemApplicationClassLoaderWorker.call(SystemApplicationClassLoaderWorker.java:122) ~[na:na]
	at org.gradle.process.internal.worker.child.SystemApplicationClassLoaderWorker.call(SystemApplicationClassLoaderWorker.java:72) ~[na:na]
	at worker.org.gradle.process.internal.worker.GradleWorkerMain.run(GradleWorkerMain.java:69) ~[gradle-worker.jar:na]
	at worker.org.gradle.process.internal.worker.GradleWorkerMain.main(GradleWorkerMain.java:74) ~[gradle-worker.jar:na]
Caused by: org.h2.jdbc.JdbcSQLSyntaxErrorException: Syntax error in SQL statement "TRUNCATE ""public""[*].SEMESTER_DAY, ""public"".SEMESTER_PERIOD, ""public"".PERIODS, ""public"".SEMESTERS, ""public"".GROUPS, ""public"".STUDENTS, ""public"".SEMESTER_GROUP RESTART IDENTITY CASCADE"; expected "TABLE"; SQL statement:
TRUNCATE "public".semester_day, "public".semester_period, "public".periods, "public".semesters, "public".groups, "public".students, "public".semester_group RESTART IDENTITY CASCADE [42001-200]
	at org.h2.message.DbException.getJdbcSQLException(DbException.java:453) ~[h2-1.4.200.jar:1.4.200]
	at org.h2.message.DbException.getJdbcSQLException(DbException.java:429) ~[h2-1.4.200.jar:1.4.200]
	at org.h2.message.DbException.getSyntaxError(DbException.java:243) ~[h2-1.4.200.jar:1.4.200]
	at org.h2.command.Parser.getSyntaxError(Parser.java:1053) ~[h2-1.4.200.jar:1.4.200]
	at org.h2.command.Parser.read(Parser.java:4995) ~[h2-1.4.200.jar:1.4.200]
	at org.h2.command.Parser.parseTruncate(Parser.java:2137) ~[h2-1.4.200.jar:1.4.200]
	at org.h2.command.Parser.parsePrepared(Parser.java:1000) ~[h2-1.4.200.jar:1.4.200]
	at org.h2.command.Parser.parse(Parser.java:843) ~[h2-1.4.200.jar:1.4.200]
	at org.h2.command.Parser.parse(Parser.java:819) ~[h2-1.4.200.jar:1.4.200]
	at org.h2.command.Parser.prepareCommand(Parser.java:738) ~[h2-1.4.200.jar:1.4.200]
	at org.h2.engine.Session.prepareLocal(Session.java:657) ~[h2-1.4.200.jar:1.4.200]
	at org.h2.engine.Session.prepareCommand(Session.java:595) ~[h2-1.4.200.jar:1.4.200]
	at org.h2.jdbc.JdbcConnection.prepareCommand(JdbcConnection.java:1235) ~[h2-1.4.200.jar:1.4.200]
	at org.h2.jdbc.JdbcStatement.executeInternal(JdbcStatement.java:212) ~[h2-1.4.200.jar:1.4.200]
	at org.h2.jdbc.JdbcStatement.execute(JdbcStatement.java:201) ~[h2-1.4.200.jar:1.4.200]
	at com.mchange.v2.c3p0.impl.NewProxyStatement.execute(NewProxyStatement.java:75) ~[c3p0-0.9.5.4.jar:0.9.5.4]
	at org.springframework.jdbc.datasource.init.ScriptUtils.executeSqlScript(ScriptUtils.java:601) ~[spring-jdbc-5.2.4.RELEASE.jar:5.2.4.RELEASE]
	... 53 common frames omitted
[WARN ] 2025-06-26 14:47:44.696 [Test worker] o.s.t.c.TestContextManager - Caught exception while invoking 'beforeTestMethod' callback on TestExecutionListener [org.springframework.test.context.jdbc.SqlScriptsTestExecutionListener@14deab5] for test method [public void com.softserve.controller.SemesterControllerTest.getCurrentSemester() throws java.lang.Exception] and test instance [com.softserve.controller.SemesterControllerTest@160fca2e]
org.springframework.jdbc.datasource.init.ScriptStatementFailedException: Failed to execute SQL script statement #1 of class path resource [create-semesters-before.sql]: TRUNCATE "public".semester_day, "public".semester_period, "public".periods, "public".semesters, "public".groups, "public".students, "public".semester_group RESTART IDENTITY CASCADE; nested exception is org.h2.jdbc.JdbcSQLSyntaxErrorException: Syntax error in SQL statement "TRUNCATE ""public""[*].SEMESTER_DAY, ""public"".SEMESTER_PERIOD, ""public"".PERIODS, ""public"".SEMESTERS, ""public"".GROUPS, ""public"".STUDENTS, ""public"".SEMESTER_GROUP RESTART IDENTITY CASCADE"; expected "TABLE"; SQL statement:
TRUNCATE "public".semester_day, "public".semester_period, "public".periods, "public".semesters, "public".groups, "public".students, "public".semester_group RESTART IDENTITY CASCADE [42001-200]
	at org.springframework.jdbc.datasource.init.ScriptUtils.executeSqlScript(ScriptUtils.java:622) ~[spring-jdbc-5.2.4.RELEASE.jar:5.2.4.RELEASE]
	at org.springframework.jdbc.datasource.init.ResourceDatabasePopulator.populate(ResourceDatabasePopulator.java:254) ~[spring-jdbc-5.2.4.RELEASE.jar:5.2.4.RELEASE]
	at org.springframework.jdbc.datasource.init.DatabasePopulatorUtils.execute(DatabasePopulatorUtils.java:49) ~[spring-jdbc-5.2.4.RELEASE.jar:5.2.4.RELEASE]
	at org.springframework.jdbc.datasource.init.ResourceDatabasePopulator.execute(ResourceDatabasePopulator.java:269) ~[spring-jdbc-5.2.4.RELEASE.jar:5.2.4.RELEASE]
	at org.springframework.test.context.jdbc.SqlScriptsTestExecutionListener.lambda$executeSqlScripts$4(SqlScriptsTestExecutionListener.java:263) ~[spring-test-5.2.5.RELEASE.jar:5.2.5.RELEASE]
	at org.springframework.transaction.support.TransactionOperations.lambda$executeWithoutResult$0(TransactionOperations.java:68) ~[spring-tx-5.2.4.RELEASE.jar:5.2.4.RELEASE]
	at org.springframework.transaction.support.TransactionTemplate.execute(TransactionTemplate.java:140) ~[spring-tx-5.2.4.RELEASE.jar:5.2.4.RELEASE]
	at org.springframework.transaction.support.TransactionOperations.executeWithoutResult(TransactionOperations.java:67) ~[spring-tx-5.2.4.RELEASE.jar:5.2.4.RELEASE]
	at org.springframework.test.context.jdbc.SqlScriptsTestExecutionListener.executeSqlScripts(SqlScriptsTestExecutionListener.java:263) ~[spring-test-5.2.5.RELEASE.jar:5.2.5.RELEASE]
	at org.springframework.test.context.jdbc.SqlScriptsTestExecutionListener.lambda$executeSqlScripts$0(SqlScriptsTestExecutionListener.java:185) ~[spring-test-5.2.5.RELEASE.jar:5.2.5.RELEASE]
	at java.base/java.lang.Iterable.forEach(Iterable.java:75) ~[na:na]
	at org.springframework.test.context.jdbc.SqlScriptsTestExecutionListener.executeSqlScripts(SqlScriptsTestExecutionListener.java:185) ~[spring-test-5.2.5.RELEASE.jar:5.2.5.RELEASE]
	at org.springframework.test.context.jdbc.SqlScriptsTestExecutionListener.executeSqlScripts(SqlScriptsTestExecutionListener.java:147) ~[spring-test-5.2.5.RELEASE.jar:5.2.5.RELEASE]
	at org.springframework.test.context.jdbc.SqlScriptsTestExecutionListener.beforeTestMethod(SqlScriptsTestExecutionListener.java:117) ~[spring-test-5.2.5.RELEASE.jar:5.2.5.RELEASE]
	at org.springframework.test.context.TestContextManager.beforeTestMethod(TestContextManager.java:289) ~[spring-test-5.2.5.RELEASE.jar:5.2.5.RELEASE]
	at org.springframework.test.context.junit4.statements.RunBeforeTestMethodCallbacks.evaluate(RunBeforeTestMethodCallbacks.java:74) ~[spring-test-5.2.5.RELEASE.jar:5.2.5.RELEASE]
	at org.springframework.test.context.junit4.statements.RunAfterTestMethodCallbacks.evaluate(RunAfterTestMethodCallbacks.java:86) ~[spring-test-5.2.5.RELEASE.jar:5.2.5.RELEASE]
	at org.springframework.test.context.junit4.statements.SpringRepeat.evaluate(SpringRepeat.java:84) ~[spring-test-5.2.5.RELEASE.jar:5.2.5.RELEASE]
	at org.junit.runners.ParentRunner.runLeaf(ParentRunner.java:366) ~[junit-4.13.1.jar:4.13.1]
	at org.springframework.test.context.junit4.SpringJUnit4ClassRunner.runChild(SpringJUnit4ClassRunner.java:251) ~[spring-test-5.2.5.RELEASE.jar:5.2.5.RELEASE]
	at org.springframework.test.context.junit4.SpringJUnit4ClassRunner.runChild(SpringJUnit4ClassRunner.java:97) ~[spring-test-5.2.5.RELEASE.jar:5.2.5.RELEASE]
	at org.junit.runners.ParentRunner$4.run(ParentRunner.java:331) ~[junit-4.13.1.jar:4.13.1]
	at org.junit.runners.ParentRunner$1.schedule(ParentRunner.java:79) ~[junit-4.13.1.jar:4.13.1]
	at org.junit.runners.ParentRunner.runChildren(ParentRunner.java:329) ~[junit-4.13.1.jar:4.13.1]
	at org.junit.runners.ParentRunner.access$100(ParentRunner.java:66) ~[junit-4.13.1.jar:4.13.1]
	at org.junit.runners.ParentRunner$2.evaluate(ParentRunner.java:293) ~[junit-4.13.1.jar:4.13.1]
	at org.springframework.test.context.junit4.statements.RunBeforeTestClassCallbacks.evaluate(RunBeforeTestClassCallbacks.java:61) ~[spring-test-5.2.5.RELEASE.jar:5.2.5.RELEASE]
	at org.springframework.test.context.junit4.statements.RunAfterTestClassCallbacks.evaluate(RunAfterTestClassCallbacks.java:70) ~[spring-test-5.2.5.RELEASE.jar:5.2.5.RELEASE]
	at org.junit.runners.ParentRunner$3.evaluate(ParentRunner.java:306) ~[junit-4.13.1.jar:4.13.1]
	at org.junit.runners.ParentRunner.run(ParentRunner.java:413) ~[junit-4.13.1.jar:4.13.1]
	at org.springframework.test.context.junit4.SpringJUnit4ClassRunner.run(SpringJUnit4ClassRunner.java:190) ~[spring-test-5.2.5.RELEASE.jar:5.2.5.RELEASE]
	at org.gradle.api.internal.tasks.testing.junit.JUnitTestClassExecutor.runTestClass(JUnitTestClassExecutor.java:112) ~[na:na]
	at org.gradle.api.internal.tasks.testing.junit.JUnitTestClassExecutor.execute(JUnitTestClassExecutor.java:58) ~[na:na]
	at org.gradle.api.internal.tasks.testing.junit.JUnitTestClassExecutor.execute(JUnitTestClassExecutor.java:40) ~[na:na]
	at org.gradle.api.internal.tasks.testing.junit.AbstractJUnitTestClassProcessor.processTestClass(AbstractJUnitTestClassProcessor.java:54) ~[na:na]
	at org.gradle.api.internal.tasks.testing.SuiteTestClassProcessor.processTestClass(SuiteTestClassProcessor.java:53) ~[na:na]
	at java.base/jdk.internal.reflect.NativeMethodAccessorImpl.invoke0(Native Method) ~[na:na]
	at java.base/jdk.internal.reflect.NativeMethodAccessorImpl.invoke(NativeMethodAccessorImpl.java:62) ~[na:na]
	at java.base/jdk.internal.reflect.DelegatingMethodAccessorImpl.invoke(DelegatingMethodAccessorImpl.java:43) ~[na:na]
	at java.base/java.lang.reflect.Method.invoke(Method.java:566) ~[na:na]
	at org.gradle.internal.dispatch.ReflectionDispatch.dispatch(ReflectionDispatch.java:36) ~[na:na]
	at org.gradle.internal.dispatch.ReflectionDispatch.dispatch(ReflectionDispatch.java:24) ~[na:na]
	at org.gradle.internal.dispatch.ContextClassLoaderDispatch.dispatch(ContextClassLoaderDispatch.java:33) ~[na:na]
	at org.gradle.internal.dispatch.ProxyDispatchAdapter$DispatchingInvocationHandler.invoke(ProxyDispatchAdapter.java:92) ~[na:na]
	at com.sun.proxy.$Proxy6.processTestClass(Unknown Source) ~[na:na]
	at org.gradle.api.internal.tasks.testing.worker.TestWorker$2.run(TestWorker.java:183) ~[na:na]
	at org.gradle.api.internal.tasks.testing.worker.TestWorker.executeAndMaintainThreadName(TestWorker.java:132) ~[na:na]
	at org.gradle.api.internal.tasks.testing.worker.TestWorker.execute(TestWorker.java:103) ~[na:na]
	at org.gradle.api.internal.tasks.testing.worker.TestWorker.execute(TestWorker.java:63) ~[na:na]
	at org.gradle.process.internal.worker.child.ActionExecutionWorker.execute(ActionExecutionWorker.java:56) ~[na:na]
	at org.gradle.process.internal.worker.child.SystemApplicationClassLoaderWorker.call(SystemApplicationClassLoaderWorker.java:122) ~[na:na]
	at org.gradle.process.internal.worker.child.SystemApplicationClassLoaderWorker.call(SystemApplicationClassLoaderWorker.java:72) ~[na:na]
	at worker.org.gradle.process.internal.worker.GradleWorkerMain.run(GradleWorkerMain.java:69) ~[gradle-worker.jar:na]
	at worker.org.gradle.process.internal.worker.GradleWorkerMain.main(GradleWorkerMain.java:74) ~[gradle-worker.jar:na]
Caused by: org.h2.jdbc.JdbcSQLSyntaxErrorException: Syntax error in SQL statement "TRUNCATE ""public""[*].SEMESTER_DAY, ""public"".SEMESTER_PERIOD, ""public"".PERIODS, ""public"".SEMESTERS, ""public"".GROUPS, ""public"".STUDENTS, ""public"".SEMESTER_GROUP RESTART IDENTITY CASCADE"; expected "TABLE"; SQL statement:
TRUNCATE "public".semester_day, "public".semester_period, "public".periods, "public".semesters, "public".groups, "public".students, "public".semester_group RESTART IDENTITY CASCADE [42001-200]
	at org.h2.message.DbException.getJdbcSQLException(DbException.java:453) ~[h2-1.4.200.jar:1.4.200]
	at org.h2.message.DbException.getJdbcSQLException(DbException.java:429) ~[h2-1.4.200.jar:1.4.200]
	at org.h2.message.DbException.getSyntaxError(DbException.java:243) ~[h2-1.4.200.jar:1.4.200]
	at org.h2.command.Parser.getSyntaxError(Parser.java:1053) ~[h2-1.4.200.jar:1.4.200]
	at org.h2.command.Parser.read(Parser.java:4995) ~[h2-1.4.200.jar:1.4.200]
	at org.h2.command.Parser.parseTruncate(Parser.java:2137) ~[h2-1.4.200.jar:1.4.200]
	at org.h2.command.Parser.parsePrepared(Parser.java:1000) ~[h2-1.4.200.jar:1.4.200]
	at org.h2.command.Parser.parse(Parser.java:843) ~[h2-1.4.200.jar:1.4.200]
	at org.h2.command.Parser.parse(Parser.java:819) ~[h2-1.4.200.jar:1.4.200]
	at org.h2.command.Parser.prepareCommand(Parser.java:738) ~[h2-1.4.200.jar:1.4.200]
	at org.h2.engine.Session.prepareLocal(Session.java:657) ~[h2-1.4.200.jar:1.4.200]
	at org.h2.engine.Session.prepareCommand(Session.java:595) ~[h2-1.4.200.jar:1.4.200]
	at org.h2.jdbc.JdbcConnection.prepareCommand(JdbcConnection.java:1235) ~[h2-1.4.200.jar:1.4.200]
	at org.h2.jdbc.JdbcStatement.executeInternal(JdbcStatement.java:212) ~[h2-1.4.200.jar:1.4.200]
	at org.h2.jdbc.JdbcStatement.execute(JdbcStatement.java:201) ~[h2-1.4.200.jar:1.4.200]
	at com.mchange.v2.c3p0.impl.NewProxyStatement.execute(NewProxyStatement.java:75) ~[c3p0-0.9.5.4.jar:0.9.5.4]
	at org.springframework.jdbc.datasource.init.ScriptUtils.executeSqlScript(ScriptUtils.java:601) ~[spring-jdbc-5.2.4.RELEASE.jar:5.2.4.RELEASE]
	... 53 common frames omitted
[WARN ] 2025-06-26 14:47:44.705 [Test worker] o.s.t.c.TestContextManager - Caught exception while invoking 'beforeTestMethod' callback on TestExecutionListener [org.springframework.test.context.jdbc.SqlScriptsTestExecutionListener@14deab5] for test method [public void com.softserve.controller.SemesterControllerTest.returnBadRequestIfUpdatedDescriptionIsNull() throws java.lang.Exception] and test instance [com.softserve.controller.SemesterControllerTest@7f7b6b3c]
org.springframework.jdbc.datasource.init.ScriptStatementFailedException: Failed to execute SQL script statement #1 of class path resource [create-semesters-before.sql]: TRUNCATE "public".semester_day, "public".semester_period, "public".periods, "public".semesters, "public".groups, "public".students, "public".semester_group RESTART IDENTITY CASCADE; nested exception is org.h2.jdbc.JdbcSQLSyntaxErrorException: Syntax error in SQL statement "TRUNCATE ""public""[*].SEMESTER_DAY, ""public"".SEMESTER_PERIOD, ""public"".PERIODS, ""public"".SEMESTERS, ""public"".GROUPS, ""public"".STUDENTS, ""public"".SEMESTER_GROUP RESTART IDENTITY CASCADE"; expected "TABLE"; SQL statement:
TRUNCATE "public".semester_day, "public".semester_period, "public".periods, "public".semesters, "public".groups, "public".students, "public".semester_group RESTART IDENTITY CASCADE [42001-200]
	at org.springframework.jdbc.datasource.init.ScriptUtils.executeSqlScript(ScriptUtils.java:622) ~[spring-jdbc-5.2.4.RELEASE.jar:5.2.4.RELEASE]
	at org.springframework.jdbc.datasource.init.ResourceDatabasePopulator.populate(ResourceDatabasePopulator.java:254) ~[spring-jdbc-5.2.4.RELEASE.jar:5.2.4.RELEASE]
	at org.springframework.jdbc.datasource.init.DatabasePopulatorUtils.execute(DatabasePopulatorUtils.java:49) ~[spring-jdbc-5.2.4.RELEASE.jar:5.2.4.RELEASE]
	at org.springframework.jdbc.datasource.init.ResourceDatabasePopulator.execute(ResourceDatabasePopulator.java:269) ~[spring-jdbc-5.2.4.RELEASE.jar:5.2.4.RELEASE]
	at org.springframework.test.context.jdbc.SqlScriptsTestExecutionListener.lambda$executeSqlScripts$4(SqlScriptsTestExecutionListener.java:263) ~[spring-test-5.2.5.RELEASE.jar:5.2.5.RELEASE]
	at org.springframework.transaction.support.TransactionOperations.lambda$executeWithoutResult$0(TransactionOperations.java:68) ~[spring-tx-5.2.4.RELEASE.jar:5.2.4.RELEASE]
	at org.springframework.transaction.support.TransactionTemplate.execute(TransactionTemplate.java:140) ~[spring-tx-5.2.4.RELEASE.jar:5.2.4.RELEASE]
	at org.springframework.transaction.support.TransactionOperations.executeWithoutResult(TransactionOperations.java:67) ~[spring-tx-5.2.4.RELEASE.jar:5.2.4.RELEASE]
	at org.springframework.test.context.jdbc.SqlScriptsTestExecutionListener.executeSqlScripts(SqlScriptsTestExecutionListener.java:263) ~[spring-test-5.2.5.RELEASE.jar:5.2.5.RELEASE]
	at org.springframework.test.context.jdbc.SqlScriptsTestExecutionListener.lambda$executeSqlScripts$0(SqlScriptsTestExecutionListener.java:185) ~[spring-test-5.2.5.RELEASE.jar:5.2.5.RELEASE]
	at java.base/java.lang.Iterable.forEach(Iterable.java:75) ~[na:na]
	at org.springframework.test.context.jdbc.SqlScriptsTestExecutionListener.executeSqlScripts(SqlScriptsTestExecutionListener.java:185) ~[spring-test-5.2.5.RELEASE.jar:5.2.5.RELEASE]
	at org.springframework.test.context.jdbc.SqlScriptsTestExecutionListener.executeSqlScripts(SqlScriptsTestExecutionListener.java:147) ~[spring-test-5.2.5.RELEASE.jar:5.2.5.RELEASE]
	at org.springframework.test.context.jdbc.SqlScriptsTestExecutionListener.beforeTestMethod(SqlScriptsTestExecutionListener.java:117) ~[spring-test-5.2.5.RELEASE.jar:5.2.5.RELEASE]
	at org.springframework.test.context.TestContextManager.beforeTestMethod(TestContextManager.java:289) ~[spring-test-5.2.5.RELEASE.jar:5.2.5.RELEASE]
	at org.springframework.test.context.junit4.statements.RunBeforeTestMethodCallbacks.evaluate(RunBeforeTestMethodCallbacks.java:74) ~[spring-test-5.2.5.RELEASE.jar:5.2.5.RELEASE]
	at org.springframework.test.context.junit4.statements.RunAfterTestMethodCallbacks.evaluate(RunAfterTestMethodCallbacks.java:86) ~[spring-test-5.2.5.RELEASE.jar:5.2.5.RELEASE]
	at org.springframework.test.context.junit4.statements.SpringRepeat.evaluate(SpringRepeat.java:84) ~[spring-test-5.2.5.RELEASE.jar:5.2.5.RELEASE]
	at org.junit.runners.ParentRunner.runLeaf(ParentRunner.java:366) ~[junit-4.13.1.jar:4.13.1]
	at org.springframework.test.context.junit4.SpringJUnit4ClassRunner.runChild(SpringJUnit4ClassRunner.java:251) ~[spring-test-5.2.5.RELEASE.jar:5.2.5.RELEASE]
	at org.springframework.test.context.junit4.SpringJUnit4ClassRunner.runChild(SpringJUnit4ClassRunner.java:97) ~[spring-test-5.2.5.RELEASE.jar:5.2.5.RELEASE]
	at org.junit.runners.ParentRunner$4.run(ParentRunner.java:331) ~[junit-4.13.1.jar:4.13.1]
	at org.junit.runners.ParentRunner$1.schedule(ParentRunner.java:79) ~[junit-4.13.1.jar:4.13.1]
	at org.junit.runners.ParentRunner.runChildren(ParentRunner.java:329) ~[junit-4.13.1.jar:4.13.1]
	at org.junit.runners.ParentRunner.access$100(ParentRunner.java:66) ~[junit-4.13.1.jar:4.13.1]
	at org.junit.runners.ParentRunner$2.evaluate(ParentRunner.java:293) ~[junit-4.13.1.jar:4.13.1]
	at org.springframework.test.context.junit4.statements.RunBeforeTestClassCallbacks.evaluate(RunBeforeTestClassCallbacks.java:61) ~[spring-test-5.2.5.RELEASE.jar:5.2.5.RELEASE]
	at org.springframework.test.context.junit4.statements.RunAfterTestClassCallbacks.evaluate(RunAfterTestClassCallbacks.java:70) ~[spring-test-5.2.5.RELEASE.jar:5.2.5.RELEASE]
	at org.junit.runners.ParentRunner$3.evaluate(ParentRunner.java:306) ~[junit-4.13.1.jar:4.13.1]
	at org.junit.runners.ParentRunner.run(ParentRunner.java:413) ~[junit-4.13.1.jar:4.13.1]
	at org.springframework.test.context.junit4.SpringJUnit4ClassRunner.run(SpringJUnit4ClassRunner.java:190) ~[spring-test-5.2.5.RELEASE.jar:5.2.5.RELEASE]
	at org.gradle.api.internal.tasks.testing.junit.JUnitTestClassExecutor.runTestClass(JUnitTestClassExecutor.java:112) ~[na:na]
	at org.gradle.api.internal.tasks.testing.junit.JUnitTestClassExecutor.execute(JUnitTestClassExecutor.java:58) ~[na:na]
	at org.gradle.api.internal.tasks.testing.junit.JUnitTestClassExecutor.execute(JUnitTestClassExecutor.java:40) ~[na:na]
	at org.gradle.api.internal.tasks.testing.junit.AbstractJUnitTestClassProcessor.processTestClass(AbstractJUnitTestClassProcessor.java:54) ~[na:na]
	at org.gradle.api.internal.tasks.testing.SuiteTestClassProcessor.processTestClass(SuiteTestClassProcessor.java:53) ~[na:na]
	at java.base/jdk.internal.reflect.NativeMethodAccessorImpl.invoke0(Native Method) ~[na:na]
	at java.base/jdk.internal.reflect.NativeMethodAccessorImpl.invoke(NativeMethodAccessorImpl.java:62) ~[na:na]
	at java.base/jdk.internal.reflect.DelegatingMethodAccessorImpl.invoke(DelegatingMethodAccessorImpl.java:43) ~[na:na]
	at java.base/java.lang.reflect.Method.invoke(Method.java:566) ~[na:na]
	at org.gradle.internal.dispatch.ReflectionDispatch.dispatch(ReflectionDispatch.java:36) ~[na:na]
	at org.gradle.internal.dispatch.ReflectionDispatch.dispatch(ReflectionDispatch.java:24) ~[na:na]
	at org.gradle.internal.dispatch.ContextClassLoaderDispatch.dispatch(ContextClassLoaderDispatch.java:33) ~[na:na]
	at org.gradle.internal.dispatch.ProxyDispatchAdapter$DispatchingInvocationHandler.invoke(ProxyDispatchAdapter.java:92) ~[na:na]
	at com.sun.proxy.$Proxy6.processTestClass(Unknown Source) ~[na:na]
	at org.gradle.api.internal.tasks.testing.worker.TestWorker$2.run(TestWorker.java:183) ~[na:na]
	at org.gradle.api.internal.tasks.testing.worker.TestWorker.executeAndMaintainThreadName(TestWorker.java:132) ~[na:na]
	at org.gradle.api.internal.tasks.testing.worker.TestWorker.execute(TestWorker.java:103) ~[na:na]
	at org.gradle.api.internal.tasks.testing.worker.TestWorker.execute(TestWorker.java:63) ~[na:na]
	at org.gradle.process.internal.worker.child.ActionExecutionWorker.execute(ActionExecutionWorker.java:56) ~[na:na]
	at org.gradle.process.internal.worker.child.SystemApplicationClassLoaderWorker.call(SystemApplicationClassLoaderWorker.java:122) ~[na:na]
	at org.gradle.process.internal.worker.child.SystemApplicationClassLoaderWorker.call(SystemApplicationClassLoaderWorker.java:72) ~[na:na]
	at worker.org.gradle.process.internal.worker.GradleWorkerMain.run(GradleWorkerMain.java:69) ~[gradle-worker.jar:na]
	at worker.org.gradle.process.internal.worker.GradleWorkerMain.main(GradleWorkerMain.java:74) ~[gradle-worker.jar:na]
Caused by: org.h2.jdbc.JdbcSQLSyntaxErrorException: Syntax error in SQL statement "TRUNCATE ""public""[*].SEMESTER_DAY, ""public"".SEMESTER_PERIOD, ""public"".PERIODS, ""public"".SEMESTERS, ""public"".GROUPS, ""public"".STUDENTS, ""public"".SEMESTER_GROUP RESTART IDENTITY CASCADE"; expected "TABLE"; SQL statement:
TRUNCATE "public".semester_day, "public".semester_period, "public".periods, "public".semesters, "public".groups, "public".students, "public".semester_group RESTART IDENTITY CASCADE [42001-200]
	at org.h2.message.DbException.getJdbcSQLException(DbException.java:453) ~[h2-1.4.200.jar:1.4.200]
	at org.h2.message.DbException.getJdbcSQLException(DbException.java:429) ~[h2-1.4.200.jar:1.4.200]
	at org.h2.message.DbException.getSyntaxError(DbException.java:243) ~[h2-1.4.200.jar:1.4.200]
	at org.h2.command.Parser.getSyntaxError(Parser.java:1053) ~[h2-1.4.200.jar:1.4.200]
	at org.h2.command.Parser.read(Parser.java:4995) ~[h2-1.4.200.jar:1.4.200]
	at org.h2.command.Parser.parseTruncate(Parser.java:2137) ~[h2-1.4.200.jar:1.4.200]
	at org.h2.command.Parser.parsePrepared(Parser.java:1000) ~[h2-1.4.200.jar:1.4.200]
	at org.h2.command.Parser.parse(Parser.java:843) ~[h2-1.4.200.jar:1.4.200]
	at org.h2.command.Parser.parse(Parser.java:819) ~[h2-1.4.200.jar:1.4.200]
	at org.h2.command.Parser.prepareCommand(Parser.java:738) ~[h2-1.4.200.jar:1.4.200]
	at org.h2.engine.Session.prepareLocal(Session.java:657) ~[h2-1.4.200.jar:1.4.200]
	at org.h2.engine.Session.prepareCommand(Session.java:595) ~[h2-1.4.200.jar:1.4.200]
	at org.h2.jdbc.JdbcConnection.prepareCommand(JdbcConnection.java:1235) ~[h2-1.4.200.jar:1.4.200]
	at org.h2.jdbc.JdbcStatement.executeInternal(JdbcStatement.java:212) ~[h2-1.4.200.jar:1.4.200]
	at org.h2.jdbc.JdbcStatement.execute(JdbcStatement.java:201) ~[h2-1.4.200.jar:1.4.200]
	at com.mchange.v2.c3p0.impl.NewProxyStatement.execute(NewProxyStatement.java:75) ~[c3p0-0.9.5.4.jar:0.9.5.4]
	at org.springframework.jdbc.datasource.init.ScriptUtils.executeSqlScript(ScriptUtils.java:601) ~[spring-jdbc-5.2.4.RELEASE.jar:5.2.4.RELEASE]
	... 53 common frames omitted
[WARN ] 2025-06-26 14:47:44.719 [Test worker] o.s.t.c.TestContextManager - Caught exception while invoking 'beforeTestMethod' callback on TestExecutionListener [org.springframework.test.context.jdbc.SqlScriptsTestExecutionListener@14deab5] for test method [public void com.softserve.controller.SemesterControllerTest.updateSemesterIfUpdatedSemesterDoesNotExistAndStartDayBeginBeforeEndDay() throws java.lang.Exception] and test instance [com.softserve.controller.SemesterControllerTest@7e1d0386]
org.springframework.jdbc.datasource.init.ScriptStatementFailedException: Failed to execute SQL script statement #1 of class path resource [create-semesters-before.sql]: TRUNCATE "public".semester_day, "public".semester_period, "public".periods, "public".semesters, "public".groups, "public".students, "public".semester_group RESTART IDENTITY CASCADE; nested exception is org.h2.jdbc.JdbcSQLSyntaxErrorException: Syntax error in SQL statement "TRUNCATE ""public""[*].SEMESTER_DAY, ""public"".SEMESTER_PERIOD, ""public"".PERIODS, ""public"".SEMESTERS, ""public"".GROUPS, ""public"".STUDENTS, ""public"".SEMESTER_GROUP RESTART IDENTITY CASCADE"; expected "TABLE"; SQL statement:
TRUNCATE "public".semester_day, "public".semester_period, "public".periods, "public".semesters, "public".groups, "public".students, "public".semester_group RESTART IDENTITY CASCADE [42001-200]
	at org.springframework.jdbc.datasource.init.ScriptUtils.executeSqlScript(ScriptUtils.java:622) ~[spring-jdbc-5.2.4.RELEASE.jar:5.2.4.RELEASE]
	at org.springframework.jdbc.datasource.init.ResourceDatabasePopulator.populate(ResourceDatabasePopulator.java:254) ~[spring-jdbc-5.2.4.RELEASE.jar:5.2.4.RELEASE]
	at org.springframework.jdbc.datasource.init.DatabasePopulatorUtils.execute(DatabasePopulatorUtils.java:49) ~[spring-jdbc-5.2.4.RELEASE.jar:5.2.4.RELEASE]
	at org.springframework.jdbc.datasource.init.ResourceDatabasePopulator.execute(ResourceDatabasePopulator.java:269) ~[spring-jdbc-5.2.4.RELEASE.jar:5.2.4.RELEASE]
	at org.springframework.test.context.jdbc.SqlScriptsTestExecutionListener.lambda$executeSqlScripts$4(SqlScriptsTestExecutionListener.java:263) ~[spring-test-5.2.5.RELEASE.jar:5.2.5.RELEASE]
	at org.springframework.transaction.support.TransactionOperations.lambda$executeWithoutResult$0(TransactionOperations.java:68) ~[spring-tx-5.2.4.RELEASE.jar:5.2.4.RELEASE]
	at org.springframework.transaction.support.TransactionTemplate.execute(TransactionTemplate.java:140) ~[spring-tx-5.2.4.RELEASE.jar:5.2.4.RELEASE]
	at org.springframework.transaction.support.TransactionOperations.executeWithoutResult(TransactionOperations.java:67) ~[spring-tx-5.2.4.RELEASE.jar:5.2.4.RELEASE]
	at org.springframework.test.context.jdbc.SqlScriptsTestExecutionListener.executeSqlScripts(SqlScriptsTestExecutionListener.java:263) ~[spring-test-5.2.5.RELEASE.jar:5.2.5.RELEASE]
	at org.springframework.test.context.jdbc.SqlScriptsTestExecutionListener.lambda$executeSqlScripts$0(SqlScriptsTestExecutionListener.java:185) ~[spring-test-5.2.5.RELEASE.jar:5.2.5.RELEASE]
	at java.base/java.lang.Iterable.forEach(Iterable.java:75) ~[na:na]
	at org.springframework.test.context.jdbc.SqlScriptsTestExecutionListener.executeSqlScripts(SqlScriptsTestExecutionListener.java:185) ~[spring-test-5.2.5.RELEASE.jar:5.2.5.RELEASE]
	at org.springframework.test.context.jdbc.SqlScriptsTestExecutionListener.executeSqlScripts(SqlScriptsTestExecutionListener.java:147) ~[spring-test-5.2.5.RELEASE.jar:5.2.5.RELEASE]
	at org.springframework.test.context.jdbc.SqlScriptsTestExecutionListener.beforeTestMethod(SqlScriptsTestExecutionListener.java:117) ~[spring-test-5.2.5.RELEASE.jar:5.2.5.RELEASE]
	at org.springframework.test.context.TestContextManager.beforeTestMethod(TestContextManager.java:289) ~[spring-test-5.2.5.RELEASE.jar:5.2.5.RELEASE]
	at org.springframework.test.context.junit4.statements.RunBeforeTestMethodCallbacks.evaluate(RunBeforeTestMethodCallbacks.java:74) ~[spring-test-5.2.5.RELEASE.jar:5.2.5.RELEASE]
	at org.springframework.test.context.junit4.statements.RunAfterTestMethodCallbacks.evaluate(RunAfterTestMethodCallbacks.java:86) ~[spring-test-5.2.5.RELEASE.jar:5.2.5.RELEASE]
	at org.springframework.test.context.junit4.statements.SpringRepeat.evaluate(SpringRepeat.java:84) ~[spring-test-5.2.5.RELEASE.jar:5.2.5.RELEASE]
	at org.junit.runners.ParentRunner.runLeaf(ParentRunner.java:366) ~[junit-4.13.1.jar:4.13.1]
	at org.springframework.test.context.junit4.SpringJUnit4ClassRunner.runChild(SpringJUnit4ClassRunner.java:251) ~[spring-test-5.2.5.RELEASE.jar:5.2.5.RELEASE]
	at org.springframework.test.context.junit4.SpringJUnit4ClassRunner.runChild(SpringJUnit4ClassRunner.java:97) ~[spring-test-5.2.5.RELEASE.jar:5.2.5.RELEASE]
	at org.junit.runners.ParentRunner$4.run(ParentRunner.java:331) ~[junit-4.13.1.jar:4.13.1]
	at org.junit.runners.ParentRunner$1.schedule(ParentRunner.java:79) ~[junit-4.13.1.jar:4.13.1]
	at org.junit.runners.ParentRunner.runChildren(ParentRunner.java:329) ~[junit-4.13.1.jar:4.13.1]
	at org.junit.runners.ParentRunner.access$100(ParentRunner.java:66) ~[junit-4.13.1.jar:4.13.1]
	at org.junit.runners.ParentRunner$2.evaluate(ParentRunner.java:293) ~[junit-4.13.1.jar:4.13.1]
	at org.springframework.test.context.junit4.statements.RunBeforeTestClassCallbacks.evaluate(RunBeforeTestClassCallbacks.java:61) ~[spring-test-5.2.5.RELEASE.jar:5.2.5.RELEASE]
	at org.springframework.test.context.junit4.statements.RunAfterTestClassCallbacks.evaluate(RunAfterTestClassCallbacks.java:70) ~[spring-test-5.2.5.RELEASE.jar:5.2.5.RELEASE]
	at org.junit.runners.ParentRunner$3.evaluate(ParentRunner.java:306) ~[junit-4.13.1.jar:4.13.1]
	at org.junit.runners.ParentRunner.run(ParentRunner.java:413) ~[junit-4.13.1.jar:4.13.1]
	at org.springframework.test.context.junit4.SpringJUnit4ClassRunner.run(SpringJUnit4ClassRunner.java:190) ~[spring-test-5.2.5.RELEASE.jar:5.2.5.RELEASE]
	at org.gradle.api.internal.tasks.testing.junit.JUnitTestClassExecutor.runTestClass(JUnitTestClassExecutor.java:112) ~[na:na]
	at org.gradle.api.internal.tasks.testing.junit.JUnitTestClassExecutor.execute(JUnitTestClassExecutor.java:58) ~[na:na]
	at org.gradle.api.internal.tasks.testing.junit.JUnitTestClassExecutor.execute(JUnitTestClassExecutor.java:40) ~[na:na]
	at org.gradle.api.internal.tasks.testing.junit.AbstractJUnitTestClassProcessor.processTestClass(AbstractJUnitTestClassProcessor.java:54) ~[na:na]
	at org.gradle.api.internal.tasks.testing.SuiteTestClassProcessor.processTestClass(SuiteTestClassProcessor.java:53) ~[na:na]
	at java.base/jdk.internal.reflect.NativeMethodAccessorImpl.invoke0(Native Method) ~[na:na]
	at java.base/jdk.internal.reflect.NativeMethodAccessorImpl.invoke(NativeMethodAccessorImpl.java:62) ~[na:na]
	at java.base/jdk.internal.reflect.DelegatingMethodAccessorImpl.invoke(DelegatingMethodAccessorImpl.java:43) ~[na:na]
	at java.base/java.lang.reflect.Method.invoke(Method.java:566) ~[na:na]
	at org.gradle.internal.dispatch.ReflectionDispatch.dispatch(ReflectionDispatch.java:36) ~[na:na]
	at org.gradle.internal.dispatch.ReflectionDispatch.dispatch(ReflectionDispatch.java:24) ~[na:na]
	at org.gradle.internal.dispatch.ContextClassLoaderDispatch.dispatch(ContextClassLoaderDispatch.java:33) ~[na:na]
	at org.gradle.internal.dispatch.ProxyDispatchAdapter$DispatchingInvocationHandler.invoke(ProxyDispatchAdapter.java:92) ~[na:na]
	at com.sun.proxy.$Proxy6.processTestClass(Unknown Source) ~[na:na]
	at org.gradle.api.internal.tasks.testing.worker.TestWorker$2.run(TestWorker.java:183) ~[na:na]
	at org.gradle.api.internal.tasks.testing.worker.TestWorker.executeAndMaintainThreadName(TestWorker.java:132) ~[na:na]
	at org.gradle.api.internal.tasks.testing.worker.TestWorker.execute(TestWorker.java:103) ~[na:na]
	at org.gradle.api.internal.tasks.testing.worker.TestWorker.execute(TestWorker.java:63) ~[na:na]
	at org.gradle.process.internal.worker.child.ActionExecutionWorker.execute(ActionExecutionWorker.java:56) ~[na:na]
	at org.gradle.process.internal.worker.child.SystemApplicationClassLoaderWorker.call(SystemApplicationClassLoaderWorker.java:122) ~[na:na]
	at org.gradle.process.internal.worker.child.SystemApplicationClassLoaderWorker.call(SystemApplicationClassLoaderWorker.java:72) ~[na:na]
	at worker.org.gradle.process.internal.worker.GradleWorkerMain.run(GradleWorkerMain.java:69) ~[gradle-worker.jar:na]
	at worker.org.gradle.process.internal.worker.GradleWorkerMain.main(GradleWorkerMain.java:74) ~[gradle-worker.jar:na]
Caused by: org.h2.jdbc.JdbcSQLSyntaxErrorException: Syntax error in SQL statement "TRUNCATE ""public""[*].SEMESTER_DAY, ""public"".SEMESTER_PERIOD, ""public"".PERIODS, ""public"".SEMESTERS, ""public"".GROUPS, ""public"".STUDENTS, ""public"".SEMESTER_GROUP RESTART IDENTITY CASCADE"; expected "TABLE"; SQL statement:
TRUNCATE "public".semester_day, "public".semester_period, "public".periods, "public".semesters, "public".groups, "public".students, "public".semester_group RESTART IDENTITY CASCADE [42001-200]
	at org.h2.message.DbException.getJdbcSQLException(DbException.java:453) ~[h2-1.4.200.jar:1.4.200]
	at org.h2.message.DbException.getJdbcSQLException(DbException.java:429) ~[h2-1.4.200.jar:1.4.200]
	at org.h2.message.DbException.getSyntaxError(DbException.java:243) ~[h2-1.4.200.jar:1.4.200]
	at org.h2.command.Parser.getSyntaxError(Parser.java:1053) ~[h2-1.4.200.jar:1.4.200]
	at org.h2.command.Parser.read(Parser.java:4995) ~[h2-1.4.200.jar:1.4.200]
	at org.h2.command.Parser.parseTruncate(Parser.java:2137) ~[h2-1.4.200.jar:1.4.200]
	at org.h2.command.Parser.parsePrepared(Parser.java:1000) ~[h2-1.4.200.jar:1.4.200]
	at org.h2.command.Parser.parse(Parser.java:843) ~[h2-1.4.200.jar:1.4.200]
	at org.h2.command.Parser.parse(Parser.java:819) ~[h2-1.4.200.jar:1.4.200]
	at org.h2.command.Parser.prepareCommand(Parser.java:738) ~[h2-1.4.200.jar:1.4.200]
	at org.h2.engine.Session.prepareLocal(Session.java:657) ~[h2-1.4.200.jar:1.4.200]
	at org.h2.engine.Session.prepareCommand(Session.java:595) ~[h2-1.4.200.jar:1.4.200]
	at org.h2.jdbc.JdbcConnection.prepareCommand(JdbcConnection.java:1235) ~[h2-1.4.200.jar:1.4.200]
	at org.h2.jdbc.JdbcStatement.executeInternal(JdbcStatement.java:212) ~[h2-1.4.200.jar:1.4.200]
	at org.h2.jdbc.JdbcStatement.execute(JdbcStatement.java:201) ~[h2-1.4.200.jar:1.4.200]
	at com.mchange.v2.c3p0.impl.NewProxyStatement.execute(NewProxyStatement.java:75) ~[c3p0-0.9.5.4.jar:0.9.5.4]
	at org.springframework.jdbc.datasource.init.ScriptUtils.executeSqlScript(ScriptUtils.java:601) ~[spring-jdbc-5.2.4.RELEASE.jar:5.2.4.RELEASE]
	... 53 common frames omitted
[WARN ] 2025-06-26 14:47:44.731 [Test worker] o.s.t.c.TestContextManager - Caught exception while invoking 'beforeTestMethod' callback on TestExecutionListener [org.springframework.test.context.jdbc.SqlScriptsTestExecutionListener@14deab5] for test method [public void com.softserve.controller.SemesterControllerTest.getDisableSemesters() throws java.lang.Exception] and test instance [com.softserve.controller.SemesterControllerTest@566046d7]
org.springframework.jdbc.datasource.init.ScriptStatementFailedException: Failed to execute SQL script statement #1 of class path resource [create-semesters-before.sql]: TRUNCATE "public".semester_day, "public".semester_period, "public".periods, "public".semesters, "public".groups, "public".students, "public".semester_group RESTART IDENTITY CASCADE; nested exception is org.h2.jdbc.JdbcSQLSyntaxErrorException: Syntax error in SQL statement "TRUNCATE ""public""[*].SEMESTER_DAY, ""public"".SEMESTER_PERIOD, ""public"".PERIODS, ""public"".SEMESTERS, ""public"".GROUPS, ""public"".STUDENTS, ""public"".SEMESTER_GROUP RESTART IDENTITY CASCADE"; expected "TABLE"; SQL statement:
TRUNCATE "public".semester_day, "public".semester_period, "public".periods, "public".semesters, "public".groups, "public".students, "public".semester_group RESTART IDENTITY CASCADE [42001-200]
	at org.springframework.jdbc.datasource.init.ScriptUtils.executeSqlScript(ScriptUtils.java:622) ~[spring-jdbc-5.2.4.RELEASE.jar:5.2.4.RELEASE]
	at org.springframework.jdbc.datasource.init.ResourceDatabasePopulator.populate(ResourceDatabasePopulator.java:254) ~[spring-jdbc-5.2.4.RELEASE.jar:5.2.4.RELEASE]
	at org.springframework.jdbc.datasource.init.DatabasePopulatorUtils.execute(DatabasePopulatorUtils.java:49) ~[spring-jdbc-5.2.4.RELEASE.jar:5.2.4.RELEASE]
	at org.springframework.jdbc.datasource.init.ResourceDatabasePopulator.execute(ResourceDatabasePopulator.java:269) ~[spring-jdbc-5.2.4.RELEASE.jar:5.2.4.RELEASE]
	at org.springframework.test.context.jdbc.SqlScriptsTestExecutionListener.lambda$executeSqlScripts$4(SqlScriptsTestExecutionListener.java:263) ~[spring-test-5.2.5.RELEASE.jar:5.2.5.RELEASE]
	at org.springframework.transaction.support.TransactionOperations.lambda$executeWithoutResult$0(TransactionOperations.java:68) ~[spring-tx-5.2.4.RELEASE.jar:5.2.4.RELEASE]
	at org.springframework.transaction.support.TransactionTemplate.execute(TransactionTemplate.java:140) ~[spring-tx-5.2.4.RELEASE.jar:5.2.4.RELEASE]
	at org.springframework.transaction.support.TransactionOperations.executeWithoutResult(TransactionOperations.java:67) ~[spring-tx-5.2.4.RELEASE.jar:5.2.4.RELEASE]
	at org.springframework.test.context.jdbc.SqlScriptsTestExecutionListener.executeSqlScripts(SqlScriptsTestExecutionListener.java:263) ~[spring-test-5.2.5.RELEASE.jar:5.2.5.RELEASE]
	at org.springframework.test.context.jdbc.SqlScriptsTestExecutionListener.lambda$executeSqlScripts$0(SqlScriptsTestExecutionListener.java:185) ~[spring-test-5.2.5.RELEASE.jar:5.2.5.RELEASE]
	at java.base/java.lang.Iterable.forEach(Iterable.java:75) ~[na:na]
	at org.springframework.test.context.jdbc.SqlScriptsTestExecutionListener.executeSqlScripts(SqlScriptsTestExecutionListener.java:185) ~[spring-test-5.2.5.RELEASE.jar:5.2.5.RELEASE]
	at org.springframework.test.context.jdbc.SqlScriptsTestExecutionListener.executeSqlScripts(SqlScriptsTestExecutionListener.java:147) ~[spring-test-5.2.5.RELEASE.jar:5.2.5.RELEASE]
	at org.springframework.test.context.jdbc.SqlScriptsTestExecutionListener.beforeTestMethod(SqlScriptsTestExecutionListener.java:117) ~[spring-test-5.2.5.RELEASE.jar:5.2.5.RELEASE]
	at org.springframework.test.context.TestContextManager.beforeTestMethod(TestContextManager.java:289) ~[spring-test-5.2.5.RELEASE.jar:5.2.5.RELEASE]
	at org.springframework.test.context.junit4.statements.RunBeforeTestMethodCallbacks.evaluate(RunBeforeTestMethodCallbacks.java:74) ~[spring-test-5.2.5.RELEASE.jar:5.2.5.RELEASE]
	at org.springframework.test.context.junit4.statements.RunAfterTestMethodCallbacks.evaluate(RunAfterTestMethodCallbacks.java:86) ~[spring-test-5.2.5.RELEASE.jar:5.2.5.RELEASE]
	at org.springframework.test.context.junit4.statements.SpringRepeat.evaluate(SpringRepeat.java:84) ~[spring-test-5.2.5.RELEASE.jar:5.2.5.RELEASE]
	at org.junit.runners.ParentRunner.runLeaf(ParentRunner.java:366) ~[junit-4.13.1.jar:4.13.1]
	at org.springframework.test.context.junit4.SpringJUnit4ClassRunner.runChild(SpringJUnit4ClassRunner.java:251) ~[spring-test-5.2.5.RELEASE.jar:5.2.5.RELEASE]
	at org.springframework.test.context.junit4.SpringJUnit4ClassRunner.runChild(SpringJUnit4ClassRunner.java:97) ~[spring-test-5.2.5.RELEASE.jar:5.2.5.RELEASE]
	at org.junit.runners.ParentRunner$4.run(ParentRunner.java:331) ~[junit-4.13.1.jar:4.13.1]
	at org.junit.runners.ParentRunner$1.schedule(ParentRunner.java:79) ~[junit-4.13.1.jar:4.13.1]
	at org.junit.runners.ParentRunner.runChildren(ParentRunner.java:329) ~[junit-4.13.1.jar:4.13.1]
	at org.junit.runners.ParentRunner.access$100(ParentRunner.java:66) ~[junit-4.13.1.jar:4.13.1]
	at org.junit.runners.ParentRunner$2.evaluate(ParentRunner.java:293) ~[junit-4.13.1.jar:4.13.1]
	at org.springframework.test.context.junit4.statements.RunBeforeTestClassCallbacks.evaluate(RunBeforeTestClassCallbacks.java:61) ~[spring-test-5.2.5.RELEASE.jar:5.2.5.RELEASE]
	at org.springframework.test.context.junit4.statements.RunAfterTestClassCallbacks.evaluate(RunAfterTestClassCallbacks.java:70) ~[spring-test-5.2.5.RELEASE.jar:5.2.5.RELEASE]
	at org.junit.runners.ParentRunner$3.evaluate(ParentRunner.java:306) ~[junit-4.13.1.jar:4.13.1]
	at org.junit.runners.ParentRunner.run(ParentRunner.java:413) ~[junit-4.13.1.jar:4.13.1]
	at org.springframework.test.context.junit4.SpringJUnit4ClassRunner.run(SpringJUnit4ClassRunner.java:190) ~[spring-test-5.2.5.RELEASE.jar:5.2.5.RELEASE]
	at org.gradle.api.internal.tasks.testing.junit.JUnitTestClassExecutor.runTestClass(JUnitTestClassExecutor.java:112) ~[na:na]
	at org.gradle.api.internal.tasks.testing.junit.JUnitTestClassExecutor.execute(JUnitTestClassExecutor.java:58) ~[na:na]
	at org.gradle.api.internal.tasks.testing.junit.JUnitTestClassExecutor.execute(JUnitTestClassExecutor.java:40) ~[na:na]
	at org.gradle.api.internal.tasks.testing.junit.AbstractJUnitTestClassProcessor.processTestClass(AbstractJUnitTestClassProcessor.java:54) ~[na:na]
	at org.gradle.api.internal.tasks.testing.SuiteTestClassProcessor.processTestClass(SuiteTestClassProcessor.java:53) ~[na:na]
	at java.base/jdk.internal.reflect.NativeMethodAccessorImpl.invoke0(Native Method) ~[na:na]
	at java.base/jdk.internal.reflect.NativeMethodAccessorImpl.invoke(NativeMethodAccessorImpl.java:62) ~[na:na]
	at java.base/jdk.internal.reflect.DelegatingMethodAccessorImpl.invoke(DelegatingMethodAccessorImpl.java:43) ~[na:na]
	at java.base/java.lang.reflect.Method.invoke(Method.java:566) ~[na:na]
	at org.gradle.internal.dispatch.ReflectionDispatch.dispatch(ReflectionDispatch.java:36) ~[na:na]
	at org.gradle.internal.dispatch.ReflectionDispatch.dispatch(ReflectionDispatch.java:24) ~[na:na]
	at org.gradle.internal.dispatch.ContextClassLoaderDispatch.dispatch(ContextClassLoaderDispatch.java:33) ~[na:na]
	at org.gradle.internal.dispatch.ProxyDispatchAdapter$DispatchingInvocationHandler.invoke(ProxyDispatchAdapter.java:92) ~[na:na]
	at com.sun.proxy.$Proxy6.processTestClass(Unknown Source) ~[na:na]
	at org.gradle.api.internal.tasks.testing.worker.TestWorker$2.run(TestWorker.java:183) ~[na:na]
	at org.gradle.api.internal.tasks.testing.worker.TestWorker.executeAndMaintainThreadName(TestWorker.java:132) ~[na:na]
	at org.gradle.api.internal.tasks.testing.worker.TestWorker.execute(TestWorker.java:103) ~[na:na]
	at org.gradle.api.internal.tasks.testing.worker.TestWorker.execute(TestWorker.java:63) ~[na:na]
	at org.gradle.process.internal.worker.child.ActionExecutionWorker.execute(ActionExecutionWorker.java:56) ~[na:na]
	at org.gradle.process.internal.worker.child.SystemApplicationClassLoaderWorker.call(SystemApplicationClassLoaderWorker.java:122) ~[na:na]
	at org.gradle.process.internal.worker.child.SystemApplicationClassLoaderWorker.call(SystemApplicationClassLoaderWorker.java:72) ~[na:na]
	at worker.org.gradle.process.internal.worker.GradleWorkerMain.run(GradleWorkerMain.java:69) ~[gradle-worker.jar:na]
	at worker.org.gradle.process.internal.worker.GradleWorkerMain.main(GradleWorkerMain.java:74) ~[gradle-worker.jar:na]
Caused by: org.h2.jdbc.JdbcSQLSyntaxErrorException: Syntax error in SQL statement "TRUNCATE ""public""[*].SEMESTER_DAY, ""public"".SEMESTER_PERIOD, ""public"".PERIODS, ""public"".SEMESTERS, ""public"".GROUPS, ""public"".STUDENTS, ""public"".SEMESTER_GROUP RESTART IDENTITY CASCADE"; expected "TABLE"; SQL statement:
TRUNCATE "public".semester_day, "public".semester_period, "public".periods, "public".semesters, "public".groups, "public".students, "public".semester_group RESTART IDENTITY CASCADE [42001-200]
	at org.h2.message.DbException.getJdbcSQLException(DbException.java:453) ~[h2-1.4.200.jar:1.4.200]
	at org.h2.message.DbException.getJdbcSQLException(DbException.java:429) ~[h2-1.4.200.jar:1.4.200]
	at org.h2.message.DbException.getSyntaxError(DbException.java:243) ~[h2-1.4.200.jar:1.4.200]
	at org.h2.command.Parser.getSyntaxError(Parser.java:1053) ~[h2-1.4.200.jar:1.4.200]
	at org.h2.command.Parser.read(Parser.java:4995) ~[h2-1.4.200.jar:1.4.200]
	at org.h2.command.Parser.parseTruncate(Parser.java:2137) ~[h2-1.4.200.jar:1.4.200]
	at org.h2.command.Parser.parsePrepared(Parser.java:1000) ~[h2-1.4.200.jar:1.4.200]
	at org.h2.command.Parser.parse(Parser.java:843) ~[h2-1.4.200.jar:1.4.200]
	at org.h2.command.Parser.parse(Parser.java:819) ~[h2-1.4.200.jar:1.4.200]
	at org.h2.command.Parser.prepareCommand(Parser.java:738) ~[h2-1.4.200.jar:1.4.200]
	at org.h2.engine.Session.prepareLocal(Session.java:657) ~[h2-1.4.200.jar:1.4.200]
	at org.h2.engine.Session.prepareCommand(Session.java:595) ~[h2-1.4.200.jar:1.4.200]
	at org.h2.jdbc.JdbcConnection.prepareCommand(JdbcConnection.java:1235) ~[h2-1.4.200.jar:1.4.200]
	at org.h2.jdbc.JdbcStatement.executeInternal(JdbcStatement.java:212) ~[h2-1.4.200.jar:1.4.200]
	at org.h2.jdbc.JdbcStatement.execute(JdbcStatement.java:201) ~[h2-1.4.200.jar:1.4.200]
	at com.mchange.v2.c3p0.impl.NewProxyStatement.execute(NewProxyStatement.java:75) ~[c3p0-0.9.5.4.jar:0.9.5.4]
	at org.springframework.jdbc.datasource.init.ScriptUtils.executeSqlScript(ScriptUtils.java:601) ~[spring-jdbc-5.2.4.RELEASE.jar:5.2.4.RELEASE]
	... 53 common frames omitted
[WARN ] 2025-06-26 14:47:44.745 [Test worker] o.s.t.c.TestContextManager - Caught exception while invoking 'beforeTestMethod' callback on TestExecutionListener [org.springframework.test.context.jdbc.SqlScriptsTestExecutionListener@14deab5] for test method [public void com.softserve.controller.SemesterControllerTest.deleteExistSemester() throws java.lang.Exception] and test instance [com.softserve.controller.SemesterControllerTest@2a8c248e]
org.springframework.jdbc.datasource.init.ScriptStatementFailedException: Failed to execute SQL script statement #1 of class path resource [create-semesters-before.sql]: TRUNCATE "public".semester_day, "public".semester_period, "public".periods, "public".semesters, "public".groups, "public".students, "public".semester_group RESTART IDENTITY CASCADE; nested exception is org.h2.jdbc.JdbcSQLSyntaxErrorException: Syntax error in SQL statement "TRUNCATE ""public""[*].SEMESTER_DAY, ""public"".SEMESTER_PERIOD, ""public"".PERIODS, ""public"".SEMESTERS, ""public"".GROUPS, ""public"".STUDENTS, ""public"".SEMESTER_GROUP RESTART IDENTITY CASCADE"; expected "TABLE"; SQL statement:
TRUNCATE "public".semester_day, "public".semester_period, "public".periods, "public".semesters, "public".groups, "public".students, "public".semester_group RESTART IDENTITY CASCADE [42001-200]
	at org.springframework.jdbc.datasource.init.ScriptUtils.executeSqlScript(ScriptUtils.java:622) ~[spring-jdbc-5.2.4.RELEASE.jar:5.2.4.RELEASE]
	at org.springframework.jdbc.datasource.init.ResourceDatabasePopulator.populate(ResourceDatabasePopulator.java:254) ~[spring-jdbc-5.2.4.RELEASE.jar:5.2.4.RELEASE]
	at org.springframework.jdbc.datasource.init.DatabasePopulatorUtils.execute(DatabasePopulatorUtils.java:49) ~[spring-jdbc-5.2.4.RELEASE.jar:5.2.4.RELEASE]
	at org.springframework.jdbc.datasource.init.ResourceDatabasePopulator.execute(ResourceDatabasePopulator.java:269) ~[spring-jdbc-5.2.4.RELEASE.jar:5.2.4.RELEASE]
	at org.springframework.test.context.jdbc.SqlScriptsTestExecutionListener.lambda$executeSqlScripts$4(SqlScriptsTestExecutionListener.java:263) ~[spring-test-5.2.5.RELEASE.jar:5.2.5.RELEASE]
	at org.springframework.transaction.support.TransactionOperations.lambda$executeWithoutResult$0(TransactionOperations.java:68) ~[spring-tx-5.2.4.RELEASE.jar:5.2.4.RELEASE]
	at org.springframework.transaction.support.TransactionTemplate.execute(TransactionTemplate.java:140) ~[spring-tx-5.2.4.RELEASE.jar:5.2.4.RELEASE]
	at org.springframework.transaction.support.TransactionOperations.executeWithoutResult(TransactionOperations.java:67) ~[spring-tx-5.2.4.RELEASE.jar:5.2.4.RELEASE]
	at org.springframework.test.context.jdbc.SqlScriptsTestExecutionListener.executeSqlScripts(SqlScriptsTestExecutionListener.java:263) ~[spring-test-5.2.5.RELEASE.jar:5.2.5.RELEASE]
	at org.springframework.test.context.jdbc.SqlScriptsTestExecutionListener.lambda$executeSqlScripts$0(SqlScriptsTestExecutionListener.java:185) ~[spring-test-5.2.5.RELEASE.jar:5.2.5.RELEASE]
	at java.base/java.lang.Iterable.forEach(Iterable.java:75) ~[na:na]
	at org.springframework.test.context.jdbc.SqlScriptsTestExecutionListener.executeSqlScripts(SqlScriptsTestExecutionListener.java:185) ~[spring-test-5.2.5.RELEASE.jar:5.2.5.RELEASE]
	at org.springframework.test.context.jdbc.SqlScriptsTestExecutionListener.executeSqlScripts(SqlScriptsTestExecutionListener.java:147) ~[spring-test-5.2.5.RELEASE.jar:5.2.5.RELEASE]
	at org.springframework.test.context.jdbc.SqlScriptsTestExecutionListener.beforeTestMethod(SqlScriptsTestExecutionListener.java:117) ~[spring-test-5.2.5.RELEASE.jar:5.2.5.RELEASE]
	at org.springframework.test.context.TestContextManager.beforeTestMethod(TestContextManager.java:289) ~[spring-test-5.2.5.RELEASE.jar:5.2.5.RELEASE]
	at org.springframework.test.context.junit4.statements.RunBeforeTestMethodCallbacks.evaluate(RunBeforeTestMethodCallbacks.java:74) ~[spring-test-5.2.5.RELEASE.jar:5.2.5.RELEASE]
	at org.springframework.test.context.junit4.statements.RunAfterTestMethodCallbacks.evaluate(RunAfterTestMethodCallbacks.java:86) ~[spring-test-5.2.5.RELEASE.jar:5.2.5.RELEASE]
	at org.springframework.test.context.junit4.statements.SpringRepeat.evaluate(SpringRepeat.java:84) ~[spring-test-5.2.5.RELEASE.jar:5.2.5.RELEASE]
	at org.junit.runners.ParentRunner.runLeaf(ParentRunner.java:366) ~[junit-4.13.1.jar:4.13.1]
	at org.springframework.test.context.junit4.SpringJUnit4ClassRunner.runChild(SpringJUnit4ClassRunner.java:251) ~[spring-test-5.2.5.RELEASE.jar:5.2.5.RELEASE]
	at org.springframework.test.context.junit4.SpringJUnit4ClassRunner.runChild(SpringJUnit4ClassRunner.java:97) ~[spring-test-5.2.5.RELEASE.jar:5.2.5.RELEASE]
	at org.junit.runners.ParentRunner$4.run(ParentRunner.java:331) ~[junit-4.13.1.jar:4.13.1]
	at org.junit.runners.ParentRunner$1.schedule(ParentRunner.java:79) ~[junit-4.13.1.jar:4.13.1]
	at org.junit.runners.ParentRunner.runChildren(ParentRunner.java:329) ~[junit-4.13.1.jar:4.13.1]
	at org.junit.runners.ParentRunner.access$100(ParentRunner.java:66) ~[junit-4.13.1.jar:4.13.1]
	at org.junit.runners.ParentRunner$2.evaluate(ParentRunner.java:293) ~[junit-4.13.1.jar:4.13.1]
	at org.springframework.test.context.junit4.statements.RunBeforeTestClassCallbacks.evaluate(RunBeforeTestClassCallbacks.java:61) ~[spring-test-5.2.5.RELEASE.jar:5.2.5.RELEASE]
	at org.springframework.test.context.junit4.statements.RunAfterTestClassCallbacks.evaluate(RunAfterTestClassCallbacks.java:70) ~[spring-test-5.2.5.RELEASE.jar:5.2.5.RELEASE]
	at org.junit.runners.ParentRunner$3.evaluate(ParentRunner.java:306) ~[junit-4.13.1.jar:4.13.1]
	at org.junit.runners.ParentRunner.run(ParentRunner.java:413) ~[junit-4.13.1.jar:4.13.1]
	at org.springframework.test.context.junit4.SpringJUnit4ClassRunner.run(SpringJUnit4ClassRunner.java:190) ~[spring-test-5.2.5.RELEASE.jar:5.2.5.RELEASE]
	at org.gradle.api.internal.tasks.testing.junit.JUnitTestClassExecutor.runTestClass(JUnitTestClassExecutor.java:112) ~[na:na]
	at org.gradle.api.internal.tasks.testing.junit.JUnitTestClassExecutor.execute(JUnitTestClassExecutor.java:58) ~[na:na]
	at org.gradle.api.internal.tasks.testing.junit.JUnitTestClassExecutor.execute(JUnitTestClassExecutor.java:40) ~[na:na]
	at org.gradle.api.internal.tasks.testing.junit.AbstractJUnitTestClassProcessor.processTestClass(AbstractJUnitTestClassProcessor.java:54) ~[na:na]
	at org.gradle.api.internal.tasks.testing.SuiteTestClassProcessor.processTestClass(SuiteTestClassProcessor.java:53) ~[na:na]
	at java.base/jdk.internal.reflect.NativeMethodAccessorImpl.invoke0(Native Method) ~[na:na]
	at java.base/jdk.internal.reflect.NativeMethodAccessorImpl.invoke(NativeMethodAccessorImpl.java:62) ~[na:na]
	at java.base/jdk.internal.reflect.DelegatingMethodAccessorImpl.invoke(DelegatingMethodAccessorImpl.java:43) ~[na:na]
	at java.base/java.lang.reflect.Method.invoke(Method.java:566) ~[na:na]
	at org.gradle.internal.dispatch.ReflectionDispatch.dispatch(ReflectionDispatch.java:36) ~[na:na]
	at org.gradle.internal.dispatch.ReflectionDispatch.dispatch(ReflectionDispatch.java:24) ~[na:na]
	at org.gradle.internal.dispatch.ContextClassLoaderDispatch.dispatch(ContextClassLoaderDispatch.java:33) ~[na:na]
	at org.gradle.internal.dispatch.ProxyDispatchAdapter$DispatchingInvocationHandler.invoke(ProxyDispatchAdapter.java:92) ~[na:na]
	at com.sun.proxy.$Proxy6.processTestClass(Unknown Source) ~[na:na]
	at org.gradle.api.internal.tasks.testing.worker.TestWorker$2.run(TestWorker.java:183) ~[na:na]
	at org.gradle.api.internal.tasks.testing.worker.TestWorker.executeAndMaintainThreadName(TestWorker.java:132) ~[na:na]
	at org.gradle.api.internal.tasks.testing.worker.TestWorker.execute(TestWorker.java:103) ~[na:na]
	at org.gradle.api.internal.tasks.testing.worker.TestWorker.execute(TestWorker.java:63) ~[na:na]
	at org.gradle.process.internal.worker.child.ActionExecutionWorker.execute(ActionExecutionWorker.java:56) ~[na:na]
	at org.gradle.process.internal.worker.child.SystemApplicationClassLoaderWorker.call(SystemApplicationClassLoaderWorker.java:122) ~[na:na]
	at org.gradle.process.internal.worker.child.SystemApplicationClassLoaderWorker.call(SystemApplicationClassLoaderWorker.java:72) ~[na:na]
	at worker.org.gradle.process.internal.worker.GradleWorkerMain.run(GradleWorkerMain.java:69) ~[gradle-worker.jar:na]
	at worker.org.gradle.process.internal.worker.GradleWorkerMain.main(GradleWorkerMain.java:74) ~[gradle-worker.jar:na]
Caused by: org.h2.jdbc.JdbcSQLSyntaxErrorException: Syntax error in SQL statement "TRUNCATE ""public""[*].SEMESTER_DAY, ""public"".SEMESTER_PERIOD, ""public"".PERIODS, ""public"".SEMESTERS, ""public"".GROUPS, ""public"".STUDENTS, ""public"".SEMESTER_GROUP RESTART IDENTITY CASCADE"; expected "TABLE"; SQL statement:
TRUNCATE "public".semester_day, "public".semester_period, "public".periods, "public".semesters, "public".groups, "public".students, "public".semester_group RESTART IDENTITY CASCADE [42001-200]
	at org.h2.message.DbException.getJdbcSQLException(DbException.java:453) ~[h2-1.4.200.jar:1.4.200]
	at org.h2.message.DbException.getJdbcSQLException(DbException.java:429) ~[h2-1.4.200.jar:1.4.200]
	at org.h2.message.DbException.getSyntaxError(DbException.java:243) ~[h2-1.4.200.jar:1.4.200]
	at org.h2.command.Parser.getSyntaxError(Parser.java:1053) ~[h2-1.4.200.jar:1.4.200]
	at org.h2.command.Parser.read(Parser.java:4995) ~[h2-1.4.200.jar:1.4.200]
	at org.h2.command.Parser.parseTruncate(Parser.java:2137) ~[h2-1.4.200.jar:1.4.200]
	at org.h2.command.Parser.parsePrepared(Parser.java:1000) ~[h2-1.4.200.jar:1.4.200]
	at org.h2.command.Parser.parse(Parser.java:843) ~[h2-1.4.200.jar:1.4.200]
	at org.h2.command.Parser.parse(Parser.java:819) ~[h2-1.4.200.jar:1.4.200]
	at org.h2.command.Parser.prepareCommand(Parser.java:738) ~[h2-1.4.200.jar:1.4.200]
	at org.h2.engine.Session.prepareLocal(Session.java:657) ~[h2-1.4.200.jar:1.4.200]
	at org.h2.engine.Session.prepareCommand(Session.java:595) ~[h2-1.4.200.jar:1.4.200]
	at org.h2.jdbc.JdbcConnection.prepareCommand(JdbcConnection.java:1235) ~[h2-1.4.200.jar:1.4.200]
	at org.h2.jdbc.JdbcStatement.executeInternal(JdbcStatement.java:212) ~[h2-1.4.200.jar:1.4.200]
	at org.h2.jdbc.JdbcStatement.execute(JdbcStatement.java:201) ~[h2-1.4.200.jar:1.4.200]
	at com.mchange.v2.c3p0.impl.NewProxyStatement.execute(NewProxyStatement.java:75) ~[c3p0-0.9.5.4.jar:0.9.5.4]
	at org.springframework.jdbc.datasource.init.ScriptUtils.executeSqlScript(ScriptUtils.java:601) ~[spring-jdbc-5.2.4.RELEASE.jar:5.2.4.RELEASE]
	... 53 common frames omitted
[WARN ] 2025-06-26 14:47:44.756 [Test worker] o.s.t.c.TestContextManager - Caught exception while invoking 'beforeTestMethod' callback on TestExecutionListener [org.springframework.test.context.jdbc.SqlScriptsTestExecutionListener@14deab5] for test method [public void com.softserve.controller.SemesterControllerTest.returnBadRequestIfSavedStartDayBeginAfterEndDay() throws java.lang.Exception] and test instance [com.softserve.controller.SemesterControllerTest@7a7348d3]
org.springframework.jdbc.datasource.init.ScriptStatementFailedException: Failed to execute SQL script statement #1 of class path resource [create-semesters-before.sql]: TRUNCATE "public".semester_day, "public".semester_period, "public".periods, "public".semesters, "public".groups, "public".students, "public".semester_group RESTART IDENTITY CASCADE; nested exception is org.h2.jdbc.JdbcSQLSyntaxErrorException: Syntax error in SQL statement "TRUNCATE ""public""[*].SEMESTER_DAY, ""public"".SEMESTER_PERIOD, ""public"".PERIODS, ""public"".SEMESTERS, ""public"".GROUPS, ""public"".STUDENTS, ""public"".SEMESTER_GROUP RESTART IDENTITY CASCADE"; expected "TABLE"; SQL statement:
TRUNCATE "public".semester_day, "public".semester_period, "public".periods, "public".semesters, "public".groups, "public".students, "public".semester_group RESTART IDENTITY CASCADE [42001-200]
	at org.springframework.jdbc.datasource.init.ScriptUtils.executeSqlScript(ScriptUtils.java:622) ~[spring-jdbc-5.2.4.RELEASE.jar:5.2.4.RELEASE]
	at org.springframework.jdbc.datasource.init.ResourceDatabasePopulator.populate(ResourceDatabasePopulator.java:254) ~[spring-jdbc-5.2.4.RELEASE.jar:5.2.4.RELEASE]
	at org.springframework.jdbc.datasource.init.DatabasePopulatorUtils.execute(DatabasePopulatorUtils.java:49) ~[spring-jdbc-5.2.4.RELEASE.jar:5.2.4.RELEASE]
	at org.springframework.jdbc.datasource.init.ResourceDatabasePopulator.execute(ResourceDatabasePopulator.java:269) ~[spring-jdbc-5.2.4.RELEASE.jar:5.2.4.RELEASE]
	at org.springframework.test.context.jdbc.SqlScriptsTestExecutionListener.lambda$executeSqlScripts$4(SqlScriptsTestExecutionListener.java:263) ~[spring-test-5.2.5.RELEASE.jar:5.2.5.RELEASE]
	at org.springframework.transaction.support.TransactionOperations.lambda$executeWithoutResult$0(TransactionOperations.java:68) ~[spring-tx-5.2.4.RELEASE.jar:5.2.4.RELEASE]
	at org.springframework.transaction.support.TransactionTemplate.execute(TransactionTemplate.java:140) ~[spring-tx-5.2.4.RELEASE.jar:5.2.4.RELEASE]
	at org.springframework.transaction.support.TransactionOperations.executeWithoutResult(TransactionOperations.java:67) ~[spring-tx-5.2.4.RELEASE.jar:5.2.4.RELEASE]
	at org.springframework.test.context.jdbc.SqlScriptsTestExecutionListener.executeSqlScripts(SqlScriptsTestExecutionListener.java:263) ~[spring-test-5.2.5.RELEASE.jar:5.2.5.RELEASE]
	at org.springframework.test.context.jdbc.SqlScriptsTestExecutionListener.lambda$executeSqlScripts$0(SqlScriptsTestExecutionListener.java:185) ~[spring-test-5.2.5.RELEASE.jar:5.2.5.RELEASE]
	at java.base/java.lang.Iterable.forEach(Iterable.java:75) ~[na:na]
	at org.springframework.test.context.jdbc.SqlScriptsTestExecutionListener.executeSqlScripts(SqlScriptsTestExecutionListener.java:185) ~[spring-test-5.2.5.RELEASE.jar:5.2.5.RELEASE]
	at org.springframework.test.context.jdbc.SqlScriptsTestExecutionListener.executeSqlScripts(SqlScriptsTestExecutionListener.java:147) ~[spring-test-5.2.5.RELEASE.jar:5.2.5.RELEASE]
	at org.springframework.test.context.jdbc.SqlScriptsTestExecutionListener.beforeTestMethod(SqlScriptsTestExecutionListener.java:117) ~[spring-test-5.2.5.RELEASE.jar:5.2.5.RELEASE]
	at org.springframework.test.context.TestContextManager.beforeTestMethod(TestContextManager.java:289) ~[spring-test-5.2.5.RELEASE.jar:5.2.5.RELEASE]
	at org.springframework.test.context.junit4.statements.RunBeforeTestMethodCallbacks.evaluate(RunBeforeTestMethodCallbacks.java:74) ~[spring-test-5.2.5.RELEASE.jar:5.2.5.RELEASE]
	at org.springframework.test.context.junit4.statements.RunAfterTestMethodCallbacks.evaluate(RunAfterTestMethodCallbacks.java:86) ~[spring-test-5.2.5.RELEASE.jar:5.2.5.RELEASE]
	at org.springframework.test.context.junit4.statements.SpringRepeat.evaluate(SpringRepeat.java:84) ~[spring-test-5.2.5.RELEASE.jar:5.2.5.RELEASE]
	at org.junit.runners.ParentRunner.runLeaf(ParentRunner.java:366) ~[junit-4.13.1.jar:4.13.1]
	at org.springframework.test.context.junit4.SpringJUnit4ClassRunner.runChild(SpringJUnit4ClassRunner.java:251) ~[spring-test-5.2.5.RELEASE.jar:5.2.5.RELEASE]
	at org.springframework.test.context.junit4.SpringJUnit4ClassRunner.runChild(SpringJUnit4ClassRunner.java:97) ~[spring-test-5.2.5.RELEASE.jar:5.2.5.RELEASE]
	at org.junit.runners.ParentRunner$4.run(ParentRunner.java:331) ~[junit-4.13.1.jar:4.13.1]
	at org.junit.runners.ParentRunner$1.schedule(ParentRunner.java:79) ~[junit-4.13.1.jar:4.13.1]
	at org.junit.runners.ParentRunner.runChildren(ParentRunner.java:329) ~[junit-4.13.1.jar:4.13.1]
	at org.junit.runners.ParentRunner.access$100(ParentRunner.java:66) ~[junit-4.13.1.jar:4.13.1]
	at org.junit.runners.ParentRunner$2.evaluate(ParentRunner.java:293) ~[junit-4.13.1.jar:4.13.1]
	at org.springframework.test.context.junit4.statements.RunBeforeTestClassCallbacks.evaluate(RunBeforeTestClassCallbacks.java:61) ~[spring-test-5.2.5.RELEASE.jar:5.2.5.RELEASE]
	at org.springframework.test.context.junit4.statements.RunAfterTestClassCallbacks.evaluate(RunAfterTestClassCallbacks.java:70) ~[spring-test-5.2.5.RELEASE.jar:5.2.5.RELEASE]
	at org.junit.runners.ParentRunner$3.evaluate(ParentRunner.java:306) ~[junit-4.13.1.jar:4.13.1]
	at org.junit.runners.ParentRunner.run(ParentRunner.java:413) ~[junit-4.13.1.jar:4.13.1]
	at org.springframework.test.context.junit4.SpringJUnit4ClassRunner.run(SpringJUnit4ClassRunner.java:190) ~[spring-test-5.2.5.RELEASE.jar:5.2.5.RELEASE]
	at org.gradle.api.internal.tasks.testing.junit.JUnitTestClassExecutor.runTestClass(JUnitTestClassExecutor.java:112) ~[na:na]
	at org.gradle.api.internal.tasks.testing.junit.JUnitTestClassExecutor.execute(JUnitTestClassExecutor.java:58) ~[na:na]
	at org.gradle.api.internal.tasks.testing.junit.JUnitTestClassExecutor.execute(JUnitTestClassExecutor.java:40) ~[na:na]
	at org.gradle.api.internal.tasks.testing.junit.AbstractJUnitTestClassProcessor.processTestClass(AbstractJUnitTestClassProcessor.java:54) ~[na:na]
	at org.gradle.api.internal.tasks.testing.SuiteTestClassProcessor.processTestClass(SuiteTestClassProcessor.java:53) ~[na:na]
	at java.base/jdk.internal.reflect.NativeMethodAccessorImpl.invoke0(Native Method) ~[na:na]
	at java.base/jdk.internal.reflect.NativeMethodAccessorImpl.invoke(NativeMethodAccessorImpl.java:62) ~[na:na]
	at java.base/jdk.internal.reflect.DelegatingMethodAccessorImpl.invoke(DelegatingMethodAccessorImpl.java:43) ~[na:na]
	at java.base/java.lang.reflect.Method.invoke(Method.java:566) ~[na:na]
	at org.gradle.internal.dispatch.ReflectionDispatch.dispatch(ReflectionDispatch.java:36) ~[na:na]
	at org.gradle.internal.dispatch.ReflectionDispatch.dispatch(ReflectionDispatch.java:24) ~[na:na]
	at org.gradle.internal.dispatch.ContextClassLoaderDispatch.dispatch(ContextClassLoaderDispatch.java:33) ~[na:na]
	at org.gradle.internal.dispatch.ProxyDispatchAdapter$DispatchingInvocationHandler.invoke(ProxyDispatchAdapter.java:92) ~[na:na]
	at com.sun.proxy.$Proxy6.processTestClass(Unknown Source) ~[na:na]
	at org.gradle.api.internal.tasks.testing.worker.TestWorker$2.run(TestWorker.java:183) ~[na:na]
	at org.gradle.api.internal.tasks.testing.worker.TestWorker.executeAndMaintainThreadName(TestWorker.java:132) ~[na:na]
	at org.gradle.api.internal.tasks.testing.worker.TestWorker.execute(TestWorker.java:103) ~[na:na]
	at org.gradle.api.internal.tasks.testing.worker.TestWorker.execute(TestWorker.java:63) ~[na:na]
	at org.gradle.process.internal.worker.child.ActionExecutionWorker.execute(ActionExecutionWorker.java:56) ~[na:na]
	at org.gradle.process.internal.worker.child.SystemApplicationClassLoaderWorker.call(SystemApplicationClassLoaderWorker.java:122) ~[na:na]
	at org.gradle.process.internal.worker.child.SystemApplicationClassLoaderWorker.call(SystemApplicationClassLoaderWorker.java:72) ~[na:na]
	at worker.org.gradle.process.internal.worker.GradleWorkerMain.run(GradleWorkerMain.java:69) ~[gradle-worker.jar:na]
	at worker.org.gradle.process.internal.worker.GradleWorkerMain.main(GradleWorkerMain.java:74) ~[gradle-worker.jar:na]
Caused by: org.h2.jdbc.JdbcSQLSyntaxErrorException: Syntax error in SQL statement "TRUNCATE ""public""[*].SEMESTER_DAY, ""public"".SEMESTER_PERIOD, ""public"".PERIODS, ""public"".SEMESTERS, ""public"".GROUPS, ""public"".STUDENTS, ""public"".SEMESTER_GROUP RESTART IDENTITY CASCADE"; expected "TABLE"; SQL statement:
TRUNCATE "public".semester_day, "public".semester_period, "public".periods, "public".semesters, "public".groups, "public".students, "public".semester_group RESTART IDENTITY CASCADE [42001-200]
	at org.h2.message.DbException.getJdbcSQLException(DbException.java:453) ~[h2-1.4.200.jar:1.4.200]
	at org.h2.message.DbException.getJdbcSQLException(DbException.java:429) ~[h2-1.4.200.jar:1.4.200]
	at org.h2.message.DbException.getSyntaxError(DbException.java:243) ~[h2-1.4.200.jar:1.4.200]
	at org.h2.command.Parser.getSyntaxError(Parser.java:1053) ~[h2-1.4.200.jar:1.4.200]
	at org.h2.command.Parser.read(Parser.java:4995) ~[h2-1.4.200.jar:1.4.200]
	at org.h2.command.Parser.parseTruncate(Parser.java:2137) ~[h2-1.4.200.jar:1.4.200]
	at org.h2.command.Parser.parsePrepared(Parser.java:1000) ~[h2-1.4.200.jar:1.4.200]
	at org.h2.command.Parser.parse(Parser.java:843) ~[h2-1.4.200.jar:1.4.200]
	at org.h2.command.Parser.parse(Parser.java:819) ~[h2-1.4.200.jar:1.4.200]
	at org.h2.command.Parser.prepareCommand(Parser.java:738) ~[h2-1.4.200.jar:1.4.200]
	at org.h2.engine.Session.prepareLocal(Session.java:657) ~[h2-1.4.200.jar:1.4.200]
	at org.h2.engine.Session.prepareCommand(Session.java:595) ~[h2-1.4.200.jar:1.4.200]
	at org.h2.jdbc.JdbcConnection.prepareCommand(JdbcConnection.java:1235) ~[h2-1.4.200.jar:1.4.200]
	at org.h2.jdbc.JdbcStatement.executeInternal(JdbcStatement.java:212) ~[h2-1.4.200.jar:1.4.200]
	at org.h2.jdbc.JdbcStatement.execute(JdbcStatement.java:201) ~[h2-1.4.200.jar:1.4.200]
	at com.mchange.v2.c3p0.impl.NewProxyStatement.execute(NewProxyStatement.java:75) ~[c3p0-0.9.5.4.jar:0.9.5.4]
	at org.springframework.jdbc.datasource.init.ScriptUtils.executeSqlScript(ScriptUtils.java:601) ~[spring-jdbc-5.2.4.RELEASE.jar:5.2.4.RELEASE]
	... 53 common frames omitted
[WARN ] 2025-06-26 14:47:44.766 [Test worker] o.s.t.c.TestContextManager - Caught exception while invoking 'beforeTestMethod' callback on TestExecutionListener [org.springframework.test.context.jdbc.SqlScriptsTestExecutionListener@14deab5] for test method [public void com.softserve.controller.SemesterControllerTest.returnNotFoundIfSemesterNotFoundedById() throws java.lang.Exception] and test instance [com.softserve.controller.SemesterControllerTest@74ca8a6c]
org.springframework.jdbc.datasource.init.ScriptStatementFailedException: Failed to execute SQL script statement #1 of class path resource [create-semesters-before.sql]: TRUNCATE "public".semester_day, "public".semester_period, "public".periods, "public".semesters, "public".groups, "public".students, "public".semester_group RESTART IDENTITY CASCADE; nested exception is org.h2.jdbc.JdbcSQLSyntaxErrorException: Syntax error in SQL statement "TRUNCATE ""public""[*].SEMESTER_DAY, ""public"".SEMESTER_PERIOD, ""public"".PERIODS, ""public"".SEMESTERS, ""public"".GROUPS, ""public"".STUDENTS, ""public"".SEMESTER_GROUP RESTART IDENTITY CASCADE"; expected "TABLE"; SQL statement:
TRUNCATE "public".semester_day, "public".semester_period, "public".periods, "public".semesters, "public".groups, "public".students, "public".semester_group RESTART IDENTITY CASCADE [42001-200]
	at org.springframework.jdbc.datasource.init.ScriptUtils.executeSqlScript(ScriptUtils.java:622) ~[spring-jdbc-5.2.4.RELEASE.jar:5.2.4.RELEASE]
	at org.springframework.jdbc.datasource.init.ResourceDatabasePopulator.populate(ResourceDatabasePopulator.java:254) ~[spring-jdbc-5.2.4.RELEASE.jar:5.2.4.RELEASE]
	at org.springframework.jdbc.datasource.init.DatabasePopulatorUtils.execute(DatabasePopulatorUtils.java:49) ~[spring-jdbc-5.2.4.RELEASE.jar:5.2.4.RELEASE]
	at org.springframework.jdbc.datasource.init.ResourceDatabasePopulator.execute(ResourceDatabasePopulator.java:269) ~[spring-jdbc-5.2.4.RELEASE.jar:5.2.4.RELEASE]
	at org.springframework.test.context.jdbc.SqlScriptsTestExecutionListener.lambda$executeSqlScripts$4(SqlScriptsTestExecutionListener.java:263) ~[spring-test-5.2.5.RELEASE.jar:5.2.5.RELEASE]
	at org.springframework.transaction.support.TransactionOperations.lambda$executeWithoutResult$0(TransactionOperations.java:68) ~[spring-tx-5.2.4.RELEASE.jar:5.2.4.RELEASE]
	at org.springframework.transaction.support.TransactionTemplate.execute(TransactionTemplate.java:140) ~[spring-tx-5.2.4.RELEASE.jar:5.2.4.RELEASE]
	at org.springframework.transaction.support.TransactionOperations.executeWithoutResult(TransactionOperations.java:67) ~[spring-tx-5.2.4.RELEASE.jar:5.2.4.RELEASE]
	at org.springframework.test.context.jdbc.SqlScriptsTestExecutionListener.executeSqlScripts(SqlScriptsTestExecutionListener.java:263) ~[spring-test-5.2.5.RELEASE.jar:5.2.5.RELEASE]
	at org.springframework.test.context.jdbc.SqlScriptsTestExecutionListener.lambda$executeSqlScripts$0(SqlScriptsTestExecutionListener.java:185) ~[spring-test-5.2.5.RELEASE.jar:5.2.5.RELEASE]
	at java.base/java.lang.Iterable.forEach(Iterable.java:75) ~[na:na]
	at org.springframework.test.context.jdbc.SqlScriptsTestExecutionListener.executeSqlScripts(SqlScriptsTestExecutionListener.java:185) ~[spring-test-5.2.5.RELEASE.jar:5.2.5.RELEASE]
	at org.springframework.test.context.jdbc.SqlScriptsTestExecutionListener.executeSqlScripts(SqlScriptsTestExecutionListener.java:147) ~[spring-test-5.2.5.RELEASE.jar:5.2.5.RELEASE]
	at org.springframework.test.context.jdbc.SqlScriptsTestExecutionListener.beforeTestMethod(SqlScriptsTestExecutionListener.java:117) ~[spring-test-5.2.5.RELEASE.jar:5.2.5.RELEASE]
	at org.springframework.test.context.TestContextManager.beforeTestMethod(TestContextManager.java:289) ~[spring-test-5.2.5.RELEASE.jar:5.2.5.RELEASE]
	at org.springframework.test.context.junit4.statements.RunBeforeTestMethodCallbacks.evaluate(RunBeforeTestMethodCallbacks.java:74) ~[spring-test-5.2.5.RELEASE.jar:5.2.5.RELEASE]
	at org.springframework.test.context.junit4.statements.RunAfterTestMethodCallbacks.evaluate(RunAfterTestMethodCallbacks.java:86) ~[spring-test-5.2.5.RELEASE.jar:5.2.5.RELEASE]
	at org.springframework.test.context.junit4.statements.SpringRepeat.evaluate(SpringRepeat.java:84) ~[spring-test-5.2.5.RELEASE.jar:5.2.5.RELEASE]
	at org.junit.runners.ParentRunner.runLeaf(ParentRunner.java:366) ~[junit-4.13.1.jar:4.13.1]
	at org.springframework.test.context.junit4.SpringJUnit4ClassRunner.runChild(SpringJUnit4ClassRunner.java:251) ~[spring-test-5.2.5.RELEASE.jar:5.2.5.RELEASE]
	at org.springframework.test.context.junit4.SpringJUnit4ClassRunner.runChild(SpringJUnit4ClassRunner.java:97) ~[spring-test-5.2.5.RELEASE.jar:5.2.5.RELEASE]
	at org.junit.runners.ParentRunner$4.run(ParentRunner.java:331) ~[junit-4.13.1.jar:4.13.1]
	at org.junit.runners.ParentRunner$1.schedule(ParentRunner.java:79) ~[junit-4.13.1.jar:4.13.1]
	at org.junit.runners.ParentRunner.runChildren(ParentRunner.java:329) ~[junit-4.13.1.jar:4.13.1]
	at org.junit.runners.ParentRunner.access$100(ParentRunner.java:66) ~[junit-4.13.1.jar:4.13.1]
	at org.junit.runners.ParentRunner$2.evaluate(ParentRunner.java:293) ~[junit-4.13.1.jar:4.13.1]
	at org.springframework.test.context.junit4.statements.RunBeforeTestClassCallbacks.evaluate(RunBeforeTestClassCallbacks.java:61) ~[spring-test-5.2.5.RELEASE.jar:5.2.5.RELEASE]
	at org.springframework.test.context.junit4.statements.RunAfterTestClassCallbacks.evaluate(RunAfterTestClassCallbacks.java:70) ~[spring-test-5.2.5.RELEASE.jar:5.2.5.RELEASE]
	at org.junit.runners.ParentRunner$3.evaluate(ParentRunner.java:306) ~[junit-4.13.1.jar:4.13.1]
	at org.junit.runners.ParentRunner.run(ParentRunner.java:413) ~[junit-4.13.1.jar:4.13.1]
	at org.springframework.test.context.junit4.SpringJUnit4ClassRunner.run(SpringJUnit4ClassRunner.java:190) ~[spring-test-5.2.5.RELEASE.jar:5.2.5.RELEASE]
	at org.gradle.api.internal.tasks.testing.junit.JUnitTestClassExecutor.runTestClass(JUnitTestClassExecutor.java:112) ~[na:na]
	at org.gradle.api.internal.tasks.testing.junit.JUnitTestClassExecutor.execute(JUnitTestClassExecutor.java:58) ~[na:na]
	at org.gradle.api.internal.tasks.testing.junit.JUnitTestClassExecutor.execute(JUnitTestClassExecutor.java:40) ~[na:na]
	at org.gradle.api.internal.tasks.testing.junit.AbstractJUnitTestClassProcessor.processTestClass(AbstractJUnitTestClassProcessor.java:54) ~[na:na]
	at org.gradle.api.internal.tasks.testing.SuiteTestClassProcessor.processTestClass(SuiteTestClassProcessor.java:53) ~[na:na]
	at java.base/jdk.internal.reflect.NativeMethodAccessorImpl.invoke0(Native Method) ~[na:na]
	at java.base/jdk.internal.reflect.NativeMethodAccessorImpl.invoke(NativeMethodAccessorImpl.java:62) ~[na:na]
	at java.base/jdk.internal.reflect.DelegatingMethodAccessorImpl.invoke(DelegatingMethodAccessorImpl.java:43) ~[na:na]
	at java.base/java.lang.reflect.Method.invoke(Method.java:566) ~[na:na]
	at org.gradle.internal.dispatch.ReflectionDispatch.dispatch(ReflectionDispatch.java:36) ~[na:na]
	at org.gradle.internal.dispatch.ReflectionDispatch.dispatch(ReflectionDispatch.java:24) ~[na:na]
	at org.gradle.internal.dispatch.ContextClassLoaderDispatch.dispatch(ContextClassLoaderDispatch.java:33) ~[na:na]
	at org.gradle.internal.dispatch.ProxyDispatchAdapter$DispatchingInvocationHandler.invoke(ProxyDispatchAdapter.java:92) ~[na:na]
	at com.sun.proxy.$Proxy6.processTestClass(Unknown Source) ~[na:na]
	at org.gradle.api.internal.tasks.testing.worker.TestWorker$2.run(TestWorker.java:183) ~[na:na]
	at org.gradle.api.internal.tasks.testing.worker.TestWorker.executeAndMaintainThreadName(TestWorker.java:132) ~[na:na]
	at org.gradle.api.internal.tasks.testing.worker.TestWorker.execute(TestWorker.java:103) ~[na:na]
	at org.gradle.api.internal.tasks.testing.worker.TestWorker.execute(TestWorker.java:63) ~[na:na]
	at org.gradle.process.internal.worker.child.ActionExecutionWorker.execute(ActionExecutionWorker.java:56) ~[na:na]
	at org.gradle.process.internal.worker.child.SystemApplicationClassLoaderWorker.call(SystemApplicationClassLoaderWorker.java:122) ~[na:na]
	at org.gradle.process.internal.worker.child.SystemApplicationClassLoaderWorker.call(SystemApplicationClassLoaderWorker.java:72) ~[na:na]
	at worker.org.gradle.process.internal.worker.GradleWorkerMain.run(GradleWorkerMain.java:69) ~[gradle-worker.jar:na]
	at worker.org.gradle.process.internal.worker.GradleWorkerMain.main(GradleWorkerMain.java:74) ~[gradle-worker.jar:na]
Caused by: org.h2.jdbc.JdbcSQLSyntaxErrorException: Syntax error in SQL statement "TRUNCATE ""public""[*].SEMESTER_DAY, ""public"".SEMESTER_PERIOD, ""public"".PERIODS, ""public"".SEMESTERS, ""public"".GROUPS, ""public"".STUDENTS, ""public"".SEMESTER_GROUP RESTART IDENTITY CASCADE"; expected "TABLE"; SQL statement:
TRUNCATE "public".semester_day, "public".semester_period, "public".periods, "public".semesters, "public".groups, "public".students, "public".semester_group RESTART IDENTITY CASCADE [42001-200]
	at org.h2.message.DbException.getJdbcSQLException(DbException.java:453) ~[h2-1.4.200.jar:1.4.200]
	at org.h2.message.DbException.getJdbcSQLException(DbException.java:429) ~[h2-1.4.200.jar:1.4.200]
	at org.h2.message.DbException.getSyntaxError(DbException.java:243) ~[h2-1.4.200.jar:1.4.200]
	at org.h2.command.Parser.getSyntaxError(Parser.java:1053) ~[h2-1.4.200.jar:1.4.200]
	at org.h2.command.Parser.read(Parser.java:4995) ~[h2-1.4.200.jar:1.4.200]
	at org.h2.command.Parser.parseTruncate(Parser.java:2137) ~[h2-1.4.200.jar:1.4.200]
	at org.h2.command.Parser.parsePrepared(Parser.java:1000) ~[h2-1.4.200.jar:1.4.200]
	at org.h2.command.Parser.parse(Parser.java:843) ~[h2-1.4.200.jar:1.4.200]
	at org.h2.command.Parser.parse(Parser.java:819) ~[h2-1.4.200.jar:1.4.200]
	at org.h2.command.Parser.prepareCommand(Parser.java:738) ~[h2-1.4.200.jar:1.4.200]
	at org.h2.engine.Session.prepareLocal(Session.java:657) ~[h2-1.4.200.jar:1.4.200]
	at org.h2.engine.Session.prepareCommand(Session.java:595) ~[h2-1.4.200.jar:1.4.200]
	at org.h2.jdbc.JdbcConnection.prepareCommand(JdbcConnection.java:1235) ~[h2-1.4.200.jar:1.4.200]
	at org.h2.jdbc.JdbcStatement.executeInternal(JdbcStatement.java:212) ~[h2-1.4.200.jar:1.4.200]
	at org.h2.jdbc.JdbcStatement.execute(JdbcStatement.java:201) ~[h2-1.4.200.jar:1.4.200]
	at com.mchange.v2.c3p0.impl.NewProxyStatement.execute(NewProxyStatement.java:75) ~[c3p0-0.9.5.4.jar:0.9.5.4]
	at org.springframework.jdbc.datasource.init.ScriptUtils.executeSqlScript(ScriptUtils.java:601) ~[spring-jdbc-5.2.4.RELEASE.jar:5.2.4.RELEASE]
	... 53 common frames omitted
[WARN ] 2025-06-26 14:47:44.775 [Test worker] o.s.t.c.TestContextManager - Caught exception while invoking 'beforeTestMethod' callback on TestExecutionListener [org.springframework.test.context.jdbc.SqlScriptsTestExecutionListener@14deab5] for test method [public void com.softserve.controller.SemesterControllerTest.returnBadRequestIfUpdatedStartDayBeginAfterEndDay() throws java.lang.Exception] and test instance [com.softserve.controller.SemesterControllerTest@12d730b]
org.springframework.jdbc.datasource.init.ScriptStatementFailedException: Failed to execute SQL script statement #1 of class path resource [create-semesters-before.sql]: TRUNCATE "public".semester_day, "public".semester_period, "public".periods, "public".semesters, "public".groups, "public".students, "public".semester_group RESTART IDENTITY CASCADE; nested exception is org.h2.jdbc.JdbcSQLSyntaxErrorException: Syntax error in SQL statement "TRUNCATE ""public""[*].SEMESTER_DAY, ""public"".SEMESTER_PERIOD, ""public"".PERIODS, ""public"".SEMESTERS, ""public"".GROUPS, ""public"".STUDENTS, ""public"".SEMESTER_GROUP RESTART IDENTITY CASCADE"; expected "TABLE"; SQL statement:
TRUNCATE "public".semester_day, "public".semester_period, "public".periods, "public".semesters, "public".groups, "public".students, "public".semester_group RESTART IDENTITY CASCADE [42001-200]
	at org.springframework.jdbc.datasource.init.ScriptUtils.executeSqlScript(ScriptUtils.java:622) ~[spring-jdbc-5.2.4.RELEASE.jar:5.2.4.RELEASE]
	at org.springframework.jdbc.datasource.init.ResourceDatabasePopulator.populate(ResourceDatabasePopulator.java:254) ~[spring-jdbc-5.2.4.RELEASE.jar:5.2.4.RELEASE]
	at org.springframework.jdbc.datasource.init.DatabasePopulatorUtils.execute(DatabasePopulatorUtils.java:49) ~[spring-jdbc-5.2.4.RELEASE.jar:5.2.4.RELEASE]
	at org.springframework.jdbc.datasource.init.ResourceDatabasePopulator.execute(ResourceDatabasePopulator.java:269) ~[spring-jdbc-5.2.4.RELEASE.jar:5.2.4.RELEASE]
	at org.springframework.test.context.jdbc.SqlScriptsTestExecutionListener.lambda$executeSqlScripts$4(SqlScriptsTestExecutionListener.java:263) ~[spring-test-5.2.5.RELEASE.jar:5.2.5.RELEASE]
	at org.springframework.transaction.support.TransactionOperations.lambda$executeWithoutResult$0(TransactionOperations.java:68) ~[spring-tx-5.2.4.RELEASE.jar:5.2.4.RELEASE]
	at org.springframework.transaction.support.TransactionTemplate.execute(TransactionTemplate.java:140) ~[spring-tx-5.2.4.RELEASE.jar:5.2.4.RELEASE]
	at org.springframework.transaction.support.TransactionOperations.executeWithoutResult(TransactionOperations.java:67) ~[spring-tx-5.2.4.RELEASE.jar:5.2.4.RELEASE]
	at org.springframework.test.context.jdbc.SqlScriptsTestExecutionListener.executeSqlScripts(SqlScriptsTestExecutionListener.java:263) ~[spring-test-5.2.5.RELEASE.jar:5.2.5.RELEASE]
	at org.springframework.test.context.jdbc.SqlScriptsTestExecutionListener.lambda$executeSqlScripts$0(SqlScriptsTestExecutionListener.java:185) ~[spring-test-5.2.5.RELEASE.jar:5.2.5.RELEASE]
	at java.base/java.lang.Iterable.forEach(Iterable.java:75) ~[na:na]
	at org.springframework.test.context.jdbc.SqlScriptsTestExecutionListener.executeSqlScripts(SqlScriptsTestExecutionListener.java:185) ~[spring-test-5.2.5.RELEASE.jar:5.2.5.RELEASE]
	at org.springframework.test.context.jdbc.SqlScriptsTestExecutionListener.executeSqlScripts(SqlScriptsTestExecutionListener.java:147) ~[spring-test-5.2.5.RELEASE.jar:5.2.5.RELEASE]
	at org.springframework.test.context.jdbc.SqlScriptsTestExecutionListener.beforeTestMethod(SqlScriptsTestExecutionListener.java:117) ~[spring-test-5.2.5.RELEASE.jar:5.2.5.RELEASE]
	at org.springframework.test.context.TestContextManager.beforeTestMethod(TestContextManager.java:289) ~[spring-test-5.2.5.RELEASE.jar:5.2.5.RELEASE]
	at org.springframework.test.context.junit4.statements.RunBeforeTestMethodCallbacks.evaluate(RunBeforeTestMethodCallbacks.java:74) ~[spring-test-5.2.5.RELEASE.jar:5.2.5.RELEASE]
	at org.springframework.test.context.junit4.statements.RunAfterTestMethodCallbacks.evaluate(RunAfterTestMethodCallbacks.java:86) ~[spring-test-5.2.5.RELEASE.jar:5.2.5.RELEASE]
	at org.springframework.test.context.junit4.statements.SpringRepeat.evaluate(SpringRepeat.java:84) ~[spring-test-5.2.5.RELEASE.jar:5.2.5.RELEASE]
	at org.junit.runners.ParentRunner.runLeaf(ParentRunner.java:366) ~[junit-4.13.1.jar:4.13.1]
	at org.springframework.test.context.junit4.SpringJUnit4ClassRunner.runChild(SpringJUnit4ClassRunner.java:251) ~[spring-test-5.2.5.RELEASE.jar:5.2.5.RELEASE]
	at org.springframework.test.context.junit4.SpringJUnit4ClassRunner.runChild(SpringJUnit4ClassRunner.java:97) ~[spring-test-5.2.5.RELEASE.jar:5.2.5.RELEASE]
	at org.junit.runners.ParentRunner$4.run(ParentRunner.java:331) ~[junit-4.13.1.jar:4.13.1]
	at org.junit.runners.ParentRunner$1.schedule(ParentRunner.java:79) ~[junit-4.13.1.jar:4.13.1]
	at org.junit.runners.ParentRunner.runChildren(ParentRunner.java:329) ~[junit-4.13.1.jar:4.13.1]
	at org.junit.runners.ParentRunner.access$100(ParentRunner.java:66) ~[junit-4.13.1.jar:4.13.1]
	at org.junit.runners.ParentRunner$2.evaluate(ParentRunner.java:293) ~[junit-4.13.1.jar:4.13.1]
	at org.springframework.test.context.junit4.statements.RunBeforeTestClassCallbacks.evaluate(RunBeforeTestClassCallbacks.java:61) ~[spring-test-5.2.5.RELEASE.jar:5.2.5.RELEASE]
	at org.springframework.test.context.junit4.statements.RunAfterTestClassCallbacks.evaluate(RunAfterTestClassCallbacks.java:70) ~[spring-test-5.2.5.RELEASE.jar:5.2.5.RELEASE]
	at org.junit.runners.ParentRunner$3.evaluate(ParentRunner.java:306) ~[junit-4.13.1.jar:4.13.1]
	at org.junit.runners.ParentRunner.run(ParentRunner.java:413) ~[junit-4.13.1.jar:4.13.1]
	at org.springframework.test.context.junit4.SpringJUnit4ClassRunner.run(SpringJUnit4ClassRunner.java:190) ~[spring-test-5.2.5.RELEASE.jar:5.2.5.RELEASE]
	at org.gradle.api.internal.tasks.testing.junit.JUnitTestClassExecutor.runTestClass(JUnitTestClassExecutor.java:112) ~[na:na]
	at org.gradle.api.internal.tasks.testing.junit.JUnitTestClassExecutor.execute(JUnitTestClassExecutor.java:58) ~[na:na]
	at org.gradle.api.internal.tasks.testing.junit.JUnitTestClassExecutor.execute(JUnitTestClassExecutor.java:40) ~[na:na]
	at org.gradle.api.internal.tasks.testing.junit.AbstractJUnitTestClassProcessor.processTestClass(AbstractJUnitTestClassProcessor.java:54) ~[na:na]
	at org.gradle.api.internal.tasks.testing.SuiteTestClassProcessor.processTestClass(SuiteTestClassProcessor.java:53) ~[na:na]
	at java.base/jdk.internal.reflect.NativeMethodAccessorImpl.invoke0(Native Method) ~[na:na]
	at java.base/jdk.internal.reflect.NativeMethodAccessorImpl.invoke(NativeMethodAccessorImpl.java:62) ~[na:na]
	at java.base/jdk.internal.reflect.DelegatingMethodAccessorImpl.invoke(DelegatingMethodAccessorImpl.java:43) ~[na:na]
	at java.base/java.lang.reflect.Method.invoke(Method.java:566) ~[na:na]
	at org.gradle.internal.dispatch.ReflectionDispatch.dispatch(ReflectionDispatch.java:36) ~[na:na]
	at org.gradle.internal.dispatch.ReflectionDispatch.dispatch(ReflectionDispatch.java:24) ~[na:na]
	at org.gradle.internal.dispatch.ContextClassLoaderDispatch.dispatch(ContextClassLoaderDispatch.java:33) ~[na:na]
	at org.gradle.internal.dispatch.ProxyDispatchAdapter$DispatchingInvocationHandler.invoke(ProxyDispatchAdapter.java:92) ~[na:na]
	at com.sun.proxy.$Proxy6.processTestClass(Unknown Source) ~[na:na]
	at org.gradle.api.internal.tasks.testing.worker.TestWorker$2.run(TestWorker.java:183) ~[na:na]
	at org.gradle.api.internal.tasks.testing.worker.TestWorker.executeAndMaintainThreadName(TestWorker.java:132) ~[na:na]
	at org.gradle.api.internal.tasks.testing.worker.TestWorker.execute(TestWorker.java:103) ~[na:na]
	at org.gradle.api.internal.tasks.testing.worker.TestWorker.execute(TestWorker.java:63) ~[na:na]
	at org.gradle.process.internal.worker.child.ActionExecutionWorker.execute(ActionExecutionWorker.java:56) ~[na:na]
	at org.gradle.process.internal.worker.child.SystemApplicationClassLoaderWorker.call(SystemApplicationClassLoaderWorker.java:122) ~[na:na]
	at org.gradle.process.internal.worker.child.SystemApplicationClassLoaderWorker.call(SystemApplicationClassLoaderWorker.java:72) ~[na:na]
	at worker.org.gradle.process.internal.worker.GradleWorkerMain.run(GradleWorkerMain.java:69) ~[gradle-worker.jar:na]
	at worker.org.gradle.process.internal.worker.GradleWorkerMain.main(GradleWorkerMain.java:74) ~[gradle-worker.jar:na]
Caused by: org.h2.jdbc.JdbcSQLSyntaxErrorException: Syntax error in SQL statement "TRUNCATE ""public""[*].SEMESTER_DAY, ""public"".SEMESTER_PERIOD, ""public"".PERIODS, ""public"".SEMESTERS, ""public"".GROUPS, ""public"".STUDENTS, ""public"".SEMESTER_GROUP RESTART IDENTITY CASCADE"; expected "TABLE"; SQL statement:
TRUNCATE "public".semester_day, "public".semester_period, "public".periods, "public".semesters, "public".groups, "public".students, "public".semester_group RESTART IDENTITY CASCADE [42001-200]
	at org.h2.message.DbException.getJdbcSQLException(DbException.java:453) ~[h2-1.4.200.jar:1.4.200]
	at org.h2.message.DbException.getJdbcSQLException(DbException.java:429) ~[h2-1.4.200.jar:1.4.200]
	at org.h2.message.DbException.getSyntaxError(DbException.java:243) ~[h2-1.4.200.jar:1.4.200]
	at org.h2.command.Parser.getSyntaxError(Parser.java:1053) ~[h2-1.4.200.jar:1.4.200]
	at org.h2.command.Parser.read(Parser.java:4995) ~[h2-1.4.200.jar:1.4.200]
	at org.h2.command.Parser.parseTruncate(Parser.java:2137) ~[h2-1.4.200.jar:1.4.200]
	at org.h2.command.Parser.parsePrepared(Parser.java:1000) ~[h2-1.4.200.jar:1.4.200]
	at org.h2.command.Parser.parse(Parser.java:843) ~[h2-1.4.200.jar:1.4.200]
	at org.h2.command.Parser.parse(Parser.java:819) ~[h2-1.4.200.jar:1.4.200]
	at org.h2.command.Parser.prepareCommand(Parser.java:738) ~[h2-1.4.200.jar:1.4.200]
	at org.h2.engine.Session.prepareLocal(Session.java:657) ~[h2-1.4.200.jar:1.4.200]
	at org.h2.engine.Session.prepareCommand(Session.java:595) ~[h2-1.4.200.jar:1.4.200]
	at org.h2.jdbc.JdbcConnection.prepareCommand(JdbcConnection.java:1235) ~[h2-1.4.200.jar:1.4.200]
	at org.h2.jdbc.JdbcStatement.executeInternal(JdbcStatement.java:212) ~[h2-1.4.200.jar:1.4.200]
	at org.h2.jdbc.JdbcStatement.execute(JdbcStatement.java:201) ~[h2-1.4.200.jar:1.4.200]
	at com.mchange.v2.c3p0.impl.NewProxyStatement.execute(NewProxyStatement.java:75) ~[c3p0-0.9.5.4.jar:0.9.5.4]
	at org.springframework.jdbc.datasource.init.ScriptUtils.executeSqlScript(ScriptUtils.java:601) ~[spring-jdbc-5.2.4.RELEASE.jar:5.2.4.RELEASE]
	... 53 common frames omitted
[WARN ] 2025-06-26 14:47:44.786 [Test worker] o.s.t.c.TestContextManager - Caught exception while invoking 'beforeTestMethod' callback on TestExecutionListener [org.springframework.test.context.jdbc.SqlScriptsTestExecutionListener@14deab5] for test method [public void com.softserve.controller.SemesterControllerTest.returnBadRequestIfSavedDescriptionIsNull() throws java.lang.Exception] and test instance [com.softserve.controller.SemesterControllerTest@6cc13396]
org.springframework.jdbc.datasource.init.ScriptStatementFailedException: Failed to execute SQL script statement #1 of class path resource [create-semesters-before.sql]: TRUNCATE "public".semester_day, "public".semester_period, "public".periods, "public".semesters, "public".groups, "public".students, "public".semester_group RESTART IDENTITY CASCADE; nested exception is org.h2.jdbc.JdbcSQLSyntaxErrorException: Syntax error in SQL statement "TRUNCATE ""public""[*].SEMESTER_DAY, ""public"".SEMESTER_PERIOD, ""public"".PERIODS, ""public"".SEMESTERS, ""public"".GROUPS, ""public"".STUDENTS, ""public"".SEMESTER_GROUP RESTART IDENTITY CASCADE"; expected "TABLE"; SQL statement:
TRUNCATE "public".semester_day, "public".semester_period, "public".periods, "public".semesters, "public".groups, "public".students, "public".semester_group RESTART IDENTITY CASCADE [42001-200]
	at org.springframework.jdbc.datasource.init.ScriptUtils.executeSqlScript(ScriptUtils.java:622) ~[spring-jdbc-5.2.4.RELEASE.jar:5.2.4.RELEASE]
	at org.springframework.jdbc.datasource.init.ResourceDatabasePopulator.populate(ResourceDatabasePopulator.java:254) ~[spring-jdbc-5.2.4.RELEASE.jar:5.2.4.RELEASE]
	at org.springframework.jdbc.datasource.init.DatabasePopulatorUtils.execute(DatabasePopulatorUtils.java:49) ~[spring-jdbc-5.2.4.RELEASE.jar:5.2.4.RELEASE]
	at org.springframework.jdbc.datasource.init.ResourceDatabasePopulator.execute(ResourceDatabasePopulator.java:269) ~[spring-jdbc-5.2.4.RELEASE.jar:5.2.4.RELEASE]
	at org.springframework.test.context.jdbc.SqlScriptsTestExecutionListener.lambda$executeSqlScripts$4(SqlScriptsTestExecutionListener.java:263) ~[spring-test-5.2.5.RELEASE.jar:5.2.5.RELEASE]
	at org.springframework.transaction.support.TransactionOperations.lambda$executeWithoutResult$0(TransactionOperations.java:68) ~[spring-tx-5.2.4.RELEASE.jar:5.2.4.RELEASE]
	at org.springframework.transaction.support.TransactionTemplate.execute(TransactionTemplate.java:140) ~[spring-tx-5.2.4.RELEASE.jar:5.2.4.RELEASE]
	at org.springframework.transaction.support.TransactionOperations.executeWithoutResult(TransactionOperations.java:67) ~[spring-tx-5.2.4.RELEASE.jar:5.2.4.RELEASE]
	at org.springframework.test.context.jdbc.SqlScriptsTestExecutionListener.executeSqlScripts(SqlScriptsTestExecutionListener.java:263) ~[spring-test-5.2.5.RELEASE.jar:5.2.5.RELEASE]
	at org.springframework.test.context.jdbc.SqlScriptsTestExecutionListener.lambda$executeSqlScripts$0(SqlScriptsTestExecutionListener.java:185) ~[spring-test-5.2.5.RELEASE.jar:5.2.5.RELEASE]
	at java.base/java.lang.Iterable.forEach(Iterable.java:75) ~[na:na]
	at org.springframework.test.context.jdbc.SqlScriptsTestExecutionListener.executeSqlScripts(SqlScriptsTestExecutionListener.java:185) ~[spring-test-5.2.5.RELEASE.jar:5.2.5.RELEASE]
	at org.springframework.test.context.jdbc.SqlScriptsTestExecutionListener.executeSqlScripts(SqlScriptsTestExecutionListener.java:147) ~[spring-test-5.2.5.RELEASE.jar:5.2.5.RELEASE]
	at org.springframework.test.context.jdbc.SqlScriptsTestExecutionListener.beforeTestMethod(SqlScriptsTestExecutionListener.java:117) ~[spring-test-5.2.5.RELEASE.jar:5.2.5.RELEASE]
	at org.springframework.test.context.TestContextManager.beforeTestMethod(TestContextManager.java:289) ~[spring-test-5.2.5.RELEASE.jar:5.2.5.RELEASE]
	at org.springframework.test.context.junit4.statements.RunBeforeTestMethodCallbacks.evaluate(RunBeforeTestMethodCallbacks.java:74) ~[spring-test-5.2.5.RELEASE.jar:5.2.5.RELEASE]
	at org.springframework.test.context.junit4.statements.RunAfterTestMethodCallbacks.evaluate(RunAfterTestMethodCallbacks.java:86) ~[spring-test-5.2.5.RELEASE.jar:5.2.5.RELEASE]
	at org.springframework.test.context.junit4.statements.SpringRepeat.evaluate(SpringRepeat.java:84) ~[spring-test-5.2.5.RELEASE.jar:5.2.5.RELEASE]
	at org.junit.runners.ParentRunner.runLeaf(ParentRunner.java:366) ~[junit-4.13.1.jar:4.13.1]
	at org.springframework.test.context.junit4.SpringJUnit4ClassRunner.runChild(SpringJUnit4ClassRunner.java:251) ~[spring-test-5.2.5.RELEASE.jar:5.2.5.RELEASE]
	at org.springframework.test.context.junit4.SpringJUnit4ClassRunner.runChild(SpringJUnit4ClassRunner.java:97) ~[spring-test-5.2.5.RELEASE.jar:5.2.5.RELEASE]
	at org.junit.runners.ParentRunner$4.run(ParentRunner.java:331) ~[junit-4.13.1.jar:4.13.1]
	at org.junit.runners.ParentRunner$1.schedule(ParentRunner.java:79) ~[junit-4.13.1.jar:4.13.1]
	at org.junit.runners.ParentRunner.runChildren(ParentRunner.java:329) ~[junit-4.13.1.jar:4.13.1]
	at org.junit.runners.ParentRunner.access$100(ParentRunner.java:66) ~[junit-4.13.1.jar:4.13.1]
	at org.junit.runners.ParentRunner$2.evaluate(ParentRunner.java:293) ~[junit-4.13.1.jar:4.13.1]
	at org.springframework.test.context.junit4.statements.RunBeforeTestClassCallbacks.evaluate(RunBeforeTestClassCallbacks.java:61) ~[spring-test-5.2.5.RELEASE.jar:5.2.5.RELEASE]
	at org.springframework.test.context.junit4.statements.RunAfterTestClassCallbacks.evaluate(RunAfterTestClassCallbacks.java:70) ~[spring-test-5.2.5.RELEASE.jar:5.2.5.RELEASE]
	at org.junit.runners.ParentRunner$3.evaluate(ParentRunner.java:306) ~[junit-4.13.1.jar:4.13.1]
	at org.junit.runners.ParentRunner.run(ParentRunner.java:413) ~[junit-4.13.1.jar:4.13.1]
	at org.springframework.test.context.junit4.SpringJUnit4ClassRunner.run(SpringJUnit4ClassRunner.java:190) ~[spring-test-5.2.5.RELEASE.jar:5.2.5.RELEASE]
	at org.gradle.api.internal.tasks.testing.junit.JUnitTestClassExecutor.runTestClass(JUnitTestClassExecutor.java:112) ~[na:na]
	at org.gradle.api.internal.tasks.testing.junit.JUnitTestClassExecutor.execute(JUnitTestClassExecutor.java:58) ~[na:na]
	at org.gradle.api.internal.tasks.testing.junit.JUnitTestClassExecutor.execute(JUnitTestClassExecutor.java:40) ~[na:na]
	at org.gradle.api.internal.tasks.testing.junit.AbstractJUnitTestClassProcessor.processTestClass(AbstractJUnitTestClassProcessor.java:54) ~[na:na]
	at org.gradle.api.internal.tasks.testing.SuiteTestClassProcessor.processTestClass(SuiteTestClassProcessor.java:53) ~[na:na]
	at java.base/jdk.internal.reflect.NativeMethodAccessorImpl.invoke0(Native Method) ~[na:na]
	at java.base/jdk.internal.reflect.NativeMethodAccessorImpl.invoke(NativeMethodAccessorImpl.java:62) ~[na:na]
	at java.base/jdk.internal.reflect.DelegatingMethodAccessorImpl.invoke(DelegatingMethodAccessorImpl.java:43) ~[na:na]
	at java.base/java.lang.reflect.Method.invoke(Method.java:566) ~[na:na]
	at org.gradle.internal.dispatch.ReflectionDispatch.dispatch(ReflectionDispatch.java:36) ~[na:na]
	at org.gradle.internal.dispatch.ReflectionDispatch.dispatch(ReflectionDispatch.java:24) ~[na:na]
	at org.gradle.internal.dispatch.ContextClassLoaderDispatch.dispatch(ContextClassLoaderDispatch.java:33) ~[na:na]
	at org.gradle.internal.dispatch.ProxyDispatchAdapter$DispatchingInvocationHandler.invoke(ProxyDispatchAdapter.java:92) ~[na:na]
	at com.sun.proxy.$Proxy6.processTestClass(Unknown Source) ~[na:na]
	at org.gradle.api.internal.tasks.testing.worker.TestWorker$2.run(TestWorker.java:183) ~[na:na]
	at org.gradle.api.internal.tasks.testing.worker.TestWorker.executeAndMaintainThreadName(TestWorker.java:132) ~[na:na]
	at org.gradle.api.internal.tasks.testing.worker.TestWorker.execute(TestWorker.java:103) ~[na:na]
	at org.gradle.api.internal.tasks.testing.worker.TestWorker.execute(TestWorker.java:63) ~[na:na]
	at org.gradle.process.internal.worker.child.ActionExecutionWorker.execute(ActionExecutionWorker.java:56) ~[na:na]
	at org.gradle.process.internal.worker.child.SystemApplicationClassLoaderWorker.call(SystemApplicationClassLoaderWorker.java:122) ~[na:na]
	at org.gradle.process.internal.worker.child.SystemApplicationClassLoaderWorker.call(SystemApplicationClassLoaderWorker.java:72) ~[na:na]
	at worker.org.gradle.process.internal.worker.GradleWorkerMain.run(GradleWorkerMain.java:69) ~[gradle-worker.jar:na]
	at worker.org.gradle.process.internal.worker.GradleWorkerMain.main(GradleWorkerMain.java:74) ~[gradle-worker.jar:na]
Caused by: org.h2.jdbc.JdbcSQLSyntaxErrorException: Syntax error in SQL statement "TRUNCATE ""public""[*].SEMESTER_DAY, ""public"".SEMESTER_PERIOD, ""public"".PERIODS, ""public"".SEMESTERS, ""public"".GROUPS, ""public"".STUDENTS, ""public"".SEMESTER_GROUP RESTART IDENTITY CASCADE"; expected "TABLE"; SQL statement:
TRUNCATE "public".semester_day, "public".semester_period, "public".periods, "public".semesters, "public".groups, "public".students, "public".semester_group RESTART IDENTITY CASCADE [42001-200]
	at org.h2.message.DbException.getJdbcSQLException(DbException.java:453) ~[h2-1.4.200.jar:1.4.200]
	at org.h2.message.DbException.getJdbcSQLException(DbException.java:429) ~[h2-1.4.200.jar:1.4.200]
	at org.h2.message.DbException.getSyntaxError(DbException.java:243) ~[h2-1.4.200.jar:1.4.200]
	at org.h2.command.Parser.getSyntaxError(Parser.java:1053) ~[h2-1.4.200.jar:1.4.200]
	at org.h2.command.Parser.read(Parser.java:4995) ~[h2-1.4.200.jar:1.4.200]
	at org.h2.command.Parser.parseTruncate(Parser.java:2137) ~[h2-1.4.200.jar:1.4.200]
	at org.h2.command.Parser.parsePrepared(Parser.java:1000) ~[h2-1.4.200.jar:1.4.200]
	at org.h2.command.Parser.parse(Parser.java:843) ~[h2-1.4.200.jar:1.4.200]
	at org.h2.command.Parser.parse(Parser.java:819) ~[h2-1.4.200.jar:1.4.200]
	at org.h2.command.Parser.prepareCommand(Parser.java:738) ~[h2-1.4.200.jar:1.4.200]
	at org.h2.engine.Session.prepareLocal(Session.java:657) ~[h2-1.4.200.jar:1.4.200]
	at org.h2.engine.Session.prepareCommand(Session.java:595) ~[h2-1.4.200.jar:1.4.200]
	at org.h2.jdbc.JdbcConnection.prepareCommand(JdbcConnection.java:1235) ~[h2-1.4.200.jar:1.4.200]
	at org.h2.jdbc.JdbcStatement.executeInternal(JdbcStatement.java:212) ~[h2-1.4.200.jar:1.4.200]
	at org.h2.jdbc.JdbcStatement.execute(JdbcStatement.java:201) ~[h2-1.4.200.jar:1.4.200]
	at com.mchange.v2.c3p0.impl.NewProxyStatement.execute(NewProxyStatement.java:75) ~[c3p0-0.9.5.4.jar:0.9.5.4]
	at org.springframework.jdbc.datasource.init.ScriptUtils.executeSqlScript(ScriptUtils.java:601) ~[spring-jdbc-5.2.4.RELEASE.jar:5.2.4.RELEASE]
	... 53 common frames omitted
[WARN ] 2025-06-26 14:47:44.801 [Test worker] o.s.t.c.TestContextManager - Caught exception while invoking 'beforeTestMethod' callback on TestExecutionListener [org.springframework.test.context.jdbc.SqlScriptsTestExecutionListener@14deab5] for test method [public void com.softserve.controller.SemesterControllerTest.returnForbiddenIfAuthenticatedUserRoleIsNotManager() throws java.lang.Exception] and test instance [com.softserve.controller.SemesterControllerTest@51039a97]
org.springframework.jdbc.datasource.init.ScriptStatementFailedException: Failed to execute SQL script statement #1 of class path resource [create-semesters-before.sql]: TRUNCATE "public".semester_day, "public".semester_period, "public".periods, "public".semesters, "public".groups, "public".students, "public".semester_group RESTART IDENTITY CASCADE; nested exception is org.h2.jdbc.JdbcSQLSyntaxErrorException: Syntax error in SQL statement "TRUNCATE ""public""[*].SEMESTER_DAY, ""public"".SEMESTER_PERIOD, ""public"".PERIODS, ""public"".SEMESTERS, ""public"".GROUPS, ""public"".STUDENTS, ""public"".SEMESTER_GROUP RESTART IDENTITY CASCADE"; expected "TABLE"; SQL statement:
TRUNCATE "public".semester_day, "public".semester_period, "public".periods, "public".semesters, "public".groups, "public".students, "public".semester_group RESTART IDENTITY CASCADE [42001-200]
	at org.springframework.jdbc.datasource.init.ScriptUtils.executeSqlScript(ScriptUtils.java:622) ~[spring-jdbc-5.2.4.RELEASE.jar:5.2.4.RELEASE]
	at org.springframework.jdbc.datasource.init.ResourceDatabasePopulator.populate(ResourceDatabasePopulator.java:254) ~[spring-jdbc-5.2.4.RELEASE.jar:5.2.4.RELEASE]
	at org.springframework.jdbc.datasource.init.DatabasePopulatorUtils.execute(DatabasePopulatorUtils.java:49) ~[spring-jdbc-5.2.4.RELEASE.jar:5.2.4.RELEASE]
	at org.springframework.jdbc.datasource.init.ResourceDatabasePopulator.execute(ResourceDatabasePopulator.java:269) ~[spring-jdbc-5.2.4.RELEASE.jar:5.2.4.RELEASE]
	at org.springframework.test.context.jdbc.SqlScriptsTestExecutionListener.lambda$executeSqlScripts$4(SqlScriptsTestExecutionListener.java:263) ~[spring-test-5.2.5.RELEASE.jar:5.2.5.RELEASE]
	at org.springframework.transaction.support.TransactionOperations.lambda$executeWithoutResult$0(TransactionOperations.java:68) ~[spring-tx-5.2.4.RELEASE.jar:5.2.4.RELEASE]
	at org.springframework.transaction.support.TransactionTemplate.execute(TransactionTemplate.java:140) ~[spring-tx-5.2.4.RELEASE.jar:5.2.4.RELEASE]
	at org.springframework.transaction.support.TransactionOperations.executeWithoutResult(TransactionOperations.java:67) ~[spring-tx-5.2.4.RELEASE.jar:5.2.4.RELEASE]
	at org.springframework.test.context.jdbc.SqlScriptsTestExecutionListener.executeSqlScripts(SqlScriptsTestExecutionListener.java:263) ~[spring-test-5.2.5.RELEASE.jar:5.2.5.RELEASE]
	at org.springframework.test.context.jdbc.SqlScriptsTestExecutionListener.lambda$executeSqlScripts$0(SqlScriptsTestExecutionListener.java:185) ~[spring-test-5.2.5.RELEASE.jar:5.2.5.RELEASE]
	at java.base/java.lang.Iterable.forEach(Iterable.java:75) ~[na:na]
	at org.springframework.test.context.jdbc.SqlScriptsTestExecutionListener.executeSqlScripts(SqlScriptsTestExecutionListener.java:185) ~[spring-test-5.2.5.RELEASE.jar:5.2.5.RELEASE]
	at org.springframework.test.context.jdbc.SqlScriptsTestExecutionListener.executeSqlScripts(SqlScriptsTestExecutionListener.java:147) ~[spring-test-5.2.5.RELEASE.jar:5.2.5.RELEASE]
	at org.springframework.test.context.jdbc.SqlScriptsTestExecutionListener.beforeTestMethod(SqlScriptsTestExecutionListener.java:117) ~[spring-test-5.2.5.RELEASE.jar:5.2.5.RELEASE]
	at org.springframework.test.context.TestContextManager.beforeTestMethod(TestContextManager.java:289) ~[spring-test-5.2.5.RELEASE.jar:5.2.5.RELEASE]
	at org.springframework.test.context.junit4.statements.RunBeforeTestMethodCallbacks.evaluate(RunBeforeTestMethodCallbacks.java:74) ~[spring-test-5.2.5.RELEASE.jar:5.2.5.RELEASE]
	at org.springframework.test.context.junit4.statements.RunAfterTestMethodCallbacks.evaluate(RunAfterTestMethodCallbacks.java:86) ~[spring-test-5.2.5.RELEASE.jar:5.2.5.RELEASE]
	at org.springframework.test.context.junit4.statements.SpringRepeat.evaluate(SpringRepeat.java:84) ~[spring-test-5.2.5.RELEASE.jar:5.2.5.RELEASE]
	at org.junit.runners.ParentRunner.runLeaf(ParentRunner.java:366) ~[junit-4.13.1.jar:4.13.1]
	at org.springframework.test.context.junit4.SpringJUnit4ClassRunner.runChild(SpringJUnit4ClassRunner.java:251) ~[spring-test-5.2.5.RELEASE.jar:5.2.5.RELEASE]
	at org.springframework.test.context.junit4.SpringJUnit4ClassRunner.runChild(SpringJUnit4ClassRunner.java:97) ~[spring-test-5.2.5.RELEASE.jar:5.2.5.RELEASE]
	at org.junit.runners.ParentRunner$4.run(ParentRunner.java:331) ~[junit-4.13.1.jar:4.13.1]
	at org.junit.runners.ParentRunner$1.schedule(ParentRunner.java:79) ~[junit-4.13.1.jar:4.13.1]
	at org.junit.runners.ParentRunner.runChildren(ParentRunner.java:329) ~[junit-4.13.1.jar:4.13.1]
	at org.junit.runners.ParentRunner.access$100(ParentRunner.java:66) ~[junit-4.13.1.jar:4.13.1]
	at org.junit.runners.ParentRunner$2.evaluate(ParentRunner.java:293) ~[junit-4.13.1.jar:4.13.1]
	at org.springframework.test.context.junit4.statements.RunBeforeTestClassCallbacks.evaluate(RunBeforeTestClassCallbacks.java:61) ~[spring-test-5.2.5.RELEASE.jar:5.2.5.RELEASE]
	at org.springframework.test.context.junit4.statements.RunAfterTestClassCallbacks.evaluate(RunAfterTestClassCallbacks.java:70) ~[spring-test-5.2.5.RELEASE.jar:5.2.5.RELEASE]
	at org.junit.runners.ParentRunner$3.evaluate(ParentRunner.java:306) ~[junit-4.13.1.jar:4.13.1]
	at org.junit.runners.ParentRunner.run(ParentRunner.java:413) ~[junit-4.13.1.jar:4.13.1]
	at org.springframework.test.context.junit4.SpringJUnit4ClassRunner.run(SpringJUnit4ClassRunner.java:190) ~[spring-test-5.2.5.RELEASE.jar:5.2.5.RELEASE]
	at org.gradle.api.internal.tasks.testing.junit.JUnitTestClassExecutor.runTestClass(JUnitTestClassExecutor.java:112) ~[na:na]
	at org.gradle.api.internal.tasks.testing.junit.JUnitTestClassExecutor.execute(JUnitTestClassExecutor.java:58) ~[na:na]
	at org.gradle.api.internal.tasks.testing.junit.JUnitTestClassExecutor.execute(JUnitTestClassExecutor.java:40) ~[na:na]
	at org.gradle.api.internal.tasks.testing.junit.AbstractJUnitTestClassProcessor.processTestClass(AbstractJUnitTestClassProcessor.java:54) ~[na:na]
	at org.gradle.api.internal.tasks.testing.SuiteTestClassProcessor.processTestClass(SuiteTestClassProcessor.java:53) ~[na:na]
	at java.base/jdk.internal.reflect.NativeMethodAccessorImpl.invoke0(Native Method) ~[na:na]
	at java.base/jdk.internal.reflect.NativeMethodAccessorImpl.invoke(NativeMethodAccessorImpl.java:62) ~[na:na]
	at java.base/jdk.internal.reflect.DelegatingMethodAccessorImpl.invoke(DelegatingMethodAccessorImpl.java:43) ~[na:na]
	at java.base/java.lang.reflect.Method.invoke(Method.java:566) ~[na:na]
	at org.gradle.internal.dispatch.ReflectionDispatch.dispatch(ReflectionDispatch.java:36) ~[na:na]
	at org.gradle.internal.dispatch.ReflectionDispatch.dispatch(ReflectionDispatch.java:24) ~[na:na]
	at org.gradle.internal.dispatch.ContextClassLoaderDispatch.dispatch(ContextClassLoaderDispatch.java:33) ~[na:na]
	at org.gradle.internal.dispatch.ProxyDispatchAdapter$DispatchingInvocationHandler.invoke(ProxyDispatchAdapter.java:92) ~[na:na]
	at com.sun.proxy.$Proxy6.processTestClass(Unknown Source) ~[na:na]
	at org.gradle.api.internal.tasks.testing.worker.TestWorker$2.run(TestWorker.java:183) ~[na:na]
	at org.gradle.api.internal.tasks.testing.worker.TestWorker.executeAndMaintainThreadName(TestWorker.java:132) ~[na:na]
	at org.gradle.api.internal.tasks.testing.worker.TestWorker.execute(TestWorker.java:103) ~[na:na]
	at org.gradle.api.internal.tasks.testing.worker.TestWorker.execute(TestWorker.java:63) ~[na:na]
	at org.gradle.process.internal.worker.child.ActionExecutionWorker.execute(ActionExecutionWorker.java:56) ~[na:na]
	at org.gradle.process.internal.worker.child.SystemApplicationClassLoaderWorker.call(SystemApplicationClassLoaderWorker.java:122) ~[na:na]
	at org.gradle.process.internal.worker.child.SystemApplicationClassLoaderWorker.call(SystemApplicationClassLoaderWorker.java:72) ~[na:na]
	at worker.org.gradle.process.internal.worker.GradleWorkerMain.run(GradleWorkerMain.java:69) ~[gradle-worker.jar:na]
	at worker.org.gradle.process.internal.worker.GradleWorkerMain.main(GradleWorkerMain.java:74) ~[gradle-worker.jar:na]
Caused by: org.h2.jdbc.JdbcSQLSyntaxErrorException: Syntax error in SQL statement "TRUNCATE ""public""[*].SEMESTER_DAY, ""public"".SEMESTER_PERIOD, ""public"".PERIODS, ""public"".SEMESTERS, ""public"".GROUPS, ""public"".STUDENTS, ""public"".SEMESTER_GROUP RESTART IDENTITY CASCADE"; expected "TABLE"; SQL statement:
TRUNCATE "public".semester_day, "public".semester_period, "public".periods, "public".semesters, "public".groups, "public".students, "public".semester_group RESTART IDENTITY CASCADE [42001-200]
	at org.h2.message.DbException.getJdbcSQLException(DbException.java:453) ~[h2-1.4.200.jar:1.4.200]
	at org.h2.message.DbException.getJdbcSQLException(DbException.java:429) ~[h2-1.4.200.jar:1.4.200]
	at org.h2.message.DbException.getSyntaxError(DbException.java:243) ~[h2-1.4.200.jar:1.4.200]
	at org.h2.command.Parser.getSyntaxError(Parser.java:1053) ~[h2-1.4.200.jar:1.4.200]
	at org.h2.command.Parser.read(Parser.java:4995) ~[h2-1.4.200.jar:1.4.200]
	at org.h2.command.Parser.parseTruncate(Parser.java:2137) ~[h2-1.4.200.jar:1.4.200]
	at org.h2.command.Parser.parsePrepared(Parser.java:1000) ~[h2-1.4.200.jar:1.4.200]
	at org.h2.command.Parser.parse(Parser.java:843) ~[h2-1.4.200.jar:1.4.200]
	at org.h2.command.Parser.parse(Parser.java:819) ~[h2-1.4.200.jar:1.4.200]
	at org.h2.command.Parser.prepareCommand(Parser.java:738) ~[h2-1.4.200.jar:1.4.200]
	at org.h2.engine.Session.prepareLocal(Session.java:657) ~[h2-1.4.200.jar:1.4.200]
	at org.h2.engine.Session.prepareCommand(Session.java:595) ~[h2-1.4.200.jar:1.4.200]
	at org.h2.jdbc.JdbcConnection.prepareCommand(JdbcConnection.java:1235) ~[h2-1.4.200.jar:1.4.200]
	at org.h2.jdbc.JdbcStatement.executeInternal(JdbcStatement.java:212) ~[h2-1.4.200.jar:1.4.200]
	at org.h2.jdbc.JdbcStatement.execute(JdbcStatement.java:201) ~[h2-1.4.200.jar:1.4.200]
	at com.mchange.v2.c3p0.impl.NewProxyStatement.execute(NewProxyStatement.java:75) ~[c3p0-0.9.5.4.jar:0.9.5.4]
	at org.springframework.jdbc.datasource.init.ScriptUtils.executeSqlScript(ScriptUtils.java:601) ~[spring-jdbc-5.2.4.RELEASE.jar:5.2.4.RELEASE]
	... 53 common frames omitted
[WARN ] 2025-06-26 14:47:44.821 [Test worker] o.s.t.c.TestContextManager - Caught exception while invoking 'beforeTestMethod' callback on TestExecutionListener [org.springframework.test.context.jdbc.SqlScriptsTestExecutionListener@14deab5] for test method [public void com.softserve.controller.SemesterControllerTest.changeDefaultSemester() throws java.lang.Exception] and test instance [com.softserve.controller.SemesterControllerTest@47460d39]
org.springframework.jdbc.datasource.init.ScriptStatementFailedException: Failed to execute SQL script statement #1 of class path resource [create-semesters-before.sql]: TRUNCATE "public".semester_day, "public".semester_period, "public".periods, "public".semesters, "public".groups, "public".students, "public".semester_group RESTART IDENTITY CASCADE; nested exception is org.h2.jdbc.JdbcSQLSyntaxErrorException: Syntax error in SQL statement "TRUNCATE ""public""[*].SEMESTER_DAY, ""public"".SEMESTER_PERIOD, ""public"".PERIODS, ""public"".SEMESTERS, ""public"".GROUPS, ""public"".STUDENTS, ""public"".SEMESTER_GROUP RESTART IDENTITY CASCADE"; expected "TABLE"; SQL statement:
TRUNCATE "public".semester_day, "public".semester_period, "public".periods, "public".semesters, "public".groups, "public".students, "public".semester_group RESTART IDENTITY CASCADE [42001-200]
	at org.springframework.jdbc.datasource.init.ScriptUtils.executeSqlScript(ScriptUtils.java:622) ~[spring-jdbc-5.2.4.RELEASE.jar:5.2.4.RELEASE]
	at org.springframework.jdbc.datasource.init.ResourceDatabasePopulator.populate(ResourceDatabasePopulator.java:254) ~[spring-jdbc-5.2.4.RELEASE.jar:5.2.4.RELEASE]
	at org.springframework.jdbc.datasource.init.DatabasePopulatorUtils.execute(DatabasePopulatorUtils.java:49) ~[spring-jdbc-5.2.4.RELEASE.jar:5.2.4.RELEASE]
	at org.springframework.jdbc.datasource.init.ResourceDatabasePopulator.execute(ResourceDatabasePopulator.java:269) ~[spring-jdbc-5.2.4.RELEASE.jar:5.2.4.RELEASE]
	at org.springframework.test.context.jdbc.SqlScriptsTestExecutionListener.lambda$executeSqlScripts$4(SqlScriptsTestExecutionListener.java:263) ~[spring-test-5.2.5.RELEASE.jar:5.2.5.RELEASE]
	at org.springframework.transaction.support.TransactionOperations.lambda$executeWithoutResult$0(TransactionOperations.java:68) ~[spring-tx-5.2.4.RELEASE.jar:5.2.4.RELEASE]
	at org.springframework.transaction.support.TransactionTemplate.execute(TransactionTemplate.java:140) ~[spring-tx-5.2.4.RELEASE.jar:5.2.4.RELEASE]
	at org.springframework.transaction.support.TransactionOperations.executeWithoutResult(TransactionOperations.java:67) ~[spring-tx-5.2.4.RELEASE.jar:5.2.4.RELEASE]
	at org.springframework.test.context.jdbc.SqlScriptsTestExecutionListener.executeSqlScripts(SqlScriptsTestExecutionListener.java:263) ~[spring-test-5.2.5.RELEASE.jar:5.2.5.RELEASE]
	at org.springframework.test.context.jdbc.SqlScriptsTestExecutionListener.lambda$executeSqlScripts$0(SqlScriptsTestExecutionListener.java:185) ~[spring-test-5.2.5.RELEASE.jar:5.2.5.RELEASE]
	at java.base/java.lang.Iterable.forEach(Iterable.java:75) ~[na:na]
	at org.springframework.test.context.jdbc.SqlScriptsTestExecutionListener.executeSqlScripts(SqlScriptsTestExecutionListener.java:185) ~[spring-test-5.2.5.RELEASE.jar:5.2.5.RELEASE]
	at org.springframework.test.context.jdbc.SqlScriptsTestExecutionListener.executeSqlScripts(SqlScriptsTestExecutionListener.java:147) ~[spring-test-5.2.5.RELEASE.jar:5.2.5.RELEASE]
	at org.springframework.test.context.jdbc.SqlScriptsTestExecutionListener.beforeTestMethod(SqlScriptsTestExecutionListener.java:117) ~[spring-test-5.2.5.RELEASE.jar:5.2.5.RELEASE]
	at org.springframework.test.context.TestContextManager.beforeTestMethod(TestContextManager.java:289) ~[spring-test-5.2.5.RELEASE.jar:5.2.5.RELEASE]
	at org.springframework.test.context.junit4.statements.RunBeforeTestMethodCallbacks.evaluate(RunBeforeTestMethodCallbacks.java:74) ~[spring-test-5.2.5.RELEASE.jar:5.2.5.RELEASE]
	at org.springframework.test.context.junit4.statements.RunAfterTestMethodCallbacks.evaluate(RunAfterTestMethodCallbacks.java:86) ~[spring-test-5.2.5.RELEASE.jar:5.2.5.RELEASE]
	at org.springframework.test.context.junit4.statements.SpringRepeat.evaluate(SpringRepeat.java:84) ~[spring-test-5.2.5.RELEASE.jar:5.2.5.RELEASE]
	at org.junit.runners.ParentRunner.runLeaf(ParentRunner.java:366) ~[junit-4.13.1.jar:4.13.1]
	at org.springframework.test.context.junit4.SpringJUnit4ClassRunner.runChild(SpringJUnit4ClassRunner.java:251) ~[spring-test-5.2.5.RELEASE.jar:5.2.5.RELEASE]
	at org.springframework.test.context.junit4.SpringJUnit4ClassRunner.runChild(SpringJUnit4ClassRunner.java:97) ~[spring-test-5.2.5.RELEASE.jar:5.2.5.RELEASE]
	at org.junit.runners.ParentRunner$4.run(ParentRunner.java:331) ~[junit-4.13.1.jar:4.13.1]
	at org.junit.runners.ParentRunner$1.schedule(ParentRunner.java:79) ~[junit-4.13.1.jar:4.13.1]
	at org.junit.runners.ParentRunner.runChildren(ParentRunner.java:329) ~[junit-4.13.1.jar:4.13.1]
	at org.junit.runners.ParentRunner.access$100(ParentRunner.java:66) ~[junit-4.13.1.jar:4.13.1]
	at org.junit.runners.ParentRunner$2.evaluate(ParentRunner.java:293) ~[junit-4.13.1.jar:4.13.1]
	at org.springframework.test.context.junit4.statements.RunBeforeTestClassCallbacks.evaluate(RunBeforeTestClassCallbacks.java:61) ~[spring-test-5.2.5.RELEASE.jar:5.2.5.RELEASE]
	at org.springframework.test.context.junit4.statements.RunAfterTestClassCallbacks.evaluate(RunAfterTestClassCallbacks.java:70) ~[spring-test-5.2.5.RELEASE.jar:5.2.5.RELEASE]
	at org.junit.runners.ParentRunner$3.evaluate(ParentRunner.java:306) ~[junit-4.13.1.jar:4.13.1]
	at org.junit.runners.ParentRunner.run(ParentRunner.java:413) ~[junit-4.13.1.jar:4.13.1]
	at org.springframework.test.context.junit4.SpringJUnit4ClassRunner.run(SpringJUnit4ClassRunner.java:190) ~[spring-test-5.2.5.RELEASE.jar:5.2.5.RELEASE]
	at org.gradle.api.internal.tasks.testing.junit.JUnitTestClassExecutor.runTestClass(JUnitTestClassExecutor.java:112) ~[na:na]
	at org.gradle.api.internal.tasks.testing.junit.JUnitTestClassExecutor.execute(JUnitTestClassExecutor.java:58) ~[na:na]
	at org.gradle.api.internal.tasks.testing.junit.JUnitTestClassExecutor.execute(JUnitTestClassExecutor.java:40) ~[na:na]
	at org.gradle.api.internal.tasks.testing.junit.AbstractJUnitTestClassProcessor.processTestClass(AbstractJUnitTestClassProcessor.java:54) ~[na:na]
	at org.gradle.api.internal.tasks.testing.SuiteTestClassProcessor.processTestClass(SuiteTestClassProcessor.java:53) ~[na:na]
	at java.base/jdk.internal.reflect.NativeMethodAccessorImpl.invoke0(Native Method) ~[na:na]
	at java.base/jdk.internal.reflect.NativeMethodAccessorImpl.invoke(NativeMethodAccessorImpl.java:62) ~[na:na]
	at java.base/jdk.internal.reflect.DelegatingMethodAccessorImpl.invoke(DelegatingMethodAccessorImpl.java:43) ~[na:na]
	at java.base/java.lang.reflect.Method.invoke(Method.java:566) ~[na:na]
	at org.gradle.internal.dispatch.ReflectionDispatch.dispatch(ReflectionDispatch.java:36) ~[na:na]
	at org.gradle.internal.dispatch.ReflectionDispatch.dispatch(ReflectionDispatch.java:24) ~[na:na]
	at org.gradle.internal.dispatch.ContextClassLoaderDispatch.dispatch(ContextClassLoaderDispatch.java:33) ~[na:na]
	at org.gradle.internal.dispatch.ProxyDispatchAdapter$DispatchingInvocationHandler.invoke(ProxyDispatchAdapter.java:92) ~[na:na]
	at com.sun.proxy.$Proxy6.processTestClass(Unknown Source) ~[na:na]
	at org.gradle.api.internal.tasks.testing.worker.TestWorker$2.run(TestWorker.java:183) ~[na:na]
	at org.gradle.api.internal.tasks.testing.worker.TestWorker.executeAndMaintainThreadName(TestWorker.java:132) ~[na:na]
	at org.gradle.api.internal.tasks.testing.worker.TestWorker.execute(TestWorker.java:103) ~[na:na]
	at org.gradle.api.internal.tasks.testing.worker.TestWorker.execute(TestWorker.java:63) ~[na:na]
	at org.gradle.process.internal.worker.child.ActionExecutionWorker.execute(ActionExecutionWorker.java:56) ~[na:na]
	at org.gradle.process.internal.worker.child.SystemApplicationClassLoaderWorker.call(SystemApplicationClassLoaderWorker.java:122) ~[na:na]
	at org.gradle.process.internal.worker.child.SystemApplicationClassLoaderWorker.call(SystemApplicationClassLoaderWorker.java:72) ~[na:na]
	at worker.org.gradle.process.internal.worker.GradleWorkerMain.run(GradleWorkerMain.java:69) ~[gradle-worker.jar:na]
	at worker.org.gradle.process.internal.worker.GradleWorkerMain.main(GradleWorkerMain.java:74) ~[gradle-worker.jar:na]
Caused by: org.h2.jdbc.JdbcSQLSyntaxErrorException: Syntax error in SQL statement "TRUNCATE ""public""[*].SEMESTER_DAY, ""public"".SEMESTER_PERIOD, ""public"".PERIODS, ""public"".SEMESTERS, ""public"".GROUPS, ""public"".STUDENTS, ""public"".SEMESTER_GROUP RESTART IDENTITY CASCADE"; expected "TABLE"; SQL statement:
TRUNCATE "public".semester_day, "public".semester_period, "public".periods, "public".semesters, "public".groups, "public".students, "public".semester_group RESTART IDENTITY CASCADE [42001-200]
	at org.h2.message.DbException.getJdbcSQLException(DbException.java:453) ~[h2-1.4.200.jar:1.4.200]
	at org.h2.message.DbException.getJdbcSQLException(DbException.java:429) ~[h2-1.4.200.jar:1.4.200]
	at org.h2.message.DbException.getSyntaxError(DbException.java:243) ~[h2-1.4.200.jar:1.4.200]
	at org.h2.command.Parser.getSyntaxError(Parser.java:1053) ~[h2-1.4.200.jar:1.4.200]
	at org.h2.command.Parser.read(Parser.java:4995) ~[h2-1.4.200.jar:1.4.200]
	at org.h2.command.Parser.parseTruncate(Parser.java:2137) ~[h2-1.4.200.jar:1.4.200]
	at org.h2.command.Parser.parsePrepared(Parser.java:1000) ~[h2-1.4.200.jar:1.4.200]
	at org.h2.command.Parser.parse(Parser.java:843) ~[h2-1.4.200.jar:1.4.200]
	at org.h2.command.Parser.parse(Parser.java:819) ~[h2-1.4.200.jar:1.4.200]
	at org.h2.command.Parser.prepareCommand(Parser.java:738) ~[h2-1.4.200.jar:1.4.200]
	at org.h2.engine.Session.prepareLocal(Session.java:657) ~[h2-1.4.200.jar:1.4.200]
	at org.h2.engine.Session.prepareCommand(Session.java:595) ~[h2-1.4.200.jar:1.4.200]
	at org.h2.jdbc.JdbcConnection.prepareCommand(JdbcConnection.java:1235) ~[h2-1.4.200.jar:1.4.200]
	at org.h2.jdbc.JdbcStatement.executeInternal(JdbcStatement.java:212) ~[h2-1.4.200.jar:1.4.200]
	at org.h2.jdbc.JdbcStatement.execute(JdbcStatement.java:201) ~[h2-1.4.200.jar:1.4.200]
	at com.mchange.v2.c3p0.impl.NewProxyStatement.execute(NewProxyStatement.java:75) ~[c3p0-0.9.5.4.jar:0.9.5.4]
	at org.springframework.jdbc.datasource.init.ScriptUtils.executeSqlScript(ScriptUtils.java:601) ~[spring-jdbc-5.2.4.RELEASE.jar:5.2.4.RELEASE]
	... 53 common frames omitted
[WARN ] 2025-06-26 14:47:44.843 [Test worker] o.s.t.c.TestContextManager - Caught exception while invoking 'beforeTestMethod' callback on TestExecutionListener [org.springframework.test.context.jdbc.SqlScriptsTestExecutionListener@14deab5] for test method [public void com.softserve.controller.SemesterControllerTest.changeCurrentSemester() throws java.lang.Exception] and test instance [com.softserve.controller.SemesterControllerTest@8189d4]
org.springframework.jdbc.datasource.init.ScriptStatementFailedException: Failed to execute SQL script statement #1 of class path resource [create-semesters-before.sql]: TRUNCATE "public".semester_day, "public".semester_period, "public".periods, "public".semesters, "public".groups, "public".students, "public".semester_group RESTART IDENTITY CASCADE; nested exception is org.h2.jdbc.JdbcSQLSyntaxErrorException: Syntax error in SQL statement "TRUNCATE ""public""[*].SEMESTER_DAY, ""public"".SEMESTER_PERIOD, ""public"".PERIODS, ""public"".SEMESTERS, ""public"".GROUPS, ""public"".STUDENTS, ""public"".SEMESTER_GROUP RESTART IDENTITY CASCADE"; expected "TABLE"; SQL statement:
TRUNCATE "public".semester_day, "public".semester_period, "public".periods, "public".semesters, "public".groups, "public".students, "public".semester_group RESTART IDENTITY CASCADE [42001-200]
	at org.springframework.jdbc.datasource.init.ScriptUtils.executeSqlScript(ScriptUtils.java:622) ~[spring-jdbc-5.2.4.RELEASE.jar:5.2.4.RELEASE]
	at org.springframework.jdbc.datasource.init.ResourceDatabasePopulator.populate(ResourceDatabasePopulator.java:254) ~[spring-jdbc-5.2.4.RELEASE.jar:5.2.4.RELEASE]
	at org.springframework.jdbc.datasource.init.DatabasePopulatorUtils.execute(DatabasePopulatorUtils.java:49) ~[spring-jdbc-5.2.4.RELEASE.jar:5.2.4.RELEASE]
	at org.springframework.jdbc.datasource.init.ResourceDatabasePopulator.execute(ResourceDatabasePopulator.java:269) ~[spring-jdbc-5.2.4.RELEASE.jar:5.2.4.RELEASE]
	at org.springframework.test.context.jdbc.SqlScriptsTestExecutionListener.lambda$executeSqlScripts$4(SqlScriptsTestExecutionListener.java:263) ~[spring-test-5.2.5.RELEASE.jar:5.2.5.RELEASE]
	at org.springframework.transaction.support.TransactionOperations.lambda$executeWithoutResult$0(TransactionOperations.java:68) ~[spring-tx-5.2.4.RELEASE.jar:5.2.4.RELEASE]
	at org.springframework.transaction.support.TransactionTemplate.execute(TransactionTemplate.java:140) ~[spring-tx-5.2.4.RELEASE.jar:5.2.4.RELEASE]
	at org.springframework.transaction.support.TransactionOperations.executeWithoutResult(TransactionOperations.java:67) ~[spring-tx-5.2.4.RELEASE.jar:5.2.4.RELEASE]
	at org.springframework.test.context.jdbc.SqlScriptsTestExecutionListener.executeSqlScripts(SqlScriptsTestExecutionListener.java:263) ~[spring-test-5.2.5.RELEASE.jar:5.2.5.RELEASE]
	at org.springframework.test.context.jdbc.SqlScriptsTestExecutionListener.lambda$executeSqlScripts$0(SqlScriptsTestExecutionListener.java:185) ~[spring-test-5.2.5.RELEASE.jar:5.2.5.RELEASE]
	at java.base/java.lang.Iterable.forEach(Iterable.java:75) ~[na:na]
	at org.springframework.test.context.jdbc.SqlScriptsTestExecutionListener.executeSqlScripts(SqlScriptsTestExecutionListener.java:185) ~[spring-test-5.2.5.RELEASE.jar:5.2.5.RELEASE]
	at org.springframework.test.context.jdbc.SqlScriptsTestExecutionListener.executeSqlScripts(SqlScriptsTestExecutionListener.java:147) ~[spring-test-5.2.5.RELEASE.jar:5.2.5.RELEASE]
	at org.springframework.test.context.jdbc.SqlScriptsTestExecutionListener.beforeTestMethod(SqlScriptsTestExecutionListener.java:117) ~[spring-test-5.2.5.RELEASE.jar:5.2.5.RELEASE]
	at org.springframework.test.context.TestContextManager.beforeTestMethod(TestContextManager.java:289) ~[spring-test-5.2.5.RELEASE.jar:5.2.5.RELEASE]
	at org.springframework.test.context.junit4.statements.RunBeforeTestMethodCallbacks.evaluate(RunBeforeTestMethodCallbacks.java:74) ~[spring-test-5.2.5.RELEASE.jar:5.2.5.RELEASE]
	at org.springframework.test.context.junit4.statements.RunAfterTestMethodCallbacks.evaluate(RunAfterTestMethodCallbacks.java:86) ~[spring-test-5.2.5.RELEASE.jar:5.2.5.RELEASE]
	at org.springframework.test.context.junit4.statements.SpringRepeat.evaluate(SpringRepeat.java:84) ~[spring-test-5.2.5.RELEASE.jar:5.2.5.RELEASE]
	at org.junit.runners.ParentRunner.runLeaf(ParentRunner.java:366) ~[junit-4.13.1.jar:4.13.1]
	at org.springframework.test.context.junit4.SpringJUnit4ClassRunner.runChild(SpringJUnit4ClassRunner.java:251) ~[spring-test-5.2.5.RELEASE.jar:5.2.5.RELEASE]
	at org.springframework.test.context.junit4.SpringJUnit4ClassRunner.runChild(SpringJUnit4ClassRunner.java:97) ~[spring-test-5.2.5.RELEASE.jar:5.2.5.RELEASE]
	at org.junit.runners.ParentRunner$4.run(ParentRunner.java:331) ~[junit-4.13.1.jar:4.13.1]
	at org.junit.runners.ParentRunner$1.schedule(ParentRunner.java:79) ~[junit-4.13.1.jar:4.13.1]
	at org.junit.runners.ParentRunner.runChildren(ParentRunner.java:329) ~[junit-4.13.1.jar:4.13.1]
	at org.junit.runners.ParentRunner.access$100(ParentRunner.java:66) ~[junit-4.13.1.jar:4.13.1]
	at org.junit.runners.ParentRunner$2.evaluate(ParentRunner.java:293) ~[junit-4.13.1.jar:4.13.1]
	at org.springframework.test.context.junit4.statements.RunBeforeTestClassCallbacks.evaluate(RunBeforeTestClassCallbacks.java:61) ~[spring-test-5.2.5.RELEASE.jar:5.2.5.RELEASE]
	at org.springframework.test.context.junit4.statements.RunAfterTestClassCallbacks.evaluate(RunAfterTestClassCallbacks.java:70) ~[spring-test-5.2.5.RELEASE.jar:5.2.5.RELEASE]
	at org.junit.runners.ParentRunner$3.evaluate(ParentRunner.java:306) ~[junit-4.13.1.jar:4.13.1]
	at org.junit.runners.ParentRunner.run(ParentRunner.java:413) ~[junit-4.13.1.jar:4.13.1]
	at org.springframework.test.context.junit4.SpringJUnit4ClassRunner.run(SpringJUnit4ClassRunner.java:190) ~[spring-test-5.2.5.RELEASE.jar:5.2.5.RELEASE]
	at org.gradle.api.internal.tasks.testing.junit.JUnitTestClassExecutor.runTestClass(JUnitTestClassExecutor.java:112) ~[na:na]
	at org.gradle.api.internal.tasks.testing.junit.JUnitTestClassExecutor.execute(JUnitTestClassExecutor.java:58) ~[na:na]
	at org.gradle.api.internal.tasks.testing.junit.JUnitTestClassExecutor.execute(JUnitTestClassExecutor.java:40) ~[na:na]
	at org.gradle.api.internal.tasks.testing.junit.AbstractJUnitTestClassProcessor.processTestClass(AbstractJUnitTestClassProcessor.java:54) ~[na:na]
	at org.gradle.api.internal.tasks.testing.SuiteTestClassProcessor.processTestClass(SuiteTestClassProcessor.java:53) ~[na:na]
	at java.base/jdk.internal.reflect.NativeMethodAccessorImpl.invoke0(Native Method) ~[na:na]
	at java.base/jdk.internal.reflect.NativeMethodAccessorImpl.invoke(NativeMethodAccessorImpl.java:62) ~[na:na]
	at java.base/jdk.internal.reflect.DelegatingMethodAccessorImpl.invoke(DelegatingMethodAccessorImpl.java:43) ~[na:na]
	at java.base/java.lang.reflect.Method.invoke(Method.java:566) ~[na:na]
	at org.gradle.internal.dispatch.ReflectionDispatch.dispatch(ReflectionDispatch.java:36) ~[na:na]
	at org.gradle.internal.dispatch.ReflectionDispatch.dispatch(ReflectionDispatch.java:24) ~[na:na]
	at org.gradle.internal.dispatch.ContextClassLoaderDispatch.dispatch(ContextClassLoaderDispatch.java:33) ~[na:na]
	at org.gradle.internal.dispatch.ProxyDispatchAdapter$DispatchingInvocationHandler.invoke(ProxyDispatchAdapter.java:92) ~[na:na]
	at com.sun.proxy.$Proxy6.processTestClass(Unknown Source) ~[na:na]
	at org.gradle.api.internal.tasks.testing.worker.TestWorker$2.run(TestWorker.java:183) ~[na:na]
	at org.gradle.api.internal.tasks.testing.worker.TestWorker.executeAndMaintainThreadName(TestWorker.java:132) ~[na:na]
	at org.gradle.api.internal.tasks.testing.worker.TestWorker.execute(TestWorker.java:103) ~[na:na]
	at org.gradle.api.internal.tasks.testing.worker.TestWorker.execute(TestWorker.java:63) ~[na:na]
	at org.gradle.process.internal.worker.child.ActionExecutionWorker.execute(ActionExecutionWorker.java:56) ~[na:na]
	at org.gradle.process.internal.worker.child.SystemApplicationClassLoaderWorker.call(SystemApplicationClassLoaderWorker.java:122) ~[na:na]
	at org.gradle.process.internal.worker.child.SystemApplicationClassLoaderWorker.call(SystemApplicationClassLoaderWorker.java:72) ~[na:na]
	at worker.org.gradle.process.internal.worker.GradleWorkerMain.run(GradleWorkerMain.java:69) ~[gradle-worker.jar:na]
	at worker.org.gradle.process.internal.worker.GradleWorkerMain.main(GradleWorkerMain.java:74) ~[gradle-worker.jar:na]
Caused by: org.h2.jdbc.JdbcSQLSyntaxErrorException: Syntax error in SQL statement "TRUNCATE ""public""[*].SEMESTER_DAY, ""public"".SEMESTER_PERIOD, ""public"".PERIODS, ""public"".SEMESTERS, ""public"".GROUPS, ""public"".STUDENTS, ""public"".SEMESTER_GROUP RESTART IDENTITY CASCADE"; expected "TABLE"; SQL statement:
TRUNCATE "public".semester_day, "public".semester_period, "public".periods, "public".semesters, "public".groups, "public".students, "public".semester_group RESTART IDENTITY CASCADE [42001-200]
	at org.h2.message.DbException.getJdbcSQLException(DbException.java:453) ~[h2-1.4.200.jar:1.4.200]
	at org.h2.message.DbException.getJdbcSQLException(DbException.java:429) ~[h2-1.4.200.jar:1.4.200]
	at org.h2.message.DbException.getSyntaxError(DbException.java:243) ~[h2-1.4.200.jar:1.4.200]
	at org.h2.command.Parser.getSyntaxError(Parser.java:1053) ~[h2-1.4.200.jar:1.4.200]
	at org.h2.command.Parser.read(Parser.java:4995) ~[h2-1.4.200.jar:1.4.200]
	at org.h2.command.Parser.parseTruncate(Parser.java:2137) ~[h2-1.4.200.jar:1.4.200]
	at org.h2.command.Parser.parsePrepared(Parser.java:1000) ~[h2-1.4.200.jar:1.4.200]
	at org.h2.command.Parser.parse(Parser.java:843) ~[h2-1.4.200.jar:1.4.200]
	at org.h2.command.Parser.parse(Parser.java:819) ~[h2-1.4.200.jar:1.4.200]
	at org.h2.command.Parser.prepareCommand(Parser.java:738) ~[h2-1.4.200.jar:1.4.200]
	at org.h2.engine.Session.prepareLocal(Session.java:657) ~[h2-1.4.200.jar:1.4.200]
	at org.h2.engine.Session.prepareCommand(Session.java:595) ~[h2-1.4.200.jar:1.4.200]
	at org.h2.jdbc.JdbcConnection.prepareCommand(JdbcConnection.java:1235) ~[h2-1.4.200.jar:1.4.200]
	at org.h2.jdbc.JdbcStatement.executeInternal(JdbcStatement.java:212) ~[h2-1.4.200.jar:1.4.200]
	at org.h2.jdbc.JdbcStatement.execute(JdbcStatement.java:201) ~[h2-1.4.200.jar:1.4.200]
	at com.mchange.v2.c3p0.impl.NewProxyStatement.execute(NewProxyStatement.java:75) ~[c3p0-0.9.5.4.jar:0.9.5.4]
	at org.springframework.jdbc.datasource.init.ScriptUtils.executeSqlScript(ScriptUtils.java:601) ~[spring-jdbc-5.2.4.RELEASE.jar:5.2.4.RELEASE]
	... 53 common frames omitted
[WARN ] 2025-06-26 14:47:44.867 [Test worker] o.s.t.c.TestContextManager - Caught exception while invoking 'beforeTestMethod' callback on TestExecutionListener [org.springframework.test.context.jdbc.SqlScriptsTestExecutionListener@14deab5] for test method [public void com.softserve.controller.SemesterControllerTest.getSemesterById() throws java.lang.Exception] and test instance [com.softserve.controller.SemesterControllerTest@7362696b]
org.springframework.jdbc.datasource.init.ScriptStatementFailedException: Failed to execute SQL script statement #1 of class path resource [create-semesters-before.sql]: TRUNCATE "public".semester_day, "public".semester_period, "public".periods, "public".semesters, "public".groups, "public".students, "public".semester_group RESTART IDENTITY CASCADE; nested exception is org.h2.jdbc.JdbcSQLSyntaxErrorException: Syntax error in SQL statement "TRUNCATE ""public""[*].SEMESTER_DAY, ""public"".SEMESTER_PERIOD, ""public"".PERIODS, ""public"".SEMESTERS, ""public"".GROUPS, ""public"".STUDENTS, ""public"".SEMESTER_GROUP RESTART IDENTITY CASCADE"; expected "TABLE"; SQL statement:
TRUNCATE "public".semester_day, "public".semester_period, "public".periods, "public".semesters, "public".groups, "public".students, "public".semester_group RESTART IDENTITY CASCADE [42001-200]
	at org.springframework.jdbc.datasource.init.ScriptUtils.executeSqlScript(ScriptUtils.java:622) ~[spring-jdbc-5.2.4.RELEASE.jar:5.2.4.RELEASE]
	at org.springframework.jdbc.datasource.init.ResourceDatabasePopulator.populate(ResourceDatabasePopulator.java:254) ~[spring-jdbc-5.2.4.RELEASE.jar:5.2.4.RELEASE]
	at org.springframework.jdbc.datasource.init.DatabasePopulatorUtils.execute(DatabasePopulatorUtils.java:49) ~[spring-jdbc-5.2.4.RELEASE.jar:5.2.4.RELEASE]
	at org.springframework.jdbc.datasource.init.ResourceDatabasePopulator.execute(ResourceDatabasePopulator.java:269) ~[spring-jdbc-5.2.4.RELEASE.jar:5.2.4.RELEASE]
	at org.springframework.test.context.jdbc.SqlScriptsTestExecutionListener.lambda$executeSqlScripts$4(SqlScriptsTestExecutionListener.java:263) ~[spring-test-5.2.5.RELEASE.jar:5.2.5.RELEASE]
	at org.springframework.transaction.support.TransactionOperations.lambda$executeWithoutResult$0(TransactionOperations.java:68) ~[spring-tx-5.2.4.RELEASE.jar:5.2.4.RELEASE]
	at org.springframework.transaction.support.TransactionTemplate.execute(TransactionTemplate.java:140) ~[spring-tx-5.2.4.RELEASE.jar:5.2.4.RELEASE]
	at org.springframework.transaction.support.TransactionOperations.executeWithoutResult(TransactionOperations.java:67) ~[spring-tx-5.2.4.RELEASE.jar:5.2.4.RELEASE]
	at org.springframework.test.context.jdbc.SqlScriptsTestExecutionListener.executeSqlScripts(SqlScriptsTestExecutionListener.java:263) ~[spring-test-5.2.5.RELEASE.jar:5.2.5.RELEASE]
	at org.springframework.test.context.jdbc.SqlScriptsTestExecutionListener.lambda$executeSqlScripts$0(SqlScriptsTestExecutionListener.java:185) ~[spring-test-5.2.5.RELEASE.jar:5.2.5.RELEASE]
	at java.base/java.lang.Iterable.forEach(Iterable.java:75) ~[na:na]
	at org.springframework.test.context.jdbc.SqlScriptsTestExecutionListener.executeSqlScripts(SqlScriptsTestExecutionListener.java:185) ~[spring-test-5.2.5.RELEASE.jar:5.2.5.RELEASE]
	at org.springframework.test.context.jdbc.SqlScriptsTestExecutionListener.executeSqlScripts(SqlScriptsTestExecutionListener.java:147) ~[spring-test-5.2.5.RELEASE.jar:5.2.5.RELEASE]
	at org.springframework.test.context.jdbc.SqlScriptsTestExecutionListener.beforeTestMethod(SqlScriptsTestExecutionListener.java:117) ~[spring-test-5.2.5.RELEASE.jar:5.2.5.RELEASE]
	at org.springframework.test.context.TestContextManager.beforeTestMethod(TestContextManager.java:289) ~[spring-test-5.2.5.RELEASE.jar:5.2.5.RELEASE]
	at org.springframework.test.context.junit4.statements.RunBeforeTestMethodCallbacks.evaluate(RunBeforeTestMethodCallbacks.java:74) ~[spring-test-5.2.5.RELEASE.jar:5.2.5.RELEASE]
	at org.springframework.test.context.junit4.statements.RunAfterTestMethodCallbacks.evaluate(RunAfterTestMethodCallbacks.java:86) ~[spring-test-5.2.5.RELEASE.jar:5.2.5.RELEASE]
	at org.springframework.test.context.junit4.statements.SpringRepeat.evaluate(SpringRepeat.java:84) ~[spring-test-5.2.5.RELEASE.jar:5.2.5.RELEASE]
	at org.junit.runners.ParentRunner.runLeaf(ParentRunner.java:366) ~[junit-4.13.1.jar:4.13.1]
	at org.springframework.test.context.junit4.SpringJUnit4ClassRunner.runChild(SpringJUnit4ClassRunner.java:251) ~[spring-test-5.2.5.RELEASE.jar:5.2.5.RELEASE]
	at org.springframework.test.context.junit4.SpringJUnit4ClassRunner.runChild(SpringJUnit4ClassRunner.java:97) ~[spring-test-5.2.5.RELEASE.jar:5.2.5.RELEASE]
	at org.junit.runners.ParentRunner$4.run(ParentRunner.java:331) ~[junit-4.13.1.jar:4.13.1]
	at org.junit.runners.ParentRunner$1.schedule(ParentRunner.java:79) ~[junit-4.13.1.jar:4.13.1]
	at org.junit.runners.ParentRunner.runChildren(ParentRunner.java:329) ~[junit-4.13.1.jar:4.13.1]
	at org.junit.runners.ParentRunner.access$100(ParentRunner.java:66) ~[junit-4.13.1.jar:4.13.1]
	at org.junit.runners.ParentRunner$2.evaluate(ParentRunner.java:293) ~[junit-4.13.1.jar:4.13.1]
	at org.springframework.test.context.junit4.statements.RunBeforeTestClassCallbacks.evaluate(RunBeforeTestClassCallbacks.java:61) ~[spring-test-5.2.5.RELEASE.jar:5.2.5.RELEASE]
	at org.springframework.test.context.junit4.statements.RunAfterTestClassCallbacks.evaluate(RunAfterTestClassCallbacks.java:70) ~[spring-test-5.2.5.RELEASE.jar:5.2.5.RELEASE]
	at org.junit.runners.ParentRunner$3.evaluate(ParentRunner.java:306) ~[junit-4.13.1.jar:4.13.1]
	at org.junit.runners.ParentRunner.run(ParentRunner.java:413) ~[junit-4.13.1.jar:4.13.1]
	at org.springframework.test.context.junit4.SpringJUnit4ClassRunner.run(SpringJUnit4ClassRunner.java:190) ~[spring-test-5.2.5.RELEASE.jar:5.2.5.RELEASE]
	at org.gradle.api.internal.tasks.testing.junit.JUnitTestClassExecutor.runTestClass(JUnitTestClassExecutor.java:112) ~[na:na]
	at org.gradle.api.internal.tasks.testing.junit.JUnitTestClassExecutor.execute(JUnitTestClassExecutor.java:58) ~[na:na]
	at org.gradle.api.internal.tasks.testing.junit.JUnitTestClassExecutor.execute(JUnitTestClassExecutor.java:40) ~[na:na]
	at org.gradle.api.internal.tasks.testing.junit.AbstractJUnitTestClassProcessor.processTestClass(AbstractJUnitTestClassProcessor.java:54) ~[na:na]
	at org.gradle.api.internal.tasks.testing.SuiteTestClassProcessor.processTestClass(SuiteTestClassProcessor.java:53) ~[na:na]
	at java.base/jdk.internal.reflect.NativeMethodAccessorImpl.invoke0(Native Method) ~[na:na]
	at java.base/jdk.internal.reflect.NativeMethodAccessorImpl.invoke(NativeMethodAccessorImpl.java:62) ~[na:na]
	at java.base/jdk.internal.reflect.DelegatingMethodAccessorImpl.invoke(DelegatingMethodAccessorImpl.java:43) ~[na:na]
	at java.base/java.lang.reflect.Method.invoke(Method.java:566) ~[na:na]
	at org.gradle.internal.dispatch.ReflectionDispatch.dispatch(ReflectionDispatch.java:36) ~[na:na]
	at org.gradle.internal.dispatch.ReflectionDispatch.dispatch(ReflectionDispatch.java:24) ~[na:na]
	at org.gradle.internal.dispatch.ContextClassLoaderDispatch.dispatch(ContextClassLoaderDispatch.java:33) ~[na:na]
	at org.gradle.internal.dispatch.ProxyDispatchAdapter$DispatchingInvocationHandler.invoke(ProxyDispatchAdapter.java:92) ~[na:na]
	at com.sun.proxy.$Proxy6.processTestClass(Unknown Source) ~[na:na]
	at org.gradle.api.internal.tasks.testing.worker.TestWorker$2.run(TestWorker.java:183) ~[na:na]
	at org.gradle.api.internal.tasks.testing.worker.TestWorker.executeAndMaintainThreadName(TestWorker.java:132) ~[na:na]
	at org.gradle.api.internal.tasks.testing.worker.TestWorker.execute(TestWorker.java:103) ~[na:na]
	at org.gradle.api.internal.tasks.testing.worker.TestWorker.execute(TestWorker.java:63) ~[na:na]
	at org.gradle.process.internal.worker.child.ActionExecutionWorker.execute(ActionExecutionWorker.java:56) ~[na:na]
	at org.gradle.process.internal.worker.child.SystemApplicationClassLoaderWorker.call(SystemApplicationClassLoaderWorker.java:122) ~[na:na]
	at org.gradle.process.internal.worker.child.SystemApplicationClassLoaderWorker.call(SystemApplicationClassLoaderWorker.java:72) ~[na:na]
	at worker.org.gradle.process.internal.worker.GradleWorkerMain.run(GradleWorkerMain.java:69) ~[gradle-worker.jar:na]
	at worker.org.gradle.process.internal.worker.GradleWorkerMain.main(GradleWorkerMain.java:74) ~[gradle-worker.jar:na]
Caused by: org.h2.jdbc.JdbcSQLSyntaxErrorException: Syntax error in SQL statement "TRUNCATE ""public""[*].SEMESTER_DAY, ""public"".SEMESTER_PERIOD, ""public"".PERIODS, ""public"".SEMESTERS, ""public"".GROUPS, ""public"".STUDENTS, ""public"".SEMESTER_GROUP RESTART IDENTITY CASCADE"; expected "TABLE"; SQL statement:
TRUNCATE "public".semester_day, "public".semester_period, "public".periods, "public".semesters, "public".groups, "public".students, "public".semester_group RESTART IDENTITY CASCADE [42001-200]
	at org.h2.message.DbException.getJdbcSQLException(DbException.java:453) ~[h2-1.4.200.jar:1.4.200]
	at org.h2.message.DbException.getJdbcSQLException(DbException.java:429) ~[h2-1.4.200.jar:1.4.200]
	at org.h2.message.DbException.getSyntaxError(DbException.java:243) ~[h2-1.4.200.jar:1.4.200]
	at org.h2.command.Parser.getSyntaxError(Parser.java:1053) ~[h2-1.4.200.jar:1.4.200]
	at org.h2.command.Parser.read(Parser.java:4995) ~[h2-1.4.200.jar:1.4.200]
	at org.h2.command.Parser.parseTruncate(Parser.java:2137) ~[h2-1.4.200.jar:1.4.200]
	at org.h2.command.Parser.parsePrepared(Parser.java:1000) ~[h2-1.4.200.jar:1.4.200]
	at org.h2.command.Parser.parse(Parser.java:843) ~[h2-1.4.200.jar:1.4.200]
	at org.h2.command.Parser.parse(Parser.java:819) ~[h2-1.4.200.jar:1.4.200]
	at org.h2.command.Parser.prepareCommand(Parser.java:738) ~[h2-1.4.200.jar:1.4.200]
	at org.h2.engine.Session.prepareLocal(Session.java:657) ~[h2-1.4.200.jar:1.4.200]
	at org.h2.engine.Session.prepareCommand(Session.java:595) ~[h2-1.4.200.jar:1.4.200]
	at org.h2.jdbc.JdbcConnection.prepareCommand(JdbcConnection.java:1235) ~[h2-1.4.200.jar:1.4.200]
	at org.h2.jdbc.JdbcStatement.executeInternal(JdbcStatement.java:212) ~[h2-1.4.200.jar:1.4.200]
	at org.h2.jdbc.JdbcStatement.execute(JdbcStatement.java:201) ~[h2-1.4.200.jar:1.4.200]
	at com.mchange.v2.c3p0.impl.NewProxyStatement.execute(NewProxyStatement.java:75) ~[c3p0-0.9.5.4.jar:0.9.5.4]
	at org.springframework.jdbc.datasource.init.ScriptUtils.executeSqlScript(ScriptUtils.java:601) ~[spring-jdbc-5.2.4.RELEASE.jar:5.2.4.RELEASE]
	... 53 common frames omitted
[WARN ] 2025-06-26 14:47:44.879 [Test worker] o.s.t.c.TestContextManager - Caught exception while invoking 'beforeTestMethod' callback on TestExecutionListener [org.springframework.test.context.jdbc.SqlScriptsTestExecutionListener@14deab5] for test method [public void com.softserve.controller.SemesterControllerTest.getAllSemesters() throws java.lang.Exception] and test instance [com.softserve.controller.SemesterControllerTest@88a5f01]
org.springframework.jdbc.datasource.init.ScriptStatementFailedException: Failed to execute SQL script statement #1 of class path resource [create-semesters-before.sql]: TRUNCATE "public".semester_day, "public".semester_period, "public".periods, "public".semesters, "public".groups, "public".students, "public".semester_group RESTART IDENTITY CASCADE; nested exception is org.h2.jdbc.JdbcSQLSyntaxErrorException: Syntax error in SQL statement "TRUNCATE ""public""[*].SEMESTER_DAY, ""public"".SEMESTER_PERIOD, ""public"".PERIODS, ""public"".SEMESTERS, ""public"".GROUPS, ""public"".STUDENTS, ""public"".SEMESTER_GROUP RESTART IDENTITY CASCADE"; expected "TABLE"; SQL statement:
TRUNCATE "public".semester_day, "public".semester_period, "public".periods, "public".semesters, "public".groups, "public".students, "public".semester_group RESTART IDENTITY CASCADE [42001-200]
	at org.springframework.jdbc.datasource.init.ScriptUtils.executeSqlScript(ScriptUtils.java:622) ~[spring-jdbc-5.2.4.RELEASE.jar:5.2.4.RELEASE]
	at org.springframework.jdbc.datasource.init.ResourceDatabasePopulator.populate(ResourceDatabasePopulator.java:254) ~[spring-jdbc-5.2.4.RELEASE.jar:5.2.4.RELEASE]
	at org.springframework.jdbc.datasource.init.DatabasePopulatorUtils.execute(DatabasePopulatorUtils.java:49) ~[spring-jdbc-5.2.4.RELEASE.jar:5.2.4.RELEASE]
	at org.springframework.jdbc.datasource.init.ResourceDatabasePopulator.execute(ResourceDatabasePopulator.java:269) ~[spring-jdbc-5.2.4.RELEASE.jar:5.2.4.RELEASE]
	at org.springframework.test.context.jdbc.SqlScriptsTestExecutionListener.lambda$executeSqlScripts$4(SqlScriptsTestExecutionListener.java:263) ~[spring-test-5.2.5.RELEASE.jar:5.2.5.RELEASE]
	at org.springframework.transaction.support.TransactionOperations.lambda$executeWithoutResult$0(TransactionOperations.java:68) ~[spring-tx-5.2.4.RELEASE.jar:5.2.4.RELEASE]
	at org.springframework.transaction.support.TransactionTemplate.execute(TransactionTemplate.java:140) ~[spring-tx-5.2.4.RELEASE.jar:5.2.4.RELEASE]
	at org.springframework.transaction.support.TransactionOperations.executeWithoutResult(TransactionOperations.java:67) ~[spring-tx-5.2.4.RELEASE.jar:5.2.4.RELEASE]
	at org.springframework.test.context.jdbc.SqlScriptsTestExecutionListener.executeSqlScripts(SqlScriptsTestExecutionListener.java:263) ~[spring-test-5.2.5.RELEASE.jar:5.2.5.RELEASE]
	at org.springframework.test.context.jdbc.SqlScriptsTestExecutionListener.lambda$executeSqlScripts$0(SqlScriptsTestExecutionListener.java:185) ~[spring-test-5.2.5.RELEASE.jar:5.2.5.RELEASE]
	at java.base/java.lang.Iterable.forEach(Iterable.java:75) ~[na:na]
	at org.springframework.test.context.jdbc.SqlScriptsTestExecutionListener.executeSqlScripts(SqlScriptsTestExecutionListener.java:185) ~[spring-test-5.2.5.RELEASE.jar:5.2.5.RELEASE]
	at org.springframework.test.context.jdbc.SqlScriptsTestExecutionListener.executeSqlScripts(SqlScriptsTestExecutionListener.java:147) ~[spring-test-5.2.5.RELEASE.jar:5.2.5.RELEASE]
	at org.springframework.test.context.jdbc.SqlScriptsTestExecutionListener.beforeTestMethod(SqlScriptsTestExecutionListener.java:117) ~[spring-test-5.2.5.RELEASE.jar:5.2.5.RELEASE]
	at org.springframework.test.context.TestContextManager.beforeTestMethod(TestContextManager.java:289) ~[spring-test-5.2.5.RELEASE.jar:5.2.5.RELEASE]
	at org.springframework.test.context.junit4.statements.RunBeforeTestMethodCallbacks.evaluate(RunBeforeTestMethodCallbacks.java:74) ~[spring-test-5.2.5.RELEASE.jar:5.2.5.RELEASE]
	at org.springframework.test.context.junit4.statements.RunAfterTestMethodCallbacks.evaluate(RunAfterTestMethodCallbacks.java:86) ~[spring-test-5.2.5.RELEASE.jar:5.2.5.RELEASE]
	at org.springframework.test.context.junit4.statements.SpringRepeat.evaluate(SpringRepeat.java:84) ~[spring-test-5.2.5.RELEASE.jar:5.2.5.RELEASE]
	at org.junit.runners.ParentRunner.runLeaf(ParentRunner.java:366) ~[junit-4.13.1.jar:4.13.1]
	at org.springframework.test.context.junit4.SpringJUnit4ClassRunner.runChild(SpringJUnit4ClassRunner.java:251) ~[spring-test-5.2.5.RELEASE.jar:5.2.5.RELEASE]
	at org.springframework.test.context.junit4.SpringJUnit4ClassRunner.runChild(SpringJUnit4ClassRunner.java:97) ~[spring-test-5.2.5.RELEASE.jar:5.2.5.RELEASE]
	at org.junit.runners.ParentRunner$4.run(ParentRunner.java:331) ~[junit-4.13.1.jar:4.13.1]
	at org.junit.runners.ParentRunner$1.schedule(ParentRunner.java:79) ~[junit-4.13.1.jar:4.13.1]
	at org.junit.runners.ParentRunner.runChildren(ParentRunner.java:329) ~[junit-4.13.1.jar:4.13.1]
	at org.junit.runners.ParentRunner.access$100(ParentRunner.java:66) ~[junit-4.13.1.jar:4.13.1]
	at org.junit.runners.ParentRunner$2.evaluate(ParentRunner.java:293) ~[junit-4.13.1.jar:4.13.1]
	at org.springframework.test.context.junit4.statements.RunBeforeTestClassCallbacks.evaluate(RunBeforeTestClassCallbacks.java:61) ~[spring-test-5.2.5.RELEASE.jar:5.2.5.RELEASE]
	at org.springframework.test.context.junit4.statements.RunAfterTestClassCallbacks.evaluate(RunAfterTestClassCallbacks.java:70) ~[spring-test-5.2.5.RELEASE.jar:5.2.5.RELEASE]
	at org.junit.runners.ParentRunner$3.evaluate(ParentRunner.java:306) ~[junit-4.13.1.jar:4.13.1]
	at org.junit.runners.ParentRunner.run(ParentRunner.java:413) ~[junit-4.13.1.jar:4.13.1]
	at org.springframework.test.context.junit4.SpringJUnit4ClassRunner.run(SpringJUnit4ClassRunner.java:190) ~[spring-test-5.2.5.RELEASE.jar:5.2.5.RELEASE]
	at org.gradle.api.internal.tasks.testing.junit.JUnitTestClassExecutor.runTestClass(JUnitTestClassExecutor.java:112) ~[na:na]
	at org.gradle.api.internal.tasks.testing.junit.JUnitTestClassExecutor.execute(JUnitTestClassExecutor.java:58) ~[na:na]
	at org.gradle.api.internal.tasks.testing.junit.JUnitTestClassExecutor.execute(JUnitTestClassExecutor.java:40) ~[na:na]
	at org.gradle.api.internal.tasks.testing.junit.AbstractJUnitTestClassProcessor.processTestClass(AbstractJUnitTestClassProcessor.java:54) ~[na:na]
	at org.gradle.api.internal.tasks.testing.SuiteTestClassProcessor.processTestClass(SuiteTestClassProcessor.java:53) ~[na:na]
	at java.base/jdk.internal.reflect.NativeMethodAccessorImpl.invoke0(Native Method) ~[na:na]
	at java.base/jdk.internal.reflect.NativeMethodAccessorImpl.invoke(NativeMethodAccessorImpl.java:62) ~[na:na]
	at java.base/jdk.internal.reflect.DelegatingMethodAccessorImpl.invoke(DelegatingMethodAccessorImpl.java:43) ~[na:na]
	at java.base/java.lang.reflect.Method.invoke(Method.java:566) ~[na:na]
	at org.gradle.internal.dispatch.ReflectionDispatch.dispatch(ReflectionDispatch.java:36) ~[na:na]
	at org.gradle.internal.dispatch.ReflectionDispatch.dispatch(ReflectionDispatch.java:24) ~[na:na]
	at org.gradle.internal.dispatch.ContextClassLoaderDispatch.dispatch(ContextClassLoaderDispatch.java:33) ~[na:na]
	at org.gradle.internal.dispatch.ProxyDispatchAdapter$DispatchingInvocationHandler.invoke(ProxyDispatchAdapter.java:92) ~[na:na]
	at com.sun.proxy.$Proxy6.processTestClass(Unknown Source) ~[na:na]
	at org.gradle.api.internal.tasks.testing.worker.TestWorker$2.run(TestWorker.java:183) ~[na:na]
	at org.gradle.api.internal.tasks.testing.worker.TestWorker.executeAndMaintainThreadName(TestWorker.java:132) ~[na:na]
	at org.gradle.api.internal.tasks.testing.worker.TestWorker.execute(TestWorker.java:103) ~[na:na]
	at org.gradle.api.internal.tasks.testing.worker.TestWorker.execute(TestWorker.java:63) ~[na:na]
	at org.gradle.process.internal.worker.child.ActionExecutionWorker.execute(ActionExecutionWorker.java:56) ~[na:na]
	at org.gradle.process.internal.worker.child.SystemApplicationClassLoaderWorker.call(SystemApplicationClassLoaderWorker.java:122) ~[na:na]
	at org.gradle.process.internal.worker.child.SystemApplicationClassLoaderWorker.call(SystemApplicationClassLoaderWorker.java:72) ~[na:na]
	at worker.org.gradle.process.internal.worker.GradleWorkerMain.run(GradleWorkerMain.java:69) ~[gradle-worker.jar:na]
	at worker.org.gradle.process.internal.worker.GradleWorkerMain.main(GradleWorkerMain.java:74) ~[gradle-worker.jar:na]
Caused by: org.h2.jdbc.JdbcSQLSyntaxErrorException: Syntax error in SQL statement "TRUNCATE ""public""[*].SEMESTER_DAY, ""public"".SEMESTER_PERIOD, ""public"".PERIODS, ""public"".SEMESTERS, ""public"".GROUPS, ""public"".STUDENTS, ""public"".SEMESTER_GROUP RESTART IDENTITY CASCADE"; expected "TABLE"; SQL statement:
TRUNCATE "public".semester_day, "public".semester_period, "public".periods, "public".semesters, "public".groups, "public".students, "public".semester_group RESTART IDENTITY CASCADE [42001-200]
	at org.h2.message.DbException.getJdbcSQLException(DbException.java:453) ~[h2-1.4.200.jar:1.4.200]
	at org.h2.message.DbException.getJdbcSQLException(DbException.java:429) ~[h2-1.4.200.jar:1.4.200]
	at org.h2.message.DbException.getSyntaxError(DbException.java:243) ~[h2-1.4.200.jar:1.4.200]
	at org.h2.command.Parser.getSyntaxError(Parser.java:1053) ~[h2-1.4.200.jar:1.4.200]
	at org.h2.command.Parser.read(Parser.java:4995) ~[h2-1.4.200.jar:1.4.200]
	at org.h2.command.Parser.parseTruncate(Parser.java:2137) ~[h2-1.4.200.jar:1.4.200]
	at org.h2.command.Parser.parsePrepared(Parser.java:1000) ~[h2-1.4.200.jar:1.4.200]
	at org.h2.command.Parser.parse(Parser.java:843) ~[h2-1.4.200.jar:1.4.200]
	at org.h2.command.Parser.parse(Parser.java:819) ~[h2-1.4.200.jar:1.4.200]
	at org.h2.command.Parser.prepareCommand(Parser.java:738) ~[h2-1.4.200.jar:1.4.200]
	at org.h2.engine.Session.prepareLocal(Session.java:657) ~[h2-1.4.200.jar:1.4.200]
	at org.h2.engine.Session.prepareCommand(Session.java:595) ~[h2-1.4.200.jar:1.4.200]
	at org.h2.jdbc.JdbcConnection.prepareCommand(JdbcConnection.java:1235) ~[h2-1.4.200.jar:1.4.200]
	at org.h2.jdbc.JdbcStatement.executeInternal(JdbcStatement.java:212) ~[h2-1.4.200.jar:1.4.200]
	at org.h2.jdbc.JdbcStatement.execute(JdbcStatement.java:201) ~[h2-1.4.200.jar:1.4.200]
	at com.mchange.v2.c3p0.impl.NewProxyStatement.execute(NewProxyStatement.java:75) ~[c3p0-0.9.5.4.jar:0.9.5.4]
	at org.springframework.jdbc.datasource.init.ScriptUtils.executeSqlScript(ScriptUtils.java:601) ~[spring-jdbc-5.2.4.RELEASE.jar:5.2.4.RELEASE]
	... 53 common frames omitted
]]></system-out>
  <system-err><![CDATA[]]></system-err>
</testsuite>
