<?xml version="1.0" encoding="UTF-8"?>
<testsuite name="com.softserve.controller.ScheduleControllerTest" tests="16" skipped="0" failures="16" errors="0" timestamp="2025-06-26T11:47:44.502Z" hostname="MacBook-Air-Ivan.local" time="0.163">
  <properties/>
  <testcase name="returnBadRequestIfSaveScheduleWhenEvenOddIsNull" classname="com.softserve.controller.ScheduleControllerTest" time="0.008">
    <failure message="org.springframework.jdbc.datasource.init.ScriptStatementFailedException: Failed to execute SQL script statement #1 of class path resource [create-schedule-before.sql]: TRUNCATE &quot;public&quot;.schedules, &quot;public&quot;.lessons, &quot;public&quot;.semester_period, &quot;public&quot;.semester_day, &quot;public&quot;.semesters, &quot;public&quot;.groups, &quot;public&quot;.teachers, &quot;public&quot;.subjects, &quot;public&quot;.periods, &quot;public&quot;.rooms, &quot;public&quot;.room_types RESTART IDENTITY CASCADE; nested exception is org.h2.jdbc.JdbcSQLSyntaxErrorException: Syntax error in SQL statement &quot;TRUNCATE &quot;&quot;public&quot;&quot;[*].SCHEDULES, &quot;&quot;public&quot;&quot;.LESSONS, &quot;&quot;public&quot;&quot;.SEMESTER_PERIOD, &quot;&quot;public&quot;&quot;.SEMESTER_DAY, &quot;&quot;public&quot;&quot;.SEMESTERS, &quot;&quot;public&quot;&quot;.GROUPS, &quot;&quot;public&quot;&quot;.TEACHERS, &quot;&quot;public&quot;&quot;.SUBJECTS, &quot;&quot;public&quot;&quot;.PERIODS, &quot;&quot;public&quot;&quot;.ROOMS, &quot;&quot;public&quot;&quot;.ROOM_TYPES RESTART IDENTITY CASCADE&quot;; expected &quot;TABLE&quot;; SQL statement:&#10;TRUNCATE &quot;public&quot;.schedules, &quot;public&quot;.lessons, &quot;public&quot;.semester_period, &quot;public&quot;.semester_day, &quot;public&quot;.semesters, &quot;public&quot;.groups, &quot;public&quot;.teachers, &quot;public&quot;.subjects, &quot;public&quot;.periods, &quot;public&quot;.rooms, &quot;public&quot;.room_types RESTART IDENTITY CASCADE [42001-200]" type="org.springframework.jdbc.datasource.init.ScriptStatementFailedException">org.springframework.jdbc.datasource.init.ScriptStatementFailedException: Failed to execute SQL script statement #1 of class path resource [create-schedule-before.sql]: TRUNCATE &quot;public&quot;.schedules, &quot;public&quot;.lessons, &quot;public&quot;.semester_period, &quot;public&quot;.semester_day, &quot;public&quot;.semesters, &quot;public&quot;.groups, &quot;public&quot;.teachers, &quot;public&quot;.subjects, &quot;public&quot;.periods, &quot;public&quot;.rooms, &quot;public&quot;.room_types RESTART IDENTITY CASCADE; nested exception is org.h2.jdbc.JdbcSQLSyntaxErrorException: Syntax error in SQL statement &quot;TRUNCATE &quot;&quot;public&quot;&quot;[*].SCHEDULES, &quot;&quot;public&quot;&quot;.LESSONS, &quot;&quot;public&quot;&quot;.SEMESTER_PERIOD, &quot;&quot;public&quot;&quot;.SEMESTER_DAY, &quot;&quot;public&quot;&quot;.SEMESTERS, &quot;&quot;public&quot;&quot;.GROUPS, &quot;&quot;public&quot;&quot;.TEACHERS, &quot;&quot;public&quot;&quot;.SUBJECTS, &quot;&quot;public&quot;&quot;.PERIODS, &quot;&quot;public&quot;&quot;.ROOMS, &quot;&quot;public&quot;&quot;.ROOM_TYPES RESTART IDENTITY CASCADE&quot;; expected &quot;TABLE&quot;; SQL statement:
TRUNCATE &quot;public&quot;.schedules, &quot;public&quot;.lessons, &quot;public&quot;.semester_period, &quot;public&quot;.semester_day, &quot;public&quot;.semesters, &quot;public&quot;.groups, &quot;public&quot;.teachers, &quot;public&quot;.subjects, &quot;public&quot;.periods, &quot;public&quot;.rooms, &quot;public&quot;.room_types RESTART IDENTITY CASCADE [42001-200]
	at app//org.springframework.jdbc.datasource.init.ScriptUtils.executeSqlScript(ScriptUtils.java:622)
	at app//org.springframework.jdbc.datasource.init.ResourceDatabasePopulator.populate(ResourceDatabasePopulator.java:254)
	at app//org.springframework.jdbc.datasource.init.DatabasePopulatorUtils.execute(DatabasePopulatorUtils.java:49)
	at app//org.springframework.jdbc.datasource.init.ResourceDatabasePopulator.execute(ResourceDatabasePopulator.java:269)
	at app//org.springframework.test.context.jdbc.SqlScriptsTestExecutionListener.lambda$executeSqlScripts$4(SqlScriptsTestExecutionListener.java:263)
	at app//org.springframework.transaction.support.TransactionOperations.lambda$executeWithoutResult$0(TransactionOperations.java:68)
	at app//org.springframework.transaction.support.TransactionTemplate.execute(TransactionTemplate.java:140)
	at app//org.springframework.transaction.support.TransactionOperations.executeWithoutResult(TransactionOperations.java:67)
	at app//org.springframework.test.context.jdbc.SqlScriptsTestExecutionListener.executeSqlScripts(SqlScriptsTestExecutionListener.java:263)
	at app//org.springframework.test.context.jdbc.SqlScriptsTestExecutionListener.lambda$executeSqlScripts$0(SqlScriptsTestExecutionListener.java:185)
	at java.base@11.0.27/java.lang.Iterable.forEach(Iterable.java:75)
	at app//org.springframework.test.context.jdbc.SqlScriptsTestExecutionListener.executeSqlScripts(SqlScriptsTestExecutionListener.java:185)
	at app//org.springframework.test.context.jdbc.SqlScriptsTestExecutionListener.executeSqlScripts(SqlScriptsTestExecutionListener.java:147)
	at app//org.springframework.test.context.jdbc.SqlScriptsTestExecutionListener.beforeTestMethod(SqlScriptsTestExecutionListener.java:117)
	at app//org.springframework.test.context.TestContextManager.beforeTestMethod(TestContextManager.java:289)
	at app//org.springframework.test.context.junit4.statements.RunBeforeTestMethodCallbacks.evaluate(RunBeforeTestMethodCallbacks.java:74)
	at app//org.springframework.test.context.junit4.statements.RunAfterTestMethodCallbacks.evaluate(RunAfterTestMethodCallbacks.java:86)
	at app//org.springframework.test.context.junit4.statements.SpringRepeat.evaluate(SpringRepeat.java:84)
	at app//org.junit.runners.ParentRunner.runLeaf(ParentRunner.java:366)
	at app//org.springframework.test.context.junit4.SpringJUnit4ClassRunner.runChild(SpringJUnit4ClassRunner.java:251)
	at app//org.springframework.test.context.junit4.SpringJUnit4ClassRunner.runChild(SpringJUnit4ClassRunner.java:97)
	at app//org.junit.runners.ParentRunner$4.run(ParentRunner.java:331)
	at app//org.junit.runners.ParentRunner$1.schedule(ParentRunner.java:79)
	at app//org.junit.runners.ParentRunner.runChildren(ParentRunner.java:329)
	at app//org.junit.runners.ParentRunner.access$100(ParentRunner.java:66)
	at app//org.junit.runners.ParentRunner$2.evaluate(ParentRunner.java:293)
	at app//org.springframework.test.context.junit4.statements.RunBeforeTestClassCallbacks.evaluate(RunBeforeTestClassCallbacks.java:61)
	at app//org.springframework.test.context.junit4.statements.RunAfterTestClassCallbacks.evaluate(RunAfterTestClassCallbacks.java:70)
	at app//org.junit.runners.ParentRunner$3.evaluate(ParentRunner.java:306)
	at app//org.junit.runners.ParentRunner.run(ParentRunner.java:413)
	at app//org.springframework.test.context.junit4.SpringJUnit4ClassRunner.run(SpringJUnit4ClassRunner.java:190)
	at org.gradle.api.internal.tasks.testing.junit.JUnitTestClassExecutor.runTestClass(JUnitTestClassExecutor.java:112)
	at org.gradle.api.internal.tasks.testing.junit.JUnitTestClassExecutor.execute(JUnitTestClassExecutor.java:58)
	at org.gradle.api.internal.tasks.testing.junit.JUnitTestClassExecutor.execute(JUnitTestClassExecutor.java:40)
	at org.gradle.api.internal.tasks.testing.junit.AbstractJUnitTestClassProcessor.processTestClass(AbstractJUnitTestClassProcessor.java:54)
	at org.gradle.api.internal.tasks.testing.SuiteTestClassProcessor.processTestClass(SuiteTestClassProcessor.java:53)
	at java.base@11.0.27/jdk.internal.reflect.NativeMethodAccessorImpl.invoke0(Native Method)
	at java.base@11.0.27/jdk.internal.reflect.NativeMethodAccessorImpl.invoke(NativeMethodAccessorImpl.java:62)
	at java.base@11.0.27/jdk.internal.reflect.DelegatingMethodAccessorImpl.invoke(DelegatingMethodAccessorImpl.java:43)
	at java.base@11.0.27/java.lang.reflect.Method.invoke(Method.java:566)
	at org.gradle.internal.dispatch.ReflectionDispatch.dispatch(ReflectionDispatch.java:36)
	at org.gradle.internal.dispatch.ReflectionDispatch.dispatch(ReflectionDispatch.java:24)
	at org.gradle.internal.dispatch.ContextClassLoaderDispatch.dispatch(ContextClassLoaderDispatch.java:33)
	at org.gradle.internal.dispatch.ProxyDispatchAdapter$DispatchingInvocationHandler.invoke(ProxyDispatchAdapter.java:92)
	at com.sun.proxy.$Proxy6.processTestClass(Unknown Source)
	at org.gradle.api.internal.tasks.testing.worker.TestWorker$2.run(TestWorker.java:183)
	at org.gradle.api.internal.tasks.testing.worker.TestWorker.executeAndMaintainThreadName(TestWorker.java:132)
	at org.gradle.api.internal.tasks.testing.worker.TestWorker.execute(TestWorker.java:103)
	at org.gradle.api.internal.tasks.testing.worker.TestWorker.execute(TestWorker.java:63)
	at org.gradle.process.internal.worker.child.ActionExecutionWorker.execute(ActionExecutionWorker.java:56)
	at org.gradle.process.internal.worker.child.SystemApplicationClassLoaderWorker.call(SystemApplicationClassLoaderWorker.java:122)
	at org.gradle.process.internal.worker.child.SystemApplicationClassLoaderWorker.call(SystemApplicationClassLoaderWorker.java:72)
	at app//worker.org.gradle.process.internal.worker.GradleWorkerMain.run(GradleWorkerMain.java:69)
	at app//worker.org.gradle.process.internal.worker.GradleWorkerMain.main(GradleWorkerMain.java:74)
Caused by: org.h2.jdbc.JdbcSQLSyntaxErrorException: Syntax error in SQL statement &quot;TRUNCATE &quot;&quot;public&quot;&quot;[*].SCHEDULES, &quot;&quot;public&quot;&quot;.LESSONS, &quot;&quot;public&quot;&quot;.SEMESTER_PERIOD, &quot;&quot;public&quot;&quot;.SEMESTER_DAY, &quot;&quot;public&quot;&quot;.SEMESTERS, &quot;&quot;public&quot;&quot;.GROUPS, &quot;&quot;public&quot;&quot;.TEACHERS, &quot;&quot;public&quot;&quot;.SUBJECTS, &quot;&quot;public&quot;&quot;.PERIODS, &quot;&quot;public&quot;&quot;.ROOMS, &quot;&quot;public&quot;&quot;.ROOM_TYPES RESTART IDENTITY CASCADE&quot;; expected &quot;TABLE&quot;; SQL statement:
TRUNCATE &quot;public&quot;.schedules, &quot;public&quot;.lessons, &quot;public&quot;.semester_period, &quot;public&quot;.semester_day, &quot;public&quot;.semesters, &quot;public&quot;.groups, &quot;public&quot;.teachers, &quot;public&quot;.subjects, &quot;public&quot;.periods, &quot;public&quot;.rooms, &quot;public&quot;.room_types RESTART IDENTITY CASCADE [42001-200]
	at app//org.h2.message.DbException.getJdbcSQLException(DbException.java:453)
	at app//org.h2.message.DbException.getJdbcSQLException(DbException.java:429)
	at app//org.h2.message.DbException.getSyntaxError(DbException.java:243)
	at app//org.h2.command.Parser.getSyntaxError(Parser.java:1053)
	at app//org.h2.command.Parser.read(Parser.java:4995)
	at app//org.h2.command.Parser.parseTruncate(Parser.java:2137)
	at app//org.h2.command.Parser.parsePrepared(Parser.java:1000)
	at app//org.h2.command.Parser.parse(Parser.java:843)
	at app//org.h2.command.Parser.parse(Parser.java:819)
	at app//org.h2.command.Parser.prepareCommand(Parser.java:738)
	at app//org.h2.engine.Session.prepareLocal(Session.java:657)
	at app//org.h2.engine.Session.prepareCommand(Session.java:595)
	at app//org.h2.jdbc.JdbcConnection.prepareCommand(JdbcConnection.java:1235)
	at app//org.h2.jdbc.JdbcStatement.executeInternal(JdbcStatement.java:212)
	at app//org.h2.jdbc.JdbcStatement.execute(JdbcStatement.java:201)
	at app//com.mchange.v2.c3p0.impl.NewProxyStatement.execute(NewProxyStatement.java:75)
	at app//org.springframework.jdbc.datasource.init.ScriptUtils.executeSqlScript(ScriptUtils.java:601)
	... 53 more
</failure>
  </testcase>
  <testcase name="saveSchedule" classname="com.softserve.controller.ScheduleControllerTest" time="0.01">
    <failure message="org.springframework.jdbc.datasource.init.ScriptStatementFailedException: Failed to execute SQL script statement #1 of class path resource [create-schedule-before.sql]: TRUNCATE &quot;public&quot;.schedules, &quot;public&quot;.lessons, &quot;public&quot;.semester_period, &quot;public&quot;.semester_day, &quot;public&quot;.semesters, &quot;public&quot;.groups, &quot;public&quot;.teachers, &quot;public&quot;.subjects, &quot;public&quot;.periods, &quot;public&quot;.rooms, &quot;public&quot;.room_types RESTART IDENTITY CASCADE; nested exception is org.h2.jdbc.JdbcSQLSyntaxErrorException: Syntax error in SQL statement &quot;TRUNCATE &quot;&quot;public&quot;&quot;[*].SCHEDULES, &quot;&quot;public&quot;&quot;.LESSONS, &quot;&quot;public&quot;&quot;.SEMESTER_PERIOD, &quot;&quot;public&quot;&quot;.SEMESTER_DAY, &quot;&quot;public&quot;&quot;.SEMESTERS, &quot;&quot;public&quot;&quot;.GROUPS, &quot;&quot;public&quot;&quot;.TEACHERS, &quot;&quot;public&quot;&quot;.SUBJECTS, &quot;&quot;public&quot;&quot;.PERIODS, &quot;&quot;public&quot;&quot;.ROOMS, &quot;&quot;public&quot;&quot;.ROOM_TYPES RESTART IDENTITY CASCADE&quot;; expected &quot;TABLE&quot;; SQL statement:&#10;TRUNCATE &quot;public&quot;.schedules, &quot;public&quot;.lessons, &quot;public&quot;.semester_period, &quot;public&quot;.semester_day, &quot;public&quot;.semesters, &quot;public&quot;.groups, &quot;public&quot;.teachers, &quot;public&quot;.subjects, &quot;public&quot;.periods, &quot;public&quot;.rooms, &quot;public&quot;.room_types RESTART IDENTITY CASCADE [42001-200]" type="org.springframework.jdbc.datasource.init.ScriptStatementFailedException">org.springframework.jdbc.datasource.init.ScriptStatementFailedException: Failed to execute SQL script statement #1 of class path resource [create-schedule-before.sql]: TRUNCATE &quot;public&quot;.schedules, &quot;public&quot;.lessons, &quot;public&quot;.semester_period, &quot;public&quot;.semester_day, &quot;public&quot;.semesters, &quot;public&quot;.groups, &quot;public&quot;.teachers, &quot;public&quot;.subjects, &quot;public&quot;.periods, &quot;public&quot;.rooms, &quot;public&quot;.room_types RESTART IDENTITY CASCADE; nested exception is org.h2.jdbc.JdbcSQLSyntaxErrorException: Syntax error in SQL statement &quot;TRUNCATE &quot;&quot;public&quot;&quot;[*].SCHEDULES, &quot;&quot;public&quot;&quot;.LESSONS, &quot;&quot;public&quot;&quot;.SEMESTER_PERIOD, &quot;&quot;public&quot;&quot;.SEMESTER_DAY, &quot;&quot;public&quot;&quot;.SEMESTERS, &quot;&quot;public&quot;&quot;.GROUPS, &quot;&quot;public&quot;&quot;.TEACHERS, &quot;&quot;public&quot;&quot;.SUBJECTS, &quot;&quot;public&quot;&quot;.PERIODS, &quot;&quot;public&quot;&quot;.ROOMS, &quot;&quot;public&quot;&quot;.ROOM_TYPES RESTART IDENTITY CASCADE&quot;; expected &quot;TABLE&quot;; SQL statement:
TRUNCATE &quot;public&quot;.schedules, &quot;public&quot;.lessons, &quot;public&quot;.semester_period, &quot;public&quot;.semester_day, &quot;public&quot;.semesters, &quot;public&quot;.groups, &quot;public&quot;.teachers, &quot;public&quot;.subjects, &quot;public&quot;.periods, &quot;public&quot;.rooms, &quot;public&quot;.room_types RESTART IDENTITY CASCADE [42001-200]
	at app//org.springframework.jdbc.datasource.init.ScriptUtils.executeSqlScript(ScriptUtils.java:622)
	at app//org.springframework.jdbc.datasource.init.ResourceDatabasePopulator.populate(ResourceDatabasePopulator.java:254)
	at app//org.springframework.jdbc.datasource.init.DatabasePopulatorUtils.execute(DatabasePopulatorUtils.java:49)
	at app//org.springframework.jdbc.datasource.init.ResourceDatabasePopulator.execute(ResourceDatabasePopulator.java:269)
	at app//org.springframework.test.context.jdbc.SqlScriptsTestExecutionListener.lambda$executeSqlScripts$4(SqlScriptsTestExecutionListener.java:263)
	at app//org.springframework.transaction.support.TransactionOperations.lambda$executeWithoutResult$0(TransactionOperations.java:68)
	at app//org.springframework.transaction.support.TransactionTemplate.execute(TransactionTemplate.java:140)
	at app//org.springframework.transaction.support.TransactionOperations.executeWithoutResult(TransactionOperations.java:67)
	at app//org.springframework.test.context.jdbc.SqlScriptsTestExecutionListener.executeSqlScripts(SqlScriptsTestExecutionListener.java:263)
	at app//org.springframework.test.context.jdbc.SqlScriptsTestExecutionListener.lambda$executeSqlScripts$0(SqlScriptsTestExecutionListener.java:185)
	at java.base@11.0.27/java.lang.Iterable.forEach(Iterable.java:75)
	at app//org.springframework.test.context.jdbc.SqlScriptsTestExecutionListener.executeSqlScripts(SqlScriptsTestExecutionListener.java:185)
	at app//org.springframework.test.context.jdbc.SqlScriptsTestExecutionListener.executeSqlScripts(SqlScriptsTestExecutionListener.java:147)
	at app//org.springframework.test.context.jdbc.SqlScriptsTestExecutionListener.beforeTestMethod(SqlScriptsTestExecutionListener.java:117)
	at app//org.springframework.test.context.TestContextManager.beforeTestMethod(TestContextManager.java:289)
	at app//org.springframework.test.context.junit4.statements.RunBeforeTestMethodCallbacks.evaluate(RunBeforeTestMethodCallbacks.java:74)
	at app//org.springframework.test.context.junit4.statements.RunAfterTestMethodCallbacks.evaluate(RunAfterTestMethodCallbacks.java:86)
	at app//org.springframework.test.context.junit4.statements.SpringRepeat.evaluate(SpringRepeat.java:84)
	at app//org.junit.runners.ParentRunner.runLeaf(ParentRunner.java:366)
	at app//org.springframework.test.context.junit4.SpringJUnit4ClassRunner.runChild(SpringJUnit4ClassRunner.java:251)
	at app//org.springframework.test.context.junit4.SpringJUnit4ClassRunner.runChild(SpringJUnit4ClassRunner.java:97)
	at app//org.junit.runners.ParentRunner$4.run(ParentRunner.java:331)
	at app//org.junit.runners.ParentRunner$1.schedule(ParentRunner.java:79)
	at app//org.junit.runners.ParentRunner.runChildren(ParentRunner.java:329)
	at app//org.junit.runners.ParentRunner.access$100(ParentRunner.java:66)
	at app//org.junit.runners.ParentRunner$2.evaluate(ParentRunner.java:293)
	at app//org.springframework.test.context.junit4.statements.RunBeforeTestClassCallbacks.evaluate(RunBeforeTestClassCallbacks.java:61)
	at app//org.springframework.test.context.junit4.statements.RunAfterTestClassCallbacks.evaluate(RunAfterTestClassCallbacks.java:70)
	at app//org.junit.runners.ParentRunner$3.evaluate(ParentRunner.java:306)
	at app//org.junit.runners.ParentRunner.run(ParentRunner.java:413)
	at app//org.springframework.test.context.junit4.SpringJUnit4ClassRunner.run(SpringJUnit4ClassRunner.java:190)
	at org.gradle.api.internal.tasks.testing.junit.JUnitTestClassExecutor.runTestClass(JUnitTestClassExecutor.java:112)
	at org.gradle.api.internal.tasks.testing.junit.JUnitTestClassExecutor.execute(JUnitTestClassExecutor.java:58)
	at org.gradle.api.internal.tasks.testing.junit.JUnitTestClassExecutor.execute(JUnitTestClassExecutor.java:40)
	at org.gradle.api.internal.tasks.testing.junit.AbstractJUnitTestClassProcessor.processTestClass(AbstractJUnitTestClassProcessor.java:54)
	at org.gradle.api.internal.tasks.testing.SuiteTestClassProcessor.processTestClass(SuiteTestClassProcessor.java:53)
	at java.base@11.0.27/jdk.internal.reflect.NativeMethodAccessorImpl.invoke0(Native Method)
	at java.base@11.0.27/jdk.internal.reflect.NativeMethodAccessorImpl.invoke(NativeMethodAccessorImpl.java:62)
	at java.base@11.0.27/jdk.internal.reflect.DelegatingMethodAccessorImpl.invoke(DelegatingMethodAccessorImpl.java:43)
	at java.base@11.0.27/java.lang.reflect.Method.invoke(Method.java:566)
	at org.gradle.internal.dispatch.ReflectionDispatch.dispatch(ReflectionDispatch.java:36)
	at org.gradle.internal.dispatch.ReflectionDispatch.dispatch(ReflectionDispatch.java:24)
	at org.gradle.internal.dispatch.ContextClassLoaderDispatch.dispatch(ContextClassLoaderDispatch.java:33)
	at org.gradle.internal.dispatch.ProxyDispatchAdapter$DispatchingInvocationHandler.invoke(ProxyDispatchAdapter.java:92)
	at com.sun.proxy.$Proxy6.processTestClass(Unknown Source)
	at org.gradle.api.internal.tasks.testing.worker.TestWorker$2.run(TestWorker.java:183)
	at org.gradle.api.internal.tasks.testing.worker.TestWorker.executeAndMaintainThreadName(TestWorker.java:132)
	at org.gradle.api.internal.tasks.testing.worker.TestWorker.execute(TestWorker.java:103)
	at org.gradle.api.internal.tasks.testing.worker.TestWorker.execute(TestWorker.java:63)
	at org.gradle.process.internal.worker.child.ActionExecutionWorker.execute(ActionExecutionWorker.java:56)
	at org.gradle.process.internal.worker.child.SystemApplicationClassLoaderWorker.call(SystemApplicationClassLoaderWorker.java:122)
	at org.gradle.process.internal.worker.child.SystemApplicationClassLoaderWorker.call(SystemApplicationClassLoaderWorker.java:72)
	at app//worker.org.gradle.process.internal.worker.GradleWorkerMain.run(GradleWorkerMain.java:69)
	at app//worker.org.gradle.process.internal.worker.GradleWorkerMain.main(GradleWorkerMain.java:74)
Caused by: org.h2.jdbc.JdbcSQLSyntaxErrorException: Syntax error in SQL statement &quot;TRUNCATE &quot;&quot;public&quot;&quot;[*].SCHEDULES, &quot;&quot;public&quot;&quot;.LESSONS, &quot;&quot;public&quot;&quot;.SEMESTER_PERIOD, &quot;&quot;public&quot;&quot;.SEMESTER_DAY, &quot;&quot;public&quot;&quot;.SEMESTERS, &quot;&quot;public&quot;&quot;.GROUPS, &quot;&quot;public&quot;&quot;.TEACHERS, &quot;&quot;public&quot;&quot;.SUBJECTS, &quot;&quot;public&quot;&quot;.PERIODS, &quot;&quot;public&quot;&quot;.ROOMS, &quot;&quot;public&quot;&quot;.ROOM_TYPES RESTART IDENTITY CASCADE&quot;; expected &quot;TABLE&quot;; SQL statement:
TRUNCATE &quot;public&quot;.schedules, &quot;public&quot;.lessons, &quot;public&quot;.semester_period, &quot;public&quot;.semester_day, &quot;public&quot;.semesters, &quot;public&quot;.groups, &quot;public&quot;.teachers, &quot;public&quot;.subjects, &quot;public&quot;.periods, &quot;public&quot;.rooms, &quot;public&quot;.room_types RESTART IDENTITY CASCADE [42001-200]
	at app//org.h2.message.DbException.getJdbcSQLException(DbException.java:453)
	at app//org.h2.message.DbException.getJdbcSQLException(DbException.java:429)
	at app//org.h2.message.DbException.getSyntaxError(DbException.java:243)
	at app//org.h2.command.Parser.getSyntaxError(Parser.java:1053)
	at app//org.h2.command.Parser.read(Parser.java:4995)
	at app//org.h2.command.Parser.parseTruncate(Parser.java:2137)
	at app//org.h2.command.Parser.parsePrepared(Parser.java:1000)
	at app//org.h2.command.Parser.parse(Parser.java:843)
	at app//org.h2.command.Parser.parse(Parser.java:819)
	at app//org.h2.command.Parser.prepareCommand(Parser.java:738)
	at app//org.h2.engine.Session.prepareLocal(Session.java:657)
	at app//org.h2.engine.Session.prepareCommand(Session.java:595)
	at app//org.h2.jdbc.JdbcConnection.prepareCommand(JdbcConnection.java:1235)
	at app//org.h2.jdbc.JdbcStatement.executeInternal(JdbcStatement.java:212)
	at app//org.h2.jdbc.JdbcStatement.execute(JdbcStatement.java:201)
	at app//com.mchange.v2.c3p0.impl.NewProxyStatement.execute(NewProxyStatement.java:75)
	at app//org.springframework.jdbc.datasource.init.ScriptUtils.executeSqlScript(ScriptUtils.java:601)
	... 53 more
</failure>
  </testcase>
  <testcase name="getFullScheduleForTeacher" classname="com.softserve.controller.ScheduleControllerTest" time="0.01">
    <failure message="org.springframework.jdbc.datasource.init.ScriptStatementFailedException: Failed to execute SQL script statement #1 of class path resource [create-schedule-before.sql]: TRUNCATE &quot;public&quot;.schedules, &quot;public&quot;.lessons, &quot;public&quot;.semester_period, &quot;public&quot;.semester_day, &quot;public&quot;.semesters, &quot;public&quot;.groups, &quot;public&quot;.teachers, &quot;public&quot;.subjects, &quot;public&quot;.periods, &quot;public&quot;.rooms, &quot;public&quot;.room_types RESTART IDENTITY CASCADE; nested exception is org.h2.jdbc.JdbcSQLSyntaxErrorException: Syntax error in SQL statement &quot;TRUNCATE &quot;&quot;public&quot;&quot;[*].SCHEDULES, &quot;&quot;public&quot;&quot;.LESSONS, &quot;&quot;public&quot;&quot;.SEMESTER_PERIOD, &quot;&quot;public&quot;&quot;.SEMESTER_DAY, &quot;&quot;public&quot;&quot;.SEMESTERS, &quot;&quot;public&quot;&quot;.GROUPS, &quot;&quot;public&quot;&quot;.TEACHERS, &quot;&quot;public&quot;&quot;.SUBJECTS, &quot;&quot;public&quot;&quot;.PERIODS, &quot;&quot;public&quot;&quot;.ROOMS, &quot;&quot;public&quot;&quot;.ROOM_TYPES RESTART IDENTITY CASCADE&quot;; expected &quot;TABLE&quot;; SQL statement:&#10;TRUNCATE &quot;public&quot;.schedules, &quot;public&quot;.lessons, &quot;public&quot;.semester_period, &quot;public&quot;.semester_day, &quot;public&quot;.semesters, &quot;public&quot;.groups, &quot;public&quot;.teachers, &quot;public&quot;.subjects, &quot;public&quot;.periods, &quot;public&quot;.rooms, &quot;public&quot;.room_types RESTART IDENTITY CASCADE [42001-200]" type="org.springframework.jdbc.datasource.init.ScriptStatementFailedException">org.springframework.jdbc.datasource.init.ScriptStatementFailedException: Failed to execute SQL script statement #1 of class path resource [create-schedule-before.sql]: TRUNCATE &quot;public&quot;.schedules, &quot;public&quot;.lessons, &quot;public&quot;.semester_period, &quot;public&quot;.semester_day, &quot;public&quot;.semesters, &quot;public&quot;.groups, &quot;public&quot;.teachers, &quot;public&quot;.subjects, &quot;public&quot;.periods, &quot;public&quot;.rooms, &quot;public&quot;.room_types RESTART IDENTITY CASCADE; nested exception is org.h2.jdbc.JdbcSQLSyntaxErrorException: Syntax error in SQL statement &quot;TRUNCATE &quot;&quot;public&quot;&quot;[*].SCHEDULES, &quot;&quot;public&quot;&quot;.LESSONS, &quot;&quot;public&quot;&quot;.SEMESTER_PERIOD, &quot;&quot;public&quot;&quot;.SEMESTER_DAY, &quot;&quot;public&quot;&quot;.SEMESTERS, &quot;&quot;public&quot;&quot;.GROUPS, &quot;&quot;public&quot;&quot;.TEACHERS, &quot;&quot;public&quot;&quot;.SUBJECTS, &quot;&quot;public&quot;&quot;.PERIODS, &quot;&quot;public&quot;&quot;.ROOMS, &quot;&quot;public&quot;&quot;.ROOM_TYPES RESTART IDENTITY CASCADE&quot;; expected &quot;TABLE&quot;; SQL statement:
TRUNCATE &quot;public&quot;.schedules, &quot;public&quot;.lessons, &quot;public&quot;.semester_period, &quot;public&quot;.semester_day, &quot;public&quot;.semesters, &quot;public&quot;.groups, &quot;public&quot;.teachers, &quot;public&quot;.subjects, &quot;public&quot;.periods, &quot;public&quot;.rooms, &quot;public&quot;.room_types RESTART IDENTITY CASCADE [42001-200]
	at app//org.springframework.jdbc.datasource.init.ScriptUtils.executeSqlScript(ScriptUtils.java:622)
	at app//org.springframework.jdbc.datasource.init.ResourceDatabasePopulator.populate(ResourceDatabasePopulator.java:254)
	at app//org.springframework.jdbc.datasource.init.DatabasePopulatorUtils.execute(DatabasePopulatorUtils.java:49)
	at app//org.springframework.jdbc.datasource.init.ResourceDatabasePopulator.execute(ResourceDatabasePopulator.java:269)
	at app//org.springframework.test.context.jdbc.SqlScriptsTestExecutionListener.lambda$executeSqlScripts$4(SqlScriptsTestExecutionListener.java:263)
	at app//org.springframework.transaction.support.TransactionOperations.lambda$executeWithoutResult$0(TransactionOperations.java:68)
	at app//org.springframework.transaction.support.TransactionTemplate.execute(TransactionTemplate.java:140)
	at app//org.springframework.transaction.support.TransactionOperations.executeWithoutResult(TransactionOperations.java:67)
	at app//org.springframework.test.context.jdbc.SqlScriptsTestExecutionListener.executeSqlScripts(SqlScriptsTestExecutionListener.java:263)
	at app//org.springframework.test.context.jdbc.SqlScriptsTestExecutionListener.lambda$executeSqlScripts$0(SqlScriptsTestExecutionListener.java:185)
	at java.base@11.0.27/java.lang.Iterable.forEach(Iterable.java:75)
	at app//org.springframework.test.context.jdbc.SqlScriptsTestExecutionListener.executeSqlScripts(SqlScriptsTestExecutionListener.java:185)
	at app//org.springframework.test.context.jdbc.SqlScriptsTestExecutionListener.executeSqlScripts(SqlScriptsTestExecutionListener.java:147)
	at app//org.springframework.test.context.jdbc.SqlScriptsTestExecutionListener.beforeTestMethod(SqlScriptsTestExecutionListener.java:117)
	at app//org.springframework.test.context.TestContextManager.beforeTestMethod(TestContextManager.java:289)
	at app//org.springframework.test.context.junit4.statements.RunBeforeTestMethodCallbacks.evaluate(RunBeforeTestMethodCallbacks.java:74)
	at app//org.springframework.test.context.junit4.statements.RunAfterTestMethodCallbacks.evaluate(RunAfterTestMethodCallbacks.java:86)
	at app//org.springframework.test.context.junit4.statements.SpringRepeat.evaluate(SpringRepeat.java:84)
	at app//org.junit.runners.ParentRunner.runLeaf(ParentRunner.java:366)
	at app//org.springframework.test.context.junit4.SpringJUnit4ClassRunner.runChild(SpringJUnit4ClassRunner.java:251)
	at app//org.springframework.test.context.junit4.SpringJUnit4ClassRunner.runChild(SpringJUnit4ClassRunner.java:97)
	at app//org.junit.runners.ParentRunner$4.run(ParentRunner.java:331)
	at app//org.junit.runners.ParentRunner$1.schedule(ParentRunner.java:79)
	at app//org.junit.runners.ParentRunner.runChildren(ParentRunner.java:329)
	at app//org.junit.runners.ParentRunner.access$100(ParentRunner.java:66)
	at app//org.junit.runners.ParentRunner$2.evaluate(ParentRunner.java:293)
	at app//org.springframework.test.context.junit4.statements.RunBeforeTestClassCallbacks.evaluate(RunBeforeTestClassCallbacks.java:61)
	at app//org.springframework.test.context.junit4.statements.RunAfterTestClassCallbacks.evaluate(RunAfterTestClassCallbacks.java:70)
	at app//org.junit.runners.ParentRunner$3.evaluate(ParentRunner.java:306)
	at app//org.junit.runners.ParentRunner.run(ParentRunner.java:413)
	at app//org.springframework.test.context.junit4.SpringJUnit4ClassRunner.run(SpringJUnit4ClassRunner.java:190)
	at org.gradle.api.internal.tasks.testing.junit.JUnitTestClassExecutor.runTestClass(JUnitTestClassExecutor.java:112)
	at org.gradle.api.internal.tasks.testing.junit.JUnitTestClassExecutor.execute(JUnitTestClassExecutor.java:58)
	at org.gradle.api.internal.tasks.testing.junit.JUnitTestClassExecutor.execute(JUnitTestClassExecutor.java:40)
	at org.gradle.api.internal.tasks.testing.junit.AbstractJUnitTestClassProcessor.processTestClass(AbstractJUnitTestClassProcessor.java:54)
	at org.gradle.api.internal.tasks.testing.SuiteTestClassProcessor.processTestClass(SuiteTestClassProcessor.java:53)
	at java.base@11.0.27/jdk.internal.reflect.NativeMethodAccessorImpl.invoke0(Native Method)
	at java.base@11.0.27/jdk.internal.reflect.NativeMethodAccessorImpl.invoke(NativeMethodAccessorImpl.java:62)
	at java.base@11.0.27/jdk.internal.reflect.DelegatingMethodAccessorImpl.invoke(DelegatingMethodAccessorImpl.java:43)
	at java.base@11.0.27/java.lang.reflect.Method.invoke(Method.java:566)
	at org.gradle.internal.dispatch.ReflectionDispatch.dispatch(ReflectionDispatch.java:36)
	at org.gradle.internal.dispatch.ReflectionDispatch.dispatch(ReflectionDispatch.java:24)
	at org.gradle.internal.dispatch.ContextClassLoaderDispatch.dispatch(ContextClassLoaderDispatch.java:33)
	at org.gradle.internal.dispatch.ProxyDispatchAdapter$DispatchingInvocationHandler.invoke(ProxyDispatchAdapter.java:92)
	at com.sun.proxy.$Proxy6.processTestClass(Unknown Source)
	at org.gradle.api.internal.tasks.testing.worker.TestWorker$2.run(TestWorker.java:183)
	at org.gradle.api.internal.tasks.testing.worker.TestWorker.executeAndMaintainThreadName(TestWorker.java:132)
	at org.gradle.api.internal.tasks.testing.worker.TestWorker.execute(TestWorker.java:103)
	at org.gradle.api.internal.tasks.testing.worker.TestWorker.execute(TestWorker.java:63)
	at org.gradle.process.internal.worker.child.ActionExecutionWorker.execute(ActionExecutionWorker.java:56)
	at org.gradle.process.internal.worker.child.SystemApplicationClassLoaderWorker.call(SystemApplicationClassLoaderWorker.java:122)
	at org.gradle.process.internal.worker.child.SystemApplicationClassLoaderWorker.call(SystemApplicationClassLoaderWorker.java:72)
	at app//worker.org.gradle.process.internal.worker.GradleWorkerMain.run(GradleWorkerMain.java:69)
	at app//worker.org.gradle.process.internal.worker.GradleWorkerMain.main(GradleWorkerMain.java:74)
Caused by: org.h2.jdbc.JdbcSQLSyntaxErrorException: Syntax error in SQL statement &quot;TRUNCATE &quot;&quot;public&quot;&quot;[*].SCHEDULES, &quot;&quot;public&quot;&quot;.LESSONS, &quot;&quot;public&quot;&quot;.SEMESTER_PERIOD, &quot;&quot;public&quot;&quot;.SEMESTER_DAY, &quot;&quot;public&quot;&quot;.SEMESTERS, &quot;&quot;public&quot;&quot;.GROUPS, &quot;&quot;public&quot;&quot;.TEACHERS, &quot;&quot;public&quot;&quot;.SUBJECTS, &quot;&quot;public&quot;&quot;.PERIODS, &quot;&quot;public&quot;&quot;.ROOMS, &quot;&quot;public&quot;&quot;.ROOM_TYPES RESTART IDENTITY CASCADE&quot;; expected &quot;TABLE&quot;; SQL statement:
TRUNCATE &quot;public&quot;.schedules, &quot;public&quot;.lessons, &quot;public&quot;.semester_period, &quot;public&quot;.semester_day, &quot;public&quot;.semesters, &quot;public&quot;.groups, &quot;public&quot;.teachers, &quot;public&quot;.subjects, &quot;public&quot;.periods, &quot;public&quot;.rooms, &quot;public&quot;.room_types RESTART IDENTITY CASCADE [42001-200]
	at app//org.h2.message.DbException.getJdbcSQLException(DbException.java:453)
	at app//org.h2.message.DbException.getJdbcSQLException(DbException.java:429)
	at app//org.h2.message.DbException.getSyntaxError(DbException.java:243)
	at app//org.h2.command.Parser.getSyntaxError(Parser.java:1053)
	at app//org.h2.command.Parser.read(Parser.java:4995)
	at app//org.h2.command.Parser.parseTruncate(Parser.java:2137)
	at app//org.h2.command.Parser.parsePrepared(Parser.java:1000)
	at app//org.h2.command.Parser.parse(Parser.java:843)
	at app//org.h2.command.Parser.parse(Parser.java:819)
	at app//org.h2.command.Parser.prepareCommand(Parser.java:738)
	at app//org.h2.engine.Session.prepareLocal(Session.java:657)
	at app//org.h2.engine.Session.prepareCommand(Session.java:595)
	at app//org.h2.jdbc.JdbcConnection.prepareCommand(JdbcConnection.java:1235)
	at app//org.h2.jdbc.JdbcStatement.executeInternal(JdbcStatement.java:212)
	at app//org.h2.jdbc.JdbcStatement.execute(JdbcStatement.java:201)
	at app//com.mchange.v2.c3p0.impl.NewProxyStatement.execute(NewProxyStatement.java:75)
	at app//org.springframework.jdbc.datasource.init.ScriptUtils.executeSqlScript(ScriptUtils.java:601)
	... 53 more
</failure>
  </testcase>
  <testcase name="getListOfAllSchedulesBySemesterId" classname="com.softserve.controller.ScheduleControllerTest" time="0.01">
    <failure message="org.springframework.jdbc.datasource.init.ScriptStatementFailedException: Failed to execute SQL script statement #1 of class path resource [create-schedule-before.sql]: TRUNCATE &quot;public&quot;.schedules, &quot;public&quot;.lessons, &quot;public&quot;.semester_period, &quot;public&quot;.semester_day, &quot;public&quot;.semesters, &quot;public&quot;.groups, &quot;public&quot;.teachers, &quot;public&quot;.subjects, &quot;public&quot;.periods, &quot;public&quot;.rooms, &quot;public&quot;.room_types RESTART IDENTITY CASCADE; nested exception is org.h2.jdbc.JdbcSQLSyntaxErrorException: Syntax error in SQL statement &quot;TRUNCATE &quot;&quot;public&quot;&quot;[*].SCHEDULES, &quot;&quot;public&quot;&quot;.LESSONS, &quot;&quot;public&quot;&quot;.SEMESTER_PERIOD, &quot;&quot;public&quot;&quot;.SEMESTER_DAY, &quot;&quot;public&quot;&quot;.SEMESTERS, &quot;&quot;public&quot;&quot;.GROUPS, &quot;&quot;public&quot;&quot;.TEACHERS, &quot;&quot;public&quot;&quot;.SUBJECTS, &quot;&quot;public&quot;&quot;.PERIODS, &quot;&quot;public&quot;&quot;.ROOMS, &quot;&quot;public&quot;&quot;.ROOM_TYPES RESTART IDENTITY CASCADE&quot;; expected &quot;TABLE&quot;; SQL statement:&#10;TRUNCATE &quot;public&quot;.schedules, &quot;public&quot;.lessons, &quot;public&quot;.semester_period, &quot;public&quot;.semester_day, &quot;public&quot;.semesters, &quot;public&quot;.groups, &quot;public&quot;.teachers, &quot;public&quot;.subjects, &quot;public&quot;.periods, &quot;public&quot;.rooms, &quot;public&quot;.room_types RESTART IDENTITY CASCADE [42001-200]" type="org.springframework.jdbc.datasource.init.ScriptStatementFailedException">org.springframework.jdbc.datasource.init.ScriptStatementFailedException: Failed to execute SQL script statement #1 of class path resource [create-schedule-before.sql]: TRUNCATE &quot;public&quot;.schedules, &quot;public&quot;.lessons, &quot;public&quot;.semester_period, &quot;public&quot;.semester_day, &quot;public&quot;.semesters, &quot;public&quot;.groups, &quot;public&quot;.teachers, &quot;public&quot;.subjects, &quot;public&quot;.periods, &quot;public&quot;.rooms, &quot;public&quot;.room_types RESTART IDENTITY CASCADE; nested exception is org.h2.jdbc.JdbcSQLSyntaxErrorException: Syntax error in SQL statement &quot;TRUNCATE &quot;&quot;public&quot;&quot;[*].SCHEDULES, &quot;&quot;public&quot;&quot;.LESSONS, &quot;&quot;public&quot;&quot;.SEMESTER_PERIOD, &quot;&quot;public&quot;&quot;.SEMESTER_DAY, &quot;&quot;public&quot;&quot;.SEMESTERS, &quot;&quot;public&quot;&quot;.GROUPS, &quot;&quot;public&quot;&quot;.TEACHERS, &quot;&quot;public&quot;&quot;.SUBJECTS, &quot;&quot;public&quot;&quot;.PERIODS, &quot;&quot;public&quot;&quot;.ROOMS, &quot;&quot;public&quot;&quot;.ROOM_TYPES RESTART IDENTITY CASCADE&quot;; expected &quot;TABLE&quot;; SQL statement:
TRUNCATE &quot;public&quot;.schedules, &quot;public&quot;.lessons, &quot;public&quot;.semester_period, &quot;public&quot;.semester_day, &quot;public&quot;.semesters, &quot;public&quot;.groups, &quot;public&quot;.teachers, &quot;public&quot;.subjects, &quot;public&quot;.periods, &quot;public&quot;.rooms, &quot;public&quot;.room_types RESTART IDENTITY CASCADE [42001-200]
	at app//org.springframework.jdbc.datasource.init.ScriptUtils.executeSqlScript(ScriptUtils.java:622)
	at app//org.springframework.jdbc.datasource.init.ResourceDatabasePopulator.populate(ResourceDatabasePopulator.java:254)
	at app//org.springframework.jdbc.datasource.init.DatabasePopulatorUtils.execute(DatabasePopulatorUtils.java:49)
	at app//org.springframework.jdbc.datasource.init.ResourceDatabasePopulator.execute(ResourceDatabasePopulator.java:269)
	at app//org.springframework.test.context.jdbc.SqlScriptsTestExecutionListener.lambda$executeSqlScripts$4(SqlScriptsTestExecutionListener.java:263)
	at app//org.springframework.transaction.support.TransactionOperations.lambda$executeWithoutResult$0(TransactionOperations.java:68)
	at app//org.springframework.transaction.support.TransactionTemplate.execute(TransactionTemplate.java:140)
	at app//org.springframework.transaction.support.TransactionOperations.executeWithoutResult(TransactionOperations.java:67)
	at app//org.springframework.test.context.jdbc.SqlScriptsTestExecutionListener.executeSqlScripts(SqlScriptsTestExecutionListener.java:263)
	at app//org.springframework.test.context.jdbc.SqlScriptsTestExecutionListener.lambda$executeSqlScripts$0(SqlScriptsTestExecutionListener.java:185)
	at java.base@11.0.27/java.lang.Iterable.forEach(Iterable.java:75)
	at app//org.springframework.test.context.jdbc.SqlScriptsTestExecutionListener.executeSqlScripts(SqlScriptsTestExecutionListener.java:185)
	at app//org.springframework.test.context.jdbc.SqlScriptsTestExecutionListener.executeSqlScripts(SqlScriptsTestExecutionListener.java:147)
	at app//org.springframework.test.context.jdbc.SqlScriptsTestExecutionListener.beforeTestMethod(SqlScriptsTestExecutionListener.java:117)
	at app//org.springframework.test.context.TestContextManager.beforeTestMethod(TestContextManager.java:289)
	at app//org.springframework.test.context.junit4.statements.RunBeforeTestMethodCallbacks.evaluate(RunBeforeTestMethodCallbacks.java:74)
	at app//org.springframework.test.context.junit4.statements.RunAfterTestMethodCallbacks.evaluate(RunAfterTestMethodCallbacks.java:86)
	at app//org.springframework.test.context.junit4.statements.SpringRepeat.evaluate(SpringRepeat.java:84)
	at app//org.junit.runners.ParentRunner.runLeaf(ParentRunner.java:366)
	at app//org.springframework.test.context.junit4.SpringJUnit4ClassRunner.runChild(SpringJUnit4ClassRunner.java:251)
	at app//org.springframework.test.context.junit4.SpringJUnit4ClassRunner.runChild(SpringJUnit4ClassRunner.java:97)
	at app//org.junit.runners.ParentRunner$4.run(ParentRunner.java:331)
	at app//org.junit.runners.ParentRunner$1.schedule(ParentRunner.java:79)
	at app//org.junit.runners.ParentRunner.runChildren(ParentRunner.java:329)
	at app//org.junit.runners.ParentRunner.access$100(ParentRunner.java:66)
	at app//org.junit.runners.ParentRunner$2.evaluate(ParentRunner.java:293)
	at app//org.springframework.test.context.junit4.statements.RunBeforeTestClassCallbacks.evaluate(RunBeforeTestClassCallbacks.java:61)
	at app//org.springframework.test.context.junit4.statements.RunAfterTestClassCallbacks.evaluate(RunAfterTestClassCallbacks.java:70)
	at app//org.junit.runners.ParentRunner$3.evaluate(ParentRunner.java:306)
	at app//org.junit.runners.ParentRunner.run(ParentRunner.java:413)
	at app//org.springframework.test.context.junit4.SpringJUnit4ClassRunner.run(SpringJUnit4ClassRunner.java:190)
	at org.gradle.api.internal.tasks.testing.junit.JUnitTestClassExecutor.runTestClass(JUnitTestClassExecutor.java:112)
	at org.gradle.api.internal.tasks.testing.junit.JUnitTestClassExecutor.execute(JUnitTestClassExecutor.java:58)
	at org.gradle.api.internal.tasks.testing.junit.JUnitTestClassExecutor.execute(JUnitTestClassExecutor.java:40)
	at org.gradle.api.internal.tasks.testing.junit.AbstractJUnitTestClassProcessor.processTestClass(AbstractJUnitTestClassProcessor.java:54)
	at org.gradle.api.internal.tasks.testing.SuiteTestClassProcessor.processTestClass(SuiteTestClassProcessor.java:53)
	at java.base@11.0.27/jdk.internal.reflect.NativeMethodAccessorImpl.invoke0(Native Method)
	at java.base@11.0.27/jdk.internal.reflect.NativeMethodAccessorImpl.invoke(NativeMethodAccessorImpl.java:62)
	at java.base@11.0.27/jdk.internal.reflect.DelegatingMethodAccessorImpl.invoke(DelegatingMethodAccessorImpl.java:43)
	at java.base@11.0.27/java.lang.reflect.Method.invoke(Method.java:566)
	at org.gradle.internal.dispatch.ReflectionDispatch.dispatch(ReflectionDispatch.java:36)
	at org.gradle.internal.dispatch.ReflectionDispatch.dispatch(ReflectionDispatch.java:24)
	at org.gradle.internal.dispatch.ContextClassLoaderDispatch.dispatch(ContextClassLoaderDispatch.java:33)
	at org.gradle.internal.dispatch.ProxyDispatchAdapter$DispatchingInvocationHandler.invoke(ProxyDispatchAdapter.java:92)
	at com.sun.proxy.$Proxy6.processTestClass(Unknown Source)
	at org.gradle.api.internal.tasks.testing.worker.TestWorker$2.run(TestWorker.java:183)
	at org.gradle.api.internal.tasks.testing.worker.TestWorker.executeAndMaintainThreadName(TestWorker.java:132)
	at org.gradle.api.internal.tasks.testing.worker.TestWorker.execute(TestWorker.java:103)
	at org.gradle.api.internal.tasks.testing.worker.TestWorker.execute(TestWorker.java:63)
	at org.gradle.process.internal.worker.child.ActionExecutionWorker.execute(ActionExecutionWorker.java:56)
	at org.gradle.process.internal.worker.child.SystemApplicationClassLoaderWorker.call(SystemApplicationClassLoaderWorker.java:122)
	at org.gradle.process.internal.worker.child.SystemApplicationClassLoaderWorker.call(SystemApplicationClassLoaderWorker.java:72)
	at app//worker.org.gradle.process.internal.worker.GradleWorkerMain.run(GradleWorkerMain.java:69)
	at app//worker.org.gradle.process.internal.worker.GradleWorkerMain.main(GradleWorkerMain.java:74)
Caused by: org.h2.jdbc.JdbcSQLSyntaxErrorException: Syntax error in SQL statement &quot;TRUNCATE &quot;&quot;public&quot;&quot;[*].SCHEDULES, &quot;&quot;public&quot;&quot;.LESSONS, &quot;&quot;public&quot;&quot;.SEMESTER_PERIOD, &quot;&quot;public&quot;&quot;.SEMESTER_DAY, &quot;&quot;public&quot;&quot;.SEMESTERS, &quot;&quot;public&quot;&quot;.GROUPS, &quot;&quot;public&quot;&quot;.TEACHERS, &quot;&quot;public&quot;&quot;.SUBJECTS, &quot;&quot;public&quot;&quot;.PERIODS, &quot;&quot;public&quot;&quot;.ROOMS, &quot;&quot;public&quot;&quot;.ROOM_TYPES RESTART IDENTITY CASCADE&quot;; expected &quot;TABLE&quot;; SQL statement:
TRUNCATE &quot;public&quot;.schedules, &quot;public&quot;.lessons, &quot;public&quot;.semester_period, &quot;public&quot;.semester_day, &quot;public&quot;.semesters, &quot;public&quot;.groups, &quot;public&quot;.teachers, &quot;public&quot;.subjects, &quot;public&quot;.periods, &quot;public&quot;.rooms, &quot;public&quot;.room_types RESTART IDENTITY CASCADE [42001-200]
	at app//org.h2.message.DbException.getJdbcSQLException(DbException.java:453)
	at app//org.h2.message.DbException.getJdbcSQLException(DbException.java:429)
	at app//org.h2.message.DbException.getSyntaxError(DbException.java:243)
	at app//org.h2.command.Parser.getSyntaxError(Parser.java:1053)
	at app//org.h2.command.Parser.read(Parser.java:4995)
	at app//org.h2.command.Parser.parseTruncate(Parser.java:2137)
	at app//org.h2.command.Parser.parsePrepared(Parser.java:1000)
	at app//org.h2.command.Parser.parse(Parser.java:843)
	at app//org.h2.command.Parser.parse(Parser.java:819)
	at app//org.h2.command.Parser.prepareCommand(Parser.java:738)
	at app//org.h2.engine.Session.prepareLocal(Session.java:657)
	at app//org.h2.engine.Session.prepareCommand(Session.java:595)
	at app//org.h2.jdbc.JdbcConnection.prepareCommand(JdbcConnection.java:1235)
	at app//org.h2.jdbc.JdbcStatement.executeInternal(JdbcStatement.java:212)
	at app//org.h2.jdbc.JdbcStatement.execute(JdbcStatement.java:201)
	at app//com.mchange.v2.c3p0.impl.NewProxyStatement.execute(NewProxyStatement.java:75)
	at app//org.springframework.jdbc.datasource.init.ScriptUtils.executeSqlScript(ScriptUtils.java:601)
	... 53 more
</failure>
  </testcase>
  <testcase name="returnNotFoundIfGetFullScheduleForNotFoundedTeacher" classname="com.softserve.controller.ScheduleControllerTest" time="0.008">
    <failure message="org.springframework.jdbc.datasource.init.ScriptStatementFailedException: Failed to execute SQL script statement #1 of class path resource [create-schedule-before.sql]: TRUNCATE &quot;public&quot;.schedules, &quot;public&quot;.lessons, &quot;public&quot;.semester_period, &quot;public&quot;.semester_day, &quot;public&quot;.semesters, &quot;public&quot;.groups, &quot;public&quot;.teachers, &quot;public&quot;.subjects, &quot;public&quot;.periods, &quot;public&quot;.rooms, &quot;public&quot;.room_types RESTART IDENTITY CASCADE; nested exception is org.h2.jdbc.JdbcSQLSyntaxErrorException: Syntax error in SQL statement &quot;TRUNCATE &quot;&quot;public&quot;&quot;[*].SCHEDULES, &quot;&quot;public&quot;&quot;.LESSONS, &quot;&quot;public&quot;&quot;.SEMESTER_PERIOD, &quot;&quot;public&quot;&quot;.SEMESTER_DAY, &quot;&quot;public&quot;&quot;.SEMESTERS, &quot;&quot;public&quot;&quot;.GROUPS, &quot;&quot;public&quot;&quot;.TEACHERS, &quot;&quot;public&quot;&quot;.SUBJECTS, &quot;&quot;public&quot;&quot;.PERIODS, &quot;&quot;public&quot;&quot;.ROOMS, &quot;&quot;public&quot;&quot;.ROOM_TYPES RESTART IDENTITY CASCADE&quot;; expected &quot;TABLE&quot;; SQL statement:&#10;TRUNCATE &quot;public&quot;.schedules, &quot;public&quot;.lessons, &quot;public&quot;.semester_period, &quot;public&quot;.semester_day, &quot;public&quot;.semesters, &quot;public&quot;.groups, &quot;public&quot;.teachers, &quot;public&quot;.subjects, &quot;public&quot;.periods, &quot;public&quot;.rooms, &quot;public&quot;.room_types RESTART IDENTITY CASCADE [42001-200]" type="org.springframework.jdbc.datasource.init.ScriptStatementFailedException">org.springframework.jdbc.datasource.init.ScriptStatementFailedException: Failed to execute SQL script statement #1 of class path resource [create-schedule-before.sql]: TRUNCATE &quot;public&quot;.schedules, &quot;public&quot;.lessons, &quot;public&quot;.semester_period, &quot;public&quot;.semester_day, &quot;public&quot;.semesters, &quot;public&quot;.groups, &quot;public&quot;.teachers, &quot;public&quot;.subjects, &quot;public&quot;.periods, &quot;public&quot;.rooms, &quot;public&quot;.room_types RESTART IDENTITY CASCADE; nested exception is org.h2.jdbc.JdbcSQLSyntaxErrorException: Syntax error in SQL statement &quot;TRUNCATE &quot;&quot;public&quot;&quot;[*].SCHEDULES, &quot;&quot;public&quot;&quot;.LESSONS, &quot;&quot;public&quot;&quot;.SEMESTER_PERIOD, &quot;&quot;public&quot;&quot;.SEMESTER_DAY, &quot;&quot;public&quot;&quot;.SEMESTERS, &quot;&quot;public&quot;&quot;.GROUPS, &quot;&quot;public&quot;&quot;.TEACHERS, &quot;&quot;public&quot;&quot;.SUBJECTS, &quot;&quot;public&quot;&quot;.PERIODS, &quot;&quot;public&quot;&quot;.ROOMS, &quot;&quot;public&quot;&quot;.ROOM_TYPES RESTART IDENTITY CASCADE&quot;; expected &quot;TABLE&quot;; SQL statement:
TRUNCATE &quot;public&quot;.schedules, &quot;public&quot;.lessons, &quot;public&quot;.semester_period, &quot;public&quot;.semester_day, &quot;public&quot;.semesters, &quot;public&quot;.groups, &quot;public&quot;.teachers, &quot;public&quot;.subjects, &quot;public&quot;.periods, &quot;public&quot;.rooms, &quot;public&quot;.room_types RESTART IDENTITY CASCADE [42001-200]
	at app//org.springframework.jdbc.datasource.init.ScriptUtils.executeSqlScript(ScriptUtils.java:622)
	at app//org.springframework.jdbc.datasource.init.ResourceDatabasePopulator.populate(ResourceDatabasePopulator.java:254)
	at app//org.springframework.jdbc.datasource.init.DatabasePopulatorUtils.execute(DatabasePopulatorUtils.java:49)
	at app//org.springframework.jdbc.datasource.init.ResourceDatabasePopulator.execute(ResourceDatabasePopulator.java:269)
	at app//org.springframework.test.context.jdbc.SqlScriptsTestExecutionListener.lambda$executeSqlScripts$4(SqlScriptsTestExecutionListener.java:263)
	at app//org.springframework.transaction.support.TransactionOperations.lambda$executeWithoutResult$0(TransactionOperations.java:68)
	at app//org.springframework.transaction.support.TransactionTemplate.execute(TransactionTemplate.java:140)
	at app//org.springframework.transaction.support.TransactionOperations.executeWithoutResult(TransactionOperations.java:67)
	at app//org.springframework.test.context.jdbc.SqlScriptsTestExecutionListener.executeSqlScripts(SqlScriptsTestExecutionListener.java:263)
	at app//org.springframework.test.context.jdbc.SqlScriptsTestExecutionListener.lambda$executeSqlScripts$0(SqlScriptsTestExecutionListener.java:185)
	at java.base@11.0.27/java.lang.Iterable.forEach(Iterable.java:75)
	at app//org.springframework.test.context.jdbc.SqlScriptsTestExecutionListener.executeSqlScripts(SqlScriptsTestExecutionListener.java:185)
	at app//org.springframework.test.context.jdbc.SqlScriptsTestExecutionListener.executeSqlScripts(SqlScriptsTestExecutionListener.java:147)
	at app//org.springframework.test.context.jdbc.SqlScriptsTestExecutionListener.beforeTestMethod(SqlScriptsTestExecutionListener.java:117)
	at app//org.springframework.test.context.TestContextManager.beforeTestMethod(TestContextManager.java:289)
	at app//org.springframework.test.context.junit4.statements.RunBeforeTestMethodCallbacks.evaluate(RunBeforeTestMethodCallbacks.java:74)
	at app//org.springframework.test.context.junit4.statements.RunAfterTestMethodCallbacks.evaluate(RunAfterTestMethodCallbacks.java:86)
	at app//org.springframework.test.context.junit4.statements.SpringRepeat.evaluate(SpringRepeat.java:84)
	at app//org.junit.runners.ParentRunner.runLeaf(ParentRunner.java:366)
	at app//org.springframework.test.context.junit4.SpringJUnit4ClassRunner.runChild(SpringJUnit4ClassRunner.java:251)
	at app//org.springframework.test.context.junit4.SpringJUnit4ClassRunner.runChild(SpringJUnit4ClassRunner.java:97)
	at app//org.junit.runners.ParentRunner$4.run(ParentRunner.java:331)
	at app//org.junit.runners.ParentRunner$1.schedule(ParentRunner.java:79)
	at app//org.junit.runners.ParentRunner.runChildren(ParentRunner.java:329)
	at app//org.junit.runners.ParentRunner.access$100(ParentRunner.java:66)
	at app//org.junit.runners.ParentRunner$2.evaluate(ParentRunner.java:293)
	at app//org.springframework.test.context.junit4.statements.RunBeforeTestClassCallbacks.evaluate(RunBeforeTestClassCallbacks.java:61)
	at app//org.springframework.test.context.junit4.statements.RunAfterTestClassCallbacks.evaluate(RunAfterTestClassCallbacks.java:70)
	at app//org.junit.runners.ParentRunner$3.evaluate(ParentRunner.java:306)
	at app//org.junit.runners.ParentRunner.run(ParentRunner.java:413)
	at app//org.springframework.test.context.junit4.SpringJUnit4ClassRunner.run(SpringJUnit4ClassRunner.java:190)
	at org.gradle.api.internal.tasks.testing.junit.JUnitTestClassExecutor.runTestClass(JUnitTestClassExecutor.java:112)
	at org.gradle.api.internal.tasks.testing.junit.JUnitTestClassExecutor.execute(JUnitTestClassExecutor.java:58)
	at org.gradle.api.internal.tasks.testing.junit.JUnitTestClassExecutor.execute(JUnitTestClassExecutor.java:40)
	at org.gradle.api.internal.tasks.testing.junit.AbstractJUnitTestClassProcessor.processTestClass(AbstractJUnitTestClassProcessor.java:54)
	at org.gradle.api.internal.tasks.testing.SuiteTestClassProcessor.processTestClass(SuiteTestClassProcessor.java:53)
	at java.base@11.0.27/jdk.internal.reflect.NativeMethodAccessorImpl.invoke0(Native Method)
	at java.base@11.0.27/jdk.internal.reflect.NativeMethodAccessorImpl.invoke(NativeMethodAccessorImpl.java:62)
	at java.base@11.0.27/jdk.internal.reflect.DelegatingMethodAccessorImpl.invoke(DelegatingMethodAccessorImpl.java:43)
	at java.base@11.0.27/java.lang.reflect.Method.invoke(Method.java:566)
	at org.gradle.internal.dispatch.ReflectionDispatch.dispatch(ReflectionDispatch.java:36)
	at org.gradle.internal.dispatch.ReflectionDispatch.dispatch(ReflectionDispatch.java:24)
	at org.gradle.internal.dispatch.ContextClassLoaderDispatch.dispatch(ContextClassLoaderDispatch.java:33)
	at org.gradle.internal.dispatch.ProxyDispatchAdapter$DispatchingInvocationHandler.invoke(ProxyDispatchAdapter.java:92)
	at com.sun.proxy.$Proxy6.processTestClass(Unknown Source)
	at org.gradle.api.internal.tasks.testing.worker.TestWorker$2.run(TestWorker.java:183)
	at org.gradle.api.internal.tasks.testing.worker.TestWorker.executeAndMaintainThreadName(TestWorker.java:132)
	at org.gradle.api.internal.tasks.testing.worker.TestWorker.execute(TestWorker.java:103)
	at org.gradle.api.internal.tasks.testing.worker.TestWorker.execute(TestWorker.java:63)
	at org.gradle.process.internal.worker.child.ActionExecutionWorker.execute(ActionExecutionWorker.java:56)
	at org.gradle.process.internal.worker.child.SystemApplicationClassLoaderWorker.call(SystemApplicationClassLoaderWorker.java:122)
	at org.gradle.process.internal.worker.child.SystemApplicationClassLoaderWorker.call(SystemApplicationClassLoaderWorker.java:72)
	at app//worker.org.gradle.process.internal.worker.GradleWorkerMain.run(GradleWorkerMain.java:69)
	at app//worker.org.gradle.process.internal.worker.GradleWorkerMain.main(GradleWorkerMain.java:74)
Caused by: org.h2.jdbc.JdbcSQLSyntaxErrorException: Syntax error in SQL statement &quot;TRUNCATE &quot;&quot;public&quot;&quot;[*].SCHEDULES, &quot;&quot;public&quot;&quot;.LESSONS, &quot;&quot;public&quot;&quot;.SEMESTER_PERIOD, &quot;&quot;public&quot;&quot;.SEMESTER_DAY, &quot;&quot;public&quot;&quot;.SEMESTERS, &quot;&quot;public&quot;&quot;.GROUPS, &quot;&quot;public&quot;&quot;.TEACHERS, &quot;&quot;public&quot;&quot;.SUBJECTS, &quot;&quot;public&quot;&quot;.PERIODS, &quot;&quot;public&quot;&quot;.ROOMS, &quot;&quot;public&quot;&quot;.ROOM_TYPES RESTART IDENTITY CASCADE&quot;; expected &quot;TABLE&quot;; SQL statement:
TRUNCATE &quot;public&quot;.schedules, &quot;public&quot;.lessons, &quot;public&quot;.semester_period, &quot;public&quot;.semester_day, &quot;public&quot;.semesters, &quot;public&quot;.groups, &quot;public&quot;.teachers, &quot;public&quot;.subjects, &quot;public&quot;.periods, &quot;public&quot;.rooms, &quot;public&quot;.room_types RESTART IDENTITY CASCADE [42001-200]
	at app//org.h2.message.DbException.getJdbcSQLException(DbException.java:453)
	at app//org.h2.message.DbException.getJdbcSQLException(DbException.java:429)
	at app//org.h2.message.DbException.getSyntaxError(DbException.java:243)
	at app//org.h2.command.Parser.getSyntaxError(Parser.java:1053)
	at app//org.h2.command.Parser.read(Parser.java:4995)
	at app//org.h2.command.Parser.parseTruncate(Parser.java:2137)
	at app//org.h2.command.Parser.parsePrepared(Parser.java:1000)
	at app//org.h2.command.Parser.parse(Parser.java:843)
	at app//org.h2.command.Parser.parse(Parser.java:819)
	at app//org.h2.command.Parser.prepareCommand(Parser.java:738)
	at app//org.h2.engine.Session.prepareLocal(Session.java:657)
	at app//org.h2.engine.Session.prepareCommand(Session.java:595)
	at app//org.h2.jdbc.JdbcConnection.prepareCommand(JdbcConnection.java:1235)
	at app//org.h2.jdbc.JdbcStatement.executeInternal(JdbcStatement.java:212)
	at app//org.h2.jdbc.JdbcStatement.execute(JdbcStatement.java:201)
	at app//com.mchange.v2.c3p0.impl.NewProxyStatement.execute(NewProxyStatement.java:75)
	at app//org.springframework.jdbc.datasource.init.ScriptUtils.executeSqlScript(ScriptUtils.java:601)
	... 53 more
</failure>
  </testcase>
  <testcase name="getInfoForNoExistScheduleBySemesterIdByDayOfWeekByEvenOddByClassIdByLessonId" classname="com.softserve.controller.ScheduleControllerTest" time="0.009">
    <failure message="org.springframework.jdbc.datasource.init.ScriptStatementFailedException: Failed to execute SQL script statement #1 of class path resource [create-schedule-before.sql]: TRUNCATE &quot;public&quot;.schedules, &quot;public&quot;.lessons, &quot;public&quot;.semester_period, &quot;public&quot;.semester_day, &quot;public&quot;.semesters, &quot;public&quot;.groups, &quot;public&quot;.teachers, &quot;public&quot;.subjects, &quot;public&quot;.periods, &quot;public&quot;.rooms, &quot;public&quot;.room_types RESTART IDENTITY CASCADE; nested exception is org.h2.jdbc.JdbcSQLSyntaxErrorException: Syntax error in SQL statement &quot;TRUNCATE &quot;&quot;public&quot;&quot;[*].SCHEDULES, &quot;&quot;public&quot;&quot;.LESSONS, &quot;&quot;public&quot;&quot;.SEMESTER_PERIOD, &quot;&quot;public&quot;&quot;.SEMESTER_DAY, &quot;&quot;public&quot;&quot;.SEMESTERS, &quot;&quot;public&quot;&quot;.GROUPS, &quot;&quot;public&quot;&quot;.TEACHERS, &quot;&quot;public&quot;&quot;.SUBJECTS, &quot;&quot;public&quot;&quot;.PERIODS, &quot;&quot;public&quot;&quot;.ROOMS, &quot;&quot;public&quot;&quot;.ROOM_TYPES RESTART IDENTITY CASCADE&quot;; expected &quot;TABLE&quot;; SQL statement:&#10;TRUNCATE &quot;public&quot;.schedules, &quot;public&quot;.lessons, &quot;public&quot;.semester_period, &quot;public&quot;.semester_day, &quot;public&quot;.semesters, &quot;public&quot;.groups, &quot;public&quot;.teachers, &quot;public&quot;.subjects, &quot;public&quot;.periods, &quot;public&quot;.rooms, &quot;public&quot;.room_types RESTART IDENTITY CASCADE [42001-200]" type="org.springframework.jdbc.datasource.init.ScriptStatementFailedException">org.springframework.jdbc.datasource.init.ScriptStatementFailedException: Failed to execute SQL script statement #1 of class path resource [create-schedule-before.sql]: TRUNCATE &quot;public&quot;.schedules, &quot;public&quot;.lessons, &quot;public&quot;.semester_period, &quot;public&quot;.semester_day, &quot;public&quot;.semesters, &quot;public&quot;.groups, &quot;public&quot;.teachers, &quot;public&quot;.subjects, &quot;public&quot;.periods, &quot;public&quot;.rooms, &quot;public&quot;.room_types RESTART IDENTITY CASCADE; nested exception is org.h2.jdbc.JdbcSQLSyntaxErrorException: Syntax error in SQL statement &quot;TRUNCATE &quot;&quot;public&quot;&quot;[*].SCHEDULES, &quot;&quot;public&quot;&quot;.LESSONS, &quot;&quot;public&quot;&quot;.SEMESTER_PERIOD, &quot;&quot;public&quot;&quot;.SEMESTER_DAY, &quot;&quot;public&quot;&quot;.SEMESTERS, &quot;&quot;public&quot;&quot;.GROUPS, &quot;&quot;public&quot;&quot;.TEACHERS, &quot;&quot;public&quot;&quot;.SUBJECTS, &quot;&quot;public&quot;&quot;.PERIODS, &quot;&quot;public&quot;&quot;.ROOMS, &quot;&quot;public&quot;&quot;.ROOM_TYPES RESTART IDENTITY CASCADE&quot;; expected &quot;TABLE&quot;; SQL statement:
TRUNCATE &quot;public&quot;.schedules, &quot;public&quot;.lessons, &quot;public&quot;.semester_period, &quot;public&quot;.semester_day, &quot;public&quot;.semesters, &quot;public&quot;.groups, &quot;public&quot;.teachers, &quot;public&quot;.subjects, &quot;public&quot;.periods, &quot;public&quot;.rooms, &quot;public&quot;.room_types RESTART IDENTITY CASCADE [42001-200]
	at app//org.springframework.jdbc.datasource.init.ScriptUtils.executeSqlScript(ScriptUtils.java:622)
	at app//org.springframework.jdbc.datasource.init.ResourceDatabasePopulator.populate(ResourceDatabasePopulator.java:254)
	at app//org.springframework.jdbc.datasource.init.DatabasePopulatorUtils.execute(DatabasePopulatorUtils.java:49)
	at app//org.springframework.jdbc.datasource.init.ResourceDatabasePopulator.execute(ResourceDatabasePopulator.java:269)
	at app//org.springframework.test.context.jdbc.SqlScriptsTestExecutionListener.lambda$executeSqlScripts$4(SqlScriptsTestExecutionListener.java:263)
	at app//org.springframework.transaction.support.TransactionOperations.lambda$executeWithoutResult$0(TransactionOperations.java:68)
	at app//org.springframework.transaction.support.TransactionTemplate.execute(TransactionTemplate.java:140)
	at app//org.springframework.transaction.support.TransactionOperations.executeWithoutResult(TransactionOperations.java:67)
	at app//org.springframework.test.context.jdbc.SqlScriptsTestExecutionListener.executeSqlScripts(SqlScriptsTestExecutionListener.java:263)
	at app//org.springframework.test.context.jdbc.SqlScriptsTestExecutionListener.lambda$executeSqlScripts$0(SqlScriptsTestExecutionListener.java:185)
	at java.base@11.0.27/java.lang.Iterable.forEach(Iterable.java:75)
	at app//org.springframework.test.context.jdbc.SqlScriptsTestExecutionListener.executeSqlScripts(SqlScriptsTestExecutionListener.java:185)
	at app//org.springframework.test.context.jdbc.SqlScriptsTestExecutionListener.executeSqlScripts(SqlScriptsTestExecutionListener.java:147)
	at app//org.springframework.test.context.jdbc.SqlScriptsTestExecutionListener.beforeTestMethod(SqlScriptsTestExecutionListener.java:117)
	at app//org.springframework.test.context.TestContextManager.beforeTestMethod(TestContextManager.java:289)
	at app//org.springframework.test.context.junit4.statements.RunBeforeTestMethodCallbacks.evaluate(RunBeforeTestMethodCallbacks.java:74)
	at app//org.springframework.test.context.junit4.statements.RunAfterTestMethodCallbacks.evaluate(RunAfterTestMethodCallbacks.java:86)
	at app//org.springframework.test.context.junit4.statements.SpringRepeat.evaluate(SpringRepeat.java:84)
	at app//org.junit.runners.ParentRunner.runLeaf(ParentRunner.java:366)
	at app//org.springframework.test.context.junit4.SpringJUnit4ClassRunner.runChild(SpringJUnit4ClassRunner.java:251)
	at app//org.springframework.test.context.junit4.SpringJUnit4ClassRunner.runChild(SpringJUnit4ClassRunner.java:97)
	at app//org.junit.runners.ParentRunner$4.run(ParentRunner.java:331)
	at app//org.junit.runners.ParentRunner$1.schedule(ParentRunner.java:79)
	at app//org.junit.runners.ParentRunner.runChildren(ParentRunner.java:329)
	at app//org.junit.runners.ParentRunner.access$100(ParentRunner.java:66)
	at app//org.junit.runners.ParentRunner$2.evaluate(ParentRunner.java:293)
	at app//org.springframework.test.context.junit4.statements.RunBeforeTestClassCallbacks.evaluate(RunBeforeTestClassCallbacks.java:61)
	at app//org.springframework.test.context.junit4.statements.RunAfterTestClassCallbacks.evaluate(RunAfterTestClassCallbacks.java:70)
	at app//org.junit.runners.ParentRunner$3.evaluate(ParentRunner.java:306)
	at app//org.junit.runners.ParentRunner.run(ParentRunner.java:413)
	at app//org.springframework.test.context.junit4.SpringJUnit4ClassRunner.run(SpringJUnit4ClassRunner.java:190)
	at org.gradle.api.internal.tasks.testing.junit.JUnitTestClassExecutor.runTestClass(JUnitTestClassExecutor.java:112)
	at org.gradle.api.internal.tasks.testing.junit.JUnitTestClassExecutor.execute(JUnitTestClassExecutor.java:58)
	at org.gradle.api.internal.tasks.testing.junit.JUnitTestClassExecutor.execute(JUnitTestClassExecutor.java:40)
	at org.gradle.api.internal.tasks.testing.junit.AbstractJUnitTestClassProcessor.processTestClass(AbstractJUnitTestClassProcessor.java:54)
	at org.gradle.api.internal.tasks.testing.SuiteTestClassProcessor.processTestClass(SuiteTestClassProcessor.java:53)
	at java.base@11.0.27/jdk.internal.reflect.NativeMethodAccessorImpl.invoke0(Native Method)
	at java.base@11.0.27/jdk.internal.reflect.NativeMethodAccessorImpl.invoke(NativeMethodAccessorImpl.java:62)
	at java.base@11.0.27/jdk.internal.reflect.DelegatingMethodAccessorImpl.invoke(DelegatingMethodAccessorImpl.java:43)
	at java.base@11.0.27/java.lang.reflect.Method.invoke(Method.java:566)
	at org.gradle.internal.dispatch.ReflectionDispatch.dispatch(ReflectionDispatch.java:36)
	at org.gradle.internal.dispatch.ReflectionDispatch.dispatch(ReflectionDispatch.java:24)
	at org.gradle.internal.dispatch.ContextClassLoaderDispatch.dispatch(ContextClassLoaderDispatch.java:33)
	at org.gradle.internal.dispatch.ProxyDispatchAdapter$DispatchingInvocationHandler.invoke(ProxyDispatchAdapter.java:92)
	at com.sun.proxy.$Proxy6.processTestClass(Unknown Source)
	at org.gradle.api.internal.tasks.testing.worker.TestWorker$2.run(TestWorker.java:183)
	at org.gradle.api.internal.tasks.testing.worker.TestWorker.executeAndMaintainThreadName(TestWorker.java:132)
	at org.gradle.api.internal.tasks.testing.worker.TestWorker.execute(TestWorker.java:103)
	at org.gradle.api.internal.tasks.testing.worker.TestWorker.execute(TestWorker.java:63)
	at org.gradle.process.internal.worker.child.ActionExecutionWorker.execute(ActionExecutionWorker.java:56)
	at org.gradle.process.internal.worker.child.SystemApplicationClassLoaderWorker.call(SystemApplicationClassLoaderWorker.java:122)
	at org.gradle.process.internal.worker.child.SystemApplicationClassLoaderWorker.call(SystemApplicationClassLoaderWorker.java:72)
	at app//worker.org.gradle.process.internal.worker.GradleWorkerMain.run(GradleWorkerMain.java:69)
	at app//worker.org.gradle.process.internal.worker.GradleWorkerMain.main(GradleWorkerMain.java:74)
Caused by: org.h2.jdbc.JdbcSQLSyntaxErrorException: Syntax error in SQL statement &quot;TRUNCATE &quot;&quot;public&quot;&quot;[*].SCHEDULES, &quot;&quot;public&quot;&quot;.LESSONS, &quot;&quot;public&quot;&quot;.SEMESTER_PERIOD, &quot;&quot;public&quot;&quot;.SEMESTER_DAY, &quot;&quot;public&quot;&quot;.SEMESTERS, &quot;&quot;public&quot;&quot;.GROUPS, &quot;&quot;public&quot;&quot;.TEACHERS, &quot;&quot;public&quot;&quot;.SUBJECTS, &quot;&quot;public&quot;&quot;.PERIODS, &quot;&quot;public&quot;&quot;.ROOMS, &quot;&quot;public&quot;&quot;.ROOM_TYPES RESTART IDENTITY CASCADE&quot;; expected &quot;TABLE&quot;; SQL statement:
TRUNCATE &quot;public&quot;.schedules, &quot;public&quot;.lessons, &quot;public&quot;.semester_period, &quot;public&quot;.semester_day, &quot;public&quot;.semesters, &quot;public&quot;.groups, &quot;public&quot;.teachers, &quot;public&quot;.subjects, &quot;public&quot;.periods, &quot;public&quot;.rooms, &quot;public&quot;.room_types RESTART IDENTITY CASCADE [42001-200]
	at app//org.h2.message.DbException.getJdbcSQLException(DbException.java:453)
	at app//org.h2.message.DbException.getJdbcSQLException(DbException.java:429)
	at app//org.h2.message.DbException.getSyntaxError(DbException.java:243)
	at app//org.h2.command.Parser.getSyntaxError(Parser.java:1053)
	at app//org.h2.command.Parser.read(Parser.java:4995)
	at app//org.h2.command.Parser.parseTruncate(Parser.java:2137)
	at app//org.h2.command.Parser.parsePrepared(Parser.java:1000)
	at app//org.h2.command.Parser.parse(Parser.java:843)
	at app//org.h2.command.Parser.parse(Parser.java:819)
	at app//org.h2.command.Parser.prepareCommand(Parser.java:738)
	at app//org.h2.engine.Session.prepareLocal(Session.java:657)
	at app//org.h2.engine.Session.prepareCommand(Session.java:595)
	at app//org.h2.jdbc.JdbcConnection.prepareCommand(JdbcConnection.java:1235)
	at app//org.h2.jdbc.JdbcStatement.executeInternal(JdbcStatement.java:212)
	at app//org.h2.jdbc.JdbcStatement.execute(JdbcStatement.java:201)
	at app//com.mchange.v2.c3p0.impl.NewProxyStatement.execute(NewProxyStatement.java:75)
	at app//org.springframework.jdbc.datasource.init.ScriptUtils.executeSqlScript(ScriptUtils.java:601)
	... 53 more
</failure>
  </testcase>
  <testcase name="getListOfAllSchedules" classname="com.softserve.controller.ScheduleControllerTest" time="0.018">
    <failure message="org.springframework.jdbc.datasource.init.ScriptStatementFailedException: Failed to execute SQL script statement #1 of class path resource [create-schedule-before.sql]: TRUNCATE &quot;public&quot;.schedules, &quot;public&quot;.lessons, &quot;public&quot;.semester_period, &quot;public&quot;.semester_day, &quot;public&quot;.semesters, &quot;public&quot;.groups, &quot;public&quot;.teachers, &quot;public&quot;.subjects, &quot;public&quot;.periods, &quot;public&quot;.rooms, &quot;public&quot;.room_types RESTART IDENTITY CASCADE; nested exception is org.h2.jdbc.JdbcSQLSyntaxErrorException: Syntax error in SQL statement &quot;TRUNCATE &quot;&quot;public&quot;&quot;[*].SCHEDULES, &quot;&quot;public&quot;&quot;.LESSONS, &quot;&quot;public&quot;&quot;.SEMESTER_PERIOD, &quot;&quot;public&quot;&quot;.SEMESTER_DAY, &quot;&quot;public&quot;&quot;.SEMESTERS, &quot;&quot;public&quot;&quot;.GROUPS, &quot;&quot;public&quot;&quot;.TEACHERS, &quot;&quot;public&quot;&quot;.SUBJECTS, &quot;&quot;public&quot;&quot;.PERIODS, &quot;&quot;public&quot;&quot;.ROOMS, &quot;&quot;public&quot;&quot;.ROOM_TYPES RESTART IDENTITY CASCADE&quot;; expected &quot;TABLE&quot;; SQL statement:&#10;TRUNCATE &quot;public&quot;.schedules, &quot;public&quot;.lessons, &quot;public&quot;.semester_period, &quot;public&quot;.semester_day, &quot;public&quot;.semesters, &quot;public&quot;.groups, &quot;public&quot;.teachers, &quot;public&quot;.subjects, &quot;public&quot;.periods, &quot;public&quot;.rooms, &quot;public&quot;.room_types RESTART IDENTITY CASCADE [42001-200]" type="org.springframework.jdbc.datasource.init.ScriptStatementFailedException">org.springframework.jdbc.datasource.init.ScriptStatementFailedException: Failed to execute SQL script statement #1 of class path resource [create-schedule-before.sql]: TRUNCATE &quot;public&quot;.schedules, &quot;public&quot;.lessons, &quot;public&quot;.semester_period, &quot;public&quot;.semester_day, &quot;public&quot;.semesters, &quot;public&quot;.groups, &quot;public&quot;.teachers, &quot;public&quot;.subjects, &quot;public&quot;.periods, &quot;public&quot;.rooms, &quot;public&quot;.room_types RESTART IDENTITY CASCADE; nested exception is org.h2.jdbc.JdbcSQLSyntaxErrorException: Syntax error in SQL statement &quot;TRUNCATE &quot;&quot;public&quot;&quot;[*].SCHEDULES, &quot;&quot;public&quot;&quot;.LESSONS, &quot;&quot;public&quot;&quot;.SEMESTER_PERIOD, &quot;&quot;public&quot;&quot;.SEMESTER_DAY, &quot;&quot;public&quot;&quot;.SEMESTERS, &quot;&quot;public&quot;&quot;.GROUPS, &quot;&quot;public&quot;&quot;.TEACHERS, &quot;&quot;public&quot;&quot;.SUBJECTS, &quot;&quot;public&quot;&quot;.PERIODS, &quot;&quot;public&quot;&quot;.ROOMS, &quot;&quot;public&quot;&quot;.ROOM_TYPES RESTART IDENTITY CASCADE&quot;; expected &quot;TABLE&quot;; SQL statement:
TRUNCATE &quot;public&quot;.schedules, &quot;public&quot;.lessons, &quot;public&quot;.semester_period, &quot;public&quot;.semester_day, &quot;public&quot;.semesters, &quot;public&quot;.groups, &quot;public&quot;.teachers, &quot;public&quot;.subjects, &quot;public&quot;.periods, &quot;public&quot;.rooms, &quot;public&quot;.room_types RESTART IDENTITY CASCADE [42001-200]
	at app//org.springframework.jdbc.datasource.init.ScriptUtils.executeSqlScript(ScriptUtils.java:622)
	at app//org.springframework.jdbc.datasource.init.ResourceDatabasePopulator.populate(ResourceDatabasePopulator.java:254)
	at app//org.springframework.jdbc.datasource.init.DatabasePopulatorUtils.execute(DatabasePopulatorUtils.java:49)
	at app//org.springframework.jdbc.datasource.init.ResourceDatabasePopulator.execute(ResourceDatabasePopulator.java:269)
	at app//org.springframework.test.context.jdbc.SqlScriptsTestExecutionListener.lambda$executeSqlScripts$4(SqlScriptsTestExecutionListener.java:263)
	at app//org.springframework.transaction.support.TransactionOperations.lambda$executeWithoutResult$0(TransactionOperations.java:68)
	at app//org.springframework.transaction.support.TransactionTemplate.execute(TransactionTemplate.java:140)
	at app//org.springframework.transaction.support.TransactionOperations.executeWithoutResult(TransactionOperations.java:67)
	at app//org.springframework.test.context.jdbc.SqlScriptsTestExecutionListener.executeSqlScripts(SqlScriptsTestExecutionListener.java:263)
	at app//org.springframework.test.context.jdbc.SqlScriptsTestExecutionListener.lambda$executeSqlScripts$0(SqlScriptsTestExecutionListener.java:185)
	at java.base@11.0.27/java.lang.Iterable.forEach(Iterable.java:75)
	at app//org.springframework.test.context.jdbc.SqlScriptsTestExecutionListener.executeSqlScripts(SqlScriptsTestExecutionListener.java:185)
	at app//org.springframework.test.context.jdbc.SqlScriptsTestExecutionListener.executeSqlScripts(SqlScriptsTestExecutionListener.java:147)
	at app//org.springframework.test.context.jdbc.SqlScriptsTestExecutionListener.beforeTestMethod(SqlScriptsTestExecutionListener.java:117)
	at app//org.springframework.test.context.TestContextManager.beforeTestMethod(TestContextManager.java:289)
	at app//org.springframework.test.context.junit4.statements.RunBeforeTestMethodCallbacks.evaluate(RunBeforeTestMethodCallbacks.java:74)
	at app//org.springframework.test.context.junit4.statements.RunAfterTestMethodCallbacks.evaluate(RunAfterTestMethodCallbacks.java:86)
	at app//org.springframework.test.context.junit4.statements.SpringRepeat.evaluate(SpringRepeat.java:84)
	at app//org.junit.runners.ParentRunner.runLeaf(ParentRunner.java:366)
	at app//org.springframework.test.context.junit4.SpringJUnit4ClassRunner.runChild(SpringJUnit4ClassRunner.java:251)
	at app//org.springframework.test.context.junit4.SpringJUnit4ClassRunner.runChild(SpringJUnit4ClassRunner.java:97)
	at app//org.junit.runners.ParentRunner$4.run(ParentRunner.java:331)
	at app//org.junit.runners.ParentRunner$1.schedule(ParentRunner.java:79)
	at app//org.junit.runners.ParentRunner.runChildren(ParentRunner.java:329)
	at app//org.junit.runners.ParentRunner.access$100(ParentRunner.java:66)
	at app//org.junit.runners.ParentRunner$2.evaluate(ParentRunner.java:293)
	at app//org.springframework.test.context.junit4.statements.RunBeforeTestClassCallbacks.evaluate(RunBeforeTestClassCallbacks.java:61)
	at app//org.springframework.test.context.junit4.statements.RunAfterTestClassCallbacks.evaluate(RunAfterTestClassCallbacks.java:70)
	at app//org.junit.runners.ParentRunner$3.evaluate(ParentRunner.java:306)
	at app//org.junit.runners.ParentRunner.run(ParentRunner.java:413)
	at app//org.springframework.test.context.junit4.SpringJUnit4ClassRunner.run(SpringJUnit4ClassRunner.java:190)
	at org.gradle.api.internal.tasks.testing.junit.JUnitTestClassExecutor.runTestClass(JUnitTestClassExecutor.java:112)
	at org.gradle.api.internal.tasks.testing.junit.JUnitTestClassExecutor.execute(JUnitTestClassExecutor.java:58)
	at org.gradle.api.internal.tasks.testing.junit.JUnitTestClassExecutor.execute(JUnitTestClassExecutor.java:40)
	at org.gradle.api.internal.tasks.testing.junit.AbstractJUnitTestClassProcessor.processTestClass(AbstractJUnitTestClassProcessor.java:54)
	at org.gradle.api.internal.tasks.testing.SuiteTestClassProcessor.processTestClass(SuiteTestClassProcessor.java:53)
	at java.base@11.0.27/jdk.internal.reflect.NativeMethodAccessorImpl.invoke0(Native Method)
	at java.base@11.0.27/jdk.internal.reflect.NativeMethodAccessorImpl.invoke(NativeMethodAccessorImpl.java:62)
	at java.base@11.0.27/jdk.internal.reflect.DelegatingMethodAccessorImpl.invoke(DelegatingMethodAccessorImpl.java:43)
	at java.base@11.0.27/java.lang.reflect.Method.invoke(Method.java:566)
	at org.gradle.internal.dispatch.ReflectionDispatch.dispatch(ReflectionDispatch.java:36)
	at org.gradle.internal.dispatch.ReflectionDispatch.dispatch(ReflectionDispatch.java:24)
	at org.gradle.internal.dispatch.ContextClassLoaderDispatch.dispatch(ContextClassLoaderDispatch.java:33)
	at org.gradle.internal.dispatch.ProxyDispatchAdapter$DispatchingInvocationHandler.invoke(ProxyDispatchAdapter.java:92)
	at com.sun.proxy.$Proxy6.processTestClass(Unknown Source)
	at org.gradle.api.internal.tasks.testing.worker.TestWorker$2.run(TestWorker.java:183)
	at org.gradle.api.internal.tasks.testing.worker.TestWorker.executeAndMaintainThreadName(TestWorker.java:132)
	at org.gradle.api.internal.tasks.testing.worker.TestWorker.execute(TestWorker.java:103)
	at org.gradle.api.internal.tasks.testing.worker.TestWorker.execute(TestWorker.java:63)
	at org.gradle.process.internal.worker.child.ActionExecutionWorker.execute(ActionExecutionWorker.java:56)
	at org.gradle.process.internal.worker.child.SystemApplicationClassLoaderWorker.call(SystemApplicationClassLoaderWorker.java:122)
	at org.gradle.process.internal.worker.child.SystemApplicationClassLoaderWorker.call(SystemApplicationClassLoaderWorker.java:72)
	at app//worker.org.gradle.process.internal.worker.GradleWorkerMain.run(GradleWorkerMain.java:69)
	at app//worker.org.gradle.process.internal.worker.GradleWorkerMain.main(GradleWorkerMain.java:74)
Caused by: org.h2.jdbc.JdbcSQLSyntaxErrorException: Syntax error in SQL statement &quot;TRUNCATE &quot;&quot;public&quot;&quot;[*].SCHEDULES, &quot;&quot;public&quot;&quot;.LESSONS, &quot;&quot;public&quot;&quot;.SEMESTER_PERIOD, &quot;&quot;public&quot;&quot;.SEMESTER_DAY, &quot;&quot;public&quot;&quot;.SEMESTERS, &quot;&quot;public&quot;&quot;.GROUPS, &quot;&quot;public&quot;&quot;.TEACHERS, &quot;&quot;public&quot;&quot;.SUBJECTS, &quot;&quot;public&quot;&quot;.PERIODS, &quot;&quot;public&quot;&quot;.ROOMS, &quot;&quot;public&quot;&quot;.ROOM_TYPES RESTART IDENTITY CASCADE&quot;; expected &quot;TABLE&quot;; SQL statement:
TRUNCATE &quot;public&quot;.schedules, &quot;public&quot;.lessons, &quot;public&quot;.semester_period, &quot;public&quot;.semester_day, &quot;public&quot;.semesters, &quot;public&quot;.groups, &quot;public&quot;.teachers, &quot;public&quot;.subjects, &quot;public&quot;.periods, &quot;public&quot;.rooms, &quot;public&quot;.room_types RESTART IDENTITY CASCADE [42001-200]
	at app//org.h2.message.DbException.getJdbcSQLException(DbException.java:453)
	at app//org.h2.message.DbException.getJdbcSQLException(DbException.java:429)
	at app//org.h2.message.DbException.getSyntaxError(DbException.java:243)
	at app//org.h2.command.Parser.getSyntaxError(Parser.java:1053)
	at app//org.h2.command.Parser.read(Parser.java:4995)
	at app//org.h2.command.Parser.parseTruncate(Parser.java:2137)
	at app//org.h2.command.Parser.parsePrepared(Parser.java:1000)
	at app//org.h2.command.Parser.parse(Parser.java:843)
	at app//org.h2.command.Parser.parse(Parser.java:819)
	at app//org.h2.command.Parser.prepareCommand(Parser.java:738)
	at app//org.h2.engine.Session.prepareLocal(Session.java:657)
	at app//org.h2.engine.Session.prepareCommand(Session.java:595)
	at app//org.h2.jdbc.JdbcConnection.prepareCommand(JdbcConnection.java:1235)
	at app//org.h2.jdbc.JdbcStatement.executeInternal(JdbcStatement.java:212)
	at app//org.h2.jdbc.JdbcStatement.execute(JdbcStatement.java:201)
	at app//com.mchange.v2.c3p0.impl.NewProxyStatement.execute(NewProxyStatement.java:75)
	at app//org.springframework.jdbc.datasource.init.ScriptUtils.executeSqlScript(ScriptUtils.java:601)
	... 53 more
</failure>
  </testcase>
  <testcase name="returnEmptyListOfScheduleIfGetFullScheduleForNotFoundedGroup" classname="com.softserve.controller.ScheduleControllerTest" time="0.01">
    <failure message="org.springframework.jdbc.datasource.init.ScriptStatementFailedException: Failed to execute SQL script statement #1 of class path resource [create-schedule-before.sql]: TRUNCATE &quot;public&quot;.schedules, &quot;public&quot;.lessons, &quot;public&quot;.semester_period, &quot;public&quot;.semester_day, &quot;public&quot;.semesters, &quot;public&quot;.groups, &quot;public&quot;.teachers, &quot;public&quot;.subjects, &quot;public&quot;.periods, &quot;public&quot;.rooms, &quot;public&quot;.room_types RESTART IDENTITY CASCADE; nested exception is org.h2.jdbc.JdbcSQLSyntaxErrorException: Syntax error in SQL statement &quot;TRUNCATE &quot;&quot;public&quot;&quot;[*].SCHEDULES, &quot;&quot;public&quot;&quot;.LESSONS, &quot;&quot;public&quot;&quot;.SEMESTER_PERIOD, &quot;&quot;public&quot;&quot;.SEMESTER_DAY, &quot;&quot;public&quot;&quot;.SEMESTERS, &quot;&quot;public&quot;&quot;.GROUPS, &quot;&quot;public&quot;&quot;.TEACHERS, &quot;&quot;public&quot;&quot;.SUBJECTS, &quot;&quot;public&quot;&quot;.PERIODS, &quot;&quot;public&quot;&quot;.ROOMS, &quot;&quot;public&quot;&quot;.ROOM_TYPES RESTART IDENTITY CASCADE&quot;; expected &quot;TABLE&quot;; SQL statement:&#10;TRUNCATE &quot;public&quot;.schedules, &quot;public&quot;.lessons, &quot;public&quot;.semester_period, &quot;public&quot;.semester_day, &quot;public&quot;.semesters, &quot;public&quot;.groups, &quot;public&quot;.teachers, &quot;public&quot;.subjects, &quot;public&quot;.periods, &quot;public&quot;.rooms, &quot;public&quot;.room_types RESTART IDENTITY CASCADE [42001-200]" type="org.springframework.jdbc.datasource.init.ScriptStatementFailedException">org.springframework.jdbc.datasource.init.ScriptStatementFailedException: Failed to execute SQL script statement #1 of class path resource [create-schedule-before.sql]: TRUNCATE &quot;public&quot;.schedules, &quot;public&quot;.lessons, &quot;public&quot;.semester_period, &quot;public&quot;.semester_day, &quot;public&quot;.semesters, &quot;public&quot;.groups, &quot;public&quot;.teachers, &quot;public&quot;.subjects, &quot;public&quot;.periods, &quot;public&quot;.rooms, &quot;public&quot;.room_types RESTART IDENTITY CASCADE; nested exception is org.h2.jdbc.JdbcSQLSyntaxErrorException: Syntax error in SQL statement &quot;TRUNCATE &quot;&quot;public&quot;&quot;[*].SCHEDULES, &quot;&quot;public&quot;&quot;.LESSONS, &quot;&quot;public&quot;&quot;.SEMESTER_PERIOD, &quot;&quot;public&quot;&quot;.SEMESTER_DAY, &quot;&quot;public&quot;&quot;.SEMESTERS, &quot;&quot;public&quot;&quot;.GROUPS, &quot;&quot;public&quot;&quot;.TEACHERS, &quot;&quot;public&quot;&quot;.SUBJECTS, &quot;&quot;public&quot;&quot;.PERIODS, &quot;&quot;public&quot;&quot;.ROOMS, &quot;&quot;public&quot;&quot;.ROOM_TYPES RESTART IDENTITY CASCADE&quot;; expected &quot;TABLE&quot;; SQL statement:
TRUNCATE &quot;public&quot;.schedules, &quot;public&quot;.lessons, &quot;public&quot;.semester_period, &quot;public&quot;.semester_day, &quot;public&quot;.semesters, &quot;public&quot;.groups, &quot;public&quot;.teachers, &quot;public&quot;.subjects, &quot;public&quot;.periods, &quot;public&quot;.rooms, &quot;public&quot;.room_types RESTART IDENTITY CASCADE [42001-200]
	at app//org.springframework.jdbc.datasource.init.ScriptUtils.executeSqlScript(ScriptUtils.java:622)
	at app//org.springframework.jdbc.datasource.init.ResourceDatabasePopulator.populate(ResourceDatabasePopulator.java:254)
	at app//org.springframework.jdbc.datasource.init.DatabasePopulatorUtils.execute(DatabasePopulatorUtils.java:49)
	at app//org.springframework.jdbc.datasource.init.ResourceDatabasePopulator.execute(ResourceDatabasePopulator.java:269)
	at app//org.springframework.test.context.jdbc.SqlScriptsTestExecutionListener.lambda$executeSqlScripts$4(SqlScriptsTestExecutionListener.java:263)
	at app//org.springframework.transaction.support.TransactionOperations.lambda$executeWithoutResult$0(TransactionOperations.java:68)
	at app//org.springframework.transaction.support.TransactionTemplate.execute(TransactionTemplate.java:140)
	at app//org.springframework.transaction.support.TransactionOperations.executeWithoutResult(TransactionOperations.java:67)
	at app//org.springframework.test.context.jdbc.SqlScriptsTestExecutionListener.executeSqlScripts(SqlScriptsTestExecutionListener.java:263)
	at app//org.springframework.test.context.jdbc.SqlScriptsTestExecutionListener.lambda$executeSqlScripts$0(SqlScriptsTestExecutionListener.java:185)
	at java.base@11.0.27/java.lang.Iterable.forEach(Iterable.java:75)
	at app//org.springframework.test.context.jdbc.SqlScriptsTestExecutionListener.executeSqlScripts(SqlScriptsTestExecutionListener.java:185)
	at app//org.springframework.test.context.jdbc.SqlScriptsTestExecutionListener.executeSqlScripts(SqlScriptsTestExecutionListener.java:147)
	at app//org.springframework.test.context.jdbc.SqlScriptsTestExecutionListener.beforeTestMethod(SqlScriptsTestExecutionListener.java:117)
	at app//org.springframework.test.context.TestContextManager.beforeTestMethod(TestContextManager.java:289)
	at app//org.springframework.test.context.junit4.statements.RunBeforeTestMethodCallbacks.evaluate(RunBeforeTestMethodCallbacks.java:74)
	at app//org.springframework.test.context.junit4.statements.RunAfterTestMethodCallbacks.evaluate(RunAfterTestMethodCallbacks.java:86)
	at app//org.springframework.test.context.junit4.statements.SpringRepeat.evaluate(SpringRepeat.java:84)
	at app//org.junit.runners.ParentRunner.runLeaf(ParentRunner.java:366)
	at app//org.springframework.test.context.junit4.SpringJUnit4ClassRunner.runChild(SpringJUnit4ClassRunner.java:251)
	at app//org.springframework.test.context.junit4.SpringJUnit4ClassRunner.runChild(SpringJUnit4ClassRunner.java:97)
	at app//org.junit.runners.ParentRunner$4.run(ParentRunner.java:331)
	at app//org.junit.runners.ParentRunner$1.schedule(ParentRunner.java:79)
	at app//org.junit.runners.ParentRunner.runChildren(ParentRunner.java:329)
	at app//org.junit.runners.ParentRunner.access$100(ParentRunner.java:66)
	at app//org.junit.runners.ParentRunner$2.evaluate(ParentRunner.java:293)
	at app//org.springframework.test.context.junit4.statements.RunBeforeTestClassCallbacks.evaluate(RunBeforeTestClassCallbacks.java:61)
	at app//org.springframework.test.context.junit4.statements.RunAfterTestClassCallbacks.evaluate(RunAfterTestClassCallbacks.java:70)
	at app//org.junit.runners.ParentRunner$3.evaluate(ParentRunner.java:306)
	at app//org.junit.runners.ParentRunner.run(ParentRunner.java:413)
	at app//org.springframework.test.context.junit4.SpringJUnit4ClassRunner.run(SpringJUnit4ClassRunner.java:190)
	at org.gradle.api.internal.tasks.testing.junit.JUnitTestClassExecutor.runTestClass(JUnitTestClassExecutor.java:112)
	at org.gradle.api.internal.tasks.testing.junit.JUnitTestClassExecutor.execute(JUnitTestClassExecutor.java:58)
	at org.gradle.api.internal.tasks.testing.junit.JUnitTestClassExecutor.execute(JUnitTestClassExecutor.java:40)
	at org.gradle.api.internal.tasks.testing.junit.AbstractJUnitTestClassProcessor.processTestClass(AbstractJUnitTestClassProcessor.java:54)
	at org.gradle.api.internal.tasks.testing.SuiteTestClassProcessor.processTestClass(SuiteTestClassProcessor.java:53)
	at java.base@11.0.27/jdk.internal.reflect.NativeMethodAccessorImpl.invoke0(Native Method)
	at java.base@11.0.27/jdk.internal.reflect.NativeMethodAccessorImpl.invoke(NativeMethodAccessorImpl.java:62)
	at java.base@11.0.27/jdk.internal.reflect.DelegatingMethodAccessorImpl.invoke(DelegatingMethodAccessorImpl.java:43)
	at java.base@11.0.27/java.lang.reflect.Method.invoke(Method.java:566)
	at org.gradle.internal.dispatch.ReflectionDispatch.dispatch(ReflectionDispatch.java:36)
	at org.gradle.internal.dispatch.ReflectionDispatch.dispatch(ReflectionDispatch.java:24)
	at org.gradle.internal.dispatch.ContextClassLoaderDispatch.dispatch(ContextClassLoaderDispatch.java:33)
	at org.gradle.internal.dispatch.ProxyDispatchAdapter$DispatchingInvocationHandler.invoke(ProxyDispatchAdapter.java:92)
	at com.sun.proxy.$Proxy6.processTestClass(Unknown Source)
	at org.gradle.api.internal.tasks.testing.worker.TestWorker$2.run(TestWorker.java:183)
	at org.gradle.api.internal.tasks.testing.worker.TestWorker.executeAndMaintainThreadName(TestWorker.java:132)
	at org.gradle.api.internal.tasks.testing.worker.TestWorker.execute(TestWorker.java:103)
	at org.gradle.api.internal.tasks.testing.worker.TestWorker.execute(TestWorker.java:63)
	at org.gradle.process.internal.worker.child.ActionExecutionWorker.execute(ActionExecutionWorker.java:56)
	at org.gradle.process.internal.worker.child.SystemApplicationClassLoaderWorker.call(SystemApplicationClassLoaderWorker.java:122)
	at org.gradle.process.internal.worker.child.SystemApplicationClassLoaderWorker.call(SystemApplicationClassLoaderWorker.java:72)
	at app//worker.org.gradle.process.internal.worker.GradleWorkerMain.run(GradleWorkerMain.java:69)
	at app//worker.org.gradle.process.internal.worker.GradleWorkerMain.main(GradleWorkerMain.java:74)
Caused by: org.h2.jdbc.JdbcSQLSyntaxErrorException: Syntax error in SQL statement &quot;TRUNCATE &quot;&quot;public&quot;&quot;[*].SCHEDULES, &quot;&quot;public&quot;&quot;.LESSONS, &quot;&quot;public&quot;&quot;.SEMESTER_PERIOD, &quot;&quot;public&quot;&quot;.SEMESTER_DAY, &quot;&quot;public&quot;&quot;.SEMESTERS, &quot;&quot;public&quot;&quot;.GROUPS, &quot;&quot;public&quot;&quot;.TEACHERS, &quot;&quot;public&quot;&quot;.SUBJECTS, &quot;&quot;public&quot;&quot;.PERIODS, &quot;&quot;public&quot;&quot;.ROOMS, &quot;&quot;public&quot;&quot;.ROOM_TYPES RESTART IDENTITY CASCADE&quot;; expected &quot;TABLE&quot;; SQL statement:
TRUNCATE &quot;public&quot;.schedules, &quot;public&quot;.lessons, &quot;public&quot;.semester_period, &quot;public&quot;.semester_day, &quot;public&quot;.semesters, &quot;public&quot;.groups, &quot;public&quot;.teachers, &quot;public&quot;.subjects, &quot;public&quot;.periods, &quot;public&quot;.rooms, &quot;public&quot;.room_types RESTART IDENTITY CASCADE [42001-200]
	at app//org.h2.message.DbException.getJdbcSQLException(DbException.java:453)
	at app//org.h2.message.DbException.getJdbcSQLException(DbException.java:429)
	at app//org.h2.message.DbException.getSyntaxError(DbException.java:243)
	at app//org.h2.command.Parser.getSyntaxError(Parser.java:1053)
	at app//org.h2.command.Parser.read(Parser.java:4995)
	at app//org.h2.command.Parser.parseTruncate(Parser.java:2137)
	at app//org.h2.command.Parser.parsePrepared(Parser.java:1000)
	at app//org.h2.command.Parser.parse(Parser.java:843)
	at app//org.h2.command.Parser.parse(Parser.java:819)
	at app//org.h2.command.Parser.prepareCommand(Parser.java:738)
	at app//org.h2.engine.Session.prepareLocal(Session.java:657)
	at app//org.h2.engine.Session.prepareCommand(Session.java:595)
	at app//org.h2.jdbc.JdbcConnection.prepareCommand(JdbcConnection.java:1235)
	at app//org.h2.jdbc.JdbcStatement.executeInternal(JdbcStatement.java:212)
	at app//org.h2.jdbc.JdbcStatement.execute(JdbcStatement.java:201)
	at app//com.mchange.v2.c3p0.impl.NewProxyStatement.execute(NewProxyStatement.java:75)
	at app//org.springframework.jdbc.datasource.init.ScriptUtils.executeSqlScript(ScriptUtils.java:601)
	... 53 more
</failure>
  </testcase>
  <testcase name="returnNotFoundIfGetFullScheduleForNotFoundedSemester" classname="com.softserve.controller.ScheduleControllerTest" time="0.01">
    <failure message="org.springframework.jdbc.datasource.init.ScriptStatementFailedException: Failed to execute SQL script statement #1 of class path resource [create-schedule-before.sql]: TRUNCATE &quot;public&quot;.schedules, &quot;public&quot;.lessons, &quot;public&quot;.semester_period, &quot;public&quot;.semester_day, &quot;public&quot;.semesters, &quot;public&quot;.groups, &quot;public&quot;.teachers, &quot;public&quot;.subjects, &quot;public&quot;.periods, &quot;public&quot;.rooms, &quot;public&quot;.room_types RESTART IDENTITY CASCADE; nested exception is org.h2.jdbc.JdbcSQLSyntaxErrorException: Syntax error in SQL statement &quot;TRUNCATE &quot;&quot;public&quot;&quot;[*].SCHEDULES, &quot;&quot;public&quot;&quot;.LESSONS, &quot;&quot;public&quot;&quot;.SEMESTER_PERIOD, &quot;&quot;public&quot;&quot;.SEMESTER_DAY, &quot;&quot;public&quot;&quot;.SEMESTERS, &quot;&quot;public&quot;&quot;.GROUPS, &quot;&quot;public&quot;&quot;.TEACHERS, &quot;&quot;public&quot;&quot;.SUBJECTS, &quot;&quot;public&quot;&quot;.PERIODS, &quot;&quot;public&quot;&quot;.ROOMS, &quot;&quot;public&quot;&quot;.ROOM_TYPES RESTART IDENTITY CASCADE&quot;; expected &quot;TABLE&quot;; SQL statement:&#10;TRUNCATE &quot;public&quot;.schedules, &quot;public&quot;.lessons, &quot;public&quot;.semester_period, &quot;public&quot;.semester_day, &quot;public&quot;.semesters, &quot;public&quot;.groups, &quot;public&quot;.teachers, &quot;public&quot;.subjects, &quot;public&quot;.periods, &quot;public&quot;.rooms, &quot;public&quot;.room_types RESTART IDENTITY CASCADE [42001-200]" type="org.springframework.jdbc.datasource.init.ScriptStatementFailedException">org.springframework.jdbc.datasource.init.ScriptStatementFailedException: Failed to execute SQL script statement #1 of class path resource [create-schedule-before.sql]: TRUNCATE &quot;public&quot;.schedules, &quot;public&quot;.lessons, &quot;public&quot;.semester_period, &quot;public&quot;.semester_day, &quot;public&quot;.semesters, &quot;public&quot;.groups, &quot;public&quot;.teachers, &quot;public&quot;.subjects, &quot;public&quot;.periods, &quot;public&quot;.rooms, &quot;public&quot;.room_types RESTART IDENTITY CASCADE; nested exception is org.h2.jdbc.JdbcSQLSyntaxErrorException: Syntax error in SQL statement &quot;TRUNCATE &quot;&quot;public&quot;&quot;[*].SCHEDULES, &quot;&quot;public&quot;&quot;.LESSONS, &quot;&quot;public&quot;&quot;.SEMESTER_PERIOD, &quot;&quot;public&quot;&quot;.SEMESTER_DAY, &quot;&quot;public&quot;&quot;.SEMESTERS, &quot;&quot;public&quot;&quot;.GROUPS, &quot;&quot;public&quot;&quot;.TEACHERS, &quot;&quot;public&quot;&quot;.SUBJECTS, &quot;&quot;public&quot;&quot;.PERIODS, &quot;&quot;public&quot;&quot;.ROOMS, &quot;&quot;public&quot;&quot;.ROOM_TYPES RESTART IDENTITY CASCADE&quot;; expected &quot;TABLE&quot;; SQL statement:
TRUNCATE &quot;public&quot;.schedules, &quot;public&quot;.lessons, &quot;public&quot;.semester_period, &quot;public&quot;.semester_day, &quot;public&quot;.semesters, &quot;public&quot;.groups, &quot;public&quot;.teachers, &quot;public&quot;.subjects, &quot;public&quot;.periods, &quot;public&quot;.rooms, &quot;public&quot;.room_types RESTART IDENTITY CASCADE [42001-200]
	at app//org.springframework.jdbc.datasource.init.ScriptUtils.executeSqlScript(ScriptUtils.java:622)
	at app//org.springframework.jdbc.datasource.init.ResourceDatabasePopulator.populate(ResourceDatabasePopulator.java:254)
	at app//org.springframework.jdbc.datasource.init.DatabasePopulatorUtils.execute(DatabasePopulatorUtils.java:49)
	at app//org.springframework.jdbc.datasource.init.ResourceDatabasePopulator.execute(ResourceDatabasePopulator.java:269)
	at app//org.springframework.test.context.jdbc.SqlScriptsTestExecutionListener.lambda$executeSqlScripts$4(SqlScriptsTestExecutionListener.java:263)
	at app//org.springframework.transaction.support.TransactionOperations.lambda$executeWithoutResult$0(TransactionOperations.java:68)
	at app//org.springframework.transaction.support.TransactionTemplate.execute(TransactionTemplate.java:140)
	at app//org.springframework.transaction.support.TransactionOperations.executeWithoutResult(TransactionOperations.java:67)
	at app//org.springframework.test.context.jdbc.SqlScriptsTestExecutionListener.executeSqlScripts(SqlScriptsTestExecutionListener.java:263)
	at app//org.springframework.test.context.jdbc.SqlScriptsTestExecutionListener.lambda$executeSqlScripts$0(SqlScriptsTestExecutionListener.java:185)
	at java.base@11.0.27/java.lang.Iterable.forEach(Iterable.java:75)
	at app//org.springframework.test.context.jdbc.SqlScriptsTestExecutionListener.executeSqlScripts(SqlScriptsTestExecutionListener.java:185)
	at app//org.springframework.test.context.jdbc.SqlScriptsTestExecutionListener.executeSqlScripts(SqlScriptsTestExecutionListener.java:147)
	at app//org.springframework.test.context.jdbc.SqlScriptsTestExecutionListener.beforeTestMethod(SqlScriptsTestExecutionListener.java:117)
	at app//org.springframework.test.context.TestContextManager.beforeTestMethod(TestContextManager.java:289)
	at app//org.springframework.test.context.junit4.statements.RunBeforeTestMethodCallbacks.evaluate(RunBeforeTestMethodCallbacks.java:74)
	at app//org.springframework.test.context.junit4.statements.RunAfterTestMethodCallbacks.evaluate(RunAfterTestMethodCallbacks.java:86)
	at app//org.springframework.test.context.junit4.statements.SpringRepeat.evaluate(SpringRepeat.java:84)
	at app//org.junit.runners.ParentRunner.runLeaf(ParentRunner.java:366)
	at app//org.springframework.test.context.junit4.SpringJUnit4ClassRunner.runChild(SpringJUnit4ClassRunner.java:251)
	at app//org.springframework.test.context.junit4.SpringJUnit4ClassRunner.runChild(SpringJUnit4ClassRunner.java:97)
	at app//org.junit.runners.ParentRunner$4.run(ParentRunner.java:331)
	at app//org.junit.runners.ParentRunner$1.schedule(ParentRunner.java:79)
	at app//org.junit.runners.ParentRunner.runChildren(ParentRunner.java:329)
	at app//org.junit.runners.ParentRunner.access$100(ParentRunner.java:66)
	at app//org.junit.runners.ParentRunner$2.evaluate(ParentRunner.java:293)
	at app//org.springframework.test.context.junit4.statements.RunBeforeTestClassCallbacks.evaluate(RunBeforeTestClassCallbacks.java:61)
	at app//org.springframework.test.context.junit4.statements.RunAfterTestClassCallbacks.evaluate(RunAfterTestClassCallbacks.java:70)
	at app//org.junit.runners.ParentRunner$3.evaluate(ParentRunner.java:306)
	at app//org.junit.runners.ParentRunner.run(ParentRunner.java:413)
	at app//org.springframework.test.context.junit4.SpringJUnit4ClassRunner.run(SpringJUnit4ClassRunner.java:190)
	at org.gradle.api.internal.tasks.testing.junit.JUnitTestClassExecutor.runTestClass(JUnitTestClassExecutor.java:112)
	at org.gradle.api.internal.tasks.testing.junit.JUnitTestClassExecutor.execute(JUnitTestClassExecutor.java:58)
	at org.gradle.api.internal.tasks.testing.junit.JUnitTestClassExecutor.execute(JUnitTestClassExecutor.java:40)
	at org.gradle.api.internal.tasks.testing.junit.AbstractJUnitTestClassProcessor.processTestClass(AbstractJUnitTestClassProcessor.java:54)
	at org.gradle.api.internal.tasks.testing.SuiteTestClassProcessor.processTestClass(SuiteTestClassProcessor.java:53)
	at java.base@11.0.27/jdk.internal.reflect.NativeMethodAccessorImpl.invoke0(Native Method)
	at java.base@11.0.27/jdk.internal.reflect.NativeMethodAccessorImpl.invoke(NativeMethodAccessorImpl.java:62)
	at java.base@11.0.27/jdk.internal.reflect.DelegatingMethodAccessorImpl.invoke(DelegatingMethodAccessorImpl.java:43)
	at java.base@11.0.27/java.lang.reflect.Method.invoke(Method.java:566)
	at org.gradle.internal.dispatch.ReflectionDispatch.dispatch(ReflectionDispatch.java:36)
	at org.gradle.internal.dispatch.ReflectionDispatch.dispatch(ReflectionDispatch.java:24)
	at org.gradle.internal.dispatch.ContextClassLoaderDispatch.dispatch(ContextClassLoaderDispatch.java:33)
	at org.gradle.internal.dispatch.ProxyDispatchAdapter$DispatchingInvocationHandler.invoke(ProxyDispatchAdapter.java:92)
	at com.sun.proxy.$Proxy6.processTestClass(Unknown Source)
	at org.gradle.api.internal.tasks.testing.worker.TestWorker$2.run(TestWorker.java:183)
	at org.gradle.api.internal.tasks.testing.worker.TestWorker.executeAndMaintainThreadName(TestWorker.java:132)
	at org.gradle.api.internal.tasks.testing.worker.TestWorker.execute(TestWorker.java:103)
	at org.gradle.api.internal.tasks.testing.worker.TestWorker.execute(TestWorker.java:63)
	at org.gradle.process.internal.worker.child.ActionExecutionWorker.execute(ActionExecutionWorker.java:56)
	at org.gradle.process.internal.worker.child.SystemApplicationClassLoaderWorker.call(SystemApplicationClassLoaderWorker.java:122)
	at org.gradle.process.internal.worker.child.SystemApplicationClassLoaderWorker.call(SystemApplicationClassLoaderWorker.java:72)
	at app//worker.org.gradle.process.internal.worker.GradleWorkerMain.run(GradleWorkerMain.java:69)
	at app//worker.org.gradle.process.internal.worker.GradleWorkerMain.main(GradleWorkerMain.java:74)
Caused by: org.h2.jdbc.JdbcSQLSyntaxErrorException: Syntax error in SQL statement &quot;TRUNCATE &quot;&quot;public&quot;&quot;[*].SCHEDULES, &quot;&quot;public&quot;&quot;.LESSONS, &quot;&quot;public&quot;&quot;.SEMESTER_PERIOD, &quot;&quot;public&quot;&quot;.SEMESTER_DAY, &quot;&quot;public&quot;&quot;.SEMESTERS, &quot;&quot;public&quot;&quot;.GROUPS, &quot;&quot;public&quot;&quot;.TEACHERS, &quot;&quot;public&quot;&quot;.SUBJECTS, &quot;&quot;public&quot;&quot;.PERIODS, &quot;&quot;public&quot;&quot;.ROOMS, &quot;&quot;public&quot;&quot;.ROOM_TYPES RESTART IDENTITY CASCADE&quot;; expected &quot;TABLE&quot;; SQL statement:
TRUNCATE &quot;public&quot;.schedules, &quot;public&quot;.lessons, &quot;public&quot;.semester_period, &quot;public&quot;.semester_day, &quot;public&quot;.semesters, &quot;public&quot;.groups, &quot;public&quot;.teachers, &quot;public&quot;.subjects, &quot;public&quot;.periods, &quot;public&quot;.rooms, &quot;public&quot;.room_types RESTART IDENTITY CASCADE [42001-200]
	at app//org.h2.message.DbException.getJdbcSQLException(DbException.java:453)
	at app//org.h2.message.DbException.getJdbcSQLException(DbException.java:429)
	at app//org.h2.message.DbException.getSyntaxError(DbException.java:243)
	at app//org.h2.command.Parser.getSyntaxError(Parser.java:1053)
	at app//org.h2.command.Parser.read(Parser.java:4995)
	at app//org.h2.command.Parser.parseTruncate(Parser.java:2137)
	at app//org.h2.command.Parser.parsePrepared(Parser.java:1000)
	at app//org.h2.command.Parser.parse(Parser.java:843)
	at app//org.h2.command.Parser.parse(Parser.java:819)
	at app//org.h2.command.Parser.prepareCommand(Parser.java:738)
	at app//org.h2.engine.Session.prepareLocal(Session.java:657)
	at app//org.h2.engine.Session.prepareCommand(Session.java:595)
	at app//org.h2.jdbc.JdbcConnection.prepareCommand(JdbcConnection.java:1235)
	at app//org.h2.jdbc.JdbcStatement.executeInternal(JdbcStatement.java:212)
	at app//org.h2.jdbc.JdbcStatement.execute(JdbcStatement.java:201)
	at app//com.mchange.v2.c3p0.impl.NewProxyStatement.execute(NewProxyStatement.java:75)
	at app//org.springframework.jdbc.datasource.init.ScriptUtils.executeSqlScript(ScriptUtils.java:601)
	... 53 more
</failure>
  </testcase>
  <testcase name="getFullScheduleForSemester" classname="com.softserve.controller.ScheduleControllerTest" time="0.008">
    <failure message="org.springframework.jdbc.datasource.init.ScriptStatementFailedException: Failed to execute SQL script statement #1 of class path resource [create-schedule-before.sql]: TRUNCATE &quot;public&quot;.schedules, &quot;public&quot;.lessons, &quot;public&quot;.semester_period, &quot;public&quot;.semester_day, &quot;public&quot;.semesters, &quot;public&quot;.groups, &quot;public&quot;.teachers, &quot;public&quot;.subjects, &quot;public&quot;.periods, &quot;public&quot;.rooms, &quot;public&quot;.room_types RESTART IDENTITY CASCADE; nested exception is org.h2.jdbc.JdbcSQLSyntaxErrorException: Syntax error in SQL statement &quot;TRUNCATE &quot;&quot;public&quot;&quot;[*].SCHEDULES, &quot;&quot;public&quot;&quot;.LESSONS, &quot;&quot;public&quot;&quot;.SEMESTER_PERIOD, &quot;&quot;public&quot;&quot;.SEMESTER_DAY, &quot;&quot;public&quot;&quot;.SEMESTERS, &quot;&quot;public&quot;&quot;.GROUPS, &quot;&quot;public&quot;&quot;.TEACHERS, &quot;&quot;public&quot;&quot;.SUBJECTS, &quot;&quot;public&quot;&quot;.PERIODS, &quot;&quot;public&quot;&quot;.ROOMS, &quot;&quot;public&quot;&quot;.ROOM_TYPES RESTART IDENTITY CASCADE&quot;; expected &quot;TABLE&quot;; SQL statement:&#10;TRUNCATE &quot;public&quot;.schedules, &quot;public&quot;.lessons, &quot;public&quot;.semester_period, &quot;public&quot;.semester_day, &quot;public&quot;.semesters, &quot;public&quot;.groups, &quot;public&quot;.teachers, &quot;public&quot;.subjects, &quot;public&quot;.periods, &quot;public&quot;.rooms, &quot;public&quot;.room_types RESTART IDENTITY CASCADE [42001-200]" type="org.springframework.jdbc.datasource.init.ScriptStatementFailedException">org.springframework.jdbc.datasource.init.ScriptStatementFailedException: Failed to execute SQL script statement #1 of class path resource [create-schedule-before.sql]: TRUNCATE &quot;public&quot;.schedules, &quot;public&quot;.lessons, &quot;public&quot;.semester_period, &quot;public&quot;.semester_day, &quot;public&quot;.semesters, &quot;public&quot;.groups, &quot;public&quot;.teachers, &quot;public&quot;.subjects, &quot;public&quot;.periods, &quot;public&quot;.rooms, &quot;public&quot;.room_types RESTART IDENTITY CASCADE; nested exception is org.h2.jdbc.JdbcSQLSyntaxErrorException: Syntax error in SQL statement &quot;TRUNCATE &quot;&quot;public&quot;&quot;[*].SCHEDULES, &quot;&quot;public&quot;&quot;.LESSONS, &quot;&quot;public&quot;&quot;.SEMESTER_PERIOD, &quot;&quot;public&quot;&quot;.SEMESTER_DAY, &quot;&quot;public&quot;&quot;.SEMESTERS, &quot;&quot;public&quot;&quot;.GROUPS, &quot;&quot;public&quot;&quot;.TEACHERS, &quot;&quot;public&quot;&quot;.SUBJECTS, &quot;&quot;public&quot;&quot;.PERIODS, &quot;&quot;public&quot;&quot;.ROOMS, &quot;&quot;public&quot;&quot;.ROOM_TYPES RESTART IDENTITY CASCADE&quot;; expected &quot;TABLE&quot;; SQL statement:
TRUNCATE &quot;public&quot;.schedules, &quot;public&quot;.lessons, &quot;public&quot;.semester_period, &quot;public&quot;.semester_day, &quot;public&quot;.semesters, &quot;public&quot;.groups, &quot;public&quot;.teachers, &quot;public&quot;.subjects, &quot;public&quot;.periods, &quot;public&quot;.rooms, &quot;public&quot;.room_types RESTART IDENTITY CASCADE [42001-200]
	at app//org.springframework.jdbc.datasource.init.ScriptUtils.executeSqlScript(ScriptUtils.java:622)
	at app//org.springframework.jdbc.datasource.init.ResourceDatabasePopulator.populate(ResourceDatabasePopulator.java:254)
	at app//org.springframework.jdbc.datasource.init.DatabasePopulatorUtils.execute(DatabasePopulatorUtils.java:49)
	at app//org.springframework.jdbc.datasource.init.ResourceDatabasePopulator.execute(ResourceDatabasePopulator.java:269)
	at app//org.springframework.test.context.jdbc.SqlScriptsTestExecutionListener.lambda$executeSqlScripts$4(SqlScriptsTestExecutionListener.java:263)
	at app//org.springframework.transaction.support.TransactionOperations.lambda$executeWithoutResult$0(TransactionOperations.java:68)
	at app//org.springframework.transaction.support.TransactionTemplate.execute(TransactionTemplate.java:140)
	at app//org.springframework.transaction.support.TransactionOperations.executeWithoutResult(TransactionOperations.java:67)
	at app//org.springframework.test.context.jdbc.SqlScriptsTestExecutionListener.executeSqlScripts(SqlScriptsTestExecutionListener.java:263)
	at app//org.springframework.test.context.jdbc.SqlScriptsTestExecutionListener.lambda$executeSqlScripts$0(SqlScriptsTestExecutionListener.java:185)
	at java.base@11.0.27/java.lang.Iterable.forEach(Iterable.java:75)
	at app//org.springframework.test.context.jdbc.SqlScriptsTestExecutionListener.executeSqlScripts(SqlScriptsTestExecutionListener.java:185)
	at app//org.springframework.test.context.jdbc.SqlScriptsTestExecutionListener.executeSqlScripts(SqlScriptsTestExecutionListener.java:147)
	at app//org.springframework.test.context.jdbc.SqlScriptsTestExecutionListener.beforeTestMethod(SqlScriptsTestExecutionListener.java:117)
	at app//org.springframework.test.context.TestContextManager.beforeTestMethod(TestContextManager.java:289)
	at app//org.springframework.test.context.junit4.statements.RunBeforeTestMethodCallbacks.evaluate(RunBeforeTestMethodCallbacks.java:74)
	at app//org.springframework.test.context.junit4.statements.RunAfterTestMethodCallbacks.evaluate(RunAfterTestMethodCallbacks.java:86)
	at app//org.springframework.test.context.junit4.statements.SpringRepeat.evaluate(SpringRepeat.java:84)
	at app//org.junit.runners.ParentRunner.runLeaf(ParentRunner.java:366)
	at app//org.springframework.test.context.junit4.SpringJUnit4ClassRunner.runChild(SpringJUnit4ClassRunner.java:251)
	at app//org.springframework.test.context.junit4.SpringJUnit4ClassRunner.runChild(SpringJUnit4ClassRunner.java:97)
	at app//org.junit.runners.ParentRunner$4.run(ParentRunner.java:331)
	at app//org.junit.runners.ParentRunner$1.schedule(ParentRunner.java:79)
	at app//org.junit.runners.ParentRunner.runChildren(ParentRunner.java:329)
	at app//org.junit.runners.ParentRunner.access$100(ParentRunner.java:66)
	at app//org.junit.runners.ParentRunner$2.evaluate(ParentRunner.java:293)
	at app//org.springframework.test.context.junit4.statements.RunBeforeTestClassCallbacks.evaluate(RunBeforeTestClassCallbacks.java:61)
	at app//org.springframework.test.context.junit4.statements.RunAfterTestClassCallbacks.evaluate(RunAfterTestClassCallbacks.java:70)
	at app//org.junit.runners.ParentRunner$3.evaluate(ParentRunner.java:306)
	at app//org.junit.runners.ParentRunner.run(ParentRunner.java:413)
	at app//org.springframework.test.context.junit4.SpringJUnit4ClassRunner.run(SpringJUnit4ClassRunner.java:190)
	at org.gradle.api.internal.tasks.testing.junit.JUnitTestClassExecutor.runTestClass(JUnitTestClassExecutor.java:112)
	at org.gradle.api.internal.tasks.testing.junit.JUnitTestClassExecutor.execute(JUnitTestClassExecutor.java:58)
	at org.gradle.api.internal.tasks.testing.junit.JUnitTestClassExecutor.execute(JUnitTestClassExecutor.java:40)
	at org.gradle.api.internal.tasks.testing.junit.AbstractJUnitTestClassProcessor.processTestClass(AbstractJUnitTestClassProcessor.java:54)
	at org.gradle.api.internal.tasks.testing.SuiteTestClassProcessor.processTestClass(SuiteTestClassProcessor.java:53)
	at java.base@11.0.27/jdk.internal.reflect.NativeMethodAccessorImpl.invoke0(Native Method)
	at java.base@11.0.27/jdk.internal.reflect.NativeMethodAccessorImpl.invoke(NativeMethodAccessorImpl.java:62)
	at java.base@11.0.27/jdk.internal.reflect.DelegatingMethodAccessorImpl.invoke(DelegatingMethodAccessorImpl.java:43)
	at java.base@11.0.27/java.lang.reflect.Method.invoke(Method.java:566)
	at org.gradle.internal.dispatch.ReflectionDispatch.dispatch(ReflectionDispatch.java:36)
	at org.gradle.internal.dispatch.ReflectionDispatch.dispatch(ReflectionDispatch.java:24)
	at org.gradle.internal.dispatch.ContextClassLoaderDispatch.dispatch(ContextClassLoaderDispatch.java:33)
	at org.gradle.internal.dispatch.ProxyDispatchAdapter$DispatchingInvocationHandler.invoke(ProxyDispatchAdapter.java:92)
	at com.sun.proxy.$Proxy6.processTestClass(Unknown Source)
	at org.gradle.api.internal.tasks.testing.worker.TestWorker$2.run(TestWorker.java:183)
	at org.gradle.api.internal.tasks.testing.worker.TestWorker.executeAndMaintainThreadName(TestWorker.java:132)
	at org.gradle.api.internal.tasks.testing.worker.TestWorker.execute(TestWorker.java:103)
	at org.gradle.api.internal.tasks.testing.worker.TestWorker.execute(TestWorker.java:63)
	at org.gradle.process.internal.worker.child.ActionExecutionWorker.execute(ActionExecutionWorker.java:56)
	at org.gradle.process.internal.worker.child.SystemApplicationClassLoaderWorker.call(SystemApplicationClassLoaderWorker.java:122)
	at org.gradle.process.internal.worker.child.SystemApplicationClassLoaderWorker.call(SystemApplicationClassLoaderWorker.java:72)
	at app//worker.org.gradle.process.internal.worker.GradleWorkerMain.run(GradleWorkerMain.java:69)
	at app//worker.org.gradle.process.internal.worker.GradleWorkerMain.main(GradleWorkerMain.java:74)
Caused by: org.h2.jdbc.JdbcSQLSyntaxErrorException: Syntax error in SQL statement &quot;TRUNCATE &quot;&quot;public&quot;&quot;[*].SCHEDULES, &quot;&quot;public&quot;&quot;.LESSONS, &quot;&quot;public&quot;&quot;.SEMESTER_PERIOD, &quot;&quot;public&quot;&quot;.SEMESTER_DAY, &quot;&quot;public&quot;&quot;.SEMESTERS, &quot;&quot;public&quot;&quot;.GROUPS, &quot;&quot;public&quot;&quot;.TEACHERS, &quot;&quot;public&quot;&quot;.SUBJECTS, &quot;&quot;public&quot;&quot;.PERIODS, &quot;&quot;public&quot;&quot;.ROOMS, &quot;&quot;public&quot;&quot;.ROOM_TYPES RESTART IDENTITY CASCADE&quot;; expected &quot;TABLE&quot;; SQL statement:
TRUNCATE &quot;public&quot;.schedules, &quot;public&quot;.lessons, &quot;public&quot;.semester_period, &quot;public&quot;.semester_day, &quot;public&quot;.semesters, &quot;public&quot;.groups, &quot;public&quot;.teachers, &quot;public&quot;.subjects, &quot;public&quot;.periods, &quot;public&quot;.rooms, &quot;public&quot;.room_types RESTART IDENTITY CASCADE [42001-200]
	at app//org.h2.message.DbException.getJdbcSQLException(DbException.java:453)
	at app//org.h2.message.DbException.getJdbcSQLException(DbException.java:429)
	at app//org.h2.message.DbException.getSyntaxError(DbException.java:243)
	at app//org.h2.command.Parser.getSyntaxError(Parser.java:1053)
	at app//org.h2.command.Parser.read(Parser.java:4995)
	at app//org.h2.command.Parser.parseTruncate(Parser.java:2137)
	at app//org.h2.command.Parser.parsePrepared(Parser.java:1000)
	at app//org.h2.command.Parser.parse(Parser.java:843)
	at app//org.h2.command.Parser.parse(Parser.java:819)
	at app//org.h2.command.Parser.prepareCommand(Parser.java:738)
	at app//org.h2.engine.Session.prepareLocal(Session.java:657)
	at app//org.h2.engine.Session.prepareCommand(Session.java:595)
	at app//org.h2.jdbc.JdbcConnection.prepareCommand(JdbcConnection.java:1235)
	at app//org.h2.jdbc.JdbcStatement.executeInternal(JdbcStatement.java:212)
	at app//org.h2.jdbc.JdbcStatement.execute(JdbcStatement.java:201)
	at app//com.mchange.v2.c3p0.impl.NewProxyStatement.execute(NewProxyStatement.java:75)
	at app//org.springframework.jdbc.datasource.init.ScriptUtils.executeSqlScript(ScriptUtils.java:601)
	... 53 more
</failure>
  </testcase>
  <testcase name="testDelete" classname="com.softserve.controller.ScheduleControllerTest" time="0.009">
    <failure message="org.springframework.jdbc.datasource.init.ScriptStatementFailedException: Failed to execute SQL script statement #1 of class path resource [create-schedule-before.sql]: TRUNCATE &quot;public&quot;.schedules, &quot;public&quot;.lessons, &quot;public&quot;.semester_period, &quot;public&quot;.semester_day, &quot;public&quot;.semesters, &quot;public&quot;.groups, &quot;public&quot;.teachers, &quot;public&quot;.subjects, &quot;public&quot;.periods, &quot;public&quot;.rooms, &quot;public&quot;.room_types RESTART IDENTITY CASCADE; nested exception is org.h2.jdbc.JdbcSQLSyntaxErrorException: Syntax error in SQL statement &quot;TRUNCATE &quot;&quot;public&quot;&quot;[*].SCHEDULES, &quot;&quot;public&quot;&quot;.LESSONS, &quot;&quot;public&quot;&quot;.SEMESTER_PERIOD, &quot;&quot;public&quot;&quot;.SEMESTER_DAY, &quot;&quot;public&quot;&quot;.SEMESTERS, &quot;&quot;public&quot;&quot;.GROUPS, &quot;&quot;public&quot;&quot;.TEACHERS, &quot;&quot;public&quot;&quot;.SUBJECTS, &quot;&quot;public&quot;&quot;.PERIODS, &quot;&quot;public&quot;&quot;.ROOMS, &quot;&quot;public&quot;&quot;.ROOM_TYPES RESTART IDENTITY CASCADE&quot;; expected &quot;TABLE&quot;; SQL statement:&#10;TRUNCATE &quot;public&quot;.schedules, &quot;public&quot;.lessons, &quot;public&quot;.semester_period, &quot;public&quot;.semester_day, &quot;public&quot;.semesters, &quot;public&quot;.groups, &quot;public&quot;.teachers, &quot;public&quot;.subjects, &quot;public&quot;.periods, &quot;public&quot;.rooms, &quot;public&quot;.room_types RESTART IDENTITY CASCADE [42001-200]" type="org.springframework.jdbc.datasource.init.ScriptStatementFailedException">org.springframework.jdbc.datasource.init.ScriptStatementFailedException: Failed to execute SQL script statement #1 of class path resource [create-schedule-before.sql]: TRUNCATE &quot;public&quot;.schedules, &quot;public&quot;.lessons, &quot;public&quot;.semester_period, &quot;public&quot;.semester_day, &quot;public&quot;.semesters, &quot;public&quot;.groups, &quot;public&quot;.teachers, &quot;public&quot;.subjects, &quot;public&quot;.periods, &quot;public&quot;.rooms, &quot;public&quot;.room_types RESTART IDENTITY CASCADE; nested exception is org.h2.jdbc.JdbcSQLSyntaxErrorException: Syntax error in SQL statement &quot;TRUNCATE &quot;&quot;public&quot;&quot;[*].SCHEDULES, &quot;&quot;public&quot;&quot;.LESSONS, &quot;&quot;public&quot;&quot;.SEMESTER_PERIOD, &quot;&quot;public&quot;&quot;.SEMESTER_DAY, &quot;&quot;public&quot;&quot;.SEMESTERS, &quot;&quot;public&quot;&quot;.GROUPS, &quot;&quot;public&quot;&quot;.TEACHERS, &quot;&quot;public&quot;&quot;.SUBJECTS, &quot;&quot;public&quot;&quot;.PERIODS, &quot;&quot;public&quot;&quot;.ROOMS, &quot;&quot;public&quot;&quot;.ROOM_TYPES RESTART IDENTITY CASCADE&quot;; expected &quot;TABLE&quot;; SQL statement:
TRUNCATE &quot;public&quot;.schedules, &quot;public&quot;.lessons, &quot;public&quot;.semester_period, &quot;public&quot;.semester_day, &quot;public&quot;.semesters, &quot;public&quot;.groups, &quot;public&quot;.teachers, &quot;public&quot;.subjects, &quot;public&quot;.periods, &quot;public&quot;.rooms, &quot;public&quot;.room_types RESTART IDENTITY CASCADE [42001-200]
	at app//org.springframework.jdbc.datasource.init.ScriptUtils.executeSqlScript(ScriptUtils.java:622)
	at app//org.springframework.jdbc.datasource.init.ResourceDatabasePopulator.populate(ResourceDatabasePopulator.java:254)
	at app//org.springframework.jdbc.datasource.init.DatabasePopulatorUtils.execute(DatabasePopulatorUtils.java:49)
	at app//org.springframework.jdbc.datasource.init.ResourceDatabasePopulator.execute(ResourceDatabasePopulator.java:269)
	at app//org.springframework.test.context.jdbc.SqlScriptsTestExecutionListener.lambda$executeSqlScripts$4(SqlScriptsTestExecutionListener.java:263)
	at app//org.springframework.transaction.support.TransactionOperations.lambda$executeWithoutResult$0(TransactionOperations.java:68)
	at app//org.springframework.transaction.support.TransactionTemplate.execute(TransactionTemplate.java:140)
	at app//org.springframework.transaction.support.TransactionOperations.executeWithoutResult(TransactionOperations.java:67)
	at app//org.springframework.test.context.jdbc.SqlScriptsTestExecutionListener.executeSqlScripts(SqlScriptsTestExecutionListener.java:263)
	at app//org.springframework.test.context.jdbc.SqlScriptsTestExecutionListener.lambda$executeSqlScripts$0(SqlScriptsTestExecutionListener.java:185)
	at java.base@11.0.27/java.lang.Iterable.forEach(Iterable.java:75)
	at app//org.springframework.test.context.jdbc.SqlScriptsTestExecutionListener.executeSqlScripts(SqlScriptsTestExecutionListener.java:185)
	at app//org.springframework.test.context.jdbc.SqlScriptsTestExecutionListener.executeSqlScripts(SqlScriptsTestExecutionListener.java:147)
	at app//org.springframework.test.context.jdbc.SqlScriptsTestExecutionListener.beforeTestMethod(SqlScriptsTestExecutionListener.java:117)
	at app//org.springframework.test.context.TestContextManager.beforeTestMethod(TestContextManager.java:289)
	at app//org.springframework.test.context.junit4.statements.RunBeforeTestMethodCallbacks.evaluate(RunBeforeTestMethodCallbacks.java:74)
	at app//org.springframework.test.context.junit4.statements.RunAfterTestMethodCallbacks.evaluate(RunAfterTestMethodCallbacks.java:86)
	at app//org.springframework.test.context.junit4.statements.SpringRepeat.evaluate(SpringRepeat.java:84)
	at app//org.junit.runners.ParentRunner.runLeaf(ParentRunner.java:366)
	at app//org.springframework.test.context.junit4.SpringJUnit4ClassRunner.runChild(SpringJUnit4ClassRunner.java:251)
	at app//org.springframework.test.context.junit4.SpringJUnit4ClassRunner.runChild(SpringJUnit4ClassRunner.java:97)
	at app//org.junit.runners.ParentRunner$4.run(ParentRunner.java:331)
	at app//org.junit.runners.ParentRunner$1.schedule(ParentRunner.java:79)
	at app//org.junit.runners.ParentRunner.runChildren(ParentRunner.java:329)
	at app//org.junit.runners.ParentRunner.access$100(ParentRunner.java:66)
	at app//org.junit.runners.ParentRunner$2.evaluate(ParentRunner.java:293)
	at app//org.springframework.test.context.junit4.statements.RunBeforeTestClassCallbacks.evaluate(RunBeforeTestClassCallbacks.java:61)
	at app//org.springframework.test.context.junit4.statements.RunAfterTestClassCallbacks.evaluate(RunAfterTestClassCallbacks.java:70)
	at app//org.junit.runners.ParentRunner$3.evaluate(ParentRunner.java:306)
	at app//org.junit.runners.ParentRunner.run(ParentRunner.java:413)
	at app//org.springframework.test.context.junit4.SpringJUnit4ClassRunner.run(SpringJUnit4ClassRunner.java:190)
	at org.gradle.api.internal.tasks.testing.junit.JUnitTestClassExecutor.runTestClass(JUnitTestClassExecutor.java:112)
	at org.gradle.api.internal.tasks.testing.junit.JUnitTestClassExecutor.execute(JUnitTestClassExecutor.java:58)
	at org.gradle.api.internal.tasks.testing.junit.JUnitTestClassExecutor.execute(JUnitTestClassExecutor.java:40)
	at org.gradle.api.internal.tasks.testing.junit.AbstractJUnitTestClassProcessor.processTestClass(AbstractJUnitTestClassProcessor.java:54)
	at org.gradle.api.internal.tasks.testing.SuiteTestClassProcessor.processTestClass(SuiteTestClassProcessor.java:53)
	at java.base@11.0.27/jdk.internal.reflect.NativeMethodAccessorImpl.invoke0(Native Method)
	at java.base@11.0.27/jdk.internal.reflect.NativeMethodAccessorImpl.invoke(NativeMethodAccessorImpl.java:62)
	at java.base@11.0.27/jdk.internal.reflect.DelegatingMethodAccessorImpl.invoke(DelegatingMethodAccessorImpl.java:43)
	at java.base@11.0.27/java.lang.reflect.Method.invoke(Method.java:566)
	at org.gradle.internal.dispatch.ReflectionDispatch.dispatch(ReflectionDispatch.java:36)
	at org.gradle.internal.dispatch.ReflectionDispatch.dispatch(ReflectionDispatch.java:24)
	at org.gradle.internal.dispatch.ContextClassLoaderDispatch.dispatch(ContextClassLoaderDispatch.java:33)
	at org.gradle.internal.dispatch.ProxyDispatchAdapter$DispatchingInvocationHandler.invoke(ProxyDispatchAdapter.java:92)
	at com.sun.proxy.$Proxy6.processTestClass(Unknown Source)
	at org.gradle.api.internal.tasks.testing.worker.TestWorker$2.run(TestWorker.java:183)
	at org.gradle.api.internal.tasks.testing.worker.TestWorker.executeAndMaintainThreadName(TestWorker.java:132)
	at org.gradle.api.internal.tasks.testing.worker.TestWorker.execute(TestWorker.java:103)
	at org.gradle.api.internal.tasks.testing.worker.TestWorker.execute(TestWorker.java:63)
	at org.gradle.process.internal.worker.child.ActionExecutionWorker.execute(ActionExecutionWorker.java:56)
	at org.gradle.process.internal.worker.child.SystemApplicationClassLoaderWorker.call(SystemApplicationClassLoaderWorker.java:122)
	at org.gradle.process.internal.worker.child.SystemApplicationClassLoaderWorker.call(SystemApplicationClassLoaderWorker.java:72)
	at app//worker.org.gradle.process.internal.worker.GradleWorkerMain.run(GradleWorkerMain.java:69)
	at app//worker.org.gradle.process.internal.worker.GradleWorkerMain.main(GradleWorkerMain.java:74)
Caused by: org.h2.jdbc.JdbcSQLSyntaxErrorException: Syntax error in SQL statement &quot;TRUNCATE &quot;&quot;public&quot;&quot;[*].SCHEDULES, &quot;&quot;public&quot;&quot;.LESSONS, &quot;&quot;public&quot;&quot;.SEMESTER_PERIOD, &quot;&quot;public&quot;&quot;.SEMESTER_DAY, &quot;&quot;public&quot;&quot;.SEMESTERS, &quot;&quot;public&quot;&quot;.GROUPS, &quot;&quot;public&quot;&quot;.TEACHERS, &quot;&quot;public&quot;&quot;.SUBJECTS, &quot;&quot;public&quot;&quot;.PERIODS, &quot;&quot;public&quot;&quot;.ROOMS, &quot;&quot;public&quot;&quot;.ROOM_TYPES RESTART IDENTITY CASCADE&quot;; expected &quot;TABLE&quot;; SQL statement:
TRUNCATE &quot;public&quot;.schedules, &quot;public&quot;.lessons, &quot;public&quot;.semester_period, &quot;public&quot;.semester_day, &quot;public&quot;.semesters, &quot;public&quot;.groups, &quot;public&quot;.teachers, &quot;public&quot;.subjects, &quot;public&quot;.periods, &quot;public&quot;.rooms, &quot;public&quot;.room_types RESTART IDENTITY CASCADE [42001-200]
	at app//org.h2.message.DbException.getJdbcSQLException(DbException.java:453)
	at app//org.h2.message.DbException.getJdbcSQLException(DbException.java:429)
	at app//org.h2.message.DbException.getSyntaxError(DbException.java:243)
	at app//org.h2.command.Parser.getSyntaxError(Parser.java:1053)
	at app//org.h2.command.Parser.read(Parser.java:4995)
	at app//org.h2.command.Parser.parseTruncate(Parser.java:2137)
	at app//org.h2.command.Parser.parsePrepared(Parser.java:1000)
	at app//org.h2.command.Parser.parse(Parser.java:843)
	at app//org.h2.command.Parser.parse(Parser.java:819)
	at app//org.h2.command.Parser.prepareCommand(Parser.java:738)
	at app//org.h2.engine.Session.prepareLocal(Session.java:657)
	at app//org.h2.engine.Session.prepareCommand(Session.java:595)
	at app//org.h2.jdbc.JdbcConnection.prepareCommand(JdbcConnection.java:1235)
	at app//org.h2.jdbc.JdbcStatement.executeInternal(JdbcStatement.java:212)
	at app//org.h2.jdbc.JdbcStatement.execute(JdbcStatement.java:201)
	at app//com.mchange.v2.c3p0.impl.NewProxyStatement.execute(NewProxyStatement.java:75)
	at app//org.springframework.jdbc.datasource.init.ScriptUtils.executeSqlScript(ScriptUtils.java:601)
	... 53 more
</failure>
  </testcase>
  <testcase name="saveScheduleWithGroupedLessons" classname="com.softserve.controller.ScheduleControllerTest" time="0.009">
    <failure message="org.springframework.jdbc.datasource.init.ScriptStatementFailedException: Failed to execute SQL script statement #1 of class path resource [create-schedule-before.sql]: TRUNCATE &quot;public&quot;.schedules, &quot;public&quot;.lessons, &quot;public&quot;.semester_period, &quot;public&quot;.semester_day, &quot;public&quot;.semesters, &quot;public&quot;.groups, &quot;public&quot;.teachers, &quot;public&quot;.subjects, &quot;public&quot;.periods, &quot;public&quot;.rooms, &quot;public&quot;.room_types RESTART IDENTITY CASCADE; nested exception is org.h2.jdbc.JdbcSQLSyntaxErrorException: Syntax error in SQL statement &quot;TRUNCATE &quot;&quot;public&quot;&quot;[*].SCHEDULES, &quot;&quot;public&quot;&quot;.LESSONS, &quot;&quot;public&quot;&quot;.SEMESTER_PERIOD, &quot;&quot;public&quot;&quot;.SEMESTER_DAY, &quot;&quot;public&quot;&quot;.SEMESTERS, &quot;&quot;public&quot;&quot;.GROUPS, &quot;&quot;public&quot;&quot;.TEACHERS, &quot;&quot;public&quot;&quot;.SUBJECTS, &quot;&quot;public&quot;&quot;.PERIODS, &quot;&quot;public&quot;&quot;.ROOMS, &quot;&quot;public&quot;&quot;.ROOM_TYPES RESTART IDENTITY CASCADE&quot;; expected &quot;TABLE&quot;; SQL statement:&#10;TRUNCATE &quot;public&quot;.schedules, &quot;public&quot;.lessons, &quot;public&quot;.semester_period, &quot;public&quot;.semester_day, &quot;public&quot;.semesters, &quot;public&quot;.groups, &quot;public&quot;.teachers, &quot;public&quot;.subjects, &quot;public&quot;.periods, &quot;public&quot;.rooms, &quot;public&quot;.room_types RESTART IDENTITY CASCADE [42001-200]" type="org.springframework.jdbc.datasource.init.ScriptStatementFailedException">org.springframework.jdbc.datasource.init.ScriptStatementFailedException: Failed to execute SQL script statement #1 of class path resource [create-schedule-before.sql]: TRUNCATE &quot;public&quot;.schedules, &quot;public&quot;.lessons, &quot;public&quot;.semester_period, &quot;public&quot;.semester_day, &quot;public&quot;.semesters, &quot;public&quot;.groups, &quot;public&quot;.teachers, &quot;public&quot;.subjects, &quot;public&quot;.periods, &quot;public&quot;.rooms, &quot;public&quot;.room_types RESTART IDENTITY CASCADE; nested exception is org.h2.jdbc.JdbcSQLSyntaxErrorException: Syntax error in SQL statement &quot;TRUNCATE &quot;&quot;public&quot;&quot;[*].SCHEDULES, &quot;&quot;public&quot;&quot;.LESSONS, &quot;&quot;public&quot;&quot;.SEMESTER_PERIOD, &quot;&quot;public&quot;&quot;.SEMESTER_DAY, &quot;&quot;public&quot;&quot;.SEMESTERS, &quot;&quot;public&quot;&quot;.GROUPS, &quot;&quot;public&quot;&quot;.TEACHERS, &quot;&quot;public&quot;&quot;.SUBJECTS, &quot;&quot;public&quot;&quot;.PERIODS, &quot;&quot;public&quot;&quot;.ROOMS, &quot;&quot;public&quot;&quot;.ROOM_TYPES RESTART IDENTITY CASCADE&quot;; expected &quot;TABLE&quot;; SQL statement:
TRUNCATE &quot;public&quot;.schedules, &quot;public&quot;.lessons, &quot;public&quot;.semester_period, &quot;public&quot;.semester_day, &quot;public&quot;.semesters, &quot;public&quot;.groups, &quot;public&quot;.teachers, &quot;public&quot;.subjects, &quot;public&quot;.periods, &quot;public&quot;.rooms, &quot;public&quot;.room_types RESTART IDENTITY CASCADE [42001-200]
	at app//org.springframework.jdbc.datasource.init.ScriptUtils.executeSqlScript(ScriptUtils.java:622)
	at app//org.springframework.jdbc.datasource.init.ResourceDatabasePopulator.populate(ResourceDatabasePopulator.java:254)
	at app//org.springframework.jdbc.datasource.init.DatabasePopulatorUtils.execute(DatabasePopulatorUtils.java:49)
	at app//org.springframework.jdbc.datasource.init.ResourceDatabasePopulator.execute(ResourceDatabasePopulator.java:269)
	at app//org.springframework.test.context.jdbc.SqlScriptsTestExecutionListener.lambda$executeSqlScripts$4(SqlScriptsTestExecutionListener.java:263)
	at app//org.springframework.transaction.support.TransactionOperations.lambda$executeWithoutResult$0(TransactionOperations.java:68)
	at app//org.springframework.transaction.support.TransactionTemplate.execute(TransactionTemplate.java:140)
	at app//org.springframework.transaction.support.TransactionOperations.executeWithoutResult(TransactionOperations.java:67)
	at app//org.springframework.test.context.jdbc.SqlScriptsTestExecutionListener.executeSqlScripts(SqlScriptsTestExecutionListener.java:263)
	at app//org.springframework.test.context.jdbc.SqlScriptsTestExecutionListener.lambda$executeSqlScripts$0(SqlScriptsTestExecutionListener.java:185)
	at java.base@11.0.27/java.lang.Iterable.forEach(Iterable.java:75)
	at app//org.springframework.test.context.jdbc.SqlScriptsTestExecutionListener.executeSqlScripts(SqlScriptsTestExecutionListener.java:185)
	at app//org.springframework.test.context.jdbc.SqlScriptsTestExecutionListener.executeSqlScripts(SqlScriptsTestExecutionListener.java:147)
	at app//org.springframework.test.context.jdbc.SqlScriptsTestExecutionListener.beforeTestMethod(SqlScriptsTestExecutionListener.java:117)
	at app//org.springframework.test.context.TestContextManager.beforeTestMethod(TestContextManager.java:289)
	at app//org.springframework.test.context.junit4.statements.RunBeforeTestMethodCallbacks.evaluate(RunBeforeTestMethodCallbacks.java:74)
	at app//org.springframework.test.context.junit4.statements.RunAfterTestMethodCallbacks.evaluate(RunAfterTestMethodCallbacks.java:86)
	at app//org.springframework.test.context.junit4.statements.SpringRepeat.evaluate(SpringRepeat.java:84)
	at app//org.junit.runners.ParentRunner.runLeaf(ParentRunner.java:366)
	at app//org.springframework.test.context.junit4.SpringJUnit4ClassRunner.runChild(SpringJUnit4ClassRunner.java:251)
	at app//org.springframework.test.context.junit4.SpringJUnit4ClassRunner.runChild(SpringJUnit4ClassRunner.java:97)
	at app//org.junit.runners.ParentRunner$4.run(ParentRunner.java:331)
	at app//org.junit.runners.ParentRunner$1.schedule(ParentRunner.java:79)
	at app//org.junit.runners.ParentRunner.runChildren(ParentRunner.java:329)
	at app//org.junit.runners.ParentRunner.access$100(ParentRunner.java:66)
	at app//org.junit.runners.ParentRunner$2.evaluate(ParentRunner.java:293)
	at app//org.springframework.test.context.junit4.statements.RunBeforeTestClassCallbacks.evaluate(RunBeforeTestClassCallbacks.java:61)
	at app//org.springframework.test.context.junit4.statements.RunAfterTestClassCallbacks.evaluate(RunAfterTestClassCallbacks.java:70)
	at app//org.junit.runners.ParentRunner$3.evaluate(ParentRunner.java:306)
	at app//org.junit.runners.ParentRunner.run(ParentRunner.java:413)
	at app//org.springframework.test.context.junit4.SpringJUnit4ClassRunner.run(SpringJUnit4ClassRunner.java:190)
	at org.gradle.api.internal.tasks.testing.junit.JUnitTestClassExecutor.runTestClass(JUnitTestClassExecutor.java:112)
	at org.gradle.api.internal.tasks.testing.junit.JUnitTestClassExecutor.execute(JUnitTestClassExecutor.java:58)
	at org.gradle.api.internal.tasks.testing.junit.JUnitTestClassExecutor.execute(JUnitTestClassExecutor.java:40)
	at org.gradle.api.internal.tasks.testing.junit.AbstractJUnitTestClassProcessor.processTestClass(AbstractJUnitTestClassProcessor.java:54)
	at org.gradle.api.internal.tasks.testing.SuiteTestClassProcessor.processTestClass(SuiteTestClassProcessor.java:53)
	at java.base@11.0.27/jdk.internal.reflect.NativeMethodAccessorImpl.invoke0(Native Method)
	at java.base@11.0.27/jdk.internal.reflect.NativeMethodAccessorImpl.invoke(NativeMethodAccessorImpl.java:62)
	at java.base@11.0.27/jdk.internal.reflect.DelegatingMethodAccessorImpl.invoke(DelegatingMethodAccessorImpl.java:43)
	at java.base@11.0.27/java.lang.reflect.Method.invoke(Method.java:566)
	at org.gradle.internal.dispatch.ReflectionDispatch.dispatch(ReflectionDispatch.java:36)
	at org.gradle.internal.dispatch.ReflectionDispatch.dispatch(ReflectionDispatch.java:24)
	at org.gradle.internal.dispatch.ContextClassLoaderDispatch.dispatch(ContextClassLoaderDispatch.java:33)
	at org.gradle.internal.dispatch.ProxyDispatchAdapter$DispatchingInvocationHandler.invoke(ProxyDispatchAdapter.java:92)
	at com.sun.proxy.$Proxy6.processTestClass(Unknown Source)
	at org.gradle.api.internal.tasks.testing.worker.TestWorker$2.run(TestWorker.java:183)
	at org.gradle.api.internal.tasks.testing.worker.TestWorker.executeAndMaintainThreadName(TestWorker.java:132)
	at org.gradle.api.internal.tasks.testing.worker.TestWorker.execute(TestWorker.java:103)
	at org.gradle.api.internal.tasks.testing.worker.TestWorker.execute(TestWorker.java:63)
	at org.gradle.process.internal.worker.child.ActionExecutionWorker.execute(ActionExecutionWorker.java:56)
	at org.gradle.process.internal.worker.child.SystemApplicationClassLoaderWorker.call(SystemApplicationClassLoaderWorker.java:122)
	at org.gradle.process.internal.worker.child.SystemApplicationClassLoaderWorker.call(SystemApplicationClassLoaderWorker.java:72)
	at app//worker.org.gradle.process.internal.worker.GradleWorkerMain.run(GradleWorkerMain.java:69)
	at app//worker.org.gradle.process.internal.worker.GradleWorkerMain.main(GradleWorkerMain.java:74)
Caused by: org.h2.jdbc.JdbcSQLSyntaxErrorException: Syntax error in SQL statement &quot;TRUNCATE &quot;&quot;public&quot;&quot;[*].SCHEDULES, &quot;&quot;public&quot;&quot;.LESSONS, &quot;&quot;public&quot;&quot;.SEMESTER_PERIOD, &quot;&quot;public&quot;&quot;.SEMESTER_DAY, &quot;&quot;public&quot;&quot;.SEMESTERS, &quot;&quot;public&quot;&quot;.GROUPS, &quot;&quot;public&quot;&quot;.TEACHERS, &quot;&quot;public&quot;&quot;.SUBJECTS, &quot;&quot;public&quot;&quot;.PERIODS, &quot;&quot;public&quot;&quot;.ROOMS, &quot;&quot;public&quot;&quot;.ROOM_TYPES RESTART IDENTITY CASCADE&quot;; expected &quot;TABLE&quot;; SQL statement:
TRUNCATE &quot;public&quot;.schedules, &quot;public&quot;.lessons, &quot;public&quot;.semester_period, &quot;public&quot;.semester_day, &quot;public&quot;.semesters, &quot;public&quot;.groups, &quot;public&quot;.teachers, &quot;public&quot;.subjects, &quot;public&quot;.periods, &quot;public&quot;.rooms, &quot;public&quot;.room_types RESTART IDENTITY CASCADE [42001-200]
	at app//org.h2.message.DbException.getJdbcSQLException(DbException.java:453)
	at app//org.h2.message.DbException.getJdbcSQLException(DbException.java:429)
	at app//org.h2.message.DbException.getSyntaxError(DbException.java:243)
	at app//org.h2.command.Parser.getSyntaxError(Parser.java:1053)
	at app//org.h2.command.Parser.read(Parser.java:4995)
	at app//org.h2.command.Parser.parseTruncate(Parser.java:2137)
	at app//org.h2.command.Parser.parsePrepared(Parser.java:1000)
	at app//org.h2.command.Parser.parse(Parser.java:843)
	at app//org.h2.command.Parser.parse(Parser.java:819)
	at app//org.h2.command.Parser.prepareCommand(Parser.java:738)
	at app//org.h2.engine.Session.prepareLocal(Session.java:657)
	at app//org.h2.engine.Session.prepareCommand(Session.java:595)
	at app//org.h2.jdbc.JdbcConnection.prepareCommand(JdbcConnection.java:1235)
	at app//org.h2.jdbc.JdbcStatement.executeInternal(JdbcStatement.java:212)
	at app//org.h2.jdbc.JdbcStatement.execute(JdbcStatement.java:201)
	at app//com.mchange.v2.c3p0.impl.NewProxyStatement.execute(NewProxyStatement.java:75)
	at app//org.springframework.jdbc.datasource.init.ScriptUtils.executeSqlScript(ScriptUtils.java:601)
	... 53 more
</failure>
  </testcase>
  <testcase name="getFullScheduleForRoom" classname="com.softserve.controller.ScheduleControllerTest" time="0.008">
    <failure message="org.springframework.jdbc.datasource.init.ScriptStatementFailedException: Failed to execute SQL script statement #1 of class path resource [create-schedule-before.sql]: TRUNCATE &quot;public&quot;.schedules, &quot;public&quot;.lessons, &quot;public&quot;.semester_period, &quot;public&quot;.semester_day, &quot;public&quot;.semesters, &quot;public&quot;.groups, &quot;public&quot;.teachers, &quot;public&quot;.subjects, &quot;public&quot;.periods, &quot;public&quot;.rooms, &quot;public&quot;.room_types RESTART IDENTITY CASCADE; nested exception is org.h2.jdbc.JdbcSQLSyntaxErrorException: Syntax error in SQL statement &quot;TRUNCATE &quot;&quot;public&quot;&quot;[*].SCHEDULES, &quot;&quot;public&quot;&quot;.LESSONS, &quot;&quot;public&quot;&quot;.SEMESTER_PERIOD, &quot;&quot;public&quot;&quot;.SEMESTER_DAY, &quot;&quot;public&quot;&quot;.SEMESTERS, &quot;&quot;public&quot;&quot;.GROUPS, &quot;&quot;public&quot;&quot;.TEACHERS, &quot;&quot;public&quot;&quot;.SUBJECTS, &quot;&quot;public&quot;&quot;.PERIODS, &quot;&quot;public&quot;&quot;.ROOMS, &quot;&quot;public&quot;&quot;.ROOM_TYPES RESTART IDENTITY CASCADE&quot;; expected &quot;TABLE&quot;; SQL statement:&#10;TRUNCATE &quot;public&quot;.schedules, &quot;public&quot;.lessons, &quot;public&quot;.semester_period, &quot;public&quot;.semester_day, &quot;public&quot;.semesters, &quot;public&quot;.groups, &quot;public&quot;.teachers, &quot;public&quot;.subjects, &quot;public&quot;.periods, &quot;public&quot;.rooms, &quot;public&quot;.room_types RESTART IDENTITY CASCADE [42001-200]" type="org.springframework.jdbc.datasource.init.ScriptStatementFailedException">org.springframework.jdbc.datasource.init.ScriptStatementFailedException: Failed to execute SQL script statement #1 of class path resource [create-schedule-before.sql]: TRUNCATE &quot;public&quot;.schedules, &quot;public&quot;.lessons, &quot;public&quot;.semester_period, &quot;public&quot;.semester_day, &quot;public&quot;.semesters, &quot;public&quot;.groups, &quot;public&quot;.teachers, &quot;public&quot;.subjects, &quot;public&quot;.periods, &quot;public&quot;.rooms, &quot;public&quot;.room_types RESTART IDENTITY CASCADE; nested exception is org.h2.jdbc.JdbcSQLSyntaxErrorException: Syntax error in SQL statement &quot;TRUNCATE &quot;&quot;public&quot;&quot;[*].SCHEDULES, &quot;&quot;public&quot;&quot;.LESSONS, &quot;&quot;public&quot;&quot;.SEMESTER_PERIOD, &quot;&quot;public&quot;&quot;.SEMESTER_DAY, &quot;&quot;public&quot;&quot;.SEMESTERS, &quot;&quot;public&quot;&quot;.GROUPS, &quot;&quot;public&quot;&quot;.TEACHERS, &quot;&quot;public&quot;&quot;.SUBJECTS, &quot;&quot;public&quot;&quot;.PERIODS, &quot;&quot;public&quot;&quot;.ROOMS, &quot;&quot;public&quot;&quot;.ROOM_TYPES RESTART IDENTITY CASCADE&quot;; expected &quot;TABLE&quot;; SQL statement:
TRUNCATE &quot;public&quot;.schedules, &quot;public&quot;.lessons, &quot;public&quot;.semester_period, &quot;public&quot;.semester_day, &quot;public&quot;.semesters, &quot;public&quot;.groups, &quot;public&quot;.teachers, &quot;public&quot;.subjects, &quot;public&quot;.periods, &quot;public&quot;.rooms, &quot;public&quot;.room_types RESTART IDENTITY CASCADE [42001-200]
	at app//org.springframework.jdbc.datasource.init.ScriptUtils.executeSqlScript(ScriptUtils.java:622)
	at app//org.springframework.jdbc.datasource.init.ResourceDatabasePopulator.populate(ResourceDatabasePopulator.java:254)
	at app//org.springframework.jdbc.datasource.init.DatabasePopulatorUtils.execute(DatabasePopulatorUtils.java:49)
	at app//org.springframework.jdbc.datasource.init.ResourceDatabasePopulator.execute(ResourceDatabasePopulator.java:269)
	at app//org.springframework.test.context.jdbc.SqlScriptsTestExecutionListener.lambda$executeSqlScripts$4(SqlScriptsTestExecutionListener.java:263)
	at app//org.springframework.transaction.support.TransactionOperations.lambda$executeWithoutResult$0(TransactionOperations.java:68)
	at app//org.springframework.transaction.support.TransactionTemplate.execute(TransactionTemplate.java:140)
	at app//org.springframework.transaction.support.TransactionOperations.executeWithoutResult(TransactionOperations.java:67)
	at app//org.springframework.test.context.jdbc.SqlScriptsTestExecutionListener.executeSqlScripts(SqlScriptsTestExecutionListener.java:263)
	at app//org.springframework.test.context.jdbc.SqlScriptsTestExecutionListener.lambda$executeSqlScripts$0(SqlScriptsTestExecutionListener.java:185)
	at java.base@11.0.27/java.lang.Iterable.forEach(Iterable.java:75)
	at app//org.springframework.test.context.jdbc.SqlScriptsTestExecutionListener.executeSqlScripts(SqlScriptsTestExecutionListener.java:185)
	at app//org.springframework.test.context.jdbc.SqlScriptsTestExecutionListener.executeSqlScripts(SqlScriptsTestExecutionListener.java:147)
	at app//org.springframework.test.context.jdbc.SqlScriptsTestExecutionListener.beforeTestMethod(SqlScriptsTestExecutionListener.java:117)
	at app//org.springframework.test.context.TestContextManager.beforeTestMethod(TestContextManager.java:289)
	at app//org.springframework.test.context.junit4.statements.RunBeforeTestMethodCallbacks.evaluate(RunBeforeTestMethodCallbacks.java:74)
	at app//org.springframework.test.context.junit4.statements.RunAfterTestMethodCallbacks.evaluate(RunAfterTestMethodCallbacks.java:86)
	at app//org.springframework.test.context.junit4.statements.SpringRepeat.evaluate(SpringRepeat.java:84)
	at app//org.junit.runners.ParentRunner.runLeaf(ParentRunner.java:366)
	at app//org.springframework.test.context.junit4.SpringJUnit4ClassRunner.runChild(SpringJUnit4ClassRunner.java:251)
	at app//org.springframework.test.context.junit4.SpringJUnit4ClassRunner.runChild(SpringJUnit4ClassRunner.java:97)
	at app//org.junit.runners.ParentRunner$4.run(ParentRunner.java:331)
	at app//org.junit.runners.ParentRunner$1.schedule(ParentRunner.java:79)
	at app//org.junit.runners.ParentRunner.runChildren(ParentRunner.java:329)
	at app//org.junit.runners.ParentRunner.access$100(ParentRunner.java:66)
	at app//org.junit.runners.ParentRunner$2.evaluate(ParentRunner.java:293)
	at app//org.springframework.test.context.junit4.statements.RunBeforeTestClassCallbacks.evaluate(RunBeforeTestClassCallbacks.java:61)
	at app//org.springframework.test.context.junit4.statements.RunAfterTestClassCallbacks.evaluate(RunAfterTestClassCallbacks.java:70)
	at app//org.junit.runners.ParentRunner$3.evaluate(ParentRunner.java:306)
	at app//org.junit.runners.ParentRunner.run(ParentRunner.java:413)
	at app//org.springframework.test.context.junit4.SpringJUnit4ClassRunner.run(SpringJUnit4ClassRunner.java:190)
	at org.gradle.api.internal.tasks.testing.junit.JUnitTestClassExecutor.runTestClass(JUnitTestClassExecutor.java:112)
	at org.gradle.api.internal.tasks.testing.junit.JUnitTestClassExecutor.execute(JUnitTestClassExecutor.java:58)
	at org.gradle.api.internal.tasks.testing.junit.JUnitTestClassExecutor.execute(JUnitTestClassExecutor.java:40)
	at org.gradle.api.internal.tasks.testing.junit.AbstractJUnitTestClassProcessor.processTestClass(AbstractJUnitTestClassProcessor.java:54)
	at org.gradle.api.internal.tasks.testing.SuiteTestClassProcessor.processTestClass(SuiteTestClassProcessor.java:53)
	at java.base@11.0.27/jdk.internal.reflect.NativeMethodAccessorImpl.invoke0(Native Method)
	at java.base@11.0.27/jdk.internal.reflect.NativeMethodAccessorImpl.invoke(NativeMethodAccessorImpl.java:62)
	at java.base@11.0.27/jdk.internal.reflect.DelegatingMethodAccessorImpl.invoke(DelegatingMethodAccessorImpl.java:43)
	at java.base@11.0.27/java.lang.reflect.Method.invoke(Method.java:566)
	at org.gradle.internal.dispatch.ReflectionDispatch.dispatch(ReflectionDispatch.java:36)
	at org.gradle.internal.dispatch.ReflectionDispatch.dispatch(ReflectionDispatch.java:24)
	at org.gradle.internal.dispatch.ContextClassLoaderDispatch.dispatch(ContextClassLoaderDispatch.java:33)
	at org.gradle.internal.dispatch.ProxyDispatchAdapter$DispatchingInvocationHandler.invoke(ProxyDispatchAdapter.java:92)
	at com.sun.proxy.$Proxy6.processTestClass(Unknown Source)
	at org.gradle.api.internal.tasks.testing.worker.TestWorker$2.run(TestWorker.java:183)
	at org.gradle.api.internal.tasks.testing.worker.TestWorker.executeAndMaintainThreadName(TestWorker.java:132)
	at org.gradle.api.internal.tasks.testing.worker.TestWorker.execute(TestWorker.java:103)
	at org.gradle.api.internal.tasks.testing.worker.TestWorker.execute(TestWorker.java:63)
	at org.gradle.process.internal.worker.child.ActionExecutionWorker.execute(ActionExecutionWorker.java:56)
	at org.gradle.process.internal.worker.child.SystemApplicationClassLoaderWorker.call(SystemApplicationClassLoaderWorker.java:122)
	at org.gradle.process.internal.worker.child.SystemApplicationClassLoaderWorker.call(SystemApplicationClassLoaderWorker.java:72)
	at app//worker.org.gradle.process.internal.worker.GradleWorkerMain.run(GradleWorkerMain.java:69)
	at app//worker.org.gradle.process.internal.worker.GradleWorkerMain.main(GradleWorkerMain.java:74)
Caused by: org.h2.jdbc.JdbcSQLSyntaxErrorException: Syntax error in SQL statement &quot;TRUNCATE &quot;&quot;public&quot;&quot;[*].SCHEDULES, &quot;&quot;public&quot;&quot;.LESSONS, &quot;&quot;public&quot;&quot;.SEMESTER_PERIOD, &quot;&quot;public&quot;&quot;.SEMESTER_DAY, &quot;&quot;public&quot;&quot;.SEMESTERS, &quot;&quot;public&quot;&quot;.GROUPS, &quot;&quot;public&quot;&quot;.TEACHERS, &quot;&quot;public&quot;&quot;.SUBJECTS, &quot;&quot;public&quot;&quot;.PERIODS, &quot;&quot;public&quot;&quot;.ROOMS, &quot;&quot;public&quot;&quot;.ROOM_TYPES RESTART IDENTITY CASCADE&quot;; expected &quot;TABLE&quot;; SQL statement:
TRUNCATE &quot;public&quot;.schedules, &quot;public&quot;.lessons, &quot;public&quot;.semester_period, &quot;public&quot;.semester_day, &quot;public&quot;.semesters, &quot;public&quot;.groups, &quot;public&quot;.teachers, &quot;public&quot;.subjects, &quot;public&quot;.periods, &quot;public&quot;.rooms, &quot;public&quot;.room_types RESTART IDENTITY CASCADE [42001-200]
	at app//org.h2.message.DbException.getJdbcSQLException(DbException.java:453)
	at app//org.h2.message.DbException.getJdbcSQLException(DbException.java:429)
	at app//org.h2.message.DbException.getSyntaxError(DbException.java:243)
	at app//org.h2.command.Parser.getSyntaxError(Parser.java:1053)
	at app//org.h2.command.Parser.read(Parser.java:4995)
	at app//org.h2.command.Parser.parseTruncate(Parser.java:2137)
	at app//org.h2.command.Parser.parsePrepared(Parser.java:1000)
	at app//org.h2.command.Parser.parse(Parser.java:843)
	at app//org.h2.command.Parser.parse(Parser.java:819)
	at app//org.h2.command.Parser.prepareCommand(Parser.java:738)
	at app//org.h2.engine.Session.prepareLocal(Session.java:657)
	at app//org.h2.engine.Session.prepareCommand(Session.java:595)
	at app//org.h2.jdbc.JdbcConnection.prepareCommand(JdbcConnection.java:1235)
	at app//org.h2.jdbc.JdbcStatement.executeInternal(JdbcStatement.java:212)
	at app//org.h2.jdbc.JdbcStatement.execute(JdbcStatement.java:201)
	at app//com.mchange.v2.c3p0.impl.NewProxyStatement.execute(NewProxyStatement.java:75)
	at app//org.springframework.jdbc.datasource.init.ScriptUtils.executeSqlScript(ScriptUtils.java:601)
	... 53 more
</failure>
  </testcase>
  <testcase name="getFullScheduleForGroup" classname="com.softserve.controller.ScheduleControllerTest" time="0.009">
    <failure message="org.springframework.jdbc.datasource.init.ScriptStatementFailedException: Failed to execute SQL script statement #1 of class path resource [create-schedule-before.sql]: TRUNCATE &quot;public&quot;.schedules, &quot;public&quot;.lessons, &quot;public&quot;.semester_period, &quot;public&quot;.semester_day, &quot;public&quot;.semesters, &quot;public&quot;.groups, &quot;public&quot;.teachers, &quot;public&quot;.subjects, &quot;public&quot;.periods, &quot;public&quot;.rooms, &quot;public&quot;.room_types RESTART IDENTITY CASCADE; nested exception is org.h2.jdbc.JdbcSQLSyntaxErrorException: Syntax error in SQL statement &quot;TRUNCATE &quot;&quot;public&quot;&quot;[*].SCHEDULES, &quot;&quot;public&quot;&quot;.LESSONS, &quot;&quot;public&quot;&quot;.SEMESTER_PERIOD, &quot;&quot;public&quot;&quot;.SEMESTER_DAY, &quot;&quot;public&quot;&quot;.SEMESTERS, &quot;&quot;public&quot;&quot;.GROUPS, &quot;&quot;public&quot;&quot;.TEACHERS, &quot;&quot;public&quot;&quot;.SUBJECTS, &quot;&quot;public&quot;&quot;.PERIODS, &quot;&quot;public&quot;&quot;.ROOMS, &quot;&quot;public&quot;&quot;.ROOM_TYPES RESTART IDENTITY CASCADE&quot;; expected &quot;TABLE&quot;; SQL statement:&#10;TRUNCATE &quot;public&quot;.schedules, &quot;public&quot;.lessons, &quot;public&quot;.semester_period, &quot;public&quot;.semester_day, &quot;public&quot;.semesters, &quot;public&quot;.groups, &quot;public&quot;.teachers, &quot;public&quot;.subjects, &quot;public&quot;.periods, &quot;public&quot;.rooms, &quot;public&quot;.room_types RESTART IDENTITY CASCADE [42001-200]" type="org.springframework.jdbc.datasource.init.ScriptStatementFailedException">org.springframework.jdbc.datasource.init.ScriptStatementFailedException: Failed to execute SQL script statement #1 of class path resource [create-schedule-before.sql]: TRUNCATE &quot;public&quot;.schedules, &quot;public&quot;.lessons, &quot;public&quot;.semester_period, &quot;public&quot;.semester_day, &quot;public&quot;.semesters, &quot;public&quot;.groups, &quot;public&quot;.teachers, &quot;public&quot;.subjects, &quot;public&quot;.periods, &quot;public&quot;.rooms, &quot;public&quot;.room_types RESTART IDENTITY CASCADE; nested exception is org.h2.jdbc.JdbcSQLSyntaxErrorException: Syntax error in SQL statement &quot;TRUNCATE &quot;&quot;public&quot;&quot;[*].SCHEDULES, &quot;&quot;public&quot;&quot;.LESSONS, &quot;&quot;public&quot;&quot;.SEMESTER_PERIOD, &quot;&quot;public&quot;&quot;.SEMESTER_DAY, &quot;&quot;public&quot;&quot;.SEMESTERS, &quot;&quot;public&quot;&quot;.GROUPS, &quot;&quot;public&quot;&quot;.TEACHERS, &quot;&quot;public&quot;&quot;.SUBJECTS, &quot;&quot;public&quot;&quot;.PERIODS, &quot;&quot;public&quot;&quot;.ROOMS, &quot;&quot;public&quot;&quot;.ROOM_TYPES RESTART IDENTITY CASCADE&quot;; expected &quot;TABLE&quot;; SQL statement:
TRUNCATE &quot;public&quot;.schedules, &quot;public&quot;.lessons, &quot;public&quot;.semester_period, &quot;public&quot;.semester_day, &quot;public&quot;.semesters, &quot;public&quot;.groups, &quot;public&quot;.teachers, &quot;public&quot;.subjects, &quot;public&quot;.periods, &quot;public&quot;.rooms, &quot;public&quot;.room_types RESTART IDENTITY CASCADE [42001-200]
	at app//org.springframework.jdbc.datasource.init.ScriptUtils.executeSqlScript(ScriptUtils.java:622)
	at app//org.springframework.jdbc.datasource.init.ResourceDatabasePopulator.populate(ResourceDatabasePopulator.java:254)
	at app//org.springframework.jdbc.datasource.init.DatabasePopulatorUtils.execute(DatabasePopulatorUtils.java:49)
	at app//org.springframework.jdbc.datasource.init.ResourceDatabasePopulator.execute(ResourceDatabasePopulator.java:269)
	at app//org.springframework.test.context.jdbc.SqlScriptsTestExecutionListener.lambda$executeSqlScripts$4(SqlScriptsTestExecutionListener.java:263)
	at app//org.springframework.transaction.support.TransactionOperations.lambda$executeWithoutResult$0(TransactionOperations.java:68)
	at app//org.springframework.transaction.support.TransactionTemplate.execute(TransactionTemplate.java:140)
	at app//org.springframework.transaction.support.TransactionOperations.executeWithoutResult(TransactionOperations.java:67)
	at app//org.springframework.test.context.jdbc.SqlScriptsTestExecutionListener.executeSqlScripts(SqlScriptsTestExecutionListener.java:263)
	at app//org.springframework.test.context.jdbc.SqlScriptsTestExecutionListener.lambda$executeSqlScripts$0(SqlScriptsTestExecutionListener.java:185)
	at java.base@11.0.27/java.lang.Iterable.forEach(Iterable.java:75)
	at app//org.springframework.test.context.jdbc.SqlScriptsTestExecutionListener.executeSqlScripts(SqlScriptsTestExecutionListener.java:185)
	at app//org.springframework.test.context.jdbc.SqlScriptsTestExecutionListener.executeSqlScripts(SqlScriptsTestExecutionListener.java:147)
	at app//org.springframework.test.context.jdbc.SqlScriptsTestExecutionListener.beforeTestMethod(SqlScriptsTestExecutionListener.java:117)
	at app//org.springframework.test.context.TestContextManager.beforeTestMethod(TestContextManager.java:289)
	at app//org.springframework.test.context.junit4.statements.RunBeforeTestMethodCallbacks.evaluate(RunBeforeTestMethodCallbacks.java:74)
	at app//org.springframework.test.context.junit4.statements.RunAfterTestMethodCallbacks.evaluate(RunAfterTestMethodCallbacks.java:86)
	at app//org.springframework.test.context.junit4.statements.SpringRepeat.evaluate(SpringRepeat.java:84)
	at app//org.junit.runners.ParentRunner.runLeaf(ParentRunner.java:366)
	at app//org.springframework.test.context.junit4.SpringJUnit4ClassRunner.runChild(SpringJUnit4ClassRunner.java:251)
	at app//org.springframework.test.context.junit4.SpringJUnit4ClassRunner.runChild(SpringJUnit4ClassRunner.java:97)
	at app//org.junit.runners.ParentRunner$4.run(ParentRunner.java:331)
	at app//org.junit.runners.ParentRunner$1.schedule(ParentRunner.java:79)
	at app//org.junit.runners.ParentRunner.runChildren(ParentRunner.java:329)
	at app//org.junit.runners.ParentRunner.access$100(ParentRunner.java:66)
	at app//org.junit.runners.ParentRunner$2.evaluate(ParentRunner.java:293)
	at app//org.springframework.test.context.junit4.statements.RunBeforeTestClassCallbacks.evaluate(RunBeforeTestClassCallbacks.java:61)
	at app//org.springframework.test.context.junit4.statements.RunAfterTestClassCallbacks.evaluate(RunAfterTestClassCallbacks.java:70)
	at app//org.junit.runners.ParentRunner$3.evaluate(ParentRunner.java:306)
	at app//org.junit.runners.ParentRunner.run(ParentRunner.java:413)
	at app//org.springframework.test.context.junit4.SpringJUnit4ClassRunner.run(SpringJUnit4ClassRunner.java:190)
	at org.gradle.api.internal.tasks.testing.junit.JUnitTestClassExecutor.runTestClass(JUnitTestClassExecutor.java:112)
	at org.gradle.api.internal.tasks.testing.junit.JUnitTestClassExecutor.execute(JUnitTestClassExecutor.java:58)
	at org.gradle.api.internal.tasks.testing.junit.JUnitTestClassExecutor.execute(JUnitTestClassExecutor.java:40)
	at org.gradle.api.internal.tasks.testing.junit.AbstractJUnitTestClassProcessor.processTestClass(AbstractJUnitTestClassProcessor.java:54)
	at org.gradle.api.internal.tasks.testing.SuiteTestClassProcessor.processTestClass(SuiteTestClassProcessor.java:53)
	at java.base@11.0.27/jdk.internal.reflect.NativeMethodAccessorImpl.invoke0(Native Method)
	at java.base@11.0.27/jdk.internal.reflect.NativeMethodAccessorImpl.invoke(NativeMethodAccessorImpl.java:62)
	at java.base@11.0.27/jdk.internal.reflect.DelegatingMethodAccessorImpl.invoke(DelegatingMethodAccessorImpl.java:43)
	at java.base@11.0.27/java.lang.reflect.Method.invoke(Method.java:566)
	at org.gradle.internal.dispatch.ReflectionDispatch.dispatch(ReflectionDispatch.java:36)
	at org.gradle.internal.dispatch.ReflectionDispatch.dispatch(ReflectionDispatch.java:24)
	at org.gradle.internal.dispatch.ContextClassLoaderDispatch.dispatch(ContextClassLoaderDispatch.java:33)
	at org.gradle.internal.dispatch.ProxyDispatchAdapter$DispatchingInvocationHandler.invoke(ProxyDispatchAdapter.java:92)
	at com.sun.proxy.$Proxy6.processTestClass(Unknown Source)
	at org.gradle.api.internal.tasks.testing.worker.TestWorker$2.run(TestWorker.java:183)
	at org.gradle.api.internal.tasks.testing.worker.TestWorker.executeAndMaintainThreadName(TestWorker.java:132)
	at org.gradle.api.internal.tasks.testing.worker.TestWorker.execute(TestWorker.java:103)
	at org.gradle.api.internal.tasks.testing.worker.TestWorker.execute(TestWorker.java:63)
	at org.gradle.process.internal.worker.child.ActionExecutionWorker.execute(ActionExecutionWorker.java:56)
	at org.gradle.process.internal.worker.child.SystemApplicationClassLoaderWorker.call(SystemApplicationClassLoaderWorker.java:122)
	at org.gradle.process.internal.worker.child.SystemApplicationClassLoaderWorker.call(SystemApplicationClassLoaderWorker.java:72)
	at app//worker.org.gradle.process.internal.worker.GradleWorkerMain.run(GradleWorkerMain.java:69)
	at app//worker.org.gradle.process.internal.worker.GradleWorkerMain.main(GradleWorkerMain.java:74)
Caused by: org.h2.jdbc.JdbcSQLSyntaxErrorException: Syntax error in SQL statement &quot;TRUNCATE &quot;&quot;public&quot;&quot;[*].SCHEDULES, &quot;&quot;public&quot;&quot;.LESSONS, &quot;&quot;public&quot;&quot;.SEMESTER_PERIOD, &quot;&quot;public&quot;&quot;.SEMESTER_DAY, &quot;&quot;public&quot;&quot;.SEMESTERS, &quot;&quot;public&quot;&quot;.GROUPS, &quot;&quot;public&quot;&quot;.TEACHERS, &quot;&quot;public&quot;&quot;.SUBJECTS, &quot;&quot;public&quot;&quot;.PERIODS, &quot;&quot;public&quot;&quot;.ROOMS, &quot;&quot;public&quot;&quot;.ROOM_TYPES RESTART IDENTITY CASCADE&quot;; expected &quot;TABLE&quot;; SQL statement:
TRUNCATE &quot;public&quot;.schedules, &quot;public&quot;.lessons, &quot;public&quot;.semester_period, &quot;public&quot;.semester_day, &quot;public&quot;.semesters, &quot;public&quot;.groups, &quot;public&quot;.teachers, &quot;public&quot;.subjects, &quot;public&quot;.periods, &quot;public&quot;.rooms, &quot;public&quot;.room_types RESTART IDENTITY CASCADE [42001-200]
	at app//org.h2.message.DbException.getJdbcSQLException(DbException.java:453)
	at app//org.h2.message.DbException.getJdbcSQLException(DbException.java:429)
	at app//org.h2.message.DbException.getSyntaxError(DbException.java:243)
	at app//org.h2.command.Parser.getSyntaxError(Parser.java:1053)
	at app//org.h2.command.Parser.read(Parser.java:4995)
	at app//org.h2.command.Parser.parseTruncate(Parser.java:2137)
	at app//org.h2.command.Parser.parsePrepared(Parser.java:1000)
	at app//org.h2.command.Parser.parse(Parser.java:843)
	at app//org.h2.command.Parser.parse(Parser.java:819)
	at app//org.h2.command.Parser.prepareCommand(Parser.java:738)
	at app//org.h2.engine.Session.prepareLocal(Session.java:657)
	at app//org.h2.engine.Session.prepareCommand(Session.java:595)
	at app//org.h2.jdbc.JdbcConnection.prepareCommand(JdbcConnection.java:1235)
	at app//org.h2.jdbc.JdbcStatement.executeInternal(JdbcStatement.java:212)
	at app//org.h2.jdbc.JdbcStatement.execute(JdbcStatement.java:201)
	at app//com.mchange.v2.c3p0.impl.NewProxyStatement.execute(NewProxyStatement.java:75)
	at app//org.springframework.jdbc.datasource.init.ScriptUtils.executeSqlScript(ScriptUtils.java:601)
	... 53 more
</failure>
  </testcase>
  <testcase name="returnEmptyListIfGetListOfAllSchedulesByNoExistSemester" classname="com.softserve.controller.ScheduleControllerTest" time="0.009">
    <failure message="org.springframework.jdbc.datasource.init.ScriptStatementFailedException: Failed to execute SQL script statement #1 of class path resource [create-schedule-before.sql]: TRUNCATE &quot;public&quot;.schedules, &quot;public&quot;.lessons, &quot;public&quot;.semester_period, &quot;public&quot;.semester_day, &quot;public&quot;.semesters, &quot;public&quot;.groups, &quot;public&quot;.teachers, &quot;public&quot;.subjects, &quot;public&quot;.periods, &quot;public&quot;.rooms, &quot;public&quot;.room_types RESTART IDENTITY CASCADE; nested exception is org.h2.jdbc.JdbcSQLSyntaxErrorException: Syntax error in SQL statement &quot;TRUNCATE &quot;&quot;public&quot;&quot;[*].SCHEDULES, &quot;&quot;public&quot;&quot;.LESSONS, &quot;&quot;public&quot;&quot;.SEMESTER_PERIOD, &quot;&quot;public&quot;&quot;.SEMESTER_DAY, &quot;&quot;public&quot;&quot;.SEMESTERS, &quot;&quot;public&quot;&quot;.GROUPS, &quot;&quot;public&quot;&quot;.TEACHERS, &quot;&quot;public&quot;&quot;.SUBJECTS, &quot;&quot;public&quot;&quot;.PERIODS, &quot;&quot;public&quot;&quot;.ROOMS, &quot;&quot;public&quot;&quot;.ROOM_TYPES RESTART IDENTITY CASCADE&quot;; expected &quot;TABLE&quot;; SQL statement:&#10;TRUNCATE &quot;public&quot;.schedules, &quot;public&quot;.lessons, &quot;public&quot;.semester_period, &quot;public&quot;.semester_day, &quot;public&quot;.semesters, &quot;public&quot;.groups, &quot;public&quot;.teachers, &quot;public&quot;.subjects, &quot;public&quot;.periods, &quot;public&quot;.rooms, &quot;public&quot;.room_types RESTART IDENTITY CASCADE [42001-200]" type="org.springframework.jdbc.datasource.init.ScriptStatementFailedException">org.springframework.jdbc.datasource.init.ScriptStatementFailedException: Failed to execute SQL script statement #1 of class path resource [create-schedule-before.sql]: TRUNCATE &quot;public&quot;.schedules, &quot;public&quot;.lessons, &quot;public&quot;.semester_period, &quot;public&quot;.semester_day, &quot;public&quot;.semesters, &quot;public&quot;.groups, &quot;public&quot;.teachers, &quot;public&quot;.subjects, &quot;public&quot;.periods, &quot;public&quot;.rooms, &quot;public&quot;.room_types RESTART IDENTITY CASCADE; nested exception is org.h2.jdbc.JdbcSQLSyntaxErrorException: Syntax error in SQL statement &quot;TRUNCATE &quot;&quot;public&quot;&quot;[*].SCHEDULES, &quot;&quot;public&quot;&quot;.LESSONS, &quot;&quot;public&quot;&quot;.SEMESTER_PERIOD, &quot;&quot;public&quot;&quot;.SEMESTER_DAY, &quot;&quot;public&quot;&quot;.SEMESTERS, &quot;&quot;public&quot;&quot;.GROUPS, &quot;&quot;public&quot;&quot;.TEACHERS, &quot;&quot;public&quot;&quot;.SUBJECTS, &quot;&quot;public&quot;&quot;.PERIODS, &quot;&quot;public&quot;&quot;.ROOMS, &quot;&quot;public&quot;&quot;.ROOM_TYPES RESTART IDENTITY CASCADE&quot;; expected &quot;TABLE&quot;; SQL statement:
TRUNCATE &quot;public&quot;.schedules, &quot;public&quot;.lessons, &quot;public&quot;.semester_period, &quot;public&quot;.semester_day, &quot;public&quot;.semesters, &quot;public&quot;.groups, &quot;public&quot;.teachers, &quot;public&quot;.subjects, &quot;public&quot;.periods, &quot;public&quot;.rooms, &quot;public&quot;.room_types RESTART IDENTITY CASCADE [42001-200]
	at app//org.springframework.jdbc.datasource.init.ScriptUtils.executeSqlScript(ScriptUtils.java:622)
	at app//org.springframework.jdbc.datasource.init.ResourceDatabasePopulator.populate(ResourceDatabasePopulator.java:254)
	at app//org.springframework.jdbc.datasource.init.DatabasePopulatorUtils.execute(DatabasePopulatorUtils.java:49)
	at app//org.springframework.jdbc.datasource.init.ResourceDatabasePopulator.execute(ResourceDatabasePopulator.java:269)
	at app//org.springframework.test.context.jdbc.SqlScriptsTestExecutionListener.lambda$executeSqlScripts$4(SqlScriptsTestExecutionListener.java:263)
	at app//org.springframework.transaction.support.TransactionOperations.lambda$executeWithoutResult$0(TransactionOperations.java:68)
	at app//org.springframework.transaction.support.TransactionTemplate.execute(TransactionTemplate.java:140)
	at app//org.springframework.transaction.support.TransactionOperations.executeWithoutResult(TransactionOperations.java:67)
	at app//org.springframework.test.context.jdbc.SqlScriptsTestExecutionListener.executeSqlScripts(SqlScriptsTestExecutionListener.java:263)
	at app//org.springframework.test.context.jdbc.SqlScriptsTestExecutionListener.lambda$executeSqlScripts$0(SqlScriptsTestExecutionListener.java:185)
	at java.base@11.0.27/java.lang.Iterable.forEach(Iterable.java:75)
	at app//org.springframework.test.context.jdbc.SqlScriptsTestExecutionListener.executeSqlScripts(SqlScriptsTestExecutionListener.java:185)
	at app//org.springframework.test.context.jdbc.SqlScriptsTestExecutionListener.executeSqlScripts(SqlScriptsTestExecutionListener.java:147)
	at app//org.springframework.test.context.jdbc.SqlScriptsTestExecutionListener.beforeTestMethod(SqlScriptsTestExecutionListener.java:117)
	at app//org.springframework.test.context.TestContextManager.beforeTestMethod(TestContextManager.java:289)
	at app//org.springframework.test.context.junit4.statements.RunBeforeTestMethodCallbacks.evaluate(RunBeforeTestMethodCallbacks.java:74)
	at app//org.springframework.test.context.junit4.statements.RunAfterTestMethodCallbacks.evaluate(RunAfterTestMethodCallbacks.java:86)
	at app//org.springframework.test.context.junit4.statements.SpringRepeat.evaluate(SpringRepeat.java:84)
	at app//org.junit.runners.ParentRunner.runLeaf(ParentRunner.java:366)
	at app//org.springframework.test.context.junit4.SpringJUnit4ClassRunner.runChild(SpringJUnit4ClassRunner.java:251)
	at app//org.springframework.test.context.junit4.SpringJUnit4ClassRunner.runChild(SpringJUnit4ClassRunner.java:97)
	at app//org.junit.runners.ParentRunner$4.run(ParentRunner.java:331)
	at app//org.junit.runners.ParentRunner$1.schedule(ParentRunner.java:79)
	at app//org.junit.runners.ParentRunner.runChildren(ParentRunner.java:329)
	at app//org.junit.runners.ParentRunner.access$100(ParentRunner.java:66)
	at app//org.junit.runners.ParentRunner$2.evaluate(ParentRunner.java:293)
	at app//org.springframework.test.context.junit4.statements.RunBeforeTestClassCallbacks.evaluate(RunBeforeTestClassCallbacks.java:61)
	at app//org.springframework.test.context.junit4.statements.RunAfterTestClassCallbacks.evaluate(RunAfterTestClassCallbacks.java:70)
	at app//org.junit.runners.ParentRunner$3.evaluate(ParentRunner.java:306)
	at app//org.junit.runners.ParentRunner.run(ParentRunner.java:413)
	at app//org.springframework.test.context.junit4.SpringJUnit4ClassRunner.run(SpringJUnit4ClassRunner.java:190)
	at org.gradle.api.internal.tasks.testing.junit.JUnitTestClassExecutor.runTestClass(JUnitTestClassExecutor.java:112)
	at org.gradle.api.internal.tasks.testing.junit.JUnitTestClassExecutor.execute(JUnitTestClassExecutor.java:58)
	at org.gradle.api.internal.tasks.testing.junit.JUnitTestClassExecutor.execute(JUnitTestClassExecutor.java:40)
	at org.gradle.api.internal.tasks.testing.junit.AbstractJUnitTestClassProcessor.processTestClass(AbstractJUnitTestClassProcessor.java:54)
	at org.gradle.api.internal.tasks.testing.SuiteTestClassProcessor.processTestClass(SuiteTestClassProcessor.java:53)
	at java.base@11.0.27/jdk.internal.reflect.NativeMethodAccessorImpl.invoke0(Native Method)
	at java.base@11.0.27/jdk.internal.reflect.NativeMethodAccessorImpl.invoke(NativeMethodAccessorImpl.java:62)
	at java.base@11.0.27/jdk.internal.reflect.DelegatingMethodAccessorImpl.invoke(DelegatingMethodAccessorImpl.java:43)
	at java.base@11.0.27/java.lang.reflect.Method.invoke(Method.java:566)
	at org.gradle.internal.dispatch.ReflectionDispatch.dispatch(ReflectionDispatch.java:36)
	at org.gradle.internal.dispatch.ReflectionDispatch.dispatch(ReflectionDispatch.java:24)
	at org.gradle.internal.dispatch.ContextClassLoaderDispatch.dispatch(ContextClassLoaderDispatch.java:33)
	at org.gradle.internal.dispatch.ProxyDispatchAdapter$DispatchingInvocationHandler.invoke(ProxyDispatchAdapter.java:92)
	at com.sun.proxy.$Proxy6.processTestClass(Unknown Source)
	at org.gradle.api.internal.tasks.testing.worker.TestWorker$2.run(TestWorker.java:183)
	at org.gradle.api.internal.tasks.testing.worker.TestWorker.executeAndMaintainThreadName(TestWorker.java:132)
	at org.gradle.api.internal.tasks.testing.worker.TestWorker.execute(TestWorker.java:103)
	at org.gradle.api.internal.tasks.testing.worker.TestWorker.execute(TestWorker.java:63)
	at org.gradle.process.internal.worker.child.ActionExecutionWorker.execute(ActionExecutionWorker.java:56)
	at org.gradle.process.internal.worker.child.SystemApplicationClassLoaderWorker.call(SystemApplicationClassLoaderWorker.java:122)
	at org.gradle.process.internal.worker.child.SystemApplicationClassLoaderWorker.call(SystemApplicationClassLoaderWorker.java:72)
	at app//worker.org.gradle.process.internal.worker.GradleWorkerMain.run(GradleWorkerMain.java:69)
	at app//worker.org.gradle.process.internal.worker.GradleWorkerMain.main(GradleWorkerMain.java:74)
Caused by: org.h2.jdbc.JdbcSQLSyntaxErrorException: Syntax error in SQL statement &quot;TRUNCATE &quot;&quot;public&quot;&quot;[*].SCHEDULES, &quot;&quot;public&quot;&quot;.LESSONS, &quot;&quot;public&quot;&quot;.SEMESTER_PERIOD, &quot;&quot;public&quot;&quot;.SEMESTER_DAY, &quot;&quot;public&quot;&quot;.SEMESTERS, &quot;&quot;public&quot;&quot;.GROUPS, &quot;&quot;public&quot;&quot;.TEACHERS, &quot;&quot;public&quot;&quot;.SUBJECTS, &quot;&quot;public&quot;&quot;.PERIODS, &quot;&quot;public&quot;&quot;.ROOMS, &quot;&quot;public&quot;&quot;.ROOM_TYPES RESTART IDENTITY CASCADE&quot;; expected &quot;TABLE&quot;; SQL statement:
TRUNCATE &quot;public&quot;.schedules, &quot;public&quot;.lessons, &quot;public&quot;.semester_period, &quot;public&quot;.semester_day, &quot;public&quot;.semesters, &quot;public&quot;.groups, &quot;public&quot;.teachers, &quot;public&quot;.subjects, &quot;public&quot;.periods, &quot;public&quot;.rooms, &quot;public&quot;.room_types RESTART IDENTITY CASCADE [42001-200]
	at app//org.h2.message.DbException.getJdbcSQLException(DbException.java:453)
	at app//org.h2.message.DbException.getJdbcSQLException(DbException.java:429)
	at app//org.h2.message.DbException.getSyntaxError(DbException.java:243)
	at app//org.h2.command.Parser.getSyntaxError(Parser.java:1053)
	at app//org.h2.command.Parser.read(Parser.java:4995)
	at app//org.h2.command.Parser.parseTruncate(Parser.java:2137)
	at app//org.h2.command.Parser.parsePrepared(Parser.java:1000)
	at app//org.h2.command.Parser.parse(Parser.java:843)
	at app//org.h2.command.Parser.parse(Parser.java:819)
	at app//org.h2.command.Parser.prepareCommand(Parser.java:738)
	at app//org.h2.engine.Session.prepareLocal(Session.java:657)
	at app//org.h2.engine.Session.prepareCommand(Session.java:595)
	at app//org.h2.jdbc.JdbcConnection.prepareCommand(JdbcConnection.java:1235)
	at app//org.h2.jdbc.JdbcStatement.executeInternal(JdbcStatement.java:212)
	at app//org.h2.jdbc.JdbcStatement.execute(JdbcStatement.java:201)
	at app//com.mchange.v2.c3p0.impl.NewProxyStatement.execute(NewProxyStatement.java:75)
	at app//org.springframework.jdbc.datasource.init.ScriptUtils.executeSqlScript(ScriptUtils.java:601)
	... 53 more
</failure>
  </testcase>
  <testcase name="returnBadRequestIfGetInfoForExistScheduleBySemesterIdByDayOfWeekByEvenOddByClassIdByLessonId" classname="com.softserve.controller.ScheduleControllerTest" time="0.008">
    <failure message="org.springframework.jdbc.datasource.init.ScriptStatementFailedException: Failed to execute SQL script statement #1 of class path resource [create-schedule-before.sql]: TRUNCATE &quot;public&quot;.schedules, &quot;public&quot;.lessons, &quot;public&quot;.semester_period, &quot;public&quot;.semester_day, &quot;public&quot;.semesters, &quot;public&quot;.groups, &quot;public&quot;.teachers, &quot;public&quot;.subjects, &quot;public&quot;.periods, &quot;public&quot;.rooms, &quot;public&quot;.room_types RESTART IDENTITY CASCADE; nested exception is org.h2.jdbc.JdbcSQLSyntaxErrorException: Syntax error in SQL statement &quot;TRUNCATE &quot;&quot;public&quot;&quot;[*].SCHEDULES, &quot;&quot;public&quot;&quot;.LESSONS, &quot;&quot;public&quot;&quot;.SEMESTER_PERIOD, &quot;&quot;public&quot;&quot;.SEMESTER_DAY, &quot;&quot;public&quot;&quot;.SEMESTERS, &quot;&quot;public&quot;&quot;.GROUPS, &quot;&quot;public&quot;&quot;.TEACHERS, &quot;&quot;public&quot;&quot;.SUBJECTS, &quot;&quot;public&quot;&quot;.PERIODS, &quot;&quot;public&quot;&quot;.ROOMS, &quot;&quot;public&quot;&quot;.ROOM_TYPES RESTART IDENTITY CASCADE&quot;; expected &quot;TABLE&quot;; SQL statement:&#10;TRUNCATE &quot;public&quot;.schedules, &quot;public&quot;.lessons, &quot;public&quot;.semester_period, &quot;public&quot;.semester_day, &quot;public&quot;.semesters, &quot;public&quot;.groups, &quot;public&quot;.teachers, &quot;public&quot;.subjects, &quot;public&quot;.periods, &quot;public&quot;.rooms, &quot;public&quot;.room_types RESTART IDENTITY CASCADE [42001-200]" type="org.springframework.jdbc.datasource.init.ScriptStatementFailedException">org.springframework.jdbc.datasource.init.ScriptStatementFailedException: Failed to execute SQL script statement #1 of class path resource [create-schedule-before.sql]: TRUNCATE &quot;public&quot;.schedules, &quot;public&quot;.lessons, &quot;public&quot;.semester_period, &quot;public&quot;.semester_day, &quot;public&quot;.semesters, &quot;public&quot;.groups, &quot;public&quot;.teachers, &quot;public&quot;.subjects, &quot;public&quot;.periods, &quot;public&quot;.rooms, &quot;public&quot;.room_types RESTART IDENTITY CASCADE; nested exception is org.h2.jdbc.JdbcSQLSyntaxErrorException: Syntax error in SQL statement &quot;TRUNCATE &quot;&quot;public&quot;&quot;[*].SCHEDULES, &quot;&quot;public&quot;&quot;.LESSONS, &quot;&quot;public&quot;&quot;.SEMESTER_PERIOD, &quot;&quot;public&quot;&quot;.SEMESTER_DAY, &quot;&quot;public&quot;&quot;.SEMESTERS, &quot;&quot;public&quot;&quot;.GROUPS, &quot;&quot;public&quot;&quot;.TEACHERS, &quot;&quot;public&quot;&quot;.SUBJECTS, &quot;&quot;public&quot;&quot;.PERIODS, &quot;&quot;public&quot;&quot;.ROOMS, &quot;&quot;public&quot;&quot;.ROOM_TYPES RESTART IDENTITY CASCADE&quot;; expected &quot;TABLE&quot;; SQL statement:
TRUNCATE &quot;public&quot;.schedules, &quot;public&quot;.lessons, &quot;public&quot;.semester_period, &quot;public&quot;.semester_day, &quot;public&quot;.semesters, &quot;public&quot;.groups, &quot;public&quot;.teachers, &quot;public&quot;.subjects, &quot;public&quot;.periods, &quot;public&quot;.rooms, &quot;public&quot;.room_types RESTART IDENTITY CASCADE [42001-200]
	at app//org.springframework.jdbc.datasource.init.ScriptUtils.executeSqlScript(ScriptUtils.java:622)
	at app//org.springframework.jdbc.datasource.init.ResourceDatabasePopulator.populate(ResourceDatabasePopulator.java:254)
	at app//org.springframework.jdbc.datasource.init.DatabasePopulatorUtils.execute(DatabasePopulatorUtils.java:49)
	at app//org.springframework.jdbc.datasource.init.ResourceDatabasePopulator.execute(ResourceDatabasePopulator.java:269)
	at app//org.springframework.test.context.jdbc.SqlScriptsTestExecutionListener.lambda$executeSqlScripts$4(SqlScriptsTestExecutionListener.java:263)
	at app//org.springframework.transaction.support.TransactionOperations.lambda$executeWithoutResult$0(TransactionOperations.java:68)
	at app//org.springframework.transaction.support.TransactionTemplate.execute(TransactionTemplate.java:140)
	at app//org.springframework.transaction.support.TransactionOperations.executeWithoutResult(TransactionOperations.java:67)
	at app//org.springframework.test.context.jdbc.SqlScriptsTestExecutionListener.executeSqlScripts(SqlScriptsTestExecutionListener.java:263)
	at app//org.springframework.test.context.jdbc.SqlScriptsTestExecutionListener.lambda$executeSqlScripts$0(SqlScriptsTestExecutionListener.java:185)
	at java.base@11.0.27/java.lang.Iterable.forEach(Iterable.java:75)
	at app//org.springframework.test.context.jdbc.SqlScriptsTestExecutionListener.executeSqlScripts(SqlScriptsTestExecutionListener.java:185)
	at app//org.springframework.test.context.jdbc.SqlScriptsTestExecutionListener.executeSqlScripts(SqlScriptsTestExecutionListener.java:147)
	at app//org.springframework.test.context.jdbc.SqlScriptsTestExecutionListener.beforeTestMethod(SqlScriptsTestExecutionListener.java:117)
	at app//org.springframework.test.context.TestContextManager.beforeTestMethod(TestContextManager.java:289)
	at app//org.springframework.test.context.junit4.statements.RunBeforeTestMethodCallbacks.evaluate(RunBeforeTestMethodCallbacks.java:74)
	at app//org.springframework.test.context.junit4.statements.RunAfterTestMethodCallbacks.evaluate(RunAfterTestMethodCallbacks.java:86)
	at app//org.springframework.test.context.junit4.statements.SpringRepeat.evaluate(SpringRepeat.java:84)
	at app//org.junit.runners.ParentRunner.runLeaf(ParentRunner.java:366)
	at app//org.springframework.test.context.junit4.SpringJUnit4ClassRunner.runChild(SpringJUnit4ClassRunner.java:251)
	at app//org.springframework.test.context.junit4.SpringJUnit4ClassRunner.runChild(SpringJUnit4ClassRunner.java:97)
	at app//org.junit.runners.ParentRunner$4.run(ParentRunner.java:331)
	at app//org.junit.runners.ParentRunner$1.schedule(ParentRunner.java:79)
	at app//org.junit.runners.ParentRunner.runChildren(ParentRunner.java:329)
	at app//org.junit.runners.ParentRunner.access$100(ParentRunner.java:66)
	at app//org.junit.runners.ParentRunner$2.evaluate(ParentRunner.java:293)
	at app//org.springframework.test.context.junit4.statements.RunBeforeTestClassCallbacks.evaluate(RunBeforeTestClassCallbacks.java:61)
	at app//org.springframework.test.context.junit4.statements.RunAfterTestClassCallbacks.evaluate(RunAfterTestClassCallbacks.java:70)
	at app//org.junit.runners.ParentRunner$3.evaluate(ParentRunner.java:306)
	at app//org.junit.runners.ParentRunner.run(ParentRunner.java:413)
	at app//org.springframework.test.context.junit4.SpringJUnit4ClassRunner.run(SpringJUnit4ClassRunner.java:190)
	at org.gradle.api.internal.tasks.testing.junit.JUnitTestClassExecutor.runTestClass(JUnitTestClassExecutor.java:112)
	at org.gradle.api.internal.tasks.testing.junit.JUnitTestClassExecutor.execute(JUnitTestClassExecutor.java:58)
	at org.gradle.api.internal.tasks.testing.junit.JUnitTestClassExecutor.execute(JUnitTestClassExecutor.java:40)
	at org.gradle.api.internal.tasks.testing.junit.AbstractJUnitTestClassProcessor.processTestClass(AbstractJUnitTestClassProcessor.java:54)
	at org.gradle.api.internal.tasks.testing.SuiteTestClassProcessor.processTestClass(SuiteTestClassProcessor.java:53)
	at java.base@11.0.27/jdk.internal.reflect.NativeMethodAccessorImpl.invoke0(Native Method)
	at java.base@11.0.27/jdk.internal.reflect.NativeMethodAccessorImpl.invoke(NativeMethodAccessorImpl.java:62)
	at java.base@11.0.27/jdk.internal.reflect.DelegatingMethodAccessorImpl.invoke(DelegatingMethodAccessorImpl.java:43)
	at java.base@11.0.27/java.lang.reflect.Method.invoke(Method.java:566)
	at org.gradle.internal.dispatch.ReflectionDispatch.dispatch(ReflectionDispatch.java:36)
	at org.gradle.internal.dispatch.ReflectionDispatch.dispatch(ReflectionDispatch.java:24)
	at org.gradle.internal.dispatch.ContextClassLoaderDispatch.dispatch(ContextClassLoaderDispatch.java:33)
	at org.gradle.internal.dispatch.ProxyDispatchAdapter$DispatchingInvocationHandler.invoke(ProxyDispatchAdapter.java:92)
	at com.sun.proxy.$Proxy6.processTestClass(Unknown Source)
	at org.gradle.api.internal.tasks.testing.worker.TestWorker$2.run(TestWorker.java:183)
	at org.gradle.api.internal.tasks.testing.worker.TestWorker.executeAndMaintainThreadName(TestWorker.java:132)
	at org.gradle.api.internal.tasks.testing.worker.TestWorker.execute(TestWorker.java:103)
	at org.gradle.api.internal.tasks.testing.worker.TestWorker.execute(TestWorker.java:63)
	at org.gradle.process.internal.worker.child.ActionExecutionWorker.execute(ActionExecutionWorker.java:56)
	at org.gradle.process.internal.worker.child.SystemApplicationClassLoaderWorker.call(SystemApplicationClassLoaderWorker.java:122)
	at org.gradle.process.internal.worker.child.SystemApplicationClassLoaderWorker.call(SystemApplicationClassLoaderWorker.java:72)
	at app//worker.org.gradle.process.internal.worker.GradleWorkerMain.run(GradleWorkerMain.java:69)
	at app//worker.org.gradle.process.internal.worker.GradleWorkerMain.main(GradleWorkerMain.java:74)
Caused by: org.h2.jdbc.JdbcSQLSyntaxErrorException: Syntax error in SQL statement &quot;TRUNCATE &quot;&quot;public&quot;&quot;[*].SCHEDULES, &quot;&quot;public&quot;&quot;.LESSONS, &quot;&quot;public&quot;&quot;.SEMESTER_PERIOD, &quot;&quot;public&quot;&quot;.SEMESTER_DAY, &quot;&quot;public&quot;&quot;.SEMESTERS, &quot;&quot;public&quot;&quot;.GROUPS, &quot;&quot;public&quot;&quot;.TEACHERS, &quot;&quot;public&quot;&quot;.SUBJECTS, &quot;&quot;public&quot;&quot;.PERIODS, &quot;&quot;public&quot;&quot;.ROOMS, &quot;&quot;public&quot;&quot;.ROOM_TYPES RESTART IDENTITY CASCADE&quot;; expected &quot;TABLE&quot;; SQL statement:
TRUNCATE &quot;public&quot;.schedules, &quot;public&quot;.lessons, &quot;public&quot;.semester_period, &quot;public&quot;.semester_day, &quot;public&quot;.semesters, &quot;public&quot;.groups, &quot;public&quot;.teachers, &quot;public&quot;.subjects, &quot;public&quot;.periods, &quot;public&quot;.rooms, &quot;public&quot;.room_types RESTART IDENTITY CASCADE [42001-200]
	at app//org.h2.message.DbException.getJdbcSQLException(DbException.java:453)
	at app//org.h2.message.DbException.getJdbcSQLException(DbException.java:429)
	at app//org.h2.message.DbException.getSyntaxError(DbException.java:243)
	at app//org.h2.command.Parser.getSyntaxError(Parser.java:1053)
	at app//org.h2.command.Parser.read(Parser.java:4995)
	at app//org.h2.command.Parser.parseTruncate(Parser.java:2137)
	at app//org.h2.command.Parser.parsePrepared(Parser.java:1000)
	at app//org.h2.command.Parser.parse(Parser.java:843)
	at app//org.h2.command.Parser.parse(Parser.java:819)
	at app//org.h2.command.Parser.prepareCommand(Parser.java:738)
	at app//org.h2.engine.Session.prepareLocal(Session.java:657)
	at app//org.h2.engine.Session.prepareCommand(Session.java:595)
	at app//org.h2.jdbc.JdbcConnection.prepareCommand(JdbcConnection.java:1235)
	at app//org.h2.jdbc.JdbcStatement.executeInternal(JdbcStatement.java:212)
	at app//org.h2.jdbc.JdbcStatement.execute(JdbcStatement.java:201)
	at app//com.mchange.v2.c3p0.impl.NewProxyStatement.execute(NewProxyStatement.java:75)
	at app//org.springframework.jdbc.datasource.init.ScriptUtils.executeSqlScript(ScriptUtils.java:601)
	... 53 more
</failure>
  </testcase>
  <system-out><![CDATA[[INFO ] 2025-06-26 14:47:44.500 [Test worker] o.s.t.c.w.WebTestContextBootstrapper - Loaded default TestExecutionListener class names from location [META-INF/spring.factories]: [org.springframework.security.test.context.support.WithSecurityContextTestExecutionListener, org.springframework.security.test.context.support.ReactorContextTestExecutionListener, org.springframework.test.context.web.ServletTestExecutionListener, org.springframework.test.context.support.DirtiesContextBeforeModesTestExecutionListener, org.springframework.test.context.support.DependencyInjectionTestExecutionListener, org.springframework.test.context.support.DirtiesContextTestExecutionListener, org.springframework.test.context.transaction.TransactionalTestExecutionListener, org.springframework.test.context.jdbc.SqlScriptsTestExecutionListener, org.springframework.test.context.event.EventPublishingTestExecutionListener]
[INFO ] 2025-06-26 14:47:44.500 [Test worker] o.s.t.c.w.WebTestContextBootstrapper - Using TestExecutionListeners: [org.springframework.test.context.web.ServletTestExecutionListener@2e2a6809, org.springframework.test.context.support.DirtiesContextBeforeModesTestExecutionListener@777e0d70, org.springframework.test.context.support.DependencyInjectionTestExecutionListener@636d85f2, org.springframework.test.context.support.DirtiesContextTestExecutionListener@2dac7d74, org.springframework.test.context.transaction.TransactionalTestExecutionListener@503b32e8, org.springframework.test.context.jdbc.SqlScriptsTestExecutionListener@57a9b012, org.springframework.security.test.context.support.WithSecurityContextTestExecutionListener@5864ed00, org.springframework.test.context.event.EventPublishingTestExecutionListener@166d6ca5, org.springframework.security.test.context.support.ReactorContextTestExecutionListener@1fc8a0f2]
[WARN ] 2025-06-26 14:47:44.509 [Test worker] o.s.t.c.TestContextManager - Caught exception while invoking 'beforeTestMethod' callback on TestExecutionListener [org.springframework.test.context.jdbc.SqlScriptsTestExecutionListener@57a9b012] for test method [public void com.softserve.controller.ScheduleControllerTest.returnBadRequestIfSaveScheduleWhenEvenOddIsNull() throws java.lang.Exception] and test instance [com.softserve.controller.ScheduleControllerTest@2ae7fdc5]
org.springframework.jdbc.datasource.init.ScriptStatementFailedException: Failed to execute SQL script statement #1 of class path resource [create-schedule-before.sql]: TRUNCATE "public".schedules, "public".lessons, "public".semester_period, "public".semester_day, "public".semesters, "public".groups, "public".teachers, "public".subjects, "public".periods, "public".rooms, "public".room_types RESTART IDENTITY CASCADE; nested exception is org.h2.jdbc.JdbcSQLSyntaxErrorException: Syntax error in SQL statement "TRUNCATE ""public""[*].SCHEDULES, ""public"".LESSONS, ""public"".SEMESTER_PERIOD, ""public"".SEMESTER_DAY, ""public"".SEMESTERS, ""public"".GROUPS, ""public"".TEACHERS, ""public"".SUBJECTS, ""public"".PERIODS, ""public"".ROOMS, ""public"".ROOM_TYPES RESTART IDENTITY CASCADE"; expected "TABLE"; SQL statement:
TRUNCATE "public".schedules, "public".lessons, "public".semester_period, "public".semester_day, "public".semesters, "public".groups, "public".teachers, "public".subjects, "public".periods, "public".rooms, "public".room_types RESTART IDENTITY CASCADE [42001-200]
	at org.springframework.jdbc.datasource.init.ScriptUtils.executeSqlScript(ScriptUtils.java:622) ~[spring-jdbc-5.2.4.RELEASE.jar:5.2.4.RELEASE]
	at org.springframework.jdbc.datasource.init.ResourceDatabasePopulator.populate(ResourceDatabasePopulator.java:254) ~[spring-jdbc-5.2.4.RELEASE.jar:5.2.4.RELEASE]
	at org.springframework.jdbc.datasource.init.DatabasePopulatorUtils.execute(DatabasePopulatorUtils.java:49) ~[spring-jdbc-5.2.4.RELEASE.jar:5.2.4.RELEASE]
	at org.springframework.jdbc.datasource.init.ResourceDatabasePopulator.execute(ResourceDatabasePopulator.java:269) ~[spring-jdbc-5.2.4.RELEASE.jar:5.2.4.RELEASE]
	at org.springframework.test.context.jdbc.SqlScriptsTestExecutionListener.lambda$executeSqlScripts$4(SqlScriptsTestExecutionListener.java:263) ~[spring-test-5.2.5.RELEASE.jar:5.2.5.RELEASE]
	at org.springframework.transaction.support.TransactionOperations.lambda$executeWithoutResult$0(TransactionOperations.java:68) ~[spring-tx-5.2.4.RELEASE.jar:5.2.4.RELEASE]
	at org.springframework.transaction.support.TransactionTemplate.execute(TransactionTemplate.java:140) ~[spring-tx-5.2.4.RELEASE.jar:5.2.4.RELEASE]
	at org.springframework.transaction.support.TransactionOperations.executeWithoutResult(TransactionOperations.java:67) ~[spring-tx-5.2.4.RELEASE.jar:5.2.4.RELEASE]
	at org.springframework.test.context.jdbc.SqlScriptsTestExecutionListener.executeSqlScripts(SqlScriptsTestExecutionListener.java:263) ~[spring-test-5.2.5.RELEASE.jar:5.2.5.RELEASE]
	at org.springframework.test.context.jdbc.SqlScriptsTestExecutionListener.lambda$executeSqlScripts$0(SqlScriptsTestExecutionListener.java:185) ~[spring-test-5.2.5.RELEASE.jar:5.2.5.RELEASE]
	at java.base/java.lang.Iterable.forEach(Iterable.java:75) ~[na:na]
	at org.springframework.test.context.jdbc.SqlScriptsTestExecutionListener.executeSqlScripts(SqlScriptsTestExecutionListener.java:185) ~[spring-test-5.2.5.RELEASE.jar:5.2.5.RELEASE]
	at org.springframework.test.context.jdbc.SqlScriptsTestExecutionListener.executeSqlScripts(SqlScriptsTestExecutionListener.java:147) ~[spring-test-5.2.5.RELEASE.jar:5.2.5.RELEASE]
	at org.springframework.test.context.jdbc.SqlScriptsTestExecutionListener.beforeTestMethod(SqlScriptsTestExecutionListener.java:117) ~[spring-test-5.2.5.RELEASE.jar:5.2.5.RELEASE]
	at org.springframework.test.context.TestContextManager.beforeTestMethod(TestContextManager.java:289) ~[spring-test-5.2.5.RELEASE.jar:5.2.5.RELEASE]
	at org.springframework.test.context.junit4.statements.RunBeforeTestMethodCallbacks.evaluate(RunBeforeTestMethodCallbacks.java:74) ~[spring-test-5.2.5.RELEASE.jar:5.2.5.RELEASE]
	at org.springframework.test.context.junit4.statements.RunAfterTestMethodCallbacks.evaluate(RunAfterTestMethodCallbacks.java:86) ~[spring-test-5.2.5.RELEASE.jar:5.2.5.RELEASE]
	at org.springframework.test.context.junit4.statements.SpringRepeat.evaluate(SpringRepeat.java:84) ~[spring-test-5.2.5.RELEASE.jar:5.2.5.RELEASE]
	at org.junit.runners.ParentRunner.runLeaf(ParentRunner.java:366) ~[junit-4.13.1.jar:4.13.1]
	at org.springframework.test.context.junit4.SpringJUnit4ClassRunner.runChild(SpringJUnit4ClassRunner.java:251) ~[spring-test-5.2.5.RELEASE.jar:5.2.5.RELEASE]
	at org.springframework.test.context.junit4.SpringJUnit4ClassRunner.runChild(SpringJUnit4ClassRunner.java:97) ~[spring-test-5.2.5.RELEASE.jar:5.2.5.RELEASE]
	at org.junit.runners.ParentRunner$4.run(ParentRunner.java:331) ~[junit-4.13.1.jar:4.13.1]
	at org.junit.runners.ParentRunner$1.schedule(ParentRunner.java:79) ~[junit-4.13.1.jar:4.13.1]
	at org.junit.runners.ParentRunner.runChildren(ParentRunner.java:329) ~[junit-4.13.1.jar:4.13.1]
	at org.junit.runners.ParentRunner.access$100(ParentRunner.java:66) ~[junit-4.13.1.jar:4.13.1]
	at org.junit.runners.ParentRunner$2.evaluate(ParentRunner.java:293) ~[junit-4.13.1.jar:4.13.1]
	at org.springframework.test.context.junit4.statements.RunBeforeTestClassCallbacks.evaluate(RunBeforeTestClassCallbacks.java:61) ~[spring-test-5.2.5.RELEASE.jar:5.2.5.RELEASE]
	at org.springframework.test.context.junit4.statements.RunAfterTestClassCallbacks.evaluate(RunAfterTestClassCallbacks.java:70) ~[spring-test-5.2.5.RELEASE.jar:5.2.5.RELEASE]
	at org.junit.runners.ParentRunner$3.evaluate(ParentRunner.java:306) ~[junit-4.13.1.jar:4.13.1]
	at org.junit.runners.ParentRunner.run(ParentRunner.java:413) ~[junit-4.13.1.jar:4.13.1]
	at org.springframework.test.context.junit4.SpringJUnit4ClassRunner.run(SpringJUnit4ClassRunner.java:190) ~[spring-test-5.2.5.RELEASE.jar:5.2.5.RELEASE]
	at org.gradle.api.internal.tasks.testing.junit.JUnitTestClassExecutor.runTestClass(JUnitTestClassExecutor.java:112) ~[na:na]
	at org.gradle.api.internal.tasks.testing.junit.JUnitTestClassExecutor.execute(JUnitTestClassExecutor.java:58) ~[na:na]
	at org.gradle.api.internal.tasks.testing.junit.JUnitTestClassExecutor.execute(JUnitTestClassExecutor.java:40) ~[na:na]
	at org.gradle.api.internal.tasks.testing.junit.AbstractJUnitTestClassProcessor.processTestClass(AbstractJUnitTestClassProcessor.java:54) ~[na:na]
	at org.gradle.api.internal.tasks.testing.SuiteTestClassProcessor.processTestClass(SuiteTestClassProcessor.java:53) ~[na:na]
	at java.base/jdk.internal.reflect.NativeMethodAccessorImpl.invoke0(Native Method) ~[na:na]
	at java.base/jdk.internal.reflect.NativeMethodAccessorImpl.invoke(NativeMethodAccessorImpl.java:62) ~[na:na]
	at java.base/jdk.internal.reflect.DelegatingMethodAccessorImpl.invoke(DelegatingMethodAccessorImpl.java:43) ~[na:na]
	at java.base/java.lang.reflect.Method.invoke(Method.java:566) ~[na:na]
	at org.gradle.internal.dispatch.ReflectionDispatch.dispatch(ReflectionDispatch.java:36) ~[na:na]
	at org.gradle.internal.dispatch.ReflectionDispatch.dispatch(ReflectionDispatch.java:24) ~[na:na]
	at org.gradle.internal.dispatch.ContextClassLoaderDispatch.dispatch(ContextClassLoaderDispatch.java:33) ~[na:na]
	at org.gradle.internal.dispatch.ProxyDispatchAdapter$DispatchingInvocationHandler.invoke(ProxyDispatchAdapter.java:92) ~[na:na]
	at com.sun.proxy.$Proxy6.processTestClass(Unknown Source) ~[na:na]
	at org.gradle.api.internal.tasks.testing.worker.TestWorker$2.run(TestWorker.java:183) ~[na:na]
	at org.gradle.api.internal.tasks.testing.worker.TestWorker.executeAndMaintainThreadName(TestWorker.java:132) ~[na:na]
	at org.gradle.api.internal.tasks.testing.worker.TestWorker.execute(TestWorker.java:103) ~[na:na]
	at org.gradle.api.internal.tasks.testing.worker.TestWorker.execute(TestWorker.java:63) ~[na:na]
	at org.gradle.process.internal.worker.child.ActionExecutionWorker.execute(ActionExecutionWorker.java:56) ~[na:na]
	at org.gradle.process.internal.worker.child.SystemApplicationClassLoaderWorker.call(SystemApplicationClassLoaderWorker.java:122) ~[na:na]
	at org.gradle.process.internal.worker.child.SystemApplicationClassLoaderWorker.call(SystemApplicationClassLoaderWorker.java:72) ~[na:na]
	at worker.org.gradle.process.internal.worker.GradleWorkerMain.run(GradleWorkerMain.java:69) ~[gradle-worker.jar:na]
	at worker.org.gradle.process.internal.worker.GradleWorkerMain.main(GradleWorkerMain.java:74) ~[gradle-worker.jar:na]
Caused by: org.h2.jdbc.JdbcSQLSyntaxErrorException: Syntax error in SQL statement "TRUNCATE ""public""[*].SCHEDULES, ""public"".LESSONS, ""public"".SEMESTER_PERIOD, ""public"".SEMESTER_DAY, ""public"".SEMESTERS, ""public"".GROUPS, ""public"".TEACHERS, ""public"".SUBJECTS, ""public"".PERIODS, ""public"".ROOMS, ""public"".ROOM_TYPES RESTART IDENTITY CASCADE"; expected "TABLE"; SQL statement:
TRUNCATE "public".schedules, "public".lessons, "public".semester_period, "public".semester_day, "public".semesters, "public".groups, "public".teachers, "public".subjects, "public".periods, "public".rooms, "public".room_types RESTART IDENTITY CASCADE [42001-200]
	at org.h2.message.DbException.getJdbcSQLException(DbException.java:453) ~[h2-1.4.200.jar:1.4.200]
	at org.h2.message.DbException.getJdbcSQLException(DbException.java:429) ~[h2-1.4.200.jar:1.4.200]
	at org.h2.message.DbException.getSyntaxError(DbException.java:243) ~[h2-1.4.200.jar:1.4.200]
	at org.h2.command.Parser.getSyntaxError(Parser.java:1053) ~[h2-1.4.200.jar:1.4.200]
	at org.h2.command.Parser.read(Parser.java:4995) ~[h2-1.4.200.jar:1.4.200]
	at org.h2.command.Parser.parseTruncate(Parser.java:2137) ~[h2-1.4.200.jar:1.4.200]
	at org.h2.command.Parser.parsePrepared(Parser.java:1000) ~[h2-1.4.200.jar:1.4.200]
	at org.h2.command.Parser.parse(Parser.java:843) ~[h2-1.4.200.jar:1.4.200]
	at org.h2.command.Parser.parse(Parser.java:819) ~[h2-1.4.200.jar:1.4.200]
	at org.h2.command.Parser.prepareCommand(Parser.java:738) ~[h2-1.4.200.jar:1.4.200]
	at org.h2.engine.Session.prepareLocal(Session.java:657) ~[h2-1.4.200.jar:1.4.200]
	at org.h2.engine.Session.prepareCommand(Session.java:595) ~[h2-1.4.200.jar:1.4.200]
	at org.h2.jdbc.JdbcConnection.prepareCommand(JdbcConnection.java:1235) ~[h2-1.4.200.jar:1.4.200]
	at org.h2.jdbc.JdbcStatement.executeInternal(JdbcStatement.java:212) ~[h2-1.4.200.jar:1.4.200]
	at org.h2.jdbc.JdbcStatement.execute(JdbcStatement.java:201) ~[h2-1.4.200.jar:1.4.200]
	at com.mchange.v2.c3p0.impl.NewProxyStatement.execute(NewProxyStatement.java:75) ~[c3p0-0.9.5.4.jar:0.9.5.4]
	at org.springframework.jdbc.datasource.init.ScriptUtils.executeSqlScript(ScriptUtils.java:601) ~[spring-jdbc-5.2.4.RELEASE.jar:5.2.4.RELEASE]
	... 53 common frames omitted
[WARN ] 2025-06-26 14:47:44.520 [Test worker] o.s.t.c.TestContextManager - Caught exception while invoking 'beforeTestMethod' callback on TestExecutionListener [org.springframework.test.context.jdbc.SqlScriptsTestExecutionListener@57a9b012] for test method [public void com.softserve.controller.ScheduleControllerTest.saveSchedule() throws java.lang.Exception] and test instance [com.softserve.controller.ScheduleControllerTest@5fef6f2d]
org.springframework.jdbc.datasource.init.ScriptStatementFailedException: Failed to execute SQL script statement #1 of class path resource [create-schedule-before.sql]: TRUNCATE "public".schedules, "public".lessons, "public".semester_period, "public".semester_day, "public".semesters, "public".groups, "public".teachers, "public".subjects, "public".periods, "public".rooms, "public".room_types RESTART IDENTITY CASCADE; nested exception is org.h2.jdbc.JdbcSQLSyntaxErrorException: Syntax error in SQL statement "TRUNCATE ""public""[*].SCHEDULES, ""public"".LESSONS, ""public"".SEMESTER_PERIOD, ""public"".SEMESTER_DAY, ""public"".SEMESTERS, ""public"".GROUPS, ""public"".TEACHERS, ""public"".SUBJECTS, ""public"".PERIODS, ""public"".ROOMS, ""public"".ROOM_TYPES RESTART IDENTITY CASCADE"; expected "TABLE"; SQL statement:
TRUNCATE "public".schedules, "public".lessons, "public".semester_period, "public".semester_day, "public".semesters, "public".groups, "public".teachers, "public".subjects, "public".periods, "public".rooms, "public".room_types RESTART IDENTITY CASCADE [42001-200]
	at org.springframework.jdbc.datasource.init.ScriptUtils.executeSqlScript(ScriptUtils.java:622) ~[spring-jdbc-5.2.4.RELEASE.jar:5.2.4.RELEASE]
	at org.springframework.jdbc.datasource.init.ResourceDatabasePopulator.populate(ResourceDatabasePopulator.java:254) ~[spring-jdbc-5.2.4.RELEASE.jar:5.2.4.RELEASE]
	at org.springframework.jdbc.datasource.init.DatabasePopulatorUtils.execute(DatabasePopulatorUtils.java:49) ~[spring-jdbc-5.2.4.RELEASE.jar:5.2.4.RELEASE]
	at org.springframework.jdbc.datasource.init.ResourceDatabasePopulator.execute(ResourceDatabasePopulator.java:269) ~[spring-jdbc-5.2.4.RELEASE.jar:5.2.4.RELEASE]
	at org.springframework.test.context.jdbc.SqlScriptsTestExecutionListener.lambda$executeSqlScripts$4(SqlScriptsTestExecutionListener.java:263) ~[spring-test-5.2.5.RELEASE.jar:5.2.5.RELEASE]
	at org.springframework.transaction.support.TransactionOperations.lambda$executeWithoutResult$0(TransactionOperations.java:68) ~[spring-tx-5.2.4.RELEASE.jar:5.2.4.RELEASE]
	at org.springframework.transaction.support.TransactionTemplate.execute(TransactionTemplate.java:140) ~[spring-tx-5.2.4.RELEASE.jar:5.2.4.RELEASE]
	at org.springframework.transaction.support.TransactionOperations.executeWithoutResult(TransactionOperations.java:67) ~[spring-tx-5.2.4.RELEASE.jar:5.2.4.RELEASE]
	at org.springframework.test.context.jdbc.SqlScriptsTestExecutionListener.executeSqlScripts(SqlScriptsTestExecutionListener.java:263) ~[spring-test-5.2.5.RELEASE.jar:5.2.5.RELEASE]
	at org.springframework.test.context.jdbc.SqlScriptsTestExecutionListener.lambda$executeSqlScripts$0(SqlScriptsTestExecutionListener.java:185) ~[spring-test-5.2.5.RELEASE.jar:5.2.5.RELEASE]
	at java.base/java.lang.Iterable.forEach(Iterable.java:75) ~[na:na]
	at org.springframework.test.context.jdbc.SqlScriptsTestExecutionListener.executeSqlScripts(SqlScriptsTestExecutionListener.java:185) ~[spring-test-5.2.5.RELEASE.jar:5.2.5.RELEASE]
	at org.springframework.test.context.jdbc.SqlScriptsTestExecutionListener.executeSqlScripts(SqlScriptsTestExecutionListener.java:147) ~[spring-test-5.2.5.RELEASE.jar:5.2.5.RELEASE]
	at org.springframework.test.context.jdbc.SqlScriptsTestExecutionListener.beforeTestMethod(SqlScriptsTestExecutionListener.java:117) ~[spring-test-5.2.5.RELEASE.jar:5.2.5.RELEASE]
	at org.springframework.test.context.TestContextManager.beforeTestMethod(TestContextManager.java:289) ~[spring-test-5.2.5.RELEASE.jar:5.2.5.RELEASE]
	at org.springframework.test.context.junit4.statements.RunBeforeTestMethodCallbacks.evaluate(RunBeforeTestMethodCallbacks.java:74) ~[spring-test-5.2.5.RELEASE.jar:5.2.5.RELEASE]
	at org.springframework.test.context.junit4.statements.RunAfterTestMethodCallbacks.evaluate(RunAfterTestMethodCallbacks.java:86) ~[spring-test-5.2.5.RELEASE.jar:5.2.5.RELEASE]
	at org.springframework.test.context.junit4.statements.SpringRepeat.evaluate(SpringRepeat.java:84) ~[spring-test-5.2.5.RELEASE.jar:5.2.5.RELEASE]
	at org.junit.runners.ParentRunner.runLeaf(ParentRunner.java:366) ~[junit-4.13.1.jar:4.13.1]
	at org.springframework.test.context.junit4.SpringJUnit4ClassRunner.runChild(SpringJUnit4ClassRunner.java:251) ~[spring-test-5.2.5.RELEASE.jar:5.2.5.RELEASE]
	at org.springframework.test.context.junit4.SpringJUnit4ClassRunner.runChild(SpringJUnit4ClassRunner.java:97) ~[spring-test-5.2.5.RELEASE.jar:5.2.5.RELEASE]
	at org.junit.runners.ParentRunner$4.run(ParentRunner.java:331) ~[junit-4.13.1.jar:4.13.1]
	at org.junit.runners.ParentRunner$1.schedule(ParentRunner.java:79) ~[junit-4.13.1.jar:4.13.1]
	at org.junit.runners.ParentRunner.runChildren(ParentRunner.java:329) ~[junit-4.13.1.jar:4.13.1]
	at org.junit.runners.ParentRunner.access$100(ParentRunner.java:66) ~[junit-4.13.1.jar:4.13.1]
	at org.junit.runners.ParentRunner$2.evaluate(ParentRunner.java:293) ~[junit-4.13.1.jar:4.13.1]
	at org.springframework.test.context.junit4.statements.RunBeforeTestClassCallbacks.evaluate(RunBeforeTestClassCallbacks.java:61) ~[spring-test-5.2.5.RELEASE.jar:5.2.5.RELEASE]
	at org.springframework.test.context.junit4.statements.RunAfterTestClassCallbacks.evaluate(RunAfterTestClassCallbacks.java:70) ~[spring-test-5.2.5.RELEASE.jar:5.2.5.RELEASE]
	at org.junit.runners.ParentRunner$3.evaluate(ParentRunner.java:306) ~[junit-4.13.1.jar:4.13.1]
	at org.junit.runners.ParentRunner.run(ParentRunner.java:413) ~[junit-4.13.1.jar:4.13.1]
	at org.springframework.test.context.junit4.SpringJUnit4ClassRunner.run(SpringJUnit4ClassRunner.java:190) ~[spring-test-5.2.5.RELEASE.jar:5.2.5.RELEASE]
	at org.gradle.api.internal.tasks.testing.junit.JUnitTestClassExecutor.runTestClass(JUnitTestClassExecutor.java:112) ~[na:na]
	at org.gradle.api.internal.tasks.testing.junit.JUnitTestClassExecutor.execute(JUnitTestClassExecutor.java:58) ~[na:na]
	at org.gradle.api.internal.tasks.testing.junit.JUnitTestClassExecutor.execute(JUnitTestClassExecutor.java:40) ~[na:na]
	at org.gradle.api.internal.tasks.testing.junit.AbstractJUnitTestClassProcessor.processTestClass(AbstractJUnitTestClassProcessor.java:54) ~[na:na]
	at org.gradle.api.internal.tasks.testing.SuiteTestClassProcessor.processTestClass(SuiteTestClassProcessor.java:53) ~[na:na]
	at java.base/jdk.internal.reflect.NativeMethodAccessorImpl.invoke0(Native Method) ~[na:na]
	at java.base/jdk.internal.reflect.NativeMethodAccessorImpl.invoke(NativeMethodAccessorImpl.java:62) ~[na:na]
	at java.base/jdk.internal.reflect.DelegatingMethodAccessorImpl.invoke(DelegatingMethodAccessorImpl.java:43) ~[na:na]
	at java.base/java.lang.reflect.Method.invoke(Method.java:566) ~[na:na]
	at org.gradle.internal.dispatch.ReflectionDispatch.dispatch(ReflectionDispatch.java:36) ~[na:na]
	at org.gradle.internal.dispatch.ReflectionDispatch.dispatch(ReflectionDispatch.java:24) ~[na:na]
	at org.gradle.internal.dispatch.ContextClassLoaderDispatch.dispatch(ContextClassLoaderDispatch.java:33) ~[na:na]
	at org.gradle.internal.dispatch.ProxyDispatchAdapter$DispatchingInvocationHandler.invoke(ProxyDispatchAdapter.java:92) ~[na:na]
	at com.sun.proxy.$Proxy6.processTestClass(Unknown Source) ~[na:na]
	at org.gradle.api.internal.tasks.testing.worker.TestWorker$2.run(TestWorker.java:183) ~[na:na]
	at org.gradle.api.internal.tasks.testing.worker.TestWorker.executeAndMaintainThreadName(TestWorker.java:132) ~[na:na]
	at org.gradle.api.internal.tasks.testing.worker.TestWorker.execute(TestWorker.java:103) ~[na:na]
	at org.gradle.api.internal.tasks.testing.worker.TestWorker.execute(TestWorker.java:63) ~[na:na]
	at org.gradle.process.internal.worker.child.ActionExecutionWorker.execute(ActionExecutionWorker.java:56) ~[na:na]
	at org.gradle.process.internal.worker.child.SystemApplicationClassLoaderWorker.call(SystemApplicationClassLoaderWorker.java:122) ~[na:na]
	at org.gradle.process.internal.worker.child.SystemApplicationClassLoaderWorker.call(SystemApplicationClassLoaderWorker.java:72) ~[na:na]
	at worker.org.gradle.process.internal.worker.GradleWorkerMain.run(GradleWorkerMain.java:69) ~[gradle-worker.jar:na]
	at worker.org.gradle.process.internal.worker.GradleWorkerMain.main(GradleWorkerMain.java:74) ~[gradle-worker.jar:na]
Caused by: org.h2.jdbc.JdbcSQLSyntaxErrorException: Syntax error in SQL statement "TRUNCATE ""public""[*].SCHEDULES, ""public"".LESSONS, ""public"".SEMESTER_PERIOD, ""public"".SEMESTER_DAY, ""public"".SEMESTERS, ""public"".GROUPS, ""public"".TEACHERS, ""public"".SUBJECTS, ""public"".PERIODS, ""public"".ROOMS, ""public"".ROOM_TYPES RESTART IDENTITY CASCADE"; expected "TABLE"; SQL statement:
TRUNCATE "public".schedules, "public".lessons, "public".semester_period, "public".semester_day, "public".semesters, "public".groups, "public".teachers, "public".subjects, "public".periods, "public".rooms, "public".room_types RESTART IDENTITY CASCADE [42001-200]
	at org.h2.message.DbException.getJdbcSQLException(DbException.java:453) ~[h2-1.4.200.jar:1.4.200]
	at org.h2.message.DbException.getJdbcSQLException(DbException.java:429) ~[h2-1.4.200.jar:1.4.200]
	at org.h2.message.DbException.getSyntaxError(DbException.java:243) ~[h2-1.4.200.jar:1.4.200]
	at org.h2.command.Parser.getSyntaxError(Parser.java:1053) ~[h2-1.4.200.jar:1.4.200]
	at org.h2.command.Parser.read(Parser.java:4995) ~[h2-1.4.200.jar:1.4.200]
	at org.h2.command.Parser.parseTruncate(Parser.java:2137) ~[h2-1.4.200.jar:1.4.200]
	at org.h2.command.Parser.parsePrepared(Parser.java:1000) ~[h2-1.4.200.jar:1.4.200]
	at org.h2.command.Parser.parse(Parser.java:843) ~[h2-1.4.200.jar:1.4.200]
	at org.h2.command.Parser.parse(Parser.java:819) ~[h2-1.4.200.jar:1.4.200]
	at org.h2.command.Parser.prepareCommand(Parser.java:738) ~[h2-1.4.200.jar:1.4.200]
	at org.h2.engine.Session.prepareLocal(Session.java:657) ~[h2-1.4.200.jar:1.4.200]
	at org.h2.engine.Session.prepareCommand(Session.java:595) ~[h2-1.4.200.jar:1.4.200]
	at org.h2.jdbc.JdbcConnection.prepareCommand(JdbcConnection.java:1235) ~[h2-1.4.200.jar:1.4.200]
	at org.h2.jdbc.JdbcStatement.executeInternal(JdbcStatement.java:212) ~[h2-1.4.200.jar:1.4.200]
	at org.h2.jdbc.JdbcStatement.execute(JdbcStatement.java:201) ~[h2-1.4.200.jar:1.4.200]
	at com.mchange.v2.c3p0.impl.NewProxyStatement.execute(NewProxyStatement.java:75) ~[c3p0-0.9.5.4.jar:0.9.5.4]
	at org.springframework.jdbc.datasource.init.ScriptUtils.executeSqlScript(ScriptUtils.java:601) ~[spring-jdbc-5.2.4.RELEASE.jar:5.2.4.RELEASE]
	... 53 common frames omitted
[WARN ] 2025-06-26 14:47:44.531 [Test worker] o.s.t.c.TestContextManager - Caught exception while invoking 'beforeTestMethod' callback on TestExecutionListener [org.springframework.test.context.jdbc.SqlScriptsTestExecutionListener@57a9b012] for test method [public void com.softserve.controller.ScheduleControllerTest.getFullScheduleForTeacher() throws java.lang.Exception] and test instance [com.softserve.controller.ScheduleControllerTest@430f4c]
org.springframework.jdbc.datasource.init.ScriptStatementFailedException: Failed to execute SQL script statement #1 of class path resource [create-schedule-before.sql]: TRUNCATE "public".schedules, "public".lessons, "public".semester_period, "public".semester_day, "public".semesters, "public".groups, "public".teachers, "public".subjects, "public".periods, "public".rooms, "public".room_types RESTART IDENTITY CASCADE; nested exception is org.h2.jdbc.JdbcSQLSyntaxErrorException: Syntax error in SQL statement "TRUNCATE ""public""[*].SCHEDULES, ""public"".LESSONS, ""public"".SEMESTER_PERIOD, ""public"".SEMESTER_DAY, ""public"".SEMESTERS, ""public"".GROUPS, ""public"".TEACHERS, ""public"".SUBJECTS, ""public"".PERIODS, ""public"".ROOMS, ""public"".ROOM_TYPES RESTART IDENTITY CASCADE"; expected "TABLE"; SQL statement:
TRUNCATE "public".schedules, "public".lessons, "public".semester_period, "public".semester_day, "public".semesters, "public".groups, "public".teachers, "public".subjects, "public".periods, "public".rooms, "public".room_types RESTART IDENTITY CASCADE [42001-200]
	at org.springframework.jdbc.datasource.init.ScriptUtils.executeSqlScript(ScriptUtils.java:622) ~[spring-jdbc-5.2.4.RELEASE.jar:5.2.4.RELEASE]
	at org.springframework.jdbc.datasource.init.ResourceDatabasePopulator.populate(ResourceDatabasePopulator.java:254) ~[spring-jdbc-5.2.4.RELEASE.jar:5.2.4.RELEASE]
	at org.springframework.jdbc.datasource.init.DatabasePopulatorUtils.execute(DatabasePopulatorUtils.java:49) ~[spring-jdbc-5.2.4.RELEASE.jar:5.2.4.RELEASE]
	at org.springframework.jdbc.datasource.init.ResourceDatabasePopulator.execute(ResourceDatabasePopulator.java:269) ~[spring-jdbc-5.2.4.RELEASE.jar:5.2.4.RELEASE]
	at org.springframework.test.context.jdbc.SqlScriptsTestExecutionListener.lambda$executeSqlScripts$4(SqlScriptsTestExecutionListener.java:263) ~[spring-test-5.2.5.RELEASE.jar:5.2.5.RELEASE]
	at org.springframework.transaction.support.TransactionOperations.lambda$executeWithoutResult$0(TransactionOperations.java:68) ~[spring-tx-5.2.4.RELEASE.jar:5.2.4.RELEASE]
	at org.springframework.transaction.support.TransactionTemplate.execute(TransactionTemplate.java:140) ~[spring-tx-5.2.4.RELEASE.jar:5.2.4.RELEASE]
	at org.springframework.transaction.support.TransactionOperations.executeWithoutResult(TransactionOperations.java:67) ~[spring-tx-5.2.4.RELEASE.jar:5.2.4.RELEASE]
	at org.springframework.test.context.jdbc.SqlScriptsTestExecutionListener.executeSqlScripts(SqlScriptsTestExecutionListener.java:263) ~[spring-test-5.2.5.RELEASE.jar:5.2.5.RELEASE]
	at org.springframework.test.context.jdbc.SqlScriptsTestExecutionListener.lambda$executeSqlScripts$0(SqlScriptsTestExecutionListener.java:185) ~[spring-test-5.2.5.RELEASE.jar:5.2.5.RELEASE]
	at java.base/java.lang.Iterable.forEach(Iterable.java:75) ~[na:na]
	at org.springframework.test.context.jdbc.SqlScriptsTestExecutionListener.executeSqlScripts(SqlScriptsTestExecutionListener.java:185) ~[spring-test-5.2.5.RELEASE.jar:5.2.5.RELEASE]
	at org.springframework.test.context.jdbc.SqlScriptsTestExecutionListener.executeSqlScripts(SqlScriptsTestExecutionListener.java:147) ~[spring-test-5.2.5.RELEASE.jar:5.2.5.RELEASE]
	at org.springframework.test.context.jdbc.SqlScriptsTestExecutionListener.beforeTestMethod(SqlScriptsTestExecutionListener.java:117) ~[spring-test-5.2.5.RELEASE.jar:5.2.5.RELEASE]
	at org.springframework.test.context.TestContextManager.beforeTestMethod(TestContextManager.java:289) ~[spring-test-5.2.5.RELEASE.jar:5.2.5.RELEASE]
	at org.springframework.test.context.junit4.statements.RunBeforeTestMethodCallbacks.evaluate(RunBeforeTestMethodCallbacks.java:74) ~[spring-test-5.2.5.RELEASE.jar:5.2.5.RELEASE]
	at org.springframework.test.context.junit4.statements.RunAfterTestMethodCallbacks.evaluate(RunAfterTestMethodCallbacks.java:86) ~[spring-test-5.2.5.RELEASE.jar:5.2.5.RELEASE]
	at org.springframework.test.context.junit4.statements.SpringRepeat.evaluate(SpringRepeat.java:84) ~[spring-test-5.2.5.RELEASE.jar:5.2.5.RELEASE]
	at org.junit.runners.ParentRunner.runLeaf(ParentRunner.java:366) ~[junit-4.13.1.jar:4.13.1]
	at org.springframework.test.context.junit4.SpringJUnit4ClassRunner.runChild(SpringJUnit4ClassRunner.java:251) ~[spring-test-5.2.5.RELEASE.jar:5.2.5.RELEASE]
	at org.springframework.test.context.junit4.SpringJUnit4ClassRunner.runChild(SpringJUnit4ClassRunner.java:97) ~[spring-test-5.2.5.RELEASE.jar:5.2.5.RELEASE]
	at org.junit.runners.ParentRunner$4.run(ParentRunner.java:331) ~[junit-4.13.1.jar:4.13.1]
	at org.junit.runners.ParentRunner$1.schedule(ParentRunner.java:79) ~[junit-4.13.1.jar:4.13.1]
	at org.junit.runners.ParentRunner.runChildren(ParentRunner.java:329) ~[junit-4.13.1.jar:4.13.1]
	at org.junit.runners.ParentRunner.access$100(ParentRunner.java:66) ~[junit-4.13.1.jar:4.13.1]
	at org.junit.runners.ParentRunner$2.evaluate(ParentRunner.java:293) ~[junit-4.13.1.jar:4.13.1]
	at org.springframework.test.context.junit4.statements.RunBeforeTestClassCallbacks.evaluate(RunBeforeTestClassCallbacks.java:61) ~[spring-test-5.2.5.RELEASE.jar:5.2.5.RELEASE]
	at org.springframework.test.context.junit4.statements.RunAfterTestClassCallbacks.evaluate(RunAfterTestClassCallbacks.java:70) ~[spring-test-5.2.5.RELEASE.jar:5.2.5.RELEASE]
	at org.junit.runners.ParentRunner$3.evaluate(ParentRunner.java:306) ~[junit-4.13.1.jar:4.13.1]
	at org.junit.runners.ParentRunner.run(ParentRunner.java:413) ~[junit-4.13.1.jar:4.13.1]
	at org.springframework.test.context.junit4.SpringJUnit4ClassRunner.run(SpringJUnit4ClassRunner.java:190) ~[spring-test-5.2.5.RELEASE.jar:5.2.5.RELEASE]
	at org.gradle.api.internal.tasks.testing.junit.JUnitTestClassExecutor.runTestClass(JUnitTestClassExecutor.java:112) ~[na:na]
	at org.gradle.api.internal.tasks.testing.junit.JUnitTestClassExecutor.execute(JUnitTestClassExecutor.java:58) ~[na:na]
	at org.gradle.api.internal.tasks.testing.junit.JUnitTestClassExecutor.execute(JUnitTestClassExecutor.java:40) ~[na:na]
	at org.gradle.api.internal.tasks.testing.junit.AbstractJUnitTestClassProcessor.processTestClass(AbstractJUnitTestClassProcessor.java:54) ~[na:na]
	at org.gradle.api.internal.tasks.testing.SuiteTestClassProcessor.processTestClass(SuiteTestClassProcessor.java:53) ~[na:na]
	at java.base/jdk.internal.reflect.NativeMethodAccessorImpl.invoke0(Native Method) ~[na:na]
	at java.base/jdk.internal.reflect.NativeMethodAccessorImpl.invoke(NativeMethodAccessorImpl.java:62) ~[na:na]
	at java.base/jdk.internal.reflect.DelegatingMethodAccessorImpl.invoke(DelegatingMethodAccessorImpl.java:43) ~[na:na]
	at java.base/java.lang.reflect.Method.invoke(Method.java:566) ~[na:na]
	at org.gradle.internal.dispatch.ReflectionDispatch.dispatch(ReflectionDispatch.java:36) ~[na:na]
	at org.gradle.internal.dispatch.ReflectionDispatch.dispatch(ReflectionDispatch.java:24) ~[na:na]
	at org.gradle.internal.dispatch.ContextClassLoaderDispatch.dispatch(ContextClassLoaderDispatch.java:33) ~[na:na]
	at org.gradle.internal.dispatch.ProxyDispatchAdapter$DispatchingInvocationHandler.invoke(ProxyDispatchAdapter.java:92) ~[na:na]
	at com.sun.proxy.$Proxy6.processTestClass(Unknown Source) ~[na:na]
	at org.gradle.api.internal.tasks.testing.worker.TestWorker$2.run(TestWorker.java:183) ~[na:na]
	at org.gradle.api.internal.tasks.testing.worker.TestWorker.executeAndMaintainThreadName(TestWorker.java:132) ~[na:na]
	at org.gradle.api.internal.tasks.testing.worker.TestWorker.execute(TestWorker.java:103) ~[na:na]
	at org.gradle.api.internal.tasks.testing.worker.TestWorker.execute(TestWorker.java:63) ~[na:na]
	at org.gradle.process.internal.worker.child.ActionExecutionWorker.execute(ActionExecutionWorker.java:56) ~[na:na]
	at org.gradle.process.internal.worker.child.SystemApplicationClassLoaderWorker.call(SystemApplicationClassLoaderWorker.java:122) ~[na:na]
	at org.gradle.process.internal.worker.child.SystemApplicationClassLoaderWorker.call(SystemApplicationClassLoaderWorker.java:72) ~[na:na]
	at worker.org.gradle.process.internal.worker.GradleWorkerMain.run(GradleWorkerMain.java:69) ~[gradle-worker.jar:na]
	at worker.org.gradle.process.internal.worker.GradleWorkerMain.main(GradleWorkerMain.java:74) ~[gradle-worker.jar:na]
Caused by: org.h2.jdbc.JdbcSQLSyntaxErrorException: Syntax error in SQL statement "TRUNCATE ""public""[*].SCHEDULES, ""public"".LESSONS, ""public"".SEMESTER_PERIOD, ""public"".SEMESTER_DAY, ""public"".SEMESTERS, ""public"".GROUPS, ""public"".TEACHERS, ""public"".SUBJECTS, ""public"".PERIODS, ""public"".ROOMS, ""public"".ROOM_TYPES RESTART IDENTITY CASCADE"; expected "TABLE"; SQL statement:
TRUNCATE "public".schedules, "public".lessons, "public".semester_period, "public".semester_day, "public".semesters, "public".groups, "public".teachers, "public".subjects, "public".periods, "public".rooms, "public".room_types RESTART IDENTITY CASCADE [42001-200]
	at org.h2.message.DbException.getJdbcSQLException(DbException.java:453) ~[h2-1.4.200.jar:1.4.200]
	at org.h2.message.DbException.getJdbcSQLException(DbException.java:429) ~[h2-1.4.200.jar:1.4.200]
	at org.h2.message.DbException.getSyntaxError(DbException.java:243) ~[h2-1.4.200.jar:1.4.200]
	at org.h2.command.Parser.getSyntaxError(Parser.java:1053) ~[h2-1.4.200.jar:1.4.200]
	at org.h2.command.Parser.read(Parser.java:4995) ~[h2-1.4.200.jar:1.4.200]
	at org.h2.command.Parser.parseTruncate(Parser.java:2137) ~[h2-1.4.200.jar:1.4.200]
	at org.h2.command.Parser.parsePrepared(Parser.java:1000) ~[h2-1.4.200.jar:1.4.200]
	at org.h2.command.Parser.parse(Parser.java:843) ~[h2-1.4.200.jar:1.4.200]
	at org.h2.command.Parser.parse(Parser.java:819) ~[h2-1.4.200.jar:1.4.200]
	at org.h2.command.Parser.prepareCommand(Parser.java:738) ~[h2-1.4.200.jar:1.4.200]
	at org.h2.engine.Session.prepareLocal(Session.java:657) ~[h2-1.4.200.jar:1.4.200]
	at org.h2.engine.Session.prepareCommand(Session.java:595) ~[h2-1.4.200.jar:1.4.200]
	at org.h2.jdbc.JdbcConnection.prepareCommand(JdbcConnection.java:1235) ~[h2-1.4.200.jar:1.4.200]
	at org.h2.jdbc.JdbcStatement.executeInternal(JdbcStatement.java:212) ~[h2-1.4.200.jar:1.4.200]
	at org.h2.jdbc.JdbcStatement.execute(JdbcStatement.java:201) ~[h2-1.4.200.jar:1.4.200]
	at com.mchange.v2.c3p0.impl.NewProxyStatement.execute(NewProxyStatement.java:75) ~[c3p0-0.9.5.4.jar:0.9.5.4]
	at org.springframework.jdbc.datasource.init.ScriptUtils.executeSqlScript(ScriptUtils.java:601) ~[spring-jdbc-5.2.4.RELEASE.jar:5.2.4.RELEASE]
	... 53 common frames omitted
[WARN ] 2025-06-26 14:47:44.541 [Test worker] o.s.t.c.TestContextManager - Caught exception while invoking 'beforeTestMethod' callback on TestExecutionListener [org.springframework.test.context.jdbc.SqlScriptsTestExecutionListener@57a9b012] for test method [public void com.softserve.controller.ScheduleControllerTest.getListOfAllSchedulesBySemesterId() throws java.lang.Exception] and test instance [com.softserve.controller.ScheduleControllerTest@5c6a3e05]
org.springframework.jdbc.datasource.init.ScriptStatementFailedException: Failed to execute SQL script statement #1 of class path resource [create-schedule-before.sql]: TRUNCATE "public".schedules, "public".lessons, "public".semester_period, "public".semester_day, "public".semesters, "public".groups, "public".teachers, "public".subjects, "public".periods, "public".rooms, "public".room_types RESTART IDENTITY CASCADE; nested exception is org.h2.jdbc.JdbcSQLSyntaxErrorException: Syntax error in SQL statement "TRUNCATE ""public""[*].SCHEDULES, ""public"".LESSONS, ""public"".SEMESTER_PERIOD, ""public"".SEMESTER_DAY, ""public"".SEMESTERS, ""public"".GROUPS, ""public"".TEACHERS, ""public"".SUBJECTS, ""public"".PERIODS, ""public"".ROOMS, ""public"".ROOM_TYPES RESTART IDENTITY CASCADE"; expected "TABLE"; SQL statement:
TRUNCATE "public".schedules, "public".lessons, "public".semester_period, "public".semester_day, "public".semesters, "public".groups, "public".teachers, "public".subjects, "public".periods, "public".rooms, "public".room_types RESTART IDENTITY CASCADE [42001-200]
	at org.springframework.jdbc.datasource.init.ScriptUtils.executeSqlScript(ScriptUtils.java:622) ~[spring-jdbc-5.2.4.RELEASE.jar:5.2.4.RELEASE]
	at org.springframework.jdbc.datasource.init.ResourceDatabasePopulator.populate(ResourceDatabasePopulator.java:254) ~[spring-jdbc-5.2.4.RELEASE.jar:5.2.4.RELEASE]
	at org.springframework.jdbc.datasource.init.DatabasePopulatorUtils.execute(DatabasePopulatorUtils.java:49) ~[spring-jdbc-5.2.4.RELEASE.jar:5.2.4.RELEASE]
	at org.springframework.jdbc.datasource.init.ResourceDatabasePopulator.execute(ResourceDatabasePopulator.java:269) ~[spring-jdbc-5.2.4.RELEASE.jar:5.2.4.RELEASE]
	at org.springframework.test.context.jdbc.SqlScriptsTestExecutionListener.lambda$executeSqlScripts$4(SqlScriptsTestExecutionListener.java:263) ~[spring-test-5.2.5.RELEASE.jar:5.2.5.RELEASE]
	at org.springframework.transaction.support.TransactionOperations.lambda$executeWithoutResult$0(TransactionOperations.java:68) ~[spring-tx-5.2.4.RELEASE.jar:5.2.4.RELEASE]
	at org.springframework.transaction.support.TransactionTemplate.execute(TransactionTemplate.java:140) ~[spring-tx-5.2.4.RELEASE.jar:5.2.4.RELEASE]
	at org.springframework.transaction.support.TransactionOperations.executeWithoutResult(TransactionOperations.java:67) ~[spring-tx-5.2.4.RELEASE.jar:5.2.4.RELEASE]
	at org.springframework.test.context.jdbc.SqlScriptsTestExecutionListener.executeSqlScripts(SqlScriptsTestExecutionListener.java:263) ~[spring-test-5.2.5.RELEASE.jar:5.2.5.RELEASE]
	at org.springframework.test.context.jdbc.SqlScriptsTestExecutionListener.lambda$executeSqlScripts$0(SqlScriptsTestExecutionListener.java:185) ~[spring-test-5.2.5.RELEASE.jar:5.2.5.RELEASE]
	at java.base/java.lang.Iterable.forEach(Iterable.java:75) ~[na:na]
	at org.springframework.test.context.jdbc.SqlScriptsTestExecutionListener.executeSqlScripts(SqlScriptsTestExecutionListener.java:185) ~[spring-test-5.2.5.RELEASE.jar:5.2.5.RELEASE]
	at org.springframework.test.context.jdbc.SqlScriptsTestExecutionListener.executeSqlScripts(SqlScriptsTestExecutionListener.java:147) ~[spring-test-5.2.5.RELEASE.jar:5.2.5.RELEASE]
	at org.springframework.test.context.jdbc.SqlScriptsTestExecutionListener.beforeTestMethod(SqlScriptsTestExecutionListener.java:117) ~[spring-test-5.2.5.RELEASE.jar:5.2.5.RELEASE]
	at org.springframework.test.context.TestContextManager.beforeTestMethod(TestContextManager.java:289) ~[spring-test-5.2.5.RELEASE.jar:5.2.5.RELEASE]
	at org.springframework.test.context.junit4.statements.RunBeforeTestMethodCallbacks.evaluate(RunBeforeTestMethodCallbacks.java:74) ~[spring-test-5.2.5.RELEASE.jar:5.2.5.RELEASE]
	at org.springframework.test.context.junit4.statements.RunAfterTestMethodCallbacks.evaluate(RunAfterTestMethodCallbacks.java:86) ~[spring-test-5.2.5.RELEASE.jar:5.2.5.RELEASE]
	at org.springframework.test.context.junit4.statements.SpringRepeat.evaluate(SpringRepeat.java:84) ~[spring-test-5.2.5.RELEASE.jar:5.2.5.RELEASE]
	at org.junit.runners.ParentRunner.runLeaf(ParentRunner.java:366) ~[junit-4.13.1.jar:4.13.1]
	at org.springframework.test.context.junit4.SpringJUnit4ClassRunner.runChild(SpringJUnit4ClassRunner.java:251) ~[spring-test-5.2.5.RELEASE.jar:5.2.5.RELEASE]
	at org.springframework.test.context.junit4.SpringJUnit4ClassRunner.runChild(SpringJUnit4ClassRunner.java:97) ~[spring-test-5.2.5.RELEASE.jar:5.2.5.RELEASE]
	at org.junit.runners.ParentRunner$4.run(ParentRunner.java:331) ~[junit-4.13.1.jar:4.13.1]
	at org.junit.runners.ParentRunner$1.schedule(ParentRunner.java:79) ~[junit-4.13.1.jar:4.13.1]
	at org.junit.runners.ParentRunner.runChildren(ParentRunner.java:329) ~[junit-4.13.1.jar:4.13.1]
	at org.junit.runners.ParentRunner.access$100(ParentRunner.java:66) ~[junit-4.13.1.jar:4.13.1]
	at org.junit.runners.ParentRunner$2.evaluate(ParentRunner.java:293) ~[junit-4.13.1.jar:4.13.1]
	at org.springframework.test.context.junit4.statements.RunBeforeTestClassCallbacks.evaluate(RunBeforeTestClassCallbacks.java:61) ~[spring-test-5.2.5.RELEASE.jar:5.2.5.RELEASE]
	at org.springframework.test.context.junit4.statements.RunAfterTestClassCallbacks.evaluate(RunAfterTestClassCallbacks.java:70) ~[spring-test-5.2.5.RELEASE.jar:5.2.5.RELEASE]
	at org.junit.runners.ParentRunner$3.evaluate(ParentRunner.java:306) ~[junit-4.13.1.jar:4.13.1]
	at org.junit.runners.ParentRunner.run(ParentRunner.java:413) ~[junit-4.13.1.jar:4.13.1]
	at org.springframework.test.context.junit4.SpringJUnit4ClassRunner.run(SpringJUnit4ClassRunner.java:190) ~[spring-test-5.2.5.RELEASE.jar:5.2.5.RELEASE]
	at org.gradle.api.internal.tasks.testing.junit.JUnitTestClassExecutor.runTestClass(JUnitTestClassExecutor.java:112) ~[na:na]
	at org.gradle.api.internal.tasks.testing.junit.JUnitTestClassExecutor.execute(JUnitTestClassExecutor.java:58) ~[na:na]
	at org.gradle.api.internal.tasks.testing.junit.JUnitTestClassExecutor.execute(JUnitTestClassExecutor.java:40) ~[na:na]
	at org.gradle.api.internal.tasks.testing.junit.AbstractJUnitTestClassProcessor.processTestClass(AbstractJUnitTestClassProcessor.java:54) ~[na:na]
	at org.gradle.api.internal.tasks.testing.SuiteTestClassProcessor.processTestClass(SuiteTestClassProcessor.java:53) ~[na:na]
	at java.base/jdk.internal.reflect.NativeMethodAccessorImpl.invoke0(Native Method) ~[na:na]
	at java.base/jdk.internal.reflect.NativeMethodAccessorImpl.invoke(NativeMethodAccessorImpl.java:62) ~[na:na]
	at java.base/jdk.internal.reflect.DelegatingMethodAccessorImpl.invoke(DelegatingMethodAccessorImpl.java:43) ~[na:na]
	at java.base/java.lang.reflect.Method.invoke(Method.java:566) ~[na:na]
	at org.gradle.internal.dispatch.ReflectionDispatch.dispatch(ReflectionDispatch.java:36) ~[na:na]
	at org.gradle.internal.dispatch.ReflectionDispatch.dispatch(ReflectionDispatch.java:24) ~[na:na]
	at org.gradle.internal.dispatch.ContextClassLoaderDispatch.dispatch(ContextClassLoaderDispatch.java:33) ~[na:na]
	at org.gradle.internal.dispatch.ProxyDispatchAdapter$DispatchingInvocationHandler.invoke(ProxyDispatchAdapter.java:92) ~[na:na]
	at com.sun.proxy.$Proxy6.processTestClass(Unknown Source) ~[na:na]
	at org.gradle.api.internal.tasks.testing.worker.TestWorker$2.run(TestWorker.java:183) ~[na:na]
	at org.gradle.api.internal.tasks.testing.worker.TestWorker.executeAndMaintainThreadName(TestWorker.java:132) ~[na:na]
	at org.gradle.api.internal.tasks.testing.worker.TestWorker.execute(TestWorker.java:103) ~[na:na]
	at org.gradle.api.internal.tasks.testing.worker.TestWorker.execute(TestWorker.java:63) ~[na:na]
	at org.gradle.process.internal.worker.child.ActionExecutionWorker.execute(ActionExecutionWorker.java:56) ~[na:na]
	at org.gradle.process.internal.worker.child.SystemApplicationClassLoaderWorker.call(SystemApplicationClassLoaderWorker.java:122) ~[na:na]
	at org.gradle.process.internal.worker.child.SystemApplicationClassLoaderWorker.call(SystemApplicationClassLoaderWorker.java:72) ~[na:na]
	at worker.org.gradle.process.internal.worker.GradleWorkerMain.run(GradleWorkerMain.java:69) ~[gradle-worker.jar:na]
	at worker.org.gradle.process.internal.worker.GradleWorkerMain.main(GradleWorkerMain.java:74) ~[gradle-worker.jar:na]
Caused by: org.h2.jdbc.JdbcSQLSyntaxErrorException: Syntax error in SQL statement "TRUNCATE ""public""[*].SCHEDULES, ""public"".LESSONS, ""public"".SEMESTER_PERIOD, ""public"".SEMESTER_DAY, ""public"".SEMESTERS, ""public"".GROUPS, ""public"".TEACHERS, ""public"".SUBJECTS, ""public"".PERIODS, ""public"".ROOMS, ""public"".ROOM_TYPES RESTART IDENTITY CASCADE"; expected "TABLE"; SQL statement:
TRUNCATE "public".schedules, "public".lessons, "public".semester_period, "public".semester_day, "public".semesters, "public".groups, "public".teachers, "public".subjects, "public".periods, "public".rooms, "public".room_types RESTART IDENTITY CASCADE [42001-200]
	at org.h2.message.DbException.getJdbcSQLException(DbException.java:453) ~[h2-1.4.200.jar:1.4.200]
	at org.h2.message.DbException.getJdbcSQLException(DbException.java:429) ~[h2-1.4.200.jar:1.4.200]
	at org.h2.message.DbException.getSyntaxError(DbException.java:243) ~[h2-1.4.200.jar:1.4.200]
	at org.h2.command.Parser.getSyntaxError(Parser.java:1053) ~[h2-1.4.200.jar:1.4.200]
	at org.h2.command.Parser.read(Parser.java:4995) ~[h2-1.4.200.jar:1.4.200]
	at org.h2.command.Parser.parseTruncate(Parser.java:2137) ~[h2-1.4.200.jar:1.4.200]
	at org.h2.command.Parser.parsePrepared(Parser.java:1000) ~[h2-1.4.200.jar:1.4.200]
	at org.h2.command.Parser.parse(Parser.java:843) ~[h2-1.4.200.jar:1.4.200]
	at org.h2.command.Parser.parse(Parser.java:819) ~[h2-1.4.200.jar:1.4.200]
	at org.h2.command.Parser.prepareCommand(Parser.java:738) ~[h2-1.4.200.jar:1.4.200]
	at org.h2.engine.Session.prepareLocal(Session.java:657) ~[h2-1.4.200.jar:1.4.200]
	at org.h2.engine.Session.prepareCommand(Session.java:595) ~[h2-1.4.200.jar:1.4.200]
	at org.h2.jdbc.JdbcConnection.prepareCommand(JdbcConnection.java:1235) ~[h2-1.4.200.jar:1.4.200]
	at org.h2.jdbc.JdbcStatement.executeInternal(JdbcStatement.java:212) ~[h2-1.4.200.jar:1.4.200]
	at org.h2.jdbc.JdbcStatement.execute(JdbcStatement.java:201) ~[h2-1.4.200.jar:1.4.200]
	at com.mchange.v2.c3p0.impl.NewProxyStatement.execute(NewProxyStatement.java:75) ~[c3p0-0.9.5.4.jar:0.9.5.4]
	at org.springframework.jdbc.datasource.init.ScriptUtils.executeSqlScript(ScriptUtils.java:601) ~[spring-jdbc-5.2.4.RELEASE.jar:5.2.4.RELEASE]
	... 53 common frames omitted
[WARN ] 2025-06-26 14:47:44.550 [Test worker] o.s.t.c.TestContextManager - Caught exception while invoking 'beforeTestMethod' callback on TestExecutionListener [org.springframework.test.context.jdbc.SqlScriptsTestExecutionListener@57a9b012] for test method [public void com.softserve.controller.ScheduleControllerTest.returnNotFoundIfGetFullScheduleForNotFoundedTeacher() throws java.lang.Exception] and test instance [com.softserve.controller.ScheduleControllerTest@fb5f47f]
org.springframework.jdbc.datasource.init.ScriptStatementFailedException: Failed to execute SQL script statement #1 of class path resource [create-schedule-before.sql]: TRUNCATE "public".schedules, "public".lessons, "public".semester_period, "public".semester_day, "public".semesters, "public".groups, "public".teachers, "public".subjects, "public".periods, "public".rooms, "public".room_types RESTART IDENTITY CASCADE; nested exception is org.h2.jdbc.JdbcSQLSyntaxErrorException: Syntax error in SQL statement "TRUNCATE ""public""[*].SCHEDULES, ""public"".LESSONS, ""public"".SEMESTER_PERIOD, ""public"".SEMESTER_DAY, ""public"".SEMESTERS, ""public"".GROUPS, ""public"".TEACHERS, ""public"".SUBJECTS, ""public"".PERIODS, ""public"".ROOMS, ""public"".ROOM_TYPES RESTART IDENTITY CASCADE"; expected "TABLE"; SQL statement:
TRUNCATE "public".schedules, "public".lessons, "public".semester_period, "public".semester_day, "public".semesters, "public".groups, "public".teachers, "public".subjects, "public".periods, "public".rooms, "public".room_types RESTART IDENTITY CASCADE [42001-200]
	at org.springframework.jdbc.datasource.init.ScriptUtils.executeSqlScript(ScriptUtils.java:622) ~[spring-jdbc-5.2.4.RELEASE.jar:5.2.4.RELEASE]
	at org.springframework.jdbc.datasource.init.ResourceDatabasePopulator.populate(ResourceDatabasePopulator.java:254) ~[spring-jdbc-5.2.4.RELEASE.jar:5.2.4.RELEASE]
	at org.springframework.jdbc.datasource.init.DatabasePopulatorUtils.execute(DatabasePopulatorUtils.java:49) ~[spring-jdbc-5.2.4.RELEASE.jar:5.2.4.RELEASE]
	at org.springframework.jdbc.datasource.init.ResourceDatabasePopulator.execute(ResourceDatabasePopulator.java:269) ~[spring-jdbc-5.2.4.RELEASE.jar:5.2.4.RELEASE]
	at org.springframework.test.context.jdbc.SqlScriptsTestExecutionListener.lambda$executeSqlScripts$4(SqlScriptsTestExecutionListener.java:263) ~[spring-test-5.2.5.RELEASE.jar:5.2.5.RELEASE]
	at org.springframework.transaction.support.TransactionOperations.lambda$executeWithoutResult$0(TransactionOperations.java:68) ~[spring-tx-5.2.4.RELEASE.jar:5.2.4.RELEASE]
	at org.springframework.transaction.support.TransactionTemplate.execute(TransactionTemplate.java:140) ~[spring-tx-5.2.4.RELEASE.jar:5.2.4.RELEASE]
	at org.springframework.transaction.support.TransactionOperations.executeWithoutResult(TransactionOperations.java:67) ~[spring-tx-5.2.4.RELEASE.jar:5.2.4.RELEASE]
	at org.springframework.test.context.jdbc.SqlScriptsTestExecutionListener.executeSqlScripts(SqlScriptsTestExecutionListener.java:263) ~[spring-test-5.2.5.RELEASE.jar:5.2.5.RELEASE]
	at org.springframework.test.context.jdbc.SqlScriptsTestExecutionListener.lambda$executeSqlScripts$0(SqlScriptsTestExecutionListener.java:185) ~[spring-test-5.2.5.RELEASE.jar:5.2.5.RELEASE]
	at java.base/java.lang.Iterable.forEach(Iterable.java:75) ~[na:na]
	at org.springframework.test.context.jdbc.SqlScriptsTestExecutionListener.executeSqlScripts(SqlScriptsTestExecutionListener.java:185) ~[spring-test-5.2.5.RELEASE.jar:5.2.5.RELEASE]
	at org.springframework.test.context.jdbc.SqlScriptsTestExecutionListener.executeSqlScripts(SqlScriptsTestExecutionListener.java:147) ~[spring-test-5.2.5.RELEASE.jar:5.2.5.RELEASE]
	at org.springframework.test.context.jdbc.SqlScriptsTestExecutionListener.beforeTestMethod(SqlScriptsTestExecutionListener.java:117) ~[spring-test-5.2.5.RELEASE.jar:5.2.5.RELEASE]
	at org.springframework.test.context.TestContextManager.beforeTestMethod(TestContextManager.java:289) ~[spring-test-5.2.5.RELEASE.jar:5.2.5.RELEASE]
	at org.springframework.test.context.junit4.statements.RunBeforeTestMethodCallbacks.evaluate(RunBeforeTestMethodCallbacks.java:74) ~[spring-test-5.2.5.RELEASE.jar:5.2.5.RELEASE]
	at org.springframework.test.context.junit4.statements.RunAfterTestMethodCallbacks.evaluate(RunAfterTestMethodCallbacks.java:86) ~[spring-test-5.2.5.RELEASE.jar:5.2.5.RELEASE]
	at org.springframework.test.context.junit4.statements.SpringRepeat.evaluate(SpringRepeat.java:84) ~[spring-test-5.2.5.RELEASE.jar:5.2.5.RELEASE]
	at org.junit.runners.ParentRunner.runLeaf(ParentRunner.java:366) ~[junit-4.13.1.jar:4.13.1]
	at org.springframework.test.context.junit4.SpringJUnit4ClassRunner.runChild(SpringJUnit4ClassRunner.java:251) ~[spring-test-5.2.5.RELEASE.jar:5.2.5.RELEASE]
	at org.springframework.test.context.junit4.SpringJUnit4ClassRunner.runChild(SpringJUnit4ClassRunner.java:97) ~[spring-test-5.2.5.RELEASE.jar:5.2.5.RELEASE]
	at org.junit.runners.ParentRunner$4.run(ParentRunner.java:331) ~[junit-4.13.1.jar:4.13.1]
	at org.junit.runners.ParentRunner$1.schedule(ParentRunner.java:79) ~[junit-4.13.1.jar:4.13.1]
	at org.junit.runners.ParentRunner.runChildren(ParentRunner.java:329) ~[junit-4.13.1.jar:4.13.1]
	at org.junit.runners.ParentRunner.access$100(ParentRunner.java:66) ~[junit-4.13.1.jar:4.13.1]
	at org.junit.runners.ParentRunner$2.evaluate(ParentRunner.java:293) ~[junit-4.13.1.jar:4.13.1]
	at org.springframework.test.context.junit4.statements.RunBeforeTestClassCallbacks.evaluate(RunBeforeTestClassCallbacks.java:61) ~[spring-test-5.2.5.RELEASE.jar:5.2.5.RELEASE]
	at org.springframework.test.context.junit4.statements.RunAfterTestClassCallbacks.evaluate(RunAfterTestClassCallbacks.java:70) ~[spring-test-5.2.5.RELEASE.jar:5.2.5.RELEASE]
	at org.junit.runners.ParentRunner$3.evaluate(ParentRunner.java:306) ~[junit-4.13.1.jar:4.13.1]
	at org.junit.runners.ParentRunner.run(ParentRunner.java:413) ~[junit-4.13.1.jar:4.13.1]
	at org.springframework.test.context.junit4.SpringJUnit4ClassRunner.run(SpringJUnit4ClassRunner.java:190) ~[spring-test-5.2.5.RELEASE.jar:5.2.5.RELEASE]
	at org.gradle.api.internal.tasks.testing.junit.JUnitTestClassExecutor.runTestClass(JUnitTestClassExecutor.java:112) ~[na:na]
	at org.gradle.api.internal.tasks.testing.junit.JUnitTestClassExecutor.execute(JUnitTestClassExecutor.java:58) ~[na:na]
	at org.gradle.api.internal.tasks.testing.junit.JUnitTestClassExecutor.execute(JUnitTestClassExecutor.java:40) ~[na:na]
	at org.gradle.api.internal.tasks.testing.junit.AbstractJUnitTestClassProcessor.processTestClass(AbstractJUnitTestClassProcessor.java:54) ~[na:na]
	at org.gradle.api.internal.tasks.testing.SuiteTestClassProcessor.processTestClass(SuiteTestClassProcessor.java:53) ~[na:na]
	at java.base/jdk.internal.reflect.NativeMethodAccessorImpl.invoke0(Native Method) ~[na:na]
	at java.base/jdk.internal.reflect.NativeMethodAccessorImpl.invoke(NativeMethodAccessorImpl.java:62) ~[na:na]
	at java.base/jdk.internal.reflect.DelegatingMethodAccessorImpl.invoke(DelegatingMethodAccessorImpl.java:43) ~[na:na]
	at java.base/java.lang.reflect.Method.invoke(Method.java:566) ~[na:na]
	at org.gradle.internal.dispatch.ReflectionDispatch.dispatch(ReflectionDispatch.java:36) ~[na:na]
	at org.gradle.internal.dispatch.ReflectionDispatch.dispatch(ReflectionDispatch.java:24) ~[na:na]
	at org.gradle.internal.dispatch.ContextClassLoaderDispatch.dispatch(ContextClassLoaderDispatch.java:33) ~[na:na]
	at org.gradle.internal.dispatch.ProxyDispatchAdapter$DispatchingInvocationHandler.invoke(ProxyDispatchAdapter.java:92) ~[na:na]
	at com.sun.proxy.$Proxy6.processTestClass(Unknown Source) ~[na:na]
	at org.gradle.api.internal.tasks.testing.worker.TestWorker$2.run(TestWorker.java:183) ~[na:na]
	at org.gradle.api.internal.tasks.testing.worker.TestWorker.executeAndMaintainThreadName(TestWorker.java:132) ~[na:na]
	at org.gradle.api.internal.tasks.testing.worker.TestWorker.execute(TestWorker.java:103) ~[na:na]
	at org.gradle.api.internal.tasks.testing.worker.TestWorker.execute(TestWorker.java:63) ~[na:na]
	at org.gradle.process.internal.worker.child.ActionExecutionWorker.execute(ActionExecutionWorker.java:56) ~[na:na]
	at org.gradle.process.internal.worker.child.SystemApplicationClassLoaderWorker.call(SystemApplicationClassLoaderWorker.java:122) ~[na:na]
	at org.gradle.process.internal.worker.child.SystemApplicationClassLoaderWorker.call(SystemApplicationClassLoaderWorker.java:72) ~[na:na]
	at worker.org.gradle.process.internal.worker.GradleWorkerMain.run(GradleWorkerMain.java:69) ~[gradle-worker.jar:na]
	at worker.org.gradle.process.internal.worker.GradleWorkerMain.main(GradleWorkerMain.java:74) ~[gradle-worker.jar:na]
Caused by: org.h2.jdbc.JdbcSQLSyntaxErrorException: Syntax error in SQL statement "TRUNCATE ""public""[*].SCHEDULES, ""public"".LESSONS, ""public"".SEMESTER_PERIOD, ""public"".SEMESTER_DAY, ""public"".SEMESTERS, ""public"".GROUPS, ""public"".TEACHERS, ""public"".SUBJECTS, ""public"".PERIODS, ""public"".ROOMS, ""public"".ROOM_TYPES RESTART IDENTITY CASCADE"; expected "TABLE"; SQL statement:
TRUNCATE "public".schedules, "public".lessons, "public".semester_period, "public".semester_day, "public".semesters, "public".groups, "public".teachers, "public".subjects, "public".periods, "public".rooms, "public".room_types RESTART IDENTITY CASCADE [42001-200]
	at org.h2.message.DbException.getJdbcSQLException(DbException.java:453) ~[h2-1.4.200.jar:1.4.200]
	at org.h2.message.DbException.getJdbcSQLException(DbException.java:429) ~[h2-1.4.200.jar:1.4.200]
	at org.h2.message.DbException.getSyntaxError(DbException.java:243) ~[h2-1.4.200.jar:1.4.200]
	at org.h2.command.Parser.getSyntaxError(Parser.java:1053) ~[h2-1.4.200.jar:1.4.200]
	at org.h2.command.Parser.read(Parser.java:4995) ~[h2-1.4.200.jar:1.4.200]
	at org.h2.command.Parser.parseTruncate(Parser.java:2137) ~[h2-1.4.200.jar:1.4.200]
	at org.h2.command.Parser.parsePrepared(Parser.java:1000) ~[h2-1.4.200.jar:1.4.200]
	at org.h2.command.Parser.parse(Parser.java:843) ~[h2-1.4.200.jar:1.4.200]
	at org.h2.command.Parser.parse(Parser.java:819) ~[h2-1.4.200.jar:1.4.200]
	at org.h2.command.Parser.prepareCommand(Parser.java:738) ~[h2-1.4.200.jar:1.4.200]
	at org.h2.engine.Session.prepareLocal(Session.java:657) ~[h2-1.4.200.jar:1.4.200]
	at org.h2.engine.Session.prepareCommand(Session.java:595) ~[h2-1.4.200.jar:1.4.200]
	at org.h2.jdbc.JdbcConnection.prepareCommand(JdbcConnection.java:1235) ~[h2-1.4.200.jar:1.4.200]
	at org.h2.jdbc.JdbcStatement.executeInternal(JdbcStatement.java:212) ~[h2-1.4.200.jar:1.4.200]
	at org.h2.jdbc.JdbcStatement.execute(JdbcStatement.java:201) ~[h2-1.4.200.jar:1.4.200]
	at com.mchange.v2.c3p0.impl.NewProxyStatement.execute(NewProxyStatement.java:75) ~[c3p0-0.9.5.4.jar:0.9.5.4]
	at org.springframework.jdbc.datasource.init.ScriptUtils.executeSqlScript(ScriptUtils.java:601) ~[spring-jdbc-5.2.4.RELEASE.jar:5.2.4.RELEASE]
	... 53 common frames omitted
[WARN ] 2025-06-26 14:47:44.560 [Test worker] o.s.t.c.TestContextManager - Caught exception while invoking 'beforeTestMethod' callback on TestExecutionListener [org.springframework.test.context.jdbc.SqlScriptsTestExecutionListener@57a9b012] for test method [public void com.softserve.controller.ScheduleControllerTest.getInfoForNoExistScheduleBySemesterIdByDayOfWeekByEvenOddByClassIdByLessonId() throws java.lang.Exception] and test instance [com.softserve.controller.ScheduleControllerTest@72851c70]
org.springframework.jdbc.datasource.init.ScriptStatementFailedException: Failed to execute SQL script statement #1 of class path resource [create-schedule-before.sql]: TRUNCATE "public".schedules, "public".lessons, "public".semester_period, "public".semester_day, "public".semesters, "public".groups, "public".teachers, "public".subjects, "public".periods, "public".rooms, "public".room_types RESTART IDENTITY CASCADE; nested exception is org.h2.jdbc.JdbcSQLSyntaxErrorException: Syntax error in SQL statement "TRUNCATE ""public""[*].SCHEDULES, ""public"".LESSONS, ""public"".SEMESTER_PERIOD, ""public"".SEMESTER_DAY, ""public"".SEMESTERS, ""public"".GROUPS, ""public"".TEACHERS, ""public"".SUBJECTS, ""public"".PERIODS, ""public"".ROOMS, ""public"".ROOM_TYPES RESTART IDENTITY CASCADE"; expected "TABLE"; SQL statement:
TRUNCATE "public".schedules, "public".lessons, "public".semester_period, "public".semester_day, "public".semesters, "public".groups, "public".teachers, "public".subjects, "public".periods, "public".rooms, "public".room_types RESTART IDENTITY CASCADE [42001-200]
	at org.springframework.jdbc.datasource.init.ScriptUtils.executeSqlScript(ScriptUtils.java:622) ~[spring-jdbc-5.2.4.RELEASE.jar:5.2.4.RELEASE]
	at org.springframework.jdbc.datasource.init.ResourceDatabasePopulator.populate(ResourceDatabasePopulator.java:254) ~[spring-jdbc-5.2.4.RELEASE.jar:5.2.4.RELEASE]
	at org.springframework.jdbc.datasource.init.DatabasePopulatorUtils.execute(DatabasePopulatorUtils.java:49) ~[spring-jdbc-5.2.4.RELEASE.jar:5.2.4.RELEASE]
	at org.springframework.jdbc.datasource.init.ResourceDatabasePopulator.execute(ResourceDatabasePopulator.java:269) ~[spring-jdbc-5.2.4.RELEASE.jar:5.2.4.RELEASE]
	at org.springframework.test.context.jdbc.SqlScriptsTestExecutionListener.lambda$executeSqlScripts$4(SqlScriptsTestExecutionListener.java:263) ~[spring-test-5.2.5.RELEASE.jar:5.2.5.RELEASE]
	at org.springframework.transaction.support.TransactionOperations.lambda$executeWithoutResult$0(TransactionOperations.java:68) ~[spring-tx-5.2.4.RELEASE.jar:5.2.4.RELEASE]
	at org.springframework.transaction.support.TransactionTemplate.execute(TransactionTemplate.java:140) ~[spring-tx-5.2.4.RELEASE.jar:5.2.4.RELEASE]
	at org.springframework.transaction.support.TransactionOperations.executeWithoutResult(TransactionOperations.java:67) ~[spring-tx-5.2.4.RELEASE.jar:5.2.4.RELEASE]
	at org.springframework.test.context.jdbc.SqlScriptsTestExecutionListener.executeSqlScripts(SqlScriptsTestExecutionListener.java:263) ~[spring-test-5.2.5.RELEASE.jar:5.2.5.RELEASE]
	at org.springframework.test.context.jdbc.SqlScriptsTestExecutionListener.lambda$executeSqlScripts$0(SqlScriptsTestExecutionListener.java:185) ~[spring-test-5.2.5.RELEASE.jar:5.2.5.RELEASE]
	at java.base/java.lang.Iterable.forEach(Iterable.java:75) ~[na:na]
	at org.springframework.test.context.jdbc.SqlScriptsTestExecutionListener.executeSqlScripts(SqlScriptsTestExecutionListener.java:185) ~[spring-test-5.2.5.RELEASE.jar:5.2.5.RELEASE]
	at org.springframework.test.context.jdbc.SqlScriptsTestExecutionListener.executeSqlScripts(SqlScriptsTestExecutionListener.java:147) ~[spring-test-5.2.5.RELEASE.jar:5.2.5.RELEASE]
	at org.springframework.test.context.jdbc.SqlScriptsTestExecutionListener.beforeTestMethod(SqlScriptsTestExecutionListener.java:117) ~[spring-test-5.2.5.RELEASE.jar:5.2.5.RELEASE]
	at org.springframework.test.context.TestContextManager.beforeTestMethod(TestContextManager.java:289) ~[spring-test-5.2.5.RELEASE.jar:5.2.5.RELEASE]
	at org.springframework.test.context.junit4.statements.RunBeforeTestMethodCallbacks.evaluate(RunBeforeTestMethodCallbacks.java:74) ~[spring-test-5.2.5.RELEASE.jar:5.2.5.RELEASE]
	at org.springframework.test.context.junit4.statements.RunAfterTestMethodCallbacks.evaluate(RunAfterTestMethodCallbacks.java:86) ~[spring-test-5.2.5.RELEASE.jar:5.2.5.RELEASE]
	at org.springframework.test.context.junit4.statements.SpringRepeat.evaluate(SpringRepeat.java:84) ~[spring-test-5.2.5.RELEASE.jar:5.2.5.RELEASE]
	at org.junit.runners.ParentRunner.runLeaf(ParentRunner.java:366) ~[junit-4.13.1.jar:4.13.1]
	at org.springframework.test.context.junit4.SpringJUnit4ClassRunner.runChild(SpringJUnit4ClassRunner.java:251) ~[spring-test-5.2.5.RELEASE.jar:5.2.5.RELEASE]
	at org.springframework.test.context.junit4.SpringJUnit4ClassRunner.runChild(SpringJUnit4ClassRunner.java:97) ~[spring-test-5.2.5.RELEASE.jar:5.2.5.RELEASE]
	at org.junit.runners.ParentRunner$4.run(ParentRunner.java:331) ~[junit-4.13.1.jar:4.13.1]
	at org.junit.runners.ParentRunner$1.schedule(ParentRunner.java:79) ~[junit-4.13.1.jar:4.13.1]
	at org.junit.runners.ParentRunner.runChildren(ParentRunner.java:329) ~[junit-4.13.1.jar:4.13.1]
	at org.junit.runners.ParentRunner.access$100(ParentRunner.java:66) ~[junit-4.13.1.jar:4.13.1]
	at org.junit.runners.ParentRunner$2.evaluate(ParentRunner.java:293) ~[junit-4.13.1.jar:4.13.1]
	at org.springframework.test.context.junit4.statements.RunBeforeTestClassCallbacks.evaluate(RunBeforeTestClassCallbacks.java:61) ~[spring-test-5.2.5.RELEASE.jar:5.2.5.RELEASE]
	at org.springframework.test.context.junit4.statements.RunAfterTestClassCallbacks.evaluate(RunAfterTestClassCallbacks.java:70) ~[spring-test-5.2.5.RELEASE.jar:5.2.5.RELEASE]
	at org.junit.runners.ParentRunner$3.evaluate(ParentRunner.java:306) ~[junit-4.13.1.jar:4.13.1]
	at org.junit.runners.ParentRunner.run(ParentRunner.java:413) ~[junit-4.13.1.jar:4.13.1]
	at org.springframework.test.context.junit4.SpringJUnit4ClassRunner.run(SpringJUnit4ClassRunner.java:190) ~[spring-test-5.2.5.RELEASE.jar:5.2.5.RELEASE]
	at org.gradle.api.internal.tasks.testing.junit.JUnitTestClassExecutor.runTestClass(JUnitTestClassExecutor.java:112) ~[na:na]
	at org.gradle.api.internal.tasks.testing.junit.JUnitTestClassExecutor.execute(JUnitTestClassExecutor.java:58) ~[na:na]
	at org.gradle.api.internal.tasks.testing.junit.JUnitTestClassExecutor.execute(JUnitTestClassExecutor.java:40) ~[na:na]
	at org.gradle.api.internal.tasks.testing.junit.AbstractJUnitTestClassProcessor.processTestClass(AbstractJUnitTestClassProcessor.java:54) ~[na:na]
	at org.gradle.api.internal.tasks.testing.SuiteTestClassProcessor.processTestClass(SuiteTestClassProcessor.java:53) ~[na:na]
	at java.base/jdk.internal.reflect.NativeMethodAccessorImpl.invoke0(Native Method) ~[na:na]
	at java.base/jdk.internal.reflect.NativeMethodAccessorImpl.invoke(NativeMethodAccessorImpl.java:62) ~[na:na]
	at java.base/jdk.internal.reflect.DelegatingMethodAccessorImpl.invoke(DelegatingMethodAccessorImpl.java:43) ~[na:na]
	at java.base/java.lang.reflect.Method.invoke(Method.java:566) ~[na:na]
	at org.gradle.internal.dispatch.ReflectionDispatch.dispatch(ReflectionDispatch.java:36) ~[na:na]
	at org.gradle.internal.dispatch.ReflectionDispatch.dispatch(ReflectionDispatch.java:24) ~[na:na]
	at org.gradle.internal.dispatch.ContextClassLoaderDispatch.dispatch(ContextClassLoaderDispatch.java:33) ~[na:na]
	at org.gradle.internal.dispatch.ProxyDispatchAdapter$DispatchingInvocationHandler.invoke(ProxyDispatchAdapter.java:92) ~[na:na]
	at com.sun.proxy.$Proxy6.processTestClass(Unknown Source) ~[na:na]
	at org.gradle.api.internal.tasks.testing.worker.TestWorker$2.run(TestWorker.java:183) ~[na:na]
	at org.gradle.api.internal.tasks.testing.worker.TestWorker.executeAndMaintainThreadName(TestWorker.java:132) ~[na:na]
	at org.gradle.api.internal.tasks.testing.worker.TestWorker.execute(TestWorker.java:103) ~[na:na]
	at org.gradle.api.internal.tasks.testing.worker.TestWorker.execute(TestWorker.java:63) ~[na:na]
	at org.gradle.process.internal.worker.child.ActionExecutionWorker.execute(ActionExecutionWorker.java:56) ~[na:na]
	at org.gradle.process.internal.worker.child.SystemApplicationClassLoaderWorker.call(SystemApplicationClassLoaderWorker.java:122) ~[na:na]
	at org.gradle.process.internal.worker.child.SystemApplicationClassLoaderWorker.call(SystemApplicationClassLoaderWorker.java:72) ~[na:na]
	at worker.org.gradle.process.internal.worker.GradleWorkerMain.run(GradleWorkerMain.java:69) ~[gradle-worker.jar:na]
	at worker.org.gradle.process.internal.worker.GradleWorkerMain.main(GradleWorkerMain.java:74) ~[gradle-worker.jar:na]
Caused by: org.h2.jdbc.JdbcSQLSyntaxErrorException: Syntax error in SQL statement "TRUNCATE ""public""[*].SCHEDULES, ""public"".LESSONS, ""public"".SEMESTER_PERIOD, ""public"".SEMESTER_DAY, ""public"".SEMESTERS, ""public"".GROUPS, ""public"".TEACHERS, ""public"".SUBJECTS, ""public"".PERIODS, ""public"".ROOMS, ""public"".ROOM_TYPES RESTART IDENTITY CASCADE"; expected "TABLE"; SQL statement:
TRUNCATE "public".schedules, "public".lessons, "public".semester_period, "public".semester_day, "public".semesters, "public".groups, "public".teachers, "public".subjects, "public".periods, "public".rooms, "public".room_types RESTART IDENTITY CASCADE [42001-200]
	at org.h2.message.DbException.getJdbcSQLException(DbException.java:453) ~[h2-1.4.200.jar:1.4.200]
	at org.h2.message.DbException.getJdbcSQLException(DbException.java:429) ~[h2-1.4.200.jar:1.4.200]
	at org.h2.message.DbException.getSyntaxError(DbException.java:243) ~[h2-1.4.200.jar:1.4.200]
	at org.h2.command.Parser.getSyntaxError(Parser.java:1053) ~[h2-1.4.200.jar:1.4.200]
	at org.h2.command.Parser.read(Parser.java:4995) ~[h2-1.4.200.jar:1.4.200]
	at org.h2.command.Parser.parseTruncate(Parser.java:2137) ~[h2-1.4.200.jar:1.4.200]
	at org.h2.command.Parser.parsePrepared(Parser.java:1000) ~[h2-1.4.200.jar:1.4.200]
	at org.h2.command.Parser.parse(Parser.java:843) ~[h2-1.4.200.jar:1.4.200]
	at org.h2.command.Parser.parse(Parser.java:819) ~[h2-1.4.200.jar:1.4.200]
	at org.h2.command.Parser.prepareCommand(Parser.java:738) ~[h2-1.4.200.jar:1.4.200]
	at org.h2.engine.Session.prepareLocal(Session.java:657) ~[h2-1.4.200.jar:1.4.200]
	at org.h2.engine.Session.prepareCommand(Session.java:595) ~[h2-1.4.200.jar:1.4.200]
	at org.h2.jdbc.JdbcConnection.prepareCommand(JdbcConnection.java:1235) ~[h2-1.4.200.jar:1.4.200]
	at org.h2.jdbc.JdbcStatement.executeInternal(JdbcStatement.java:212) ~[h2-1.4.200.jar:1.4.200]
	at org.h2.jdbc.JdbcStatement.execute(JdbcStatement.java:201) ~[h2-1.4.200.jar:1.4.200]
	at com.mchange.v2.c3p0.impl.NewProxyStatement.execute(NewProxyStatement.java:75) ~[c3p0-0.9.5.4.jar:0.9.5.4]
	at org.springframework.jdbc.datasource.init.ScriptUtils.executeSqlScript(ScriptUtils.java:601) ~[spring-jdbc-5.2.4.RELEASE.jar:5.2.4.RELEASE]
	... 53 common frames omitted
[WARN ] 2025-06-26 14:47:44.579 [Test worker] o.s.t.c.TestContextManager - Caught exception while invoking 'beforeTestMethod' callback on TestExecutionListener [org.springframework.test.context.jdbc.SqlScriptsTestExecutionListener@57a9b012] for test method [public void com.softserve.controller.ScheduleControllerTest.getListOfAllSchedules() throws java.lang.Exception] and test instance [com.softserve.controller.ScheduleControllerTest@19fe6fd0]
org.springframework.jdbc.datasource.init.ScriptStatementFailedException: Failed to execute SQL script statement #1 of class path resource [create-schedule-before.sql]: TRUNCATE "public".schedules, "public".lessons, "public".semester_period, "public".semester_day, "public".semesters, "public".groups, "public".teachers, "public".subjects, "public".periods, "public".rooms, "public".room_types RESTART IDENTITY CASCADE; nested exception is org.h2.jdbc.JdbcSQLSyntaxErrorException: Syntax error in SQL statement "TRUNCATE ""public""[*].SCHEDULES, ""public"".LESSONS, ""public"".SEMESTER_PERIOD, ""public"".SEMESTER_DAY, ""public"".SEMESTERS, ""public"".GROUPS, ""public"".TEACHERS, ""public"".SUBJECTS, ""public"".PERIODS, ""public"".ROOMS, ""public"".ROOM_TYPES RESTART IDENTITY CASCADE"; expected "TABLE"; SQL statement:
TRUNCATE "public".schedules, "public".lessons, "public".semester_period, "public".semester_day, "public".semesters, "public".groups, "public".teachers, "public".subjects, "public".periods, "public".rooms, "public".room_types RESTART IDENTITY CASCADE [42001-200]
	at org.springframework.jdbc.datasource.init.ScriptUtils.executeSqlScript(ScriptUtils.java:622) ~[spring-jdbc-5.2.4.RELEASE.jar:5.2.4.RELEASE]
	at org.springframework.jdbc.datasource.init.ResourceDatabasePopulator.populate(ResourceDatabasePopulator.java:254) ~[spring-jdbc-5.2.4.RELEASE.jar:5.2.4.RELEASE]
	at org.springframework.jdbc.datasource.init.DatabasePopulatorUtils.execute(DatabasePopulatorUtils.java:49) ~[spring-jdbc-5.2.4.RELEASE.jar:5.2.4.RELEASE]
	at org.springframework.jdbc.datasource.init.ResourceDatabasePopulator.execute(ResourceDatabasePopulator.java:269) ~[spring-jdbc-5.2.4.RELEASE.jar:5.2.4.RELEASE]
	at org.springframework.test.context.jdbc.SqlScriptsTestExecutionListener.lambda$executeSqlScripts$4(SqlScriptsTestExecutionListener.java:263) ~[spring-test-5.2.5.RELEASE.jar:5.2.5.RELEASE]
	at org.springframework.transaction.support.TransactionOperations.lambda$executeWithoutResult$0(TransactionOperations.java:68) ~[spring-tx-5.2.4.RELEASE.jar:5.2.4.RELEASE]
	at org.springframework.transaction.support.TransactionTemplate.execute(TransactionTemplate.java:140) ~[spring-tx-5.2.4.RELEASE.jar:5.2.4.RELEASE]
	at org.springframework.transaction.support.TransactionOperations.executeWithoutResult(TransactionOperations.java:67) ~[spring-tx-5.2.4.RELEASE.jar:5.2.4.RELEASE]
	at org.springframework.test.context.jdbc.SqlScriptsTestExecutionListener.executeSqlScripts(SqlScriptsTestExecutionListener.java:263) ~[spring-test-5.2.5.RELEASE.jar:5.2.5.RELEASE]
	at org.springframework.test.context.jdbc.SqlScriptsTestExecutionListener.lambda$executeSqlScripts$0(SqlScriptsTestExecutionListener.java:185) ~[spring-test-5.2.5.RELEASE.jar:5.2.5.RELEASE]
	at java.base/java.lang.Iterable.forEach(Iterable.java:75) ~[na:na]
	at org.springframework.test.context.jdbc.SqlScriptsTestExecutionListener.executeSqlScripts(SqlScriptsTestExecutionListener.java:185) ~[spring-test-5.2.5.RELEASE.jar:5.2.5.RELEASE]
	at org.springframework.test.context.jdbc.SqlScriptsTestExecutionListener.executeSqlScripts(SqlScriptsTestExecutionListener.java:147) ~[spring-test-5.2.5.RELEASE.jar:5.2.5.RELEASE]
	at org.springframework.test.context.jdbc.SqlScriptsTestExecutionListener.beforeTestMethod(SqlScriptsTestExecutionListener.java:117) ~[spring-test-5.2.5.RELEASE.jar:5.2.5.RELEASE]
	at org.springframework.test.context.TestContextManager.beforeTestMethod(TestContextManager.java:289) ~[spring-test-5.2.5.RELEASE.jar:5.2.5.RELEASE]
	at org.springframework.test.context.junit4.statements.RunBeforeTestMethodCallbacks.evaluate(RunBeforeTestMethodCallbacks.java:74) ~[spring-test-5.2.5.RELEASE.jar:5.2.5.RELEASE]
	at org.springframework.test.context.junit4.statements.RunAfterTestMethodCallbacks.evaluate(RunAfterTestMethodCallbacks.java:86) ~[spring-test-5.2.5.RELEASE.jar:5.2.5.RELEASE]
	at org.springframework.test.context.junit4.statements.SpringRepeat.evaluate(SpringRepeat.java:84) ~[spring-test-5.2.5.RELEASE.jar:5.2.5.RELEASE]
	at org.junit.runners.ParentRunner.runLeaf(ParentRunner.java:366) ~[junit-4.13.1.jar:4.13.1]
	at org.springframework.test.context.junit4.SpringJUnit4ClassRunner.runChild(SpringJUnit4ClassRunner.java:251) ~[spring-test-5.2.5.RELEASE.jar:5.2.5.RELEASE]
	at org.springframework.test.context.junit4.SpringJUnit4ClassRunner.runChild(SpringJUnit4ClassRunner.java:97) ~[spring-test-5.2.5.RELEASE.jar:5.2.5.RELEASE]
	at org.junit.runners.ParentRunner$4.run(ParentRunner.java:331) ~[junit-4.13.1.jar:4.13.1]
	at org.junit.runners.ParentRunner$1.schedule(ParentRunner.java:79) ~[junit-4.13.1.jar:4.13.1]
	at org.junit.runners.ParentRunner.runChildren(ParentRunner.java:329) ~[junit-4.13.1.jar:4.13.1]
	at org.junit.runners.ParentRunner.access$100(ParentRunner.java:66) ~[junit-4.13.1.jar:4.13.1]
	at org.junit.runners.ParentRunner$2.evaluate(ParentRunner.java:293) ~[junit-4.13.1.jar:4.13.1]
	at org.springframework.test.context.junit4.statements.RunBeforeTestClassCallbacks.evaluate(RunBeforeTestClassCallbacks.java:61) ~[spring-test-5.2.5.RELEASE.jar:5.2.5.RELEASE]
	at org.springframework.test.context.junit4.statements.RunAfterTestClassCallbacks.evaluate(RunAfterTestClassCallbacks.java:70) ~[spring-test-5.2.5.RELEASE.jar:5.2.5.RELEASE]
	at org.junit.runners.ParentRunner$3.evaluate(ParentRunner.java:306) ~[junit-4.13.1.jar:4.13.1]
	at org.junit.runners.ParentRunner.run(ParentRunner.java:413) ~[junit-4.13.1.jar:4.13.1]
	at org.springframework.test.context.junit4.SpringJUnit4ClassRunner.run(SpringJUnit4ClassRunner.java:190) ~[spring-test-5.2.5.RELEASE.jar:5.2.5.RELEASE]
	at org.gradle.api.internal.tasks.testing.junit.JUnitTestClassExecutor.runTestClass(JUnitTestClassExecutor.java:112) ~[na:na]
	at org.gradle.api.internal.tasks.testing.junit.JUnitTestClassExecutor.execute(JUnitTestClassExecutor.java:58) ~[na:na]
	at org.gradle.api.internal.tasks.testing.junit.JUnitTestClassExecutor.execute(JUnitTestClassExecutor.java:40) ~[na:na]
	at org.gradle.api.internal.tasks.testing.junit.AbstractJUnitTestClassProcessor.processTestClass(AbstractJUnitTestClassProcessor.java:54) ~[na:na]
	at org.gradle.api.internal.tasks.testing.SuiteTestClassProcessor.processTestClass(SuiteTestClassProcessor.java:53) ~[na:na]
	at java.base/jdk.internal.reflect.NativeMethodAccessorImpl.invoke0(Native Method) ~[na:na]
	at java.base/jdk.internal.reflect.NativeMethodAccessorImpl.invoke(NativeMethodAccessorImpl.java:62) ~[na:na]
	at java.base/jdk.internal.reflect.DelegatingMethodAccessorImpl.invoke(DelegatingMethodAccessorImpl.java:43) ~[na:na]
	at java.base/java.lang.reflect.Method.invoke(Method.java:566) ~[na:na]
	at org.gradle.internal.dispatch.ReflectionDispatch.dispatch(ReflectionDispatch.java:36) ~[na:na]
	at org.gradle.internal.dispatch.ReflectionDispatch.dispatch(ReflectionDispatch.java:24) ~[na:na]
	at org.gradle.internal.dispatch.ContextClassLoaderDispatch.dispatch(ContextClassLoaderDispatch.java:33) ~[na:na]
	at org.gradle.internal.dispatch.ProxyDispatchAdapter$DispatchingInvocationHandler.invoke(ProxyDispatchAdapter.java:92) ~[na:na]
	at com.sun.proxy.$Proxy6.processTestClass(Unknown Source) ~[na:na]
	at org.gradle.api.internal.tasks.testing.worker.TestWorker$2.run(TestWorker.java:183) ~[na:na]
	at org.gradle.api.internal.tasks.testing.worker.TestWorker.executeAndMaintainThreadName(TestWorker.java:132) ~[na:na]
	at org.gradle.api.internal.tasks.testing.worker.TestWorker.execute(TestWorker.java:103) ~[na:na]
	at org.gradle.api.internal.tasks.testing.worker.TestWorker.execute(TestWorker.java:63) ~[na:na]
	at org.gradle.process.internal.worker.child.ActionExecutionWorker.execute(ActionExecutionWorker.java:56) ~[na:na]
	at org.gradle.process.internal.worker.child.SystemApplicationClassLoaderWorker.call(SystemApplicationClassLoaderWorker.java:122) ~[na:na]
	at org.gradle.process.internal.worker.child.SystemApplicationClassLoaderWorker.call(SystemApplicationClassLoaderWorker.java:72) ~[na:na]
	at worker.org.gradle.process.internal.worker.GradleWorkerMain.run(GradleWorkerMain.java:69) ~[gradle-worker.jar:na]
	at worker.org.gradle.process.internal.worker.GradleWorkerMain.main(GradleWorkerMain.java:74) ~[gradle-worker.jar:na]
Caused by: org.h2.jdbc.JdbcSQLSyntaxErrorException: Syntax error in SQL statement "TRUNCATE ""public""[*].SCHEDULES, ""public"".LESSONS, ""public"".SEMESTER_PERIOD, ""public"".SEMESTER_DAY, ""public"".SEMESTERS, ""public"".GROUPS, ""public"".TEACHERS, ""public"".SUBJECTS, ""public"".PERIODS, ""public"".ROOMS, ""public"".ROOM_TYPES RESTART IDENTITY CASCADE"; expected "TABLE"; SQL statement:
TRUNCATE "public".schedules, "public".lessons, "public".semester_period, "public".semester_day, "public".semesters, "public".groups, "public".teachers, "public".subjects, "public".periods, "public".rooms, "public".room_types RESTART IDENTITY CASCADE [42001-200]
	at org.h2.message.DbException.getJdbcSQLException(DbException.java:453) ~[h2-1.4.200.jar:1.4.200]
	at org.h2.message.DbException.getJdbcSQLException(DbException.java:429) ~[h2-1.4.200.jar:1.4.200]
	at org.h2.message.DbException.getSyntaxError(DbException.java:243) ~[h2-1.4.200.jar:1.4.200]
	at org.h2.command.Parser.getSyntaxError(Parser.java:1053) ~[h2-1.4.200.jar:1.4.200]
	at org.h2.command.Parser.read(Parser.java:4995) ~[h2-1.4.200.jar:1.4.200]
	at org.h2.command.Parser.parseTruncate(Parser.java:2137) ~[h2-1.4.200.jar:1.4.200]
	at org.h2.command.Parser.parsePrepared(Parser.java:1000) ~[h2-1.4.200.jar:1.4.200]
	at org.h2.command.Parser.parse(Parser.java:843) ~[h2-1.4.200.jar:1.4.200]
	at org.h2.command.Parser.parse(Parser.java:819) ~[h2-1.4.200.jar:1.4.200]
	at org.h2.command.Parser.prepareCommand(Parser.java:738) ~[h2-1.4.200.jar:1.4.200]
	at org.h2.engine.Session.prepareLocal(Session.java:657) ~[h2-1.4.200.jar:1.4.200]
	at org.h2.engine.Session.prepareCommand(Session.java:595) ~[h2-1.4.200.jar:1.4.200]
	at org.h2.jdbc.JdbcConnection.prepareCommand(JdbcConnection.java:1235) ~[h2-1.4.200.jar:1.4.200]
	at org.h2.jdbc.JdbcStatement.executeInternal(JdbcStatement.java:212) ~[h2-1.4.200.jar:1.4.200]
	at org.h2.jdbc.JdbcStatement.execute(JdbcStatement.java:201) ~[h2-1.4.200.jar:1.4.200]
	at com.mchange.v2.c3p0.impl.NewProxyStatement.execute(NewProxyStatement.java:75) ~[c3p0-0.9.5.4.jar:0.9.5.4]
	at org.springframework.jdbc.datasource.init.ScriptUtils.executeSqlScript(ScriptUtils.java:601) ~[spring-jdbc-5.2.4.RELEASE.jar:5.2.4.RELEASE]
	... 53 common frames omitted
[WARN ] 2025-06-26 14:47:44.589 [Test worker] o.s.t.c.TestContextManager - Caught exception while invoking 'beforeTestMethod' callback on TestExecutionListener [org.springframework.test.context.jdbc.SqlScriptsTestExecutionListener@57a9b012] for test method [public void com.softserve.controller.ScheduleControllerTest.returnEmptyListOfScheduleIfGetFullScheduleForNotFoundedGroup() throws java.lang.Exception] and test instance [com.softserve.controller.ScheduleControllerTest@5bb77eec]
org.springframework.jdbc.datasource.init.ScriptStatementFailedException: Failed to execute SQL script statement #1 of class path resource [create-schedule-before.sql]: TRUNCATE "public".schedules, "public".lessons, "public".semester_period, "public".semester_day, "public".semesters, "public".groups, "public".teachers, "public".subjects, "public".periods, "public".rooms, "public".room_types RESTART IDENTITY CASCADE; nested exception is org.h2.jdbc.JdbcSQLSyntaxErrorException: Syntax error in SQL statement "TRUNCATE ""public""[*].SCHEDULES, ""public"".LESSONS, ""public"".SEMESTER_PERIOD, ""public"".SEMESTER_DAY, ""public"".SEMESTERS, ""public"".GROUPS, ""public"".TEACHERS, ""public"".SUBJECTS, ""public"".PERIODS, ""public"".ROOMS, ""public"".ROOM_TYPES RESTART IDENTITY CASCADE"; expected "TABLE"; SQL statement:
TRUNCATE "public".schedules, "public".lessons, "public".semester_period, "public".semester_day, "public".semesters, "public".groups, "public".teachers, "public".subjects, "public".periods, "public".rooms, "public".room_types RESTART IDENTITY CASCADE [42001-200]
	at org.springframework.jdbc.datasource.init.ScriptUtils.executeSqlScript(ScriptUtils.java:622) ~[spring-jdbc-5.2.4.RELEASE.jar:5.2.4.RELEASE]
	at org.springframework.jdbc.datasource.init.ResourceDatabasePopulator.populate(ResourceDatabasePopulator.java:254) ~[spring-jdbc-5.2.4.RELEASE.jar:5.2.4.RELEASE]
	at org.springframework.jdbc.datasource.init.DatabasePopulatorUtils.execute(DatabasePopulatorUtils.java:49) ~[spring-jdbc-5.2.4.RELEASE.jar:5.2.4.RELEASE]
	at org.springframework.jdbc.datasource.init.ResourceDatabasePopulator.execute(ResourceDatabasePopulator.java:269) ~[spring-jdbc-5.2.4.RELEASE.jar:5.2.4.RELEASE]
	at org.springframework.test.context.jdbc.SqlScriptsTestExecutionListener.lambda$executeSqlScripts$4(SqlScriptsTestExecutionListener.java:263) ~[spring-test-5.2.5.RELEASE.jar:5.2.5.RELEASE]
	at org.springframework.transaction.support.TransactionOperations.lambda$executeWithoutResult$0(TransactionOperations.java:68) ~[spring-tx-5.2.4.RELEASE.jar:5.2.4.RELEASE]
	at org.springframework.transaction.support.TransactionTemplate.execute(TransactionTemplate.java:140) ~[spring-tx-5.2.4.RELEASE.jar:5.2.4.RELEASE]
	at org.springframework.transaction.support.TransactionOperations.executeWithoutResult(TransactionOperations.java:67) ~[spring-tx-5.2.4.RELEASE.jar:5.2.4.RELEASE]
	at org.springframework.test.context.jdbc.SqlScriptsTestExecutionListener.executeSqlScripts(SqlScriptsTestExecutionListener.java:263) ~[spring-test-5.2.5.RELEASE.jar:5.2.5.RELEASE]
	at org.springframework.test.context.jdbc.SqlScriptsTestExecutionListener.lambda$executeSqlScripts$0(SqlScriptsTestExecutionListener.java:185) ~[spring-test-5.2.5.RELEASE.jar:5.2.5.RELEASE]
	at java.base/java.lang.Iterable.forEach(Iterable.java:75) ~[na:na]
	at org.springframework.test.context.jdbc.SqlScriptsTestExecutionListener.executeSqlScripts(SqlScriptsTestExecutionListener.java:185) ~[spring-test-5.2.5.RELEASE.jar:5.2.5.RELEASE]
	at org.springframework.test.context.jdbc.SqlScriptsTestExecutionListener.executeSqlScripts(SqlScriptsTestExecutionListener.java:147) ~[spring-test-5.2.5.RELEASE.jar:5.2.5.RELEASE]
	at org.springframework.test.context.jdbc.SqlScriptsTestExecutionListener.beforeTestMethod(SqlScriptsTestExecutionListener.java:117) ~[spring-test-5.2.5.RELEASE.jar:5.2.5.RELEASE]
	at org.springframework.test.context.TestContextManager.beforeTestMethod(TestContextManager.java:289) ~[spring-test-5.2.5.RELEASE.jar:5.2.5.RELEASE]
	at org.springframework.test.context.junit4.statements.RunBeforeTestMethodCallbacks.evaluate(RunBeforeTestMethodCallbacks.java:74) ~[spring-test-5.2.5.RELEASE.jar:5.2.5.RELEASE]
	at org.springframework.test.context.junit4.statements.RunAfterTestMethodCallbacks.evaluate(RunAfterTestMethodCallbacks.java:86) ~[spring-test-5.2.5.RELEASE.jar:5.2.5.RELEASE]
	at org.springframework.test.context.junit4.statements.SpringRepeat.evaluate(SpringRepeat.java:84) ~[spring-test-5.2.5.RELEASE.jar:5.2.5.RELEASE]
	at org.junit.runners.ParentRunner.runLeaf(ParentRunner.java:366) ~[junit-4.13.1.jar:4.13.1]
	at org.springframework.test.context.junit4.SpringJUnit4ClassRunner.runChild(SpringJUnit4ClassRunner.java:251) ~[spring-test-5.2.5.RELEASE.jar:5.2.5.RELEASE]
	at org.springframework.test.context.junit4.SpringJUnit4ClassRunner.runChild(SpringJUnit4ClassRunner.java:97) ~[spring-test-5.2.5.RELEASE.jar:5.2.5.RELEASE]
	at org.junit.runners.ParentRunner$4.run(ParentRunner.java:331) ~[junit-4.13.1.jar:4.13.1]
	at org.junit.runners.ParentRunner$1.schedule(ParentRunner.java:79) ~[junit-4.13.1.jar:4.13.1]
	at org.junit.runners.ParentRunner.runChildren(ParentRunner.java:329) ~[junit-4.13.1.jar:4.13.1]
	at org.junit.runners.ParentRunner.access$100(ParentRunner.java:66) ~[junit-4.13.1.jar:4.13.1]
	at org.junit.runners.ParentRunner$2.evaluate(ParentRunner.java:293) ~[junit-4.13.1.jar:4.13.1]
	at org.springframework.test.context.junit4.statements.RunBeforeTestClassCallbacks.evaluate(RunBeforeTestClassCallbacks.java:61) ~[spring-test-5.2.5.RELEASE.jar:5.2.5.RELEASE]
	at org.springframework.test.context.junit4.statements.RunAfterTestClassCallbacks.evaluate(RunAfterTestClassCallbacks.java:70) ~[spring-test-5.2.5.RELEASE.jar:5.2.5.RELEASE]
	at org.junit.runners.ParentRunner$3.evaluate(ParentRunner.java:306) ~[junit-4.13.1.jar:4.13.1]
	at org.junit.runners.ParentRunner.run(ParentRunner.java:413) ~[junit-4.13.1.jar:4.13.1]
	at org.springframework.test.context.junit4.SpringJUnit4ClassRunner.run(SpringJUnit4ClassRunner.java:190) ~[spring-test-5.2.5.RELEASE.jar:5.2.5.RELEASE]
	at org.gradle.api.internal.tasks.testing.junit.JUnitTestClassExecutor.runTestClass(JUnitTestClassExecutor.java:112) ~[na:na]
	at org.gradle.api.internal.tasks.testing.junit.JUnitTestClassExecutor.execute(JUnitTestClassExecutor.java:58) ~[na:na]
	at org.gradle.api.internal.tasks.testing.junit.JUnitTestClassExecutor.execute(JUnitTestClassExecutor.java:40) ~[na:na]
	at org.gradle.api.internal.tasks.testing.junit.AbstractJUnitTestClassProcessor.processTestClass(AbstractJUnitTestClassProcessor.java:54) ~[na:na]
	at org.gradle.api.internal.tasks.testing.SuiteTestClassProcessor.processTestClass(SuiteTestClassProcessor.java:53) ~[na:na]
	at java.base/jdk.internal.reflect.NativeMethodAccessorImpl.invoke0(Native Method) ~[na:na]
	at java.base/jdk.internal.reflect.NativeMethodAccessorImpl.invoke(NativeMethodAccessorImpl.java:62) ~[na:na]
	at java.base/jdk.internal.reflect.DelegatingMethodAccessorImpl.invoke(DelegatingMethodAccessorImpl.java:43) ~[na:na]
	at java.base/java.lang.reflect.Method.invoke(Method.java:566) ~[na:na]
	at org.gradle.internal.dispatch.ReflectionDispatch.dispatch(ReflectionDispatch.java:36) ~[na:na]
	at org.gradle.internal.dispatch.ReflectionDispatch.dispatch(ReflectionDispatch.java:24) ~[na:na]
	at org.gradle.internal.dispatch.ContextClassLoaderDispatch.dispatch(ContextClassLoaderDispatch.java:33) ~[na:na]
	at org.gradle.internal.dispatch.ProxyDispatchAdapter$DispatchingInvocationHandler.invoke(ProxyDispatchAdapter.java:92) ~[na:na]
	at com.sun.proxy.$Proxy6.processTestClass(Unknown Source) ~[na:na]
	at org.gradle.api.internal.tasks.testing.worker.TestWorker$2.run(TestWorker.java:183) ~[na:na]
	at org.gradle.api.internal.tasks.testing.worker.TestWorker.executeAndMaintainThreadName(TestWorker.java:132) ~[na:na]
	at org.gradle.api.internal.tasks.testing.worker.TestWorker.execute(TestWorker.java:103) ~[na:na]
	at org.gradle.api.internal.tasks.testing.worker.TestWorker.execute(TestWorker.java:63) ~[na:na]
	at org.gradle.process.internal.worker.child.ActionExecutionWorker.execute(ActionExecutionWorker.java:56) ~[na:na]
	at org.gradle.process.internal.worker.child.SystemApplicationClassLoaderWorker.call(SystemApplicationClassLoaderWorker.java:122) ~[na:na]
	at org.gradle.process.internal.worker.child.SystemApplicationClassLoaderWorker.call(SystemApplicationClassLoaderWorker.java:72) ~[na:na]
	at worker.org.gradle.process.internal.worker.GradleWorkerMain.run(GradleWorkerMain.java:69) ~[gradle-worker.jar:na]
	at worker.org.gradle.process.internal.worker.GradleWorkerMain.main(GradleWorkerMain.java:74) ~[gradle-worker.jar:na]
Caused by: org.h2.jdbc.JdbcSQLSyntaxErrorException: Syntax error in SQL statement "TRUNCATE ""public""[*].SCHEDULES, ""public"".LESSONS, ""public"".SEMESTER_PERIOD, ""public"".SEMESTER_DAY, ""public"".SEMESTERS, ""public"".GROUPS, ""public"".TEACHERS, ""public"".SUBJECTS, ""public"".PERIODS, ""public"".ROOMS, ""public"".ROOM_TYPES RESTART IDENTITY CASCADE"; expected "TABLE"; SQL statement:
TRUNCATE "public".schedules, "public".lessons, "public".semester_period, "public".semester_day, "public".semesters, "public".groups, "public".teachers, "public".subjects, "public".periods, "public".rooms, "public".room_types RESTART IDENTITY CASCADE [42001-200]
	at org.h2.message.DbException.getJdbcSQLException(DbException.java:453) ~[h2-1.4.200.jar:1.4.200]
	at org.h2.message.DbException.getJdbcSQLException(DbException.java:429) ~[h2-1.4.200.jar:1.4.200]
	at org.h2.message.DbException.getSyntaxError(DbException.java:243) ~[h2-1.4.200.jar:1.4.200]
	at org.h2.command.Parser.getSyntaxError(Parser.java:1053) ~[h2-1.4.200.jar:1.4.200]
	at org.h2.command.Parser.read(Parser.java:4995) ~[h2-1.4.200.jar:1.4.200]
	at org.h2.command.Parser.parseTruncate(Parser.java:2137) ~[h2-1.4.200.jar:1.4.200]
	at org.h2.command.Parser.parsePrepared(Parser.java:1000) ~[h2-1.4.200.jar:1.4.200]
	at org.h2.command.Parser.parse(Parser.java:843) ~[h2-1.4.200.jar:1.4.200]
	at org.h2.command.Parser.parse(Parser.java:819) ~[h2-1.4.200.jar:1.4.200]
	at org.h2.command.Parser.prepareCommand(Parser.java:738) ~[h2-1.4.200.jar:1.4.200]
	at org.h2.engine.Session.prepareLocal(Session.java:657) ~[h2-1.4.200.jar:1.4.200]
	at org.h2.engine.Session.prepareCommand(Session.java:595) ~[h2-1.4.200.jar:1.4.200]
	at org.h2.jdbc.JdbcConnection.prepareCommand(JdbcConnection.java:1235) ~[h2-1.4.200.jar:1.4.200]
	at org.h2.jdbc.JdbcStatement.executeInternal(JdbcStatement.java:212) ~[h2-1.4.200.jar:1.4.200]
	at org.h2.jdbc.JdbcStatement.execute(JdbcStatement.java:201) ~[h2-1.4.200.jar:1.4.200]
	at com.mchange.v2.c3p0.impl.NewProxyStatement.execute(NewProxyStatement.java:75) ~[c3p0-0.9.5.4.jar:0.9.5.4]
	at org.springframework.jdbc.datasource.init.ScriptUtils.executeSqlScript(ScriptUtils.java:601) ~[spring-jdbc-5.2.4.RELEASE.jar:5.2.4.RELEASE]
	... 53 common frames omitted
[WARN ] 2025-06-26 14:47:44.599 [Test worker] o.s.t.c.TestContextManager - Caught exception while invoking 'beforeTestMethod' callback on TestExecutionListener [org.springframework.test.context.jdbc.SqlScriptsTestExecutionListener@57a9b012] for test method [public void com.softserve.controller.ScheduleControllerTest.returnNotFoundIfGetFullScheduleForNotFoundedSemester() throws java.lang.Exception] and test instance [com.softserve.controller.ScheduleControllerTest@69161cec]
org.springframework.jdbc.datasource.init.ScriptStatementFailedException: Failed to execute SQL script statement #1 of class path resource [create-schedule-before.sql]: TRUNCATE "public".schedules, "public".lessons, "public".semester_period, "public".semester_day, "public".semesters, "public".groups, "public".teachers, "public".subjects, "public".periods, "public".rooms, "public".room_types RESTART IDENTITY CASCADE; nested exception is org.h2.jdbc.JdbcSQLSyntaxErrorException: Syntax error in SQL statement "TRUNCATE ""public""[*].SCHEDULES, ""public"".LESSONS, ""public"".SEMESTER_PERIOD, ""public"".SEMESTER_DAY, ""public"".SEMESTERS, ""public"".GROUPS, ""public"".TEACHERS, ""public"".SUBJECTS, ""public"".PERIODS, ""public"".ROOMS, ""public"".ROOM_TYPES RESTART IDENTITY CASCADE"; expected "TABLE"; SQL statement:
TRUNCATE "public".schedules, "public".lessons, "public".semester_period, "public".semester_day, "public".semesters, "public".groups, "public".teachers, "public".subjects, "public".periods, "public".rooms, "public".room_types RESTART IDENTITY CASCADE [42001-200]
	at org.springframework.jdbc.datasource.init.ScriptUtils.executeSqlScript(ScriptUtils.java:622) ~[spring-jdbc-5.2.4.RELEASE.jar:5.2.4.RELEASE]
	at org.springframework.jdbc.datasource.init.ResourceDatabasePopulator.populate(ResourceDatabasePopulator.java:254) ~[spring-jdbc-5.2.4.RELEASE.jar:5.2.4.RELEASE]
	at org.springframework.jdbc.datasource.init.DatabasePopulatorUtils.execute(DatabasePopulatorUtils.java:49) ~[spring-jdbc-5.2.4.RELEASE.jar:5.2.4.RELEASE]
	at org.springframework.jdbc.datasource.init.ResourceDatabasePopulator.execute(ResourceDatabasePopulator.java:269) ~[spring-jdbc-5.2.4.RELEASE.jar:5.2.4.RELEASE]
	at org.springframework.test.context.jdbc.SqlScriptsTestExecutionListener.lambda$executeSqlScripts$4(SqlScriptsTestExecutionListener.java:263) ~[spring-test-5.2.5.RELEASE.jar:5.2.5.RELEASE]
	at org.springframework.transaction.support.TransactionOperations.lambda$executeWithoutResult$0(TransactionOperations.java:68) ~[spring-tx-5.2.4.RELEASE.jar:5.2.4.RELEASE]
	at org.springframework.transaction.support.TransactionTemplate.execute(TransactionTemplate.java:140) ~[spring-tx-5.2.4.RELEASE.jar:5.2.4.RELEASE]
	at org.springframework.transaction.support.TransactionOperations.executeWithoutResult(TransactionOperations.java:67) ~[spring-tx-5.2.4.RELEASE.jar:5.2.4.RELEASE]
	at org.springframework.test.context.jdbc.SqlScriptsTestExecutionListener.executeSqlScripts(SqlScriptsTestExecutionListener.java:263) ~[spring-test-5.2.5.RELEASE.jar:5.2.5.RELEASE]
	at org.springframework.test.context.jdbc.SqlScriptsTestExecutionListener.lambda$executeSqlScripts$0(SqlScriptsTestExecutionListener.java:185) ~[spring-test-5.2.5.RELEASE.jar:5.2.5.RELEASE]
	at java.base/java.lang.Iterable.forEach(Iterable.java:75) ~[na:na]
	at org.springframework.test.context.jdbc.SqlScriptsTestExecutionListener.executeSqlScripts(SqlScriptsTestExecutionListener.java:185) ~[spring-test-5.2.5.RELEASE.jar:5.2.5.RELEASE]
	at org.springframework.test.context.jdbc.SqlScriptsTestExecutionListener.executeSqlScripts(SqlScriptsTestExecutionListener.java:147) ~[spring-test-5.2.5.RELEASE.jar:5.2.5.RELEASE]
	at org.springframework.test.context.jdbc.SqlScriptsTestExecutionListener.beforeTestMethod(SqlScriptsTestExecutionListener.java:117) ~[spring-test-5.2.5.RELEASE.jar:5.2.5.RELEASE]
	at org.springframework.test.context.TestContextManager.beforeTestMethod(TestContextManager.java:289) ~[spring-test-5.2.5.RELEASE.jar:5.2.5.RELEASE]
	at org.springframework.test.context.junit4.statements.RunBeforeTestMethodCallbacks.evaluate(RunBeforeTestMethodCallbacks.java:74) ~[spring-test-5.2.5.RELEASE.jar:5.2.5.RELEASE]
	at org.springframework.test.context.junit4.statements.RunAfterTestMethodCallbacks.evaluate(RunAfterTestMethodCallbacks.java:86) ~[spring-test-5.2.5.RELEASE.jar:5.2.5.RELEASE]
	at org.springframework.test.context.junit4.statements.SpringRepeat.evaluate(SpringRepeat.java:84) ~[spring-test-5.2.5.RELEASE.jar:5.2.5.RELEASE]
	at org.junit.runners.ParentRunner.runLeaf(ParentRunner.java:366) ~[junit-4.13.1.jar:4.13.1]
	at org.springframework.test.context.junit4.SpringJUnit4ClassRunner.runChild(SpringJUnit4ClassRunner.java:251) ~[spring-test-5.2.5.RELEASE.jar:5.2.5.RELEASE]
	at org.springframework.test.context.junit4.SpringJUnit4ClassRunner.runChild(SpringJUnit4ClassRunner.java:97) ~[spring-test-5.2.5.RELEASE.jar:5.2.5.RELEASE]
	at org.junit.runners.ParentRunner$4.run(ParentRunner.java:331) ~[junit-4.13.1.jar:4.13.1]
	at org.junit.runners.ParentRunner$1.schedule(ParentRunner.java:79) ~[junit-4.13.1.jar:4.13.1]
	at org.junit.runners.ParentRunner.runChildren(ParentRunner.java:329) ~[junit-4.13.1.jar:4.13.1]
	at org.junit.runners.ParentRunner.access$100(ParentRunner.java:66) ~[junit-4.13.1.jar:4.13.1]
	at org.junit.runners.ParentRunner$2.evaluate(ParentRunner.java:293) ~[junit-4.13.1.jar:4.13.1]
	at org.springframework.test.context.junit4.statements.RunBeforeTestClassCallbacks.evaluate(RunBeforeTestClassCallbacks.java:61) ~[spring-test-5.2.5.RELEASE.jar:5.2.5.RELEASE]
	at org.springframework.test.context.junit4.statements.RunAfterTestClassCallbacks.evaluate(RunAfterTestClassCallbacks.java:70) ~[spring-test-5.2.5.RELEASE.jar:5.2.5.RELEASE]
	at org.junit.runners.ParentRunner$3.evaluate(ParentRunner.java:306) ~[junit-4.13.1.jar:4.13.1]
	at org.junit.runners.ParentRunner.run(ParentRunner.java:413) ~[junit-4.13.1.jar:4.13.1]
	at org.springframework.test.context.junit4.SpringJUnit4ClassRunner.run(SpringJUnit4ClassRunner.java:190) ~[spring-test-5.2.5.RELEASE.jar:5.2.5.RELEASE]
	at org.gradle.api.internal.tasks.testing.junit.JUnitTestClassExecutor.runTestClass(JUnitTestClassExecutor.java:112) ~[na:na]
	at org.gradle.api.internal.tasks.testing.junit.JUnitTestClassExecutor.execute(JUnitTestClassExecutor.java:58) ~[na:na]
	at org.gradle.api.internal.tasks.testing.junit.JUnitTestClassExecutor.execute(JUnitTestClassExecutor.java:40) ~[na:na]
	at org.gradle.api.internal.tasks.testing.junit.AbstractJUnitTestClassProcessor.processTestClass(AbstractJUnitTestClassProcessor.java:54) ~[na:na]
	at org.gradle.api.internal.tasks.testing.SuiteTestClassProcessor.processTestClass(SuiteTestClassProcessor.java:53) ~[na:na]
	at java.base/jdk.internal.reflect.NativeMethodAccessorImpl.invoke0(Native Method) ~[na:na]
	at java.base/jdk.internal.reflect.NativeMethodAccessorImpl.invoke(NativeMethodAccessorImpl.java:62) ~[na:na]
	at java.base/jdk.internal.reflect.DelegatingMethodAccessorImpl.invoke(DelegatingMethodAccessorImpl.java:43) ~[na:na]
	at java.base/java.lang.reflect.Method.invoke(Method.java:566) ~[na:na]
	at org.gradle.internal.dispatch.ReflectionDispatch.dispatch(ReflectionDispatch.java:36) ~[na:na]
	at org.gradle.internal.dispatch.ReflectionDispatch.dispatch(ReflectionDispatch.java:24) ~[na:na]
	at org.gradle.internal.dispatch.ContextClassLoaderDispatch.dispatch(ContextClassLoaderDispatch.java:33) ~[na:na]
	at org.gradle.internal.dispatch.ProxyDispatchAdapter$DispatchingInvocationHandler.invoke(ProxyDispatchAdapter.java:92) ~[na:na]
	at com.sun.proxy.$Proxy6.processTestClass(Unknown Source) ~[na:na]
	at org.gradle.api.internal.tasks.testing.worker.TestWorker$2.run(TestWorker.java:183) ~[na:na]
	at org.gradle.api.internal.tasks.testing.worker.TestWorker.executeAndMaintainThreadName(TestWorker.java:132) ~[na:na]
	at org.gradle.api.internal.tasks.testing.worker.TestWorker.execute(TestWorker.java:103) ~[na:na]
	at org.gradle.api.internal.tasks.testing.worker.TestWorker.execute(TestWorker.java:63) ~[na:na]
	at org.gradle.process.internal.worker.child.ActionExecutionWorker.execute(ActionExecutionWorker.java:56) ~[na:na]
	at org.gradle.process.internal.worker.child.SystemApplicationClassLoaderWorker.call(SystemApplicationClassLoaderWorker.java:122) ~[na:na]
	at org.gradle.process.internal.worker.child.SystemApplicationClassLoaderWorker.call(SystemApplicationClassLoaderWorker.java:72) ~[na:na]
	at worker.org.gradle.process.internal.worker.GradleWorkerMain.run(GradleWorkerMain.java:69) ~[gradle-worker.jar:na]
	at worker.org.gradle.process.internal.worker.GradleWorkerMain.main(GradleWorkerMain.java:74) ~[gradle-worker.jar:na]
Caused by: org.h2.jdbc.JdbcSQLSyntaxErrorException: Syntax error in SQL statement "TRUNCATE ""public""[*].SCHEDULES, ""public"".LESSONS, ""public"".SEMESTER_PERIOD, ""public"".SEMESTER_DAY, ""public"".SEMESTERS, ""public"".GROUPS, ""public"".TEACHERS, ""public"".SUBJECTS, ""public"".PERIODS, ""public"".ROOMS, ""public"".ROOM_TYPES RESTART IDENTITY CASCADE"; expected "TABLE"; SQL statement:
TRUNCATE "public".schedules, "public".lessons, "public".semester_period, "public".semester_day, "public".semesters, "public".groups, "public".teachers, "public".subjects, "public".periods, "public".rooms, "public".room_types RESTART IDENTITY CASCADE [42001-200]
	at org.h2.message.DbException.getJdbcSQLException(DbException.java:453) ~[h2-1.4.200.jar:1.4.200]
	at org.h2.message.DbException.getJdbcSQLException(DbException.java:429) ~[h2-1.4.200.jar:1.4.200]
	at org.h2.message.DbException.getSyntaxError(DbException.java:243) ~[h2-1.4.200.jar:1.4.200]
	at org.h2.command.Parser.getSyntaxError(Parser.java:1053) ~[h2-1.4.200.jar:1.4.200]
	at org.h2.command.Parser.read(Parser.java:4995) ~[h2-1.4.200.jar:1.4.200]
	at org.h2.command.Parser.parseTruncate(Parser.java:2137) ~[h2-1.4.200.jar:1.4.200]
	at org.h2.command.Parser.parsePrepared(Parser.java:1000) ~[h2-1.4.200.jar:1.4.200]
	at org.h2.command.Parser.parse(Parser.java:843) ~[h2-1.4.200.jar:1.4.200]
	at org.h2.command.Parser.parse(Parser.java:819) ~[h2-1.4.200.jar:1.4.200]
	at org.h2.command.Parser.prepareCommand(Parser.java:738) ~[h2-1.4.200.jar:1.4.200]
	at org.h2.engine.Session.prepareLocal(Session.java:657) ~[h2-1.4.200.jar:1.4.200]
	at org.h2.engine.Session.prepareCommand(Session.java:595) ~[h2-1.4.200.jar:1.4.200]
	at org.h2.jdbc.JdbcConnection.prepareCommand(JdbcConnection.java:1235) ~[h2-1.4.200.jar:1.4.200]
	at org.h2.jdbc.JdbcStatement.executeInternal(JdbcStatement.java:212) ~[h2-1.4.200.jar:1.4.200]
	at org.h2.jdbc.JdbcStatement.execute(JdbcStatement.java:201) ~[h2-1.4.200.jar:1.4.200]
	at com.mchange.v2.c3p0.impl.NewProxyStatement.execute(NewProxyStatement.java:75) ~[c3p0-0.9.5.4.jar:0.9.5.4]
	at org.springframework.jdbc.datasource.init.ScriptUtils.executeSqlScript(ScriptUtils.java:601) ~[spring-jdbc-5.2.4.RELEASE.jar:5.2.4.RELEASE]
	... 53 common frames omitted
[WARN ] 2025-06-26 14:47:44.608 [Test worker] o.s.t.c.TestContextManager - Caught exception while invoking 'beforeTestMethod' callback on TestExecutionListener [org.springframework.test.context.jdbc.SqlScriptsTestExecutionListener@57a9b012] for test method [public void com.softserve.controller.ScheduleControllerTest.getFullScheduleForSemester() throws java.lang.Exception] and test instance [com.softserve.controller.ScheduleControllerTest@5e14efc0]
org.springframework.jdbc.datasource.init.ScriptStatementFailedException: Failed to execute SQL script statement #1 of class path resource [create-schedule-before.sql]: TRUNCATE "public".schedules, "public".lessons, "public".semester_period, "public".semester_day, "public".semesters, "public".groups, "public".teachers, "public".subjects, "public".periods, "public".rooms, "public".room_types RESTART IDENTITY CASCADE; nested exception is org.h2.jdbc.JdbcSQLSyntaxErrorException: Syntax error in SQL statement "TRUNCATE ""public""[*].SCHEDULES, ""public"".LESSONS, ""public"".SEMESTER_PERIOD, ""public"".SEMESTER_DAY, ""public"".SEMESTERS, ""public"".GROUPS, ""public"".TEACHERS, ""public"".SUBJECTS, ""public"".PERIODS, ""public"".ROOMS, ""public"".ROOM_TYPES RESTART IDENTITY CASCADE"; expected "TABLE"; SQL statement:
TRUNCATE "public".schedules, "public".lessons, "public".semester_period, "public".semester_day, "public".semesters, "public".groups, "public".teachers, "public".subjects, "public".periods, "public".rooms, "public".room_types RESTART IDENTITY CASCADE [42001-200]
	at org.springframework.jdbc.datasource.init.ScriptUtils.executeSqlScript(ScriptUtils.java:622) ~[spring-jdbc-5.2.4.RELEASE.jar:5.2.4.RELEASE]
	at org.springframework.jdbc.datasource.init.ResourceDatabasePopulator.populate(ResourceDatabasePopulator.java:254) ~[spring-jdbc-5.2.4.RELEASE.jar:5.2.4.RELEASE]
	at org.springframework.jdbc.datasource.init.DatabasePopulatorUtils.execute(DatabasePopulatorUtils.java:49) ~[spring-jdbc-5.2.4.RELEASE.jar:5.2.4.RELEASE]
	at org.springframework.jdbc.datasource.init.ResourceDatabasePopulator.execute(ResourceDatabasePopulator.java:269) ~[spring-jdbc-5.2.4.RELEASE.jar:5.2.4.RELEASE]
	at org.springframework.test.context.jdbc.SqlScriptsTestExecutionListener.lambda$executeSqlScripts$4(SqlScriptsTestExecutionListener.java:263) ~[spring-test-5.2.5.RELEASE.jar:5.2.5.RELEASE]
	at org.springframework.transaction.support.TransactionOperations.lambda$executeWithoutResult$0(TransactionOperations.java:68) ~[spring-tx-5.2.4.RELEASE.jar:5.2.4.RELEASE]
	at org.springframework.transaction.support.TransactionTemplate.execute(TransactionTemplate.java:140) ~[spring-tx-5.2.4.RELEASE.jar:5.2.4.RELEASE]
	at org.springframework.transaction.support.TransactionOperations.executeWithoutResult(TransactionOperations.java:67) ~[spring-tx-5.2.4.RELEASE.jar:5.2.4.RELEASE]
	at org.springframework.test.context.jdbc.SqlScriptsTestExecutionListener.executeSqlScripts(SqlScriptsTestExecutionListener.java:263) ~[spring-test-5.2.5.RELEASE.jar:5.2.5.RELEASE]
	at org.springframework.test.context.jdbc.SqlScriptsTestExecutionListener.lambda$executeSqlScripts$0(SqlScriptsTestExecutionListener.java:185) ~[spring-test-5.2.5.RELEASE.jar:5.2.5.RELEASE]
	at java.base/java.lang.Iterable.forEach(Iterable.java:75) ~[na:na]
	at org.springframework.test.context.jdbc.SqlScriptsTestExecutionListener.executeSqlScripts(SqlScriptsTestExecutionListener.java:185) ~[spring-test-5.2.5.RELEASE.jar:5.2.5.RELEASE]
	at org.springframework.test.context.jdbc.SqlScriptsTestExecutionListener.executeSqlScripts(SqlScriptsTestExecutionListener.java:147) ~[spring-test-5.2.5.RELEASE.jar:5.2.5.RELEASE]
	at org.springframework.test.context.jdbc.SqlScriptsTestExecutionListener.beforeTestMethod(SqlScriptsTestExecutionListener.java:117) ~[spring-test-5.2.5.RELEASE.jar:5.2.5.RELEASE]
	at org.springframework.test.context.TestContextManager.beforeTestMethod(TestContextManager.java:289) ~[spring-test-5.2.5.RELEASE.jar:5.2.5.RELEASE]
	at org.springframework.test.context.junit4.statements.RunBeforeTestMethodCallbacks.evaluate(RunBeforeTestMethodCallbacks.java:74) ~[spring-test-5.2.5.RELEASE.jar:5.2.5.RELEASE]
	at org.springframework.test.context.junit4.statements.RunAfterTestMethodCallbacks.evaluate(RunAfterTestMethodCallbacks.java:86) ~[spring-test-5.2.5.RELEASE.jar:5.2.5.RELEASE]
	at org.springframework.test.context.junit4.statements.SpringRepeat.evaluate(SpringRepeat.java:84) ~[spring-test-5.2.5.RELEASE.jar:5.2.5.RELEASE]
	at org.junit.runners.ParentRunner.runLeaf(ParentRunner.java:366) ~[junit-4.13.1.jar:4.13.1]
	at org.springframework.test.context.junit4.SpringJUnit4ClassRunner.runChild(SpringJUnit4ClassRunner.java:251) ~[spring-test-5.2.5.RELEASE.jar:5.2.5.RELEASE]
	at org.springframework.test.context.junit4.SpringJUnit4ClassRunner.runChild(SpringJUnit4ClassRunner.java:97) ~[spring-test-5.2.5.RELEASE.jar:5.2.5.RELEASE]
	at org.junit.runners.ParentRunner$4.run(ParentRunner.java:331) ~[junit-4.13.1.jar:4.13.1]
	at org.junit.runners.ParentRunner$1.schedule(ParentRunner.java:79) ~[junit-4.13.1.jar:4.13.1]
	at org.junit.runners.ParentRunner.runChildren(ParentRunner.java:329) ~[junit-4.13.1.jar:4.13.1]
	at org.junit.runners.ParentRunner.access$100(ParentRunner.java:66) ~[junit-4.13.1.jar:4.13.1]
	at org.junit.runners.ParentRunner$2.evaluate(ParentRunner.java:293) ~[junit-4.13.1.jar:4.13.1]
	at org.springframework.test.context.junit4.statements.RunBeforeTestClassCallbacks.evaluate(RunBeforeTestClassCallbacks.java:61) ~[spring-test-5.2.5.RELEASE.jar:5.2.5.RELEASE]
	at org.springframework.test.context.junit4.statements.RunAfterTestClassCallbacks.evaluate(RunAfterTestClassCallbacks.java:70) ~[spring-test-5.2.5.RELEASE.jar:5.2.5.RELEASE]
	at org.junit.runners.ParentRunner$3.evaluate(ParentRunner.java:306) ~[junit-4.13.1.jar:4.13.1]
	at org.junit.runners.ParentRunner.run(ParentRunner.java:413) ~[junit-4.13.1.jar:4.13.1]
	at org.springframework.test.context.junit4.SpringJUnit4ClassRunner.run(SpringJUnit4ClassRunner.java:190) ~[spring-test-5.2.5.RELEASE.jar:5.2.5.RELEASE]
	at org.gradle.api.internal.tasks.testing.junit.JUnitTestClassExecutor.runTestClass(JUnitTestClassExecutor.java:112) ~[na:na]
	at org.gradle.api.internal.tasks.testing.junit.JUnitTestClassExecutor.execute(JUnitTestClassExecutor.java:58) ~[na:na]
	at org.gradle.api.internal.tasks.testing.junit.JUnitTestClassExecutor.execute(JUnitTestClassExecutor.java:40) ~[na:na]
	at org.gradle.api.internal.tasks.testing.junit.AbstractJUnitTestClassProcessor.processTestClass(AbstractJUnitTestClassProcessor.java:54) ~[na:na]
	at org.gradle.api.internal.tasks.testing.SuiteTestClassProcessor.processTestClass(SuiteTestClassProcessor.java:53) ~[na:na]
	at java.base/jdk.internal.reflect.NativeMethodAccessorImpl.invoke0(Native Method) ~[na:na]
	at java.base/jdk.internal.reflect.NativeMethodAccessorImpl.invoke(NativeMethodAccessorImpl.java:62) ~[na:na]
	at java.base/jdk.internal.reflect.DelegatingMethodAccessorImpl.invoke(DelegatingMethodAccessorImpl.java:43) ~[na:na]
	at java.base/java.lang.reflect.Method.invoke(Method.java:566) ~[na:na]
	at org.gradle.internal.dispatch.ReflectionDispatch.dispatch(ReflectionDispatch.java:36) ~[na:na]
	at org.gradle.internal.dispatch.ReflectionDispatch.dispatch(ReflectionDispatch.java:24) ~[na:na]
	at org.gradle.internal.dispatch.ContextClassLoaderDispatch.dispatch(ContextClassLoaderDispatch.java:33) ~[na:na]
	at org.gradle.internal.dispatch.ProxyDispatchAdapter$DispatchingInvocationHandler.invoke(ProxyDispatchAdapter.java:92) ~[na:na]
	at com.sun.proxy.$Proxy6.processTestClass(Unknown Source) ~[na:na]
	at org.gradle.api.internal.tasks.testing.worker.TestWorker$2.run(TestWorker.java:183) ~[na:na]
	at org.gradle.api.internal.tasks.testing.worker.TestWorker.executeAndMaintainThreadName(TestWorker.java:132) ~[na:na]
	at org.gradle.api.internal.tasks.testing.worker.TestWorker.execute(TestWorker.java:103) ~[na:na]
	at org.gradle.api.internal.tasks.testing.worker.TestWorker.execute(TestWorker.java:63) ~[na:na]
	at org.gradle.process.internal.worker.child.ActionExecutionWorker.execute(ActionExecutionWorker.java:56) ~[na:na]
	at org.gradle.process.internal.worker.child.SystemApplicationClassLoaderWorker.call(SystemApplicationClassLoaderWorker.java:122) ~[na:na]
	at org.gradle.process.internal.worker.child.SystemApplicationClassLoaderWorker.call(SystemApplicationClassLoaderWorker.java:72) ~[na:na]
	at worker.org.gradle.process.internal.worker.GradleWorkerMain.run(GradleWorkerMain.java:69) ~[gradle-worker.jar:na]
	at worker.org.gradle.process.internal.worker.GradleWorkerMain.main(GradleWorkerMain.java:74) ~[gradle-worker.jar:na]
Caused by: org.h2.jdbc.JdbcSQLSyntaxErrorException: Syntax error in SQL statement "TRUNCATE ""public""[*].SCHEDULES, ""public"".LESSONS, ""public"".SEMESTER_PERIOD, ""public"".SEMESTER_DAY, ""public"".SEMESTERS, ""public"".GROUPS, ""public"".TEACHERS, ""public"".SUBJECTS, ""public"".PERIODS, ""public"".ROOMS, ""public"".ROOM_TYPES RESTART IDENTITY CASCADE"; expected "TABLE"; SQL statement:
TRUNCATE "public".schedules, "public".lessons, "public".semester_period, "public".semester_day, "public".semesters, "public".groups, "public".teachers, "public".subjects, "public".periods, "public".rooms, "public".room_types RESTART IDENTITY CASCADE [42001-200]
	at org.h2.message.DbException.getJdbcSQLException(DbException.java:453) ~[h2-1.4.200.jar:1.4.200]
	at org.h2.message.DbException.getJdbcSQLException(DbException.java:429) ~[h2-1.4.200.jar:1.4.200]
	at org.h2.message.DbException.getSyntaxError(DbException.java:243) ~[h2-1.4.200.jar:1.4.200]
	at org.h2.command.Parser.getSyntaxError(Parser.java:1053) ~[h2-1.4.200.jar:1.4.200]
	at org.h2.command.Parser.read(Parser.java:4995) ~[h2-1.4.200.jar:1.4.200]
	at org.h2.command.Parser.parseTruncate(Parser.java:2137) ~[h2-1.4.200.jar:1.4.200]
	at org.h2.command.Parser.parsePrepared(Parser.java:1000) ~[h2-1.4.200.jar:1.4.200]
	at org.h2.command.Parser.parse(Parser.java:843) ~[h2-1.4.200.jar:1.4.200]
	at org.h2.command.Parser.parse(Parser.java:819) ~[h2-1.4.200.jar:1.4.200]
	at org.h2.command.Parser.prepareCommand(Parser.java:738) ~[h2-1.4.200.jar:1.4.200]
	at org.h2.engine.Session.prepareLocal(Session.java:657) ~[h2-1.4.200.jar:1.4.200]
	at org.h2.engine.Session.prepareCommand(Session.java:595) ~[h2-1.4.200.jar:1.4.200]
	at org.h2.jdbc.JdbcConnection.prepareCommand(JdbcConnection.java:1235) ~[h2-1.4.200.jar:1.4.200]
	at org.h2.jdbc.JdbcStatement.executeInternal(JdbcStatement.java:212) ~[h2-1.4.200.jar:1.4.200]
	at org.h2.jdbc.JdbcStatement.execute(JdbcStatement.java:201) ~[h2-1.4.200.jar:1.4.200]
	at com.mchange.v2.c3p0.impl.NewProxyStatement.execute(NewProxyStatement.java:75) ~[c3p0-0.9.5.4.jar:0.9.5.4]
	at org.springframework.jdbc.datasource.init.ScriptUtils.executeSqlScript(ScriptUtils.java:601) ~[spring-jdbc-5.2.4.RELEASE.jar:5.2.4.RELEASE]
	... 53 common frames omitted
[WARN ] 2025-06-26 14:47:44.617 [Test worker] o.s.t.c.TestContextManager - Caught exception while invoking 'beforeTestMethod' callback on TestExecutionListener [org.springframework.test.context.jdbc.SqlScriptsTestExecutionListener@57a9b012] for test method [public void com.softserve.controller.ScheduleControllerTest.testDelete() throws java.lang.Exception] and test instance [com.softserve.controller.ScheduleControllerTest@2c829f8d]
org.springframework.jdbc.datasource.init.ScriptStatementFailedException: Failed to execute SQL script statement #1 of class path resource [create-schedule-before.sql]: TRUNCATE "public".schedules, "public".lessons, "public".semester_period, "public".semester_day, "public".semesters, "public".groups, "public".teachers, "public".subjects, "public".periods, "public".rooms, "public".room_types RESTART IDENTITY CASCADE; nested exception is org.h2.jdbc.JdbcSQLSyntaxErrorException: Syntax error in SQL statement "TRUNCATE ""public""[*].SCHEDULES, ""public"".LESSONS, ""public"".SEMESTER_PERIOD, ""public"".SEMESTER_DAY, ""public"".SEMESTERS, ""public"".GROUPS, ""public"".TEACHERS, ""public"".SUBJECTS, ""public"".PERIODS, ""public"".ROOMS, ""public"".ROOM_TYPES RESTART IDENTITY CASCADE"; expected "TABLE"; SQL statement:
TRUNCATE "public".schedules, "public".lessons, "public".semester_period, "public".semester_day, "public".semesters, "public".groups, "public".teachers, "public".subjects, "public".periods, "public".rooms, "public".room_types RESTART IDENTITY CASCADE [42001-200]
	at org.springframework.jdbc.datasource.init.ScriptUtils.executeSqlScript(ScriptUtils.java:622) ~[spring-jdbc-5.2.4.RELEASE.jar:5.2.4.RELEASE]
	at org.springframework.jdbc.datasource.init.ResourceDatabasePopulator.populate(ResourceDatabasePopulator.java:254) ~[spring-jdbc-5.2.4.RELEASE.jar:5.2.4.RELEASE]
	at org.springframework.jdbc.datasource.init.DatabasePopulatorUtils.execute(DatabasePopulatorUtils.java:49) ~[spring-jdbc-5.2.4.RELEASE.jar:5.2.4.RELEASE]
	at org.springframework.jdbc.datasource.init.ResourceDatabasePopulator.execute(ResourceDatabasePopulator.java:269) ~[spring-jdbc-5.2.4.RELEASE.jar:5.2.4.RELEASE]
	at org.springframework.test.context.jdbc.SqlScriptsTestExecutionListener.lambda$executeSqlScripts$4(SqlScriptsTestExecutionListener.java:263) ~[spring-test-5.2.5.RELEASE.jar:5.2.5.RELEASE]
	at org.springframework.transaction.support.TransactionOperations.lambda$executeWithoutResult$0(TransactionOperations.java:68) ~[spring-tx-5.2.4.RELEASE.jar:5.2.4.RELEASE]
	at org.springframework.transaction.support.TransactionTemplate.execute(TransactionTemplate.java:140) ~[spring-tx-5.2.4.RELEASE.jar:5.2.4.RELEASE]
	at org.springframework.transaction.support.TransactionOperations.executeWithoutResult(TransactionOperations.java:67) ~[spring-tx-5.2.4.RELEASE.jar:5.2.4.RELEASE]
	at org.springframework.test.context.jdbc.SqlScriptsTestExecutionListener.executeSqlScripts(SqlScriptsTestExecutionListener.java:263) ~[spring-test-5.2.5.RELEASE.jar:5.2.5.RELEASE]
	at org.springframework.test.context.jdbc.SqlScriptsTestExecutionListener.lambda$executeSqlScripts$0(SqlScriptsTestExecutionListener.java:185) ~[spring-test-5.2.5.RELEASE.jar:5.2.5.RELEASE]
	at java.base/java.lang.Iterable.forEach(Iterable.java:75) ~[na:na]
	at org.springframework.test.context.jdbc.SqlScriptsTestExecutionListener.executeSqlScripts(SqlScriptsTestExecutionListener.java:185) ~[spring-test-5.2.5.RELEASE.jar:5.2.5.RELEASE]
	at org.springframework.test.context.jdbc.SqlScriptsTestExecutionListener.executeSqlScripts(SqlScriptsTestExecutionListener.java:147) ~[spring-test-5.2.5.RELEASE.jar:5.2.5.RELEASE]
	at org.springframework.test.context.jdbc.SqlScriptsTestExecutionListener.beforeTestMethod(SqlScriptsTestExecutionListener.java:117) ~[spring-test-5.2.5.RELEASE.jar:5.2.5.RELEASE]
	at org.springframework.test.context.TestContextManager.beforeTestMethod(TestContextManager.java:289) ~[spring-test-5.2.5.RELEASE.jar:5.2.5.RELEASE]
	at org.springframework.test.context.junit4.statements.RunBeforeTestMethodCallbacks.evaluate(RunBeforeTestMethodCallbacks.java:74) ~[spring-test-5.2.5.RELEASE.jar:5.2.5.RELEASE]
	at org.springframework.test.context.junit4.statements.RunAfterTestMethodCallbacks.evaluate(RunAfterTestMethodCallbacks.java:86) ~[spring-test-5.2.5.RELEASE.jar:5.2.5.RELEASE]
	at org.springframework.test.context.junit4.statements.SpringRepeat.evaluate(SpringRepeat.java:84) ~[spring-test-5.2.5.RELEASE.jar:5.2.5.RELEASE]
	at org.junit.runners.ParentRunner.runLeaf(ParentRunner.java:366) ~[junit-4.13.1.jar:4.13.1]
	at org.springframework.test.context.junit4.SpringJUnit4ClassRunner.runChild(SpringJUnit4ClassRunner.java:251) ~[spring-test-5.2.5.RELEASE.jar:5.2.5.RELEASE]
	at org.springframework.test.context.junit4.SpringJUnit4ClassRunner.runChild(SpringJUnit4ClassRunner.java:97) ~[spring-test-5.2.5.RELEASE.jar:5.2.5.RELEASE]
	at org.junit.runners.ParentRunner$4.run(ParentRunner.java:331) ~[junit-4.13.1.jar:4.13.1]
	at org.junit.runners.ParentRunner$1.schedule(ParentRunner.java:79) ~[junit-4.13.1.jar:4.13.1]
	at org.junit.runners.ParentRunner.runChildren(ParentRunner.java:329) ~[junit-4.13.1.jar:4.13.1]
	at org.junit.runners.ParentRunner.access$100(ParentRunner.java:66) ~[junit-4.13.1.jar:4.13.1]
	at org.junit.runners.ParentRunner$2.evaluate(ParentRunner.java:293) ~[junit-4.13.1.jar:4.13.1]
	at org.springframework.test.context.junit4.statements.RunBeforeTestClassCallbacks.evaluate(RunBeforeTestClassCallbacks.java:61) ~[spring-test-5.2.5.RELEASE.jar:5.2.5.RELEASE]
	at org.springframework.test.context.junit4.statements.RunAfterTestClassCallbacks.evaluate(RunAfterTestClassCallbacks.java:70) ~[spring-test-5.2.5.RELEASE.jar:5.2.5.RELEASE]
	at org.junit.runners.ParentRunner$3.evaluate(ParentRunner.java:306) ~[junit-4.13.1.jar:4.13.1]
	at org.junit.runners.ParentRunner.run(ParentRunner.java:413) ~[junit-4.13.1.jar:4.13.1]
	at org.springframework.test.context.junit4.SpringJUnit4ClassRunner.run(SpringJUnit4ClassRunner.java:190) ~[spring-test-5.2.5.RELEASE.jar:5.2.5.RELEASE]
	at org.gradle.api.internal.tasks.testing.junit.JUnitTestClassExecutor.runTestClass(JUnitTestClassExecutor.java:112) ~[na:na]
	at org.gradle.api.internal.tasks.testing.junit.JUnitTestClassExecutor.execute(JUnitTestClassExecutor.java:58) ~[na:na]
	at org.gradle.api.internal.tasks.testing.junit.JUnitTestClassExecutor.execute(JUnitTestClassExecutor.java:40) ~[na:na]
	at org.gradle.api.internal.tasks.testing.junit.AbstractJUnitTestClassProcessor.processTestClass(AbstractJUnitTestClassProcessor.java:54) ~[na:na]
	at org.gradle.api.internal.tasks.testing.SuiteTestClassProcessor.processTestClass(SuiteTestClassProcessor.java:53) ~[na:na]
	at java.base/jdk.internal.reflect.NativeMethodAccessorImpl.invoke0(Native Method) ~[na:na]
	at java.base/jdk.internal.reflect.NativeMethodAccessorImpl.invoke(NativeMethodAccessorImpl.java:62) ~[na:na]
	at java.base/jdk.internal.reflect.DelegatingMethodAccessorImpl.invoke(DelegatingMethodAccessorImpl.java:43) ~[na:na]
	at java.base/java.lang.reflect.Method.invoke(Method.java:566) ~[na:na]
	at org.gradle.internal.dispatch.ReflectionDispatch.dispatch(ReflectionDispatch.java:36) ~[na:na]
	at org.gradle.internal.dispatch.ReflectionDispatch.dispatch(ReflectionDispatch.java:24) ~[na:na]
	at org.gradle.internal.dispatch.ContextClassLoaderDispatch.dispatch(ContextClassLoaderDispatch.java:33) ~[na:na]
	at org.gradle.internal.dispatch.ProxyDispatchAdapter$DispatchingInvocationHandler.invoke(ProxyDispatchAdapter.java:92) ~[na:na]
	at com.sun.proxy.$Proxy6.processTestClass(Unknown Source) ~[na:na]
	at org.gradle.api.internal.tasks.testing.worker.TestWorker$2.run(TestWorker.java:183) ~[na:na]
	at org.gradle.api.internal.tasks.testing.worker.TestWorker.executeAndMaintainThreadName(TestWorker.java:132) ~[na:na]
	at org.gradle.api.internal.tasks.testing.worker.TestWorker.execute(TestWorker.java:103) ~[na:na]
	at org.gradle.api.internal.tasks.testing.worker.TestWorker.execute(TestWorker.java:63) ~[na:na]
	at org.gradle.process.internal.worker.child.ActionExecutionWorker.execute(ActionExecutionWorker.java:56) ~[na:na]
	at org.gradle.process.internal.worker.child.SystemApplicationClassLoaderWorker.call(SystemApplicationClassLoaderWorker.java:122) ~[na:na]
	at org.gradle.process.internal.worker.child.SystemApplicationClassLoaderWorker.call(SystemApplicationClassLoaderWorker.java:72) ~[na:na]
	at worker.org.gradle.process.internal.worker.GradleWorkerMain.run(GradleWorkerMain.java:69) ~[gradle-worker.jar:na]
	at worker.org.gradle.process.internal.worker.GradleWorkerMain.main(GradleWorkerMain.java:74) ~[gradle-worker.jar:na]
Caused by: org.h2.jdbc.JdbcSQLSyntaxErrorException: Syntax error in SQL statement "TRUNCATE ""public""[*].SCHEDULES, ""public"".LESSONS, ""public"".SEMESTER_PERIOD, ""public"".SEMESTER_DAY, ""public"".SEMESTERS, ""public"".GROUPS, ""public"".TEACHERS, ""public"".SUBJECTS, ""public"".PERIODS, ""public"".ROOMS, ""public"".ROOM_TYPES RESTART IDENTITY CASCADE"; expected "TABLE"; SQL statement:
TRUNCATE "public".schedules, "public".lessons, "public".semester_period, "public".semester_day, "public".semesters, "public".groups, "public".teachers, "public".subjects, "public".periods, "public".rooms, "public".room_types RESTART IDENTITY CASCADE [42001-200]
	at org.h2.message.DbException.getJdbcSQLException(DbException.java:453) ~[h2-1.4.200.jar:1.4.200]
	at org.h2.message.DbException.getJdbcSQLException(DbException.java:429) ~[h2-1.4.200.jar:1.4.200]
	at org.h2.message.DbException.getSyntaxError(DbException.java:243) ~[h2-1.4.200.jar:1.4.200]
	at org.h2.command.Parser.getSyntaxError(Parser.java:1053) ~[h2-1.4.200.jar:1.4.200]
	at org.h2.command.Parser.read(Parser.java:4995) ~[h2-1.4.200.jar:1.4.200]
	at org.h2.command.Parser.parseTruncate(Parser.java:2137) ~[h2-1.4.200.jar:1.4.200]
	at org.h2.command.Parser.parsePrepared(Parser.java:1000) ~[h2-1.4.200.jar:1.4.200]
	at org.h2.command.Parser.parse(Parser.java:843) ~[h2-1.4.200.jar:1.4.200]
	at org.h2.command.Parser.parse(Parser.java:819) ~[h2-1.4.200.jar:1.4.200]
	at org.h2.command.Parser.prepareCommand(Parser.java:738) ~[h2-1.4.200.jar:1.4.200]
	at org.h2.engine.Session.prepareLocal(Session.java:657) ~[h2-1.4.200.jar:1.4.200]
	at org.h2.engine.Session.prepareCommand(Session.java:595) ~[h2-1.4.200.jar:1.4.200]
	at org.h2.jdbc.JdbcConnection.prepareCommand(JdbcConnection.java:1235) ~[h2-1.4.200.jar:1.4.200]
	at org.h2.jdbc.JdbcStatement.executeInternal(JdbcStatement.java:212) ~[h2-1.4.200.jar:1.4.200]
	at org.h2.jdbc.JdbcStatement.execute(JdbcStatement.java:201) ~[h2-1.4.200.jar:1.4.200]
	at com.mchange.v2.c3p0.impl.NewProxyStatement.execute(NewProxyStatement.java:75) ~[c3p0-0.9.5.4.jar:0.9.5.4]
	at org.springframework.jdbc.datasource.init.ScriptUtils.executeSqlScript(ScriptUtils.java:601) ~[spring-jdbc-5.2.4.RELEASE.jar:5.2.4.RELEASE]
	... 53 common frames omitted
[WARN ] 2025-06-26 14:47:44.626 [Test worker] o.s.t.c.TestContextManager - Caught exception while invoking 'beforeTestMethod' callback on TestExecutionListener [org.springframework.test.context.jdbc.SqlScriptsTestExecutionListener@57a9b012] for test method [public void com.softserve.controller.ScheduleControllerTest.saveScheduleWithGroupedLessons() throws java.lang.Exception] and test instance [com.softserve.controller.ScheduleControllerTest@664748af]
org.springframework.jdbc.datasource.init.ScriptStatementFailedException: Failed to execute SQL script statement #1 of class path resource [create-schedule-before.sql]: TRUNCATE "public".schedules, "public".lessons, "public".semester_period, "public".semester_day, "public".semesters, "public".groups, "public".teachers, "public".subjects, "public".periods, "public".rooms, "public".room_types RESTART IDENTITY CASCADE; nested exception is org.h2.jdbc.JdbcSQLSyntaxErrorException: Syntax error in SQL statement "TRUNCATE ""public""[*].SCHEDULES, ""public"".LESSONS, ""public"".SEMESTER_PERIOD, ""public"".SEMESTER_DAY, ""public"".SEMESTERS, ""public"".GROUPS, ""public"".TEACHERS, ""public"".SUBJECTS, ""public"".PERIODS, ""public"".ROOMS, ""public"".ROOM_TYPES RESTART IDENTITY CASCADE"; expected "TABLE"; SQL statement:
TRUNCATE "public".schedules, "public".lessons, "public".semester_period, "public".semester_day, "public".semesters, "public".groups, "public".teachers, "public".subjects, "public".periods, "public".rooms, "public".room_types RESTART IDENTITY CASCADE [42001-200]
	at org.springframework.jdbc.datasource.init.ScriptUtils.executeSqlScript(ScriptUtils.java:622) ~[spring-jdbc-5.2.4.RELEASE.jar:5.2.4.RELEASE]
	at org.springframework.jdbc.datasource.init.ResourceDatabasePopulator.populate(ResourceDatabasePopulator.java:254) ~[spring-jdbc-5.2.4.RELEASE.jar:5.2.4.RELEASE]
	at org.springframework.jdbc.datasource.init.DatabasePopulatorUtils.execute(DatabasePopulatorUtils.java:49) ~[spring-jdbc-5.2.4.RELEASE.jar:5.2.4.RELEASE]
	at org.springframework.jdbc.datasource.init.ResourceDatabasePopulator.execute(ResourceDatabasePopulator.java:269) ~[spring-jdbc-5.2.4.RELEASE.jar:5.2.4.RELEASE]
	at org.springframework.test.context.jdbc.SqlScriptsTestExecutionListener.lambda$executeSqlScripts$4(SqlScriptsTestExecutionListener.java:263) ~[spring-test-5.2.5.RELEASE.jar:5.2.5.RELEASE]
	at org.springframework.transaction.support.TransactionOperations.lambda$executeWithoutResult$0(TransactionOperations.java:68) ~[spring-tx-5.2.4.RELEASE.jar:5.2.4.RELEASE]
	at org.springframework.transaction.support.TransactionTemplate.execute(TransactionTemplate.java:140) ~[spring-tx-5.2.4.RELEASE.jar:5.2.4.RELEASE]
	at org.springframework.transaction.support.TransactionOperations.executeWithoutResult(TransactionOperations.java:67) ~[spring-tx-5.2.4.RELEASE.jar:5.2.4.RELEASE]
	at org.springframework.test.context.jdbc.SqlScriptsTestExecutionListener.executeSqlScripts(SqlScriptsTestExecutionListener.java:263) ~[spring-test-5.2.5.RELEASE.jar:5.2.5.RELEASE]
	at org.springframework.test.context.jdbc.SqlScriptsTestExecutionListener.lambda$executeSqlScripts$0(SqlScriptsTestExecutionListener.java:185) ~[spring-test-5.2.5.RELEASE.jar:5.2.5.RELEASE]
	at java.base/java.lang.Iterable.forEach(Iterable.java:75) ~[na:na]
	at org.springframework.test.context.jdbc.SqlScriptsTestExecutionListener.executeSqlScripts(SqlScriptsTestExecutionListener.java:185) ~[spring-test-5.2.5.RELEASE.jar:5.2.5.RELEASE]
	at org.springframework.test.context.jdbc.SqlScriptsTestExecutionListener.executeSqlScripts(SqlScriptsTestExecutionListener.java:147) ~[spring-test-5.2.5.RELEASE.jar:5.2.5.RELEASE]
	at org.springframework.test.context.jdbc.SqlScriptsTestExecutionListener.beforeTestMethod(SqlScriptsTestExecutionListener.java:117) ~[spring-test-5.2.5.RELEASE.jar:5.2.5.RELEASE]
	at org.springframework.test.context.TestContextManager.beforeTestMethod(TestContextManager.java:289) ~[spring-test-5.2.5.RELEASE.jar:5.2.5.RELEASE]
	at org.springframework.test.context.junit4.statements.RunBeforeTestMethodCallbacks.evaluate(RunBeforeTestMethodCallbacks.java:74) ~[spring-test-5.2.5.RELEASE.jar:5.2.5.RELEASE]
	at org.springframework.test.context.junit4.statements.RunAfterTestMethodCallbacks.evaluate(RunAfterTestMethodCallbacks.java:86) ~[spring-test-5.2.5.RELEASE.jar:5.2.5.RELEASE]
	at org.springframework.test.context.junit4.statements.SpringRepeat.evaluate(SpringRepeat.java:84) ~[spring-test-5.2.5.RELEASE.jar:5.2.5.RELEASE]
	at org.junit.runners.ParentRunner.runLeaf(ParentRunner.java:366) ~[junit-4.13.1.jar:4.13.1]
	at org.springframework.test.context.junit4.SpringJUnit4ClassRunner.runChild(SpringJUnit4ClassRunner.java:251) ~[spring-test-5.2.5.RELEASE.jar:5.2.5.RELEASE]
	at org.springframework.test.context.junit4.SpringJUnit4ClassRunner.runChild(SpringJUnit4ClassRunner.java:97) ~[spring-test-5.2.5.RELEASE.jar:5.2.5.RELEASE]
	at org.junit.runners.ParentRunner$4.run(ParentRunner.java:331) ~[junit-4.13.1.jar:4.13.1]
	at org.junit.runners.ParentRunner$1.schedule(ParentRunner.java:79) ~[junit-4.13.1.jar:4.13.1]
	at org.junit.runners.ParentRunner.runChildren(ParentRunner.java:329) ~[junit-4.13.1.jar:4.13.1]
	at org.junit.runners.ParentRunner.access$100(ParentRunner.java:66) ~[junit-4.13.1.jar:4.13.1]
	at org.junit.runners.ParentRunner$2.evaluate(ParentRunner.java:293) ~[junit-4.13.1.jar:4.13.1]
	at org.springframework.test.context.junit4.statements.RunBeforeTestClassCallbacks.evaluate(RunBeforeTestClassCallbacks.java:61) ~[spring-test-5.2.5.RELEASE.jar:5.2.5.RELEASE]
	at org.springframework.test.context.junit4.statements.RunAfterTestClassCallbacks.evaluate(RunAfterTestClassCallbacks.java:70) ~[spring-test-5.2.5.RELEASE.jar:5.2.5.RELEASE]
	at org.junit.runners.ParentRunner$3.evaluate(ParentRunner.java:306) ~[junit-4.13.1.jar:4.13.1]
	at org.junit.runners.ParentRunner.run(ParentRunner.java:413) ~[junit-4.13.1.jar:4.13.1]
	at org.springframework.test.context.junit4.SpringJUnit4ClassRunner.run(SpringJUnit4ClassRunner.java:190) ~[spring-test-5.2.5.RELEASE.jar:5.2.5.RELEASE]
	at org.gradle.api.internal.tasks.testing.junit.JUnitTestClassExecutor.runTestClass(JUnitTestClassExecutor.java:112) ~[na:na]
	at org.gradle.api.internal.tasks.testing.junit.JUnitTestClassExecutor.execute(JUnitTestClassExecutor.java:58) ~[na:na]
	at org.gradle.api.internal.tasks.testing.junit.JUnitTestClassExecutor.execute(JUnitTestClassExecutor.java:40) ~[na:na]
	at org.gradle.api.internal.tasks.testing.junit.AbstractJUnitTestClassProcessor.processTestClass(AbstractJUnitTestClassProcessor.java:54) ~[na:na]
	at org.gradle.api.internal.tasks.testing.SuiteTestClassProcessor.processTestClass(SuiteTestClassProcessor.java:53) ~[na:na]
	at java.base/jdk.internal.reflect.NativeMethodAccessorImpl.invoke0(Native Method) ~[na:na]
	at java.base/jdk.internal.reflect.NativeMethodAccessorImpl.invoke(NativeMethodAccessorImpl.java:62) ~[na:na]
	at java.base/jdk.internal.reflect.DelegatingMethodAccessorImpl.invoke(DelegatingMethodAccessorImpl.java:43) ~[na:na]
	at java.base/java.lang.reflect.Method.invoke(Method.java:566) ~[na:na]
	at org.gradle.internal.dispatch.ReflectionDispatch.dispatch(ReflectionDispatch.java:36) ~[na:na]
	at org.gradle.internal.dispatch.ReflectionDispatch.dispatch(ReflectionDispatch.java:24) ~[na:na]
	at org.gradle.internal.dispatch.ContextClassLoaderDispatch.dispatch(ContextClassLoaderDispatch.java:33) ~[na:na]
	at org.gradle.internal.dispatch.ProxyDispatchAdapter$DispatchingInvocationHandler.invoke(ProxyDispatchAdapter.java:92) ~[na:na]
	at com.sun.proxy.$Proxy6.processTestClass(Unknown Source) ~[na:na]
	at org.gradle.api.internal.tasks.testing.worker.TestWorker$2.run(TestWorker.java:183) ~[na:na]
	at org.gradle.api.internal.tasks.testing.worker.TestWorker.executeAndMaintainThreadName(TestWorker.java:132) ~[na:na]
	at org.gradle.api.internal.tasks.testing.worker.TestWorker.execute(TestWorker.java:103) ~[na:na]
	at org.gradle.api.internal.tasks.testing.worker.TestWorker.execute(TestWorker.java:63) ~[na:na]
	at org.gradle.process.internal.worker.child.ActionExecutionWorker.execute(ActionExecutionWorker.java:56) ~[na:na]
	at org.gradle.process.internal.worker.child.SystemApplicationClassLoaderWorker.call(SystemApplicationClassLoaderWorker.java:122) ~[na:na]
	at org.gradle.process.internal.worker.child.SystemApplicationClassLoaderWorker.call(SystemApplicationClassLoaderWorker.java:72) ~[na:na]
	at worker.org.gradle.process.internal.worker.GradleWorkerMain.run(GradleWorkerMain.java:69) ~[gradle-worker.jar:na]
	at worker.org.gradle.process.internal.worker.GradleWorkerMain.main(GradleWorkerMain.java:74) ~[gradle-worker.jar:na]
Caused by: org.h2.jdbc.JdbcSQLSyntaxErrorException: Syntax error in SQL statement "TRUNCATE ""public""[*].SCHEDULES, ""public"".LESSONS, ""public"".SEMESTER_PERIOD, ""public"".SEMESTER_DAY, ""public"".SEMESTERS, ""public"".GROUPS, ""public"".TEACHERS, ""public"".SUBJECTS, ""public"".PERIODS, ""public"".ROOMS, ""public"".ROOM_TYPES RESTART IDENTITY CASCADE"; expected "TABLE"; SQL statement:
TRUNCATE "public".schedules, "public".lessons, "public".semester_period, "public".semester_day, "public".semesters, "public".groups, "public".teachers, "public".subjects, "public".periods, "public".rooms, "public".room_types RESTART IDENTITY CASCADE [42001-200]
	at org.h2.message.DbException.getJdbcSQLException(DbException.java:453) ~[h2-1.4.200.jar:1.4.200]
	at org.h2.message.DbException.getJdbcSQLException(DbException.java:429) ~[h2-1.4.200.jar:1.4.200]
	at org.h2.message.DbException.getSyntaxError(DbException.java:243) ~[h2-1.4.200.jar:1.4.200]
	at org.h2.command.Parser.getSyntaxError(Parser.java:1053) ~[h2-1.4.200.jar:1.4.200]
	at org.h2.command.Parser.read(Parser.java:4995) ~[h2-1.4.200.jar:1.4.200]
	at org.h2.command.Parser.parseTruncate(Parser.java:2137) ~[h2-1.4.200.jar:1.4.200]
	at org.h2.command.Parser.parsePrepared(Parser.java:1000) ~[h2-1.4.200.jar:1.4.200]
	at org.h2.command.Parser.parse(Parser.java:843) ~[h2-1.4.200.jar:1.4.200]
	at org.h2.command.Parser.parse(Parser.java:819) ~[h2-1.4.200.jar:1.4.200]
	at org.h2.command.Parser.prepareCommand(Parser.java:738) ~[h2-1.4.200.jar:1.4.200]
	at org.h2.engine.Session.prepareLocal(Session.java:657) ~[h2-1.4.200.jar:1.4.200]
	at org.h2.engine.Session.prepareCommand(Session.java:595) ~[h2-1.4.200.jar:1.4.200]
	at org.h2.jdbc.JdbcConnection.prepareCommand(JdbcConnection.java:1235) ~[h2-1.4.200.jar:1.4.200]
	at org.h2.jdbc.JdbcStatement.executeInternal(JdbcStatement.java:212) ~[h2-1.4.200.jar:1.4.200]
	at org.h2.jdbc.JdbcStatement.execute(JdbcStatement.java:201) ~[h2-1.4.200.jar:1.4.200]
	at com.mchange.v2.c3p0.impl.NewProxyStatement.execute(NewProxyStatement.java:75) ~[c3p0-0.9.5.4.jar:0.9.5.4]
	at org.springframework.jdbc.datasource.init.ScriptUtils.executeSqlScript(ScriptUtils.java:601) ~[spring-jdbc-5.2.4.RELEASE.jar:5.2.4.RELEASE]
	... 53 common frames omitted
[WARN ] 2025-06-26 14:47:44.635 [Test worker] o.s.t.c.TestContextManager - Caught exception while invoking 'beforeTestMethod' callback on TestExecutionListener [org.springframework.test.context.jdbc.SqlScriptsTestExecutionListener@57a9b012] for test method [public void com.softserve.controller.ScheduleControllerTest.getFullScheduleForRoom() throws java.lang.Exception] and test instance [com.softserve.controller.ScheduleControllerTest@660c7832]
org.springframework.jdbc.datasource.init.ScriptStatementFailedException: Failed to execute SQL script statement #1 of class path resource [create-schedule-before.sql]: TRUNCATE "public".schedules, "public".lessons, "public".semester_period, "public".semester_day, "public".semesters, "public".groups, "public".teachers, "public".subjects, "public".periods, "public".rooms, "public".room_types RESTART IDENTITY CASCADE; nested exception is org.h2.jdbc.JdbcSQLSyntaxErrorException: Syntax error in SQL statement "TRUNCATE ""public""[*].SCHEDULES, ""public"".LESSONS, ""public"".SEMESTER_PERIOD, ""public"".SEMESTER_DAY, ""public"".SEMESTERS, ""public"".GROUPS, ""public"".TEACHERS, ""public"".SUBJECTS, ""public"".PERIODS, ""public"".ROOMS, ""public"".ROOM_TYPES RESTART IDENTITY CASCADE"; expected "TABLE"; SQL statement:
TRUNCATE "public".schedules, "public".lessons, "public".semester_period, "public".semester_day, "public".semesters, "public".groups, "public".teachers, "public".subjects, "public".periods, "public".rooms, "public".room_types RESTART IDENTITY CASCADE [42001-200]
	at org.springframework.jdbc.datasource.init.ScriptUtils.executeSqlScript(ScriptUtils.java:622) ~[spring-jdbc-5.2.4.RELEASE.jar:5.2.4.RELEASE]
	at org.springframework.jdbc.datasource.init.ResourceDatabasePopulator.populate(ResourceDatabasePopulator.java:254) ~[spring-jdbc-5.2.4.RELEASE.jar:5.2.4.RELEASE]
	at org.springframework.jdbc.datasource.init.DatabasePopulatorUtils.execute(DatabasePopulatorUtils.java:49) ~[spring-jdbc-5.2.4.RELEASE.jar:5.2.4.RELEASE]
	at org.springframework.jdbc.datasource.init.ResourceDatabasePopulator.execute(ResourceDatabasePopulator.java:269) ~[spring-jdbc-5.2.4.RELEASE.jar:5.2.4.RELEASE]
	at org.springframework.test.context.jdbc.SqlScriptsTestExecutionListener.lambda$executeSqlScripts$4(SqlScriptsTestExecutionListener.java:263) ~[spring-test-5.2.5.RELEASE.jar:5.2.5.RELEASE]
	at org.springframework.transaction.support.TransactionOperations.lambda$executeWithoutResult$0(TransactionOperations.java:68) ~[spring-tx-5.2.4.RELEASE.jar:5.2.4.RELEASE]
	at org.springframework.transaction.support.TransactionTemplate.execute(TransactionTemplate.java:140) ~[spring-tx-5.2.4.RELEASE.jar:5.2.4.RELEASE]
	at org.springframework.transaction.support.TransactionOperations.executeWithoutResult(TransactionOperations.java:67) ~[spring-tx-5.2.4.RELEASE.jar:5.2.4.RELEASE]
	at org.springframework.test.context.jdbc.SqlScriptsTestExecutionListener.executeSqlScripts(SqlScriptsTestExecutionListener.java:263) ~[spring-test-5.2.5.RELEASE.jar:5.2.5.RELEASE]
	at org.springframework.test.context.jdbc.SqlScriptsTestExecutionListener.lambda$executeSqlScripts$0(SqlScriptsTestExecutionListener.java:185) ~[spring-test-5.2.5.RELEASE.jar:5.2.5.RELEASE]
	at java.base/java.lang.Iterable.forEach(Iterable.java:75) ~[na:na]
	at org.springframework.test.context.jdbc.SqlScriptsTestExecutionListener.executeSqlScripts(SqlScriptsTestExecutionListener.java:185) ~[spring-test-5.2.5.RELEASE.jar:5.2.5.RELEASE]
	at org.springframework.test.context.jdbc.SqlScriptsTestExecutionListener.executeSqlScripts(SqlScriptsTestExecutionListener.java:147) ~[spring-test-5.2.5.RELEASE.jar:5.2.5.RELEASE]
	at org.springframework.test.context.jdbc.SqlScriptsTestExecutionListener.beforeTestMethod(SqlScriptsTestExecutionListener.java:117) ~[spring-test-5.2.5.RELEASE.jar:5.2.5.RELEASE]
	at org.springframework.test.context.TestContextManager.beforeTestMethod(TestContextManager.java:289) ~[spring-test-5.2.5.RELEASE.jar:5.2.5.RELEASE]
	at org.springframework.test.context.junit4.statements.RunBeforeTestMethodCallbacks.evaluate(RunBeforeTestMethodCallbacks.java:74) ~[spring-test-5.2.5.RELEASE.jar:5.2.5.RELEASE]
	at org.springframework.test.context.junit4.statements.RunAfterTestMethodCallbacks.evaluate(RunAfterTestMethodCallbacks.java:86) ~[spring-test-5.2.5.RELEASE.jar:5.2.5.RELEASE]
	at org.springframework.test.context.junit4.statements.SpringRepeat.evaluate(SpringRepeat.java:84) ~[spring-test-5.2.5.RELEASE.jar:5.2.5.RELEASE]
	at org.junit.runners.ParentRunner.runLeaf(ParentRunner.java:366) ~[junit-4.13.1.jar:4.13.1]
	at org.springframework.test.context.junit4.SpringJUnit4ClassRunner.runChild(SpringJUnit4ClassRunner.java:251) ~[spring-test-5.2.5.RELEASE.jar:5.2.5.RELEASE]
	at org.springframework.test.context.junit4.SpringJUnit4ClassRunner.runChild(SpringJUnit4ClassRunner.java:97) ~[spring-test-5.2.5.RELEASE.jar:5.2.5.RELEASE]
	at org.junit.runners.ParentRunner$4.run(ParentRunner.java:331) ~[junit-4.13.1.jar:4.13.1]
	at org.junit.runners.ParentRunner$1.schedule(ParentRunner.java:79) ~[junit-4.13.1.jar:4.13.1]
	at org.junit.runners.ParentRunner.runChildren(ParentRunner.java:329) ~[junit-4.13.1.jar:4.13.1]
	at org.junit.runners.ParentRunner.access$100(ParentRunner.java:66) ~[junit-4.13.1.jar:4.13.1]
	at org.junit.runners.ParentRunner$2.evaluate(ParentRunner.java:293) ~[junit-4.13.1.jar:4.13.1]
	at org.springframework.test.context.junit4.statements.RunBeforeTestClassCallbacks.evaluate(RunBeforeTestClassCallbacks.java:61) ~[spring-test-5.2.5.RELEASE.jar:5.2.5.RELEASE]
	at org.springframework.test.context.junit4.statements.RunAfterTestClassCallbacks.evaluate(RunAfterTestClassCallbacks.java:70) ~[spring-test-5.2.5.RELEASE.jar:5.2.5.RELEASE]
	at org.junit.runners.ParentRunner$3.evaluate(ParentRunner.java:306) ~[junit-4.13.1.jar:4.13.1]
	at org.junit.runners.ParentRunner.run(ParentRunner.java:413) ~[junit-4.13.1.jar:4.13.1]
	at org.springframework.test.context.junit4.SpringJUnit4ClassRunner.run(SpringJUnit4ClassRunner.java:190) ~[spring-test-5.2.5.RELEASE.jar:5.2.5.RELEASE]
	at org.gradle.api.internal.tasks.testing.junit.JUnitTestClassExecutor.runTestClass(JUnitTestClassExecutor.java:112) ~[na:na]
	at org.gradle.api.internal.tasks.testing.junit.JUnitTestClassExecutor.execute(JUnitTestClassExecutor.java:58) ~[na:na]
	at org.gradle.api.internal.tasks.testing.junit.JUnitTestClassExecutor.execute(JUnitTestClassExecutor.java:40) ~[na:na]
	at org.gradle.api.internal.tasks.testing.junit.AbstractJUnitTestClassProcessor.processTestClass(AbstractJUnitTestClassProcessor.java:54) ~[na:na]
	at org.gradle.api.internal.tasks.testing.SuiteTestClassProcessor.processTestClass(SuiteTestClassProcessor.java:53) ~[na:na]
	at java.base/jdk.internal.reflect.NativeMethodAccessorImpl.invoke0(Native Method) ~[na:na]
	at java.base/jdk.internal.reflect.NativeMethodAccessorImpl.invoke(NativeMethodAccessorImpl.java:62) ~[na:na]
	at java.base/jdk.internal.reflect.DelegatingMethodAccessorImpl.invoke(DelegatingMethodAccessorImpl.java:43) ~[na:na]
	at java.base/java.lang.reflect.Method.invoke(Method.java:566) ~[na:na]
	at org.gradle.internal.dispatch.ReflectionDispatch.dispatch(ReflectionDispatch.java:36) ~[na:na]
	at org.gradle.internal.dispatch.ReflectionDispatch.dispatch(ReflectionDispatch.java:24) ~[na:na]
	at org.gradle.internal.dispatch.ContextClassLoaderDispatch.dispatch(ContextClassLoaderDispatch.java:33) ~[na:na]
	at org.gradle.internal.dispatch.ProxyDispatchAdapter$DispatchingInvocationHandler.invoke(ProxyDispatchAdapter.java:92) ~[na:na]
	at com.sun.proxy.$Proxy6.processTestClass(Unknown Source) ~[na:na]
	at org.gradle.api.internal.tasks.testing.worker.TestWorker$2.run(TestWorker.java:183) ~[na:na]
	at org.gradle.api.internal.tasks.testing.worker.TestWorker.executeAndMaintainThreadName(TestWorker.java:132) ~[na:na]
	at org.gradle.api.internal.tasks.testing.worker.TestWorker.execute(TestWorker.java:103) ~[na:na]
	at org.gradle.api.internal.tasks.testing.worker.TestWorker.execute(TestWorker.java:63) ~[na:na]
	at org.gradle.process.internal.worker.child.ActionExecutionWorker.execute(ActionExecutionWorker.java:56) ~[na:na]
	at org.gradle.process.internal.worker.child.SystemApplicationClassLoaderWorker.call(SystemApplicationClassLoaderWorker.java:122) ~[na:na]
	at org.gradle.process.internal.worker.child.SystemApplicationClassLoaderWorker.call(SystemApplicationClassLoaderWorker.java:72) ~[na:na]
	at worker.org.gradle.process.internal.worker.GradleWorkerMain.run(GradleWorkerMain.java:69) ~[gradle-worker.jar:na]
	at worker.org.gradle.process.internal.worker.GradleWorkerMain.main(GradleWorkerMain.java:74) ~[gradle-worker.jar:na]
Caused by: org.h2.jdbc.JdbcSQLSyntaxErrorException: Syntax error in SQL statement "TRUNCATE ""public""[*].SCHEDULES, ""public"".LESSONS, ""public"".SEMESTER_PERIOD, ""public"".SEMESTER_DAY, ""public"".SEMESTERS, ""public"".GROUPS, ""public"".TEACHERS, ""public"".SUBJECTS, ""public"".PERIODS, ""public"".ROOMS, ""public"".ROOM_TYPES RESTART IDENTITY CASCADE"; expected "TABLE"; SQL statement:
TRUNCATE "public".schedules, "public".lessons, "public".semester_period, "public".semester_day, "public".semesters, "public".groups, "public".teachers, "public".subjects, "public".periods, "public".rooms, "public".room_types RESTART IDENTITY CASCADE [42001-200]
	at org.h2.message.DbException.getJdbcSQLException(DbException.java:453) ~[h2-1.4.200.jar:1.4.200]
	at org.h2.message.DbException.getJdbcSQLException(DbException.java:429) ~[h2-1.4.200.jar:1.4.200]
	at org.h2.message.DbException.getSyntaxError(DbException.java:243) ~[h2-1.4.200.jar:1.4.200]
	at org.h2.command.Parser.getSyntaxError(Parser.java:1053) ~[h2-1.4.200.jar:1.4.200]
	at org.h2.command.Parser.read(Parser.java:4995) ~[h2-1.4.200.jar:1.4.200]
	at org.h2.command.Parser.parseTruncate(Parser.java:2137) ~[h2-1.4.200.jar:1.4.200]
	at org.h2.command.Parser.parsePrepared(Parser.java:1000) ~[h2-1.4.200.jar:1.4.200]
	at org.h2.command.Parser.parse(Parser.java:843) ~[h2-1.4.200.jar:1.4.200]
	at org.h2.command.Parser.parse(Parser.java:819) ~[h2-1.4.200.jar:1.4.200]
	at org.h2.command.Parser.prepareCommand(Parser.java:738) ~[h2-1.4.200.jar:1.4.200]
	at org.h2.engine.Session.prepareLocal(Session.java:657) ~[h2-1.4.200.jar:1.4.200]
	at org.h2.engine.Session.prepareCommand(Session.java:595) ~[h2-1.4.200.jar:1.4.200]
	at org.h2.jdbc.JdbcConnection.prepareCommand(JdbcConnection.java:1235) ~[h2-1.4.200.jar:1.4.200]
	at org.h2.jdbc.JdbcStatement.executeInternal(JdbcStatement.java:212) ~[h2-1.4.200.jar:1.4.200]
	at org.h2.jdbc.JdbcStatement.execute(JdbcStatement.java:201) ~[h2-1.4.200.jar:1.4.200]
	at com.mchange.v2.c3p0.impl.NewProxyStatement.execute(NewProxyStatement.java:75) ~[c3p0-0.9.5.4.jar:0.9.5.4]
	at org.springframework.jdbc.datasource.init.ScriptUtils.executeSqlScript(ScriptUtils.java:601) ~[spring-jdbc-5.2.4.RELEASE.jar:5.2.4.RELEASE]
	... 53 common frames omitted
[WARN ] 2025-06-26 14:47:44.645 [Test worker] o.s.t.c.TestContextManager - Caught exception while invoking 'beforeTestMethod' callback on TestExecutionListener [org.springframework.test.context.jdbc.SqlScriptsTestExecutionListener@57a9b012] for test method [public void com.softserve.controller.ScheduleControllerTest.getFullScheduleForGroup() throws java.lang.Exception] and test instance [com.softserve.controller.ScheduleControllerTest@161daf01]
org.springframework.jdbc.datasource.init.ScriptStatementFailedException: Failed to execute SQL script statement #1 of class path resource [create-schedule-before.sql]: TRUNCATE "public".schedules, "public".lessons, "public".semester_period, "public".semester_day, "public".semesters, "public".groups, "public".teachers, "public".subjects, "public".periods, "public".rooms, "public".room_types RESTART IDENTITY CASCADE; nested exception is org.h2.jdbc.JdbcSQLSyntaxErrorException: Syntax error in SQL statement "TRUNCATE ""public""[*].SCHEDULES, ""public"".LESSONS, ""public"".SEMESTER_PERIOD, ""public"".SEMESTER_DAY, ""public"".SEMESTERS, ""public"".GROUPS, ""public"".TEACHERS, ""public"".SUBJECTS, ""public"".PERIODS, ""public"".ROOMS, ""public"".ROOM_TYPES RESTART IDENTITY CASCADE"; expected "TABLE"; SQL statement:
TRUNCATE "public".schedules, "public".lessons, "public".semester_period, "public".semester_day, "public".semesters, "public".groups, "public".teachers, "public".subjects, "public".periods, "public".rooms, "public".room_types RESTART IDENTITY CASCADE [42001-200]
	at org.springframework.jdbc.datasource.init.ScriptUtils.executeSqlScript(ScriptUtils.java:622) ~[spring-jdbc-5.2.4.RELEASE.jar:5.2.4.RELEASE]
	at org.springframework.jdbc.datasource.init.ResourceDatabasePopulator.populate(ResourceDatabasePopulator.java:254) ~[spring-jdbc-5.2.4.RELEASE.jar:5.2.4.RELEASE]
	at org.springframework.jdbc.datasource.init.DatabasePopulatorUtils.execute(DatabasePopulatorUtils.java:49) ~[spring-jdbc-5.2.4.RELEASE.jar:5.2.4.RELEASE]
	at org.springframework.jdbc.datasource.init.ResourceDatabasePopulator.execute(ResourceDatabasePopulator.java:269) ~[spring-jdbc-5.2.4.RELEASE.jar:5.2.4.RELEASE]
	at org.springframework.test.context.jdbc.SqlScriptsTestExecutionListener.lambda$executeSqlScripts$4(SqlScriptsTestExecutionListener.java:263) ~[spring-test-5.2.5.RELEASE.jar:5.2.5.RELEASE]
	at org.springframework.transaction.support.TransactionOperations.lambda$executeWithoutResult$0(TransactionOperations.java:68) ~[spring-tx-5.2.4.RELEASE.jar:5.2.4.RELEASE]
	at org.springframework.transaction.support.TransactionTemplate.execute(TransactionTemplate.java:140) ~[spring-tx-5.2.4.RELEASE.jar:5.2.4.RELEASE]
	at org.springframework.transaction.support.TransactionOperations.executeWithoutResult(TransactionOperations.java:67) ~[spring-tx-5.2.4.RELEASE.jar:5.2.4.RELEASE]
	at org.springframework.test.context.jdbc.SqlScriptsTestExecutionListener.executeSqlScripts(SqlScriptsTestExecutionListener.java:263) ~[spring-test-5.2.5.RELEASE.jar:5.2.5.RELEASE]
	at org.springframework.test.context.jdbc.SqlScriptsTestExecutionListener.lambda$executeSqlScripts$0(SqlScriptsTestExecutionListener.java:185) ~[spring-test-5.2.5.RELEASE.jar:5.2.5.RELEASE]
	at java.base/java.lang.Iterable.forEach(Iterable.java:75) ~[na:na]
	at org.springframework.test.context.jdbc.SqlScriptsTestExecutionListener.executeSqlScripts(SqlScriptsTestExecutionListener.java:185) ~[spring-test-5.2.5.RELEASE.jar:5.2.5.RELEASE]
	at org.springframework.test.context.jdbc.SqlScriptsTestExecutionListener.executeSqlScripts(SqlScriptsTestExecutionListener.java:147) ~[spring-test-5.2.5.RELEASE.jar:5.2.5.RELEASE]
	at org.springframework.test.context.jdbc.SqlScriptsTestExecutionListener.beforeTestMethod(SqlScriptsTestExecutionListener.java:117) ~[spring-test-5.2.5.RELEASE.jar:5.2.5.RELEASE]
	at org.springframework.test.context.TestContextManager.beforeTestMethod(TestContextManager.java:289) ~[spring-test-5.2.5.RELEASE.jar:5.2.5.RELEASE]
	at org.springframework.test.context.junit4.statements.RunBeforeTestMethodCallbacks.evaluate(RunBeforeTestMethodCallbacks.java:74) ~[spring-test-5.2.5.RELEASE.jar:5.2.5.RELEASE]
	at org.springframework.test.context.junit4.statements.RunAfterTestMethodCallbacks.evaluate(RunAfterTestMethodCallbacks.java:86) ~[spring-test-5.2.5.RELEASE.jar:5.2.5.RELEASE]
	at org.springframework.test.context.junit4.statements.SpringRepeat.evaluate(SpringRepeat.java:84) ~[spring-test-5.2.5.RELEASE.jar:5.2.5.RELEASE]
	at org.junit.runners.ParentRunner.runLeaf(ParentRunner.java:366) ~[junit-4.13.1.jar:4.13.1]
	at org.springframework.test.context.junit4.SpringJUnit4ClassRunner.runChild(SpringJUnit4ClassRunner.java:251) ~[spring-test-5.2.5.RELEASE.jar:5.2.5.RELEASE]
	at org.springframework.test.context.junit4.SpringJUnit4ClassRunner.runChild(SpringJUnit4ClassRunner.java:97) ~[spring-test-5.2.5.RELEASE.jar:5.2.5.RELEASE]
	at org.junit.runners.ParentRunner$4.run(ParentRunner.java:331) ~[junit-4.13.1.jar:4.13.1]
	at org.junit.runners.ParentRunner$1.schedule(ParentRunner.java:79) ~[junit-4.13.1.jar:4.13.1]
	at org.junit.runners.ParentRunner.runChildren(ParentRunner.java:329) ~[junit-4.13.1.jar:4.13.1]
	at org.junit.runners.ParentRunner.access$100(ParentRunner.java:66) ~[junit-4.13.1.jar:4.13.1]
	at org.junit.runners.ParentRunner$2.evaluate(ParentRunner.java:293) ~[junit-4.13.1.jar:4.13.1]
	at org.springframework.test.context.junit4.statements.RunBeforeTestClassCallbacks.evaluate(RunBeforeTestClassCallbacks.java:61) ~[spring-test-5.2.5.RELEASE.jar:5.2.5.RELEASE]
	at org.springframework.test.context.junit4.statements.RunAfterTestClassCallbacks.evaluate(RunAfterTestClassCallbacks.java:70) ~[spring-test-5.2.5.RELEASE.jar:5.2.5.RELEASE]
	at org.junit.runners.ParentRunner$3.evaluate(ParentRunner.java:306) ~[junit-4.13.1.jar:4.13.1]
	at org.junit.runners.ParentRunner.run(ParentRunner.java:413) ~[junit-4.13.1.jar:4.13.1]
	at org.springframework.test.context.junit4.SpringJUnit4ClassRunner.run(SpringJUnit4ClassRunner.java:190) ~[spring-test-5.2.5.RELEASE.jar:5.2.5.RELEASE]
	at org.gradle.api.internal.tasks.testing.junit.JUnitTestClassExecutor.runTestClass(JUnitTestClassExecutor.java:112) ~[na:na]
	at org.gradle.api.internal.tasks.testing.junit.JUnitTestClassExecutor.execute(JUnitTestClassExecutor.java:58) ~[na:na]
	at org.gradle.api.internal.tasks.testing.junit.JUnitTestClassExecutor.execute(JUnitTestClassExecutor.java:40) ~[na:na]
	at org.gradle.api.internal.tasks.testing.junit.AbstractJUnitTestClassProcessor.processTestClass(AbstractJUnitTestClassProcessor.java:54) ~[na:na]
	at org.gradle.api.internal.tasks.testing.SuiteTestClassProcessor.processTestClass(SuiteTestClassProcessor.java:53) ~[na:na]
	at java.base/jdk.internal.reflect.NativeMethodAccessorImpl.invoke0(Native Method) ~[na:na]
	at java.base/jdk.internal.reflect.NativeMethodAccessorImpl.invoke(NativeMethodAccessorImpl.java:62) ~[na:na]
	at java.base/jdk.internal.reflect.DelegatingMethodAccessorImpl.invoke(DelegatingMethodAccessorImpl.java:43) ~[na:na]
	at java.base/java.lang.reflect.Method.invoke(Method.java:566) ~[na:na]
	at org.gradle.internal.dispatch.ReflectionDispatch.dispatch(ReflectionDispatch.java:36) ~[na:na]
	at org.gradle.internal.dispatch.ReflectionDispatch.dispatch(ReflectionDispatch.java:24) ~[na:na]
	at org.gradle.internal.dispatch.ContextClassLoaderDispatch.dispatch(ContextClassLoaderDispatch.java:33) ~[na:na]
	at org.gradle.internal.dispatch.ProxyDispatchAdapter$DispatchingInvocationHandler.invoke(ProxyDispatchAdapter.java:92) ~[na:na]
	at com.sun.proxy.$Proxy6.processTestClass(Unknown Source) ~[na:na]
	at org.gradle.api.internal.tasks.testing.worker.TestWorker$2.run(TestWorker.java:183) ~[na:na]
	at org.gradle.api.internal.tasks.testing.worker.TestWorker.executeAndMaintainThreadName(TestWorker.java:132) ~[na:na]
	at org.gradle.api.internal.tasks.testing.worker.TestWorker.execute(TestWorker.java:103) ~[na:na]
	at org.gradle.api.internal.tasks.testing.worker.TestWorker.execute(TestWorker.java:63) ~[na:na]
	at org.gradle.process.internal.worker.child.ActionExecutionWorker.execute(ActionExecutionWorker.java:56) ~[na:na]
	at org.gradle.process.internal.worker.child.SystemApplicationClassLoaderWorker.call(SystemApplicationClassLoaderWorker.java:122) ~[na:na]
	at org.gradle.process.internal.worker.child.SystemApplicationClassLoaderWorker.call(SystemApplicationClassLoaderWorker.java:72) ~[na:na]
	at worker.org.gradle.process.internal.worker.GradleWorkerMain.run(GradleWorkerMain.java:69) ~[gradle-worker.jar:na]
	at worker.org.gradle.process.internal.worker.GradleWorkerMain.main(GradleWorkerMain.java:74) ~[gradle-worker.jar:na]
Caused by: org.h2.jdbc.JdbcSQLSyntaxErrorException: Syntax error in SQL statement "TRUNCATE ""public""[*].SCHEDULES, ""public"".LESSONS, ""public"".SEMESTER_PERIOD, ""public"".SEMESTER_DAY, ""public"".SEMESTERS, ""public"".GROUPS, ""public"".TEACHERS, ""public"".SUBJECTS, ""public"".PERIODS, ""public"".ROOMS, ""public"".ROOM_TYPES RESTART IDENTITY CASCADE"; expected "TABLE"; SQL statement:
TRUNCATE "public".schedules, "public".lessons, "public".semester_period, "public".semester_day, "public".semesters, "public".groups, "public".teachers, "public".subjects, "public".periods, "public".rooms, "public".room_types RESTART IDENTITY CASCADE [42001-200]
	at org.h2.message.DbException.getJdbcSQLException(DbException.java:453) ~[h2-1.4.200.jar:1.4.200]
	at org.h2.message.DbException.getJdbcSQLException(DbException.java:429) ~[h2-1.4.200.jar:1.4.200]
	at org.h2.message.DbException.getSyntaxError(DbException.java:243) ~[h2-1.4.200.jar:1.4.200]
	at org.h2.command.Parser.getSyntaxError(Parser.java:1053) ~[h2-1.4.200.jar:1.4.200]
	at org.h2.command.Parser.read(Parser.java:4995) ~[h2-1.4.200.jar:1.4.200]
	at org.h2.command.Parser.parseTruncate(Parser.java:2137) ~[h2-1.4.200.jar:1.4.200]
	at org.h2.command.Parser.parsePrepared(Parser.java:1000) ~[h2-1.4.200.jar:1.4.200]
	at org.h2.command.Parser.parse(Parser.java:843) ~[h2-1.4.200.jar:1.4.200]
	at org.h2.command.Parser.parse(Parser.java:819) ~[h2-1.4.200.jar:1.4.200]
	at org.h2.command.Parser.prepareCommand(Parser.java:738) ~[h2-1.4.200.jar:1.4.200]
	at org.h2.engine.Session.prepareLocal(Session.java:657) ~[h2-1.4.200.jar:1.4.200]
	at org.h2.engine.Session.prepareCommand(Session.java:595) ~[h2-1.4.200.jar:1.4.200]
	at org.h2.jdbc.JdbcConnection.prepareCommand(JdbcConnection.java:1235) ~[h2-1.4.200.jar:1.4.200]
	at org.h2.jdbc.JdbcStatement.executeInternal(JdbcStatement.java:212) ~[h2-1.4.200.jar:1.4.200]
	at org.h2.jdbc.JdbcStatement.execute(JdbcStatement.java:201) ~[h2-1.4.200.jar:1.4.200]
	at com.mchange.v2.c3p0.impl.NewProxyStatement.execute(NewProxyStatement.java:75) ~[c3p0-0.9.5.4.jar:0.9.5.4]
	at org.springframework.jdbc.datasource.init.ScriptUtils.executeSqlScript(ScriptUtils.java:601) ~[spring-jdbc-5.2.4.RELEASE.jar:5.2.4.RELEASE]
	... 53 common frames omitted
[WARN ] 2025-06-26 14:47:44.654 [Test worker] o.s.t.c.TestContextManager - Caught exception while invoking 'beforeTestMethod' callback on TestExecutionListener [org.springframework.test.context.jdbc.SqlScriptsTestExecutionListener@57a9b012] for test method [public void com.softserve.controller.ScheduleControllerTest.returnEmptyListIfGetListOfAllSchedulesByNoExistSemester() throws java.lang.Exception] and test instance [com.softserve.controller.ScheduleControllerTest@17cbaa2e]
org.springframework.jdbc.datasource.init.ScriptStatementFailedException: Failed to execute SQL script statement #1 of class path resource [create-schedule-before.sql]: TRUNCATE "public".schedules, "public".lessons, "public".semester_period, "public".semester_day, "public".semesters, "public".groups, "public".teachers, "public".subjects, "public".periods, "public".rooms, "public".room_types RESTART IDENTITY CASCADE; nested exception is org.h2.jdbc.JdbcSQLSyntaxErrorException: Syntax error in SQL statement "TRUNCATE ""public""[*].SCHEDULES, ""public"".LESSONS, ""public"".SEMESTER_PERIOD, ""public"".SEMESTER_DAY, ""public"".SEMESTERS, ""public"".GROUPS, ""public"".TEACHERS, ""public"".SUBJECTS, ""public"".PERIODS, ""public"".ROOMS, ""public"".ROOM_TYPES RESTART IDENTITY CASCADE"; expected "TABLE"; SQL statement:
TRUNCATE "public".schedules, "public".lessons, "public".semester_period, "public".semester_day, "public".semesters, "public".groups, "public".teachers, "public".subjects, "public".periods, "public".rooms, "public".room_types RESTART IDENTITY CASCADE [42001-200]
	at org.springframework.jdbc.datasource.init.ScriptUtils.executeSqlScript(ScriptUtils.java:622) ~[spring-jdbc-5.2.4.RELEASE.jar:5.2.4.RELEASE]
	at org.springframework.jdbc.datasource.init.ResourceDatabasePopulator.populate(ResourceDatabasePopulator.java:254) ~[spring-jdbc-5.2.4.RELEASE.jar:5.2.4.RELEASE]
	at org.springframework.jdbc.datasource.init.DatabasePopulatorUtils.execute(DatabasePopulatorUtils.java:49) ~[spring-jdbc-5.2.4.RELEASE.jar:5.2.4.RELEASE]
	at org.springframework.jdbc.datasource.init.ResourceDatabasePopulator.execute(ResourceDatabasePopulator.java:269) ~[spring-jdbc-5.2.4.RELEASE.jar:5.2.4.RELEASE]
	at org.springframework.test.context.jdbc.SqlScriptsTestExecutionListener.lambda$executeSqlScripts$4(SqlScriptsTestExecutionListener.java:263) ~[spring-test-5.2.5.RELEASE.jar:5.2.5.RELEASE]
	at org.springframework.transaction.support.TransactionOperations.lambda$executeWithoutResult$0(TransactionOperations.java:68) ~[spring-tx-5.2.4.RELEASE.jar:5.2.4.RELEASE]
	at org.springframework.transaction.support.TransactionTemplate.execute(TransactionTemplate.java:140) ~[spring-tx-5.2.4.RELEASE.jar:5.2.4.RELEASE]
	at org.springframework.transaction.support.TransactionOperations.executeWithoutResult(TransactionOperations.java:67) ~[spring-tx-5.2.4.RELEASE.jar:5.2.4.RELEASE]
	at org.springframework.test.context.jdbc.SqlScriptsTestExecutionListener.executeSqlScripts(SqlScriptsTestExecutionListener.java:263) ~[spring-test-5.2.5.RELEASE.jar:5.2.5.RELEASE]
	at org.springframework.test.context.jdbc.SqlScriptsTestExecutionListener.lambda$executeSqlScripts$0(SqlScriptsTestExecutionListener.java:185) ~[spring-test-5.2.5.RELEASE.jar:5.2.5.RELEASE]
	at java.base/java.lang.Iterable.forEach(Iterable.java:75) ~[na:na]
	at org.springframework.test.context.jdbc.SqlScriptsTestExecutionListener.executeSqlScripts(SqlScriptsTestExecutionListener.java:185) ~[spring-test-5.2.5.RELEASE.jar:5.2.5.RELEASE]
	at org.springframework.test.context.jdbc.SqlScriptsTestExecutionListener.executeSqlScripts(SqlScriptsTestExecutionListener.java:147) ~[spring-test-5.2.5.RELEASE.jar:5.2.5.RELEASE]
	at org.springframework.test.context.jdbc.SqlScriptsTestExecutionListener.beforeTestMethod(SqlScriptsTestExecutionListener.java:117) ~[spring-test-5.2.5.RELEASE.jar:5.2.5.RELEASE]
	at org.springframework.test.context.TestContextManager.beforeTestMethod(TestContextManager.java:289) ~[spring-test-5.2.5.RELEASE.jar:5.2.5.RELEASE]
	at org.springframework.test.context.junit4.statements.RunBeforeTestMethodCallbacks.evaluate(RunBeforeTestMethodCallbacks.java:74) ~[spring-test-5.2.5.RELEASE.jar:5.2.5.RELEASE]
	at org.springframework.test.context.junit4.statements.RunAfterTestMethodCallbacks.evaluate(RunAfterTestMethodCallbacks.java:86) ~[spring-test-5.2.5.RELEASE.jar:5.2.5.RELEASE]
	at org.springframework.test.context.junit4.statements.SpringRepeat.evaluate(SpringRepeat.java:84) ~[spring-test-5.2.5.RELEASE.jar:5.2.5.RELEASE]
	at org.junit.runners.ParentRunner.runLeaf(ParentRunner.java:366) ~[junit-4.13.1.jar:4.13.1]
	at org.springframework.test.context.junit4.SpringJUnit4ClassRunner.runChild(SpringJUnit4ClassRunner.java:251) ~[spring-test-5.2.5.RELEASE.jar:5.2.5.RELEASE]
	at org.springframework.test.context.junit4.SpringJUnit4ClassRunner.runChild(SpringJUnit4ClassRunner.java:97) ~[spring-test-5.2.5.RELEASE.jar:5.2.5.RELEASE]
	at org.junit.runners.ParentRunner$4.run(ParentRunner.java:331) ~[junit-4.13.1.jar:4.13.1]
	at org.junit.runners.ParentRunner$1.schedule(ParentRunner.java:79) ~[junit-4.13.1.jar:4.13.1]
	at org.junit.runners.ParentRunner.runChildren(ParentRunner.java:329) ~[junit-4.13.1.jar:4.13.1]
	at org.junit.runners.ParentRunner.access$100(ParentRunner.java:66) ~[junit-4.13.1.jar:4.13.1]
	at org.junit.runners.ParentRunner$2.evaluate(ParentRunner.java:293) ~[junit-4.13.1.jar:4.13.1]
	at org.springframework.test.context.junit4.statements.RunBeforeTestClassCallbacks.evaluate(RunBeforeTestClassCallbacks.java:61) ~[spring-test-5.2.5.RELEASE.jar:5.2.5.RELEASE]
	at org.springframework.test.context.junit4.statements.RunAfterTestClassCallbacks.evaluate(RunAfterTestClassCallbacks.java:70) ~[spring-test-5.2.5.RELEASE.jar:5.2.5.RELEASE]
	at org.junit.runners.ParentRunner$3.evaluate(ParentRunner.java:306) ~[junit-4.13.1.jar:4.13.1]
	at org.junit.runners.ParentRunner.run(ParentRunner.java:413) ~[junit-4.13.1.jar:4.13.1]
	at org.springframework.test.context.junit4.SpringJUnit4ClassRunner.run(SpringJUnit4ClassRunner.java:190) ~[spring-test-5.2.5.RELEASE.jar:5.2.5.RELEASE]
	at org.gradle.api.internal.tasks.testing.junit.JUnitTestClassExecutor.runTestClass(JUnitTestClassExecutor.java:112) ~[na:na]
	at org.gradle.api.internal.tasks.testing.junit.JUnitTestClassExecutor.execute(JUnitTestClassExecutor.java:58) ~[na:na]
	at org.gradle.api.internal.tasks.testing.junit.JUnitTestClassExecutor.execute(JUnitTestClassExecutor.java:40) ~[na:na]
	at org.gradle.api.internal.tasks.testing.junit.AbstractJUnitTestClassProcessor.processTestClass(AbstractJUnitTestClassProcessor.java:54) ~[na:na]
	at org.gradle.api.internal.tasks.testing.SuiteTestClassProcessor.processTestClass(SuiteTestClassProcessor.java:53) ~[na:na]
	at java.base/jdk.internal.reflect.NativeMethodAccessorImpl.invoke0(Native Method) ~[na:na]
	at java.base/jdk.internal.reflect.NativeMethodAccessorImpl.invoke(NativeMethodAccessorImpl.java:62) ~[na:na]
	at java.base/jdk.internal.reflect.DelegatingMethodAccessorImpl.invoke(DelegatingMethodAccessorImpl.java:43) ~[na:na]
	at java.base/java.lang.reflect.Method.invoke(Method.java:566) ~[na:na]
	at org.gradle.internal.dispatch.ReflectionDispatch.dispatch(ReflectionDispatch.java:36) ~[na:na]
	at org.gradle.internal.dispatch.ReflectionDispatch.dispatch(ReflectionDispatch.java:24) ~[na:na]
	at org.gradle.internal.dispatch.ContextClassLoaderDispatch.dispatch(ContextClassLoaderDispatch.java:33) ~[na:na]
	at org.gradle.internal.dispatch.ProxyDispatchAdapter$DispatchingInvocationHandler.invoke(ProxyDispatchAdapter.java:92) ~[na:na]
	at com.sun.proxy.$Proxy6.processTestClass(Unknown Source) ~[na:na]
	at org.gradle.api.internal.tasks.testing.worker.TestWorker$2.run(TestWorker.java:183) ~[na:na]
	at org.gradle.api.internal.tasks.testing.worker.TestWorker.executeAndMaintainThreadName(TestWorker.java:132) ~[na:na]
	at org.gradle.api.internal.tasks.testing.worker.TestWorker.execute(TestWorker.java:103) ~[na:na]
	at org.gradle.api.internal.tasks.testing.worker.TestWorker.execute(TestWorker.java:63) ~[na:na]
	at org.gradle.process.internal.worker.child.ActionExecutionWorker.execute(ActionExecutionWorker.java:56) ~[na:na]
	at org.gradle.process.internal.worker.child.SystemApplicationClassLoaderWorker.call(SystemApplicationClassLoaderWorker.java:122) ~[na:na]
	at org.gradle.process.internal.worker.child.SystemApplicationClassLoaderWorker.call(SystemApplicationClassLoaderWorker.java:72) ~[na:na]
	at worker.org.gradle.process.internal.worker.GradleWorkerMain.run(GradleWorkerMain.java:69) ~[gradle-worker.jar:na]
	at worker.org.gradle.process.internal.worker.GradleWorkerMain.main(GradleWorkerMain.java:74) ~[gradle-worker.jar:na]
Caused by: org.h2.jdbc.JdbcSQLSyntaxErrorException: Syntax error in SQL statement "TRUNCATE ""public""[*].SCHEDULES, ""public"".LESSONS, ""public"".SEMESTER_PERIOD, ""public"".SEMESTER_DAY, ""public"".SEMESTERS, ""public"".GROUPS, ""public"".TEACHERS, ""public"".SUBJECTS, ""public"".PERIODS, ""public"".ROOMS, ""public"".ROOM_TYPES RESTART IDENTITY CASCADE"; expected "TABLE"; SQL statement:
TRUNCATE "public".schedules, "public".lessons, "public".semester_period, "public".semester_day, "public".semesters, "public".groups, "public".teachers, "public".subjects, "public".periods, "public".rooms, "public".room_types RESTART IDENTITY CASCADE [42001-200]
	at org.h2.message.DbException.getJdbcSQLException(DbException.java:453) ~[h2-1.4.200.jar:1.4.200]
	at org.h2.message.DbException.getJdbcSQLException(DbException.java:429) ~[h2-1.4.200.jar:1.4.200]
	at org.h2.message.DbException.getSyntaxError(DbException.java:243) ~[h2-1.4.200.jar:1.4.200]
	at org.h2.command.Parser.getSyntaxError(Parser.java:1053) ~[h2-1.4.200.jar:1.4.200]
	at org.h2.command.Parser.read(Parser.java:4995) ~[h2-1.4.200.jar:1.4.200]
	at org.h2.command.Parser.parseTruncate(Parser.java:2137) ~[h2-1.4.200.jar:1.4.200]
	at org.h2.command.Parser.parsePrepared(Parser.java:1000) ~[h2-1.4.200.jar:1.4.200]
	at org.h2.command.Parser.parse(Parser.java:843) ~[h2-1.4.200.jar:1.4.200]
	at org.h2.command.Parser.parse(Parser.java:819) ~[h2-1.4.200.jar:1.4.200]
	at org.h2.command.Parser.prepareCommand(Parser.java:738) ~[h2-1.4.200.jar:1.4.200]
	at org.h2.engine.Session.prepareLocal(Session.java:657) ~[h2-1.4.200.jar:1.4.200]
	at org.h2.engine.Session.prepareCommand(Session.java:595) ~[h2-1.4.200.jar:1.4.200]
	at org.h2.jdbc.JdbcConnection.prepareCommand(JdbcConnection.java:1235) ~[h2-1.4.200.jar:1.4.200]
	at org.h2.jdbc.JdbcStatement.executeInternal(JdbcStatement.java:212) ~[h2-1.4.200.jar:1.4.200]
	at org.h2.jdbc.JdbcStatement.execute(JdbcStatement.java:201) ~[h2-1.4.200.jar:1.4.200]
	at com.mchange.v2.c3p0.impl.NewProxyStatement.execute(NewProxyStatement.java:75) ~[c3p0-0.9.5.4.jar:0.9.5.4]
	at org.springframework.jdbc.datasource.init.ScriptUtils.executeSqlScript(ScriptUtils.java:601) ~[spring-jdbc-5.2.4.RELEASE.jar:5.2.4.RELEASE]
	... 53 common frames omitted
[WARN ] 2025-06-26 14:47:44.664 [Test worker] o.s.t.c.TestContextManager - Caught exception while invoking 'beforeTestMethod' callback on TestExecutionListener [org.springframework.test.context.jdbc.SqlScriptsTestExecutionListener@57a9b012] for test method [public void com.softserve.controller.ScheduleControllerTest.returnBadRequestIfGetInfoForExistScheduleBySemesterIdByDayOfWeekByEvenOddByClassIdByLessonId() throws java.lang.Exception] and test instance [com.softserve.controller.ScheduleControllerTest@e07b6db]
org.springframework.jdbc.datasource.init.ScriptStatementFailedException: Failed to execute SQL script statement #1 of class path resource [create-schedule-before.sql]: TRUNCATE "public".schedules, "public".lessons, "public".semester_period, "public".semester_day, "public".semesters, "public".groups, "public".teachers, "public".subjects, "public".periods, "public".rooms, "public".room_types RESTART IDENTITY CASCADE; nested exception is org.h2.jdbc.JdbcSQLSyntaxErrorException: Syntax error in SQL statement "TRUNCATE ""public""[*].SCHEDULES, ""public"".LESSONS, ""public"".SEMESTER_PERIOD, ""public"".SEMESTER_DAY, ""public"".SEMESTERS, ""public"".GROUPS, ""public"".TEACHERS, ""public"".SUBJECTS, ""public"".PERIODS, ""public"".ROOMS, ""public"".ROOM_TYPES RESTART IDENTITY CASCADE"; expected "TABLE"; SQL statement:
TRUNCATE "public".schedules, "public".lessons, "public".semester_period, "public".semester_day, "public".semesters, "public".groups, "public".teachers, "public".subjects, "public".periods, "public".rooms, "public".room_types RESTART IDENTITY CASCADE [42001-200]
	at org.springframework.jdbc.datasource.init.ScriptUtils.executeSqlScript(ScriptUtils.java:622) ~[spring-jdbc-5.2.4.RELEASE.jar:5.2.4.RELEASE]
	at org.springframework.jdbc.datasource.init.ResourceDatabasePopulator.populate(ResourceDatabasePopulator.java:254) ~[spring-jdbc-5.2.4.RELEASE.jar:5.2.4.RELEASE]
	at org.springframework.jdbc.datasource.init.DatabasePopulatorUtils.execute(DatabasePopulatorUtils.java:49) ~[spring-jdbc-5.2.4.RELEASE.jar:5.2.4.RELEASE]
	at org.springframework.jdbc.datasource.init.ResourceDatabasePopulator.execute(ResourceDatabasePopulator.java:269) ~[spring-jdbc-5.2.4.RELEASE.jar:5.2.4.RELEASE]
	at org.springframework.test.context.jdbc.SqlScriptsTestExecutionListener.lambda$executeSqlScripts$4(SqlScriptsTestExecutionListener.java:263) ~[spring-test-5.2.5.RELEASE.jar:5.2.5.RELEASE]
	at org.springframework.transaction.support.TransactionOperations.lambda$executeWithoutResult$0(TransactionOperations.java:68) ~[spring-tx-5.2.4.RELEASE.jar:5.2.4.RELEASE]
	at org.springframework.transaction.support.TransactionTemplate.execute(TransactionTemplate.java:140) ~[spring-tx-5.2.4.RELEASE.jar:5.2.4.RELEASE]
	at org.springframework.transaction.support.TransactionOperations.executeWithoutResult(TransactionOperations.java:67) ~[spring-tx-5.2.4.RELEASE.jar:5.2.4.RELEASE]
	at org.springframework.test.context.jdbc.SqlScriptsTestExecutionListener.executeSqlScripts(SqlScriptsTestExecutionListener.java:263) ~[spring-test-5.2.5.RELEASE.jar:5.2.5.RELEASE]
	at org.springframework.test.context.jdbc.SqlScriptsTestExecutionListener.lambda$executeSqlScripts$0(SqlScriptsTestExecutionListener.java:185) ~[spring-test-5.2.5.RELEASE.jar:5.2.5.RELEASE]
	at java.base/java.lang.Iterable.forEach(Iterable.java:75) ~[na:na]
	at org.springframework.test.context.jdbc.SqlScriptsTestExecutionListener.executeSqlScripts(SqlScriptsTestExecutionListener.java:185) ~[spring-test-5.2.5.RELEASE.jar:5.2.5.RELEASE]
	at org.springframework.test.context.jdbc.SqlScriptsTestExecutionListener.executeSqlScripts(SqlScriptsTestExecutionListener.java:147) ~[spring-test-5.2.5.RELEASE.jar:5.2.5.RELEASE]
	at org.springframework.test.context.jdbc.SqlScriptsTestExecutionListener.beforeTestMethod(SqlScriptsTestExecutionListener.java:117) ~[spring-test-5.2.5.RELEASE.jar:5.2.5.RELEASE]
	at org.springframework.test.context.TestContextManager.beforeTestMethod(TestContextManager.java:289) ~[spring-test-5.2.5.RELEASE.jar:5.2.5.RELEASE]
	at org.springframework.test.context.junit4.statements.RunBeforeTestMethodCallbacks.evaluate(RunBeforeTestMethodCallbacks.java:74) ~[spring-test-5.2.5.RELEASE.jar:5.2.5.RELEASE]
	at org.springframework.test.context.junit4.statements.RunAfterTestMethodCallbacks.evaluate(RunAfterTestMethodCallbacks.java:86) ~[spring-test-5.2.5.RELEASE.jar:5.2.5.RELEASE]
	at org.springframework.test.context.junit4.statements.SpringRepeat.evaluate(SpringRepeat.java:84) ~[spring-test-5.2.5.RELEASE.jar:5.2.5.RELEASE]
	at org.junit.runners.ParentRunner.runLeaf(ParentRunner.java:366) ~[junit-4.13.1.jar:4.13.1]
	at org.springframework.test.context.junit4.SpringJUnit4ClassRunner.runChild(SpringJUnit4ClassRunner.java:251) ~[spring-test-5.2.5.RELEASE.jar:5.2.5.RELEASE]
	at org.springframework.test.context.junit4.SpringJUnit4ClassRunner.runChild(SpringJUnit4ClassRunner.java:97) ~[spring-test-5.2.5.RELEASE.jar:5.2.5.RELEASE]
	at org.junit.runners.ParentRunner$4.run(ParentRunner.java:331) ~[junit-4.13.1.jar:4.13.1]
	at org.junit.runners.ParentRunner$1.schedule(ParentRunner.java:79) ~[junit-4.13.1.jar:4.13.1]
	at org.junit.runners.ParentRunner.runChildren(ParentRunner.java:329) ~[junit-4.13.1.jar:4.13.1]
	at org.junit.runners.ParentRunner.access$100(ParentRunner.java:66) ~[junit-4.13.1.jar:4.13.1]
	at org.junit.runners.ParentRunner$2.evaluate(ParentRunner.java:293) ~[junit-4.13.1.jar:4.13.1]
	at org.springframework.test.context.junit4.statements.RunBeforeTestClassCallbacks.evaluate(RunBeforeTestClassCallbacks.java:61) ~[spring-test-5.2.5.RELEASE.jar:5.2.5.RELEASE]
	at org.springframework.test.context.junit4.statements.RunAfterTestClassCallbacks.evaluate(RunAfterTestClassCallbacks.java:70) ~[spring-test-5.2.5.RELEASE.jar:5.2.5.RELEASE]
	at org.junit.runners.ParentRunner$3.evaluate(ParentRunner.java:306) ~[junit-4.13.1.jar:4.13.1]
	at org.junit.runners.ParentRunner.run(ParentRunner.java:413) ~[junit-4.13.1.jar:4.13.1]
	at org.springframework.test.context.junit4.SpringJUnit4ClassRunner.run(SpringJUnit4ClassRunner.java:190) ~[spring-test-5.2.5.RELEASE.jar:5.2.5.RELEASE]
	at org.gradle.api.internal.tasks.testing.junit.JUnitTestClassExecutor.runTestClass(JUnitTestClassExecutor.java:112) ~[na:na]
	at org.gradle.api.internal.tasks.testing.junit.JUnitTestClassExecutor.execute(JUnitTestClassExecutor.java:58) ~[na:na]
	at org.gradle.api.internal.tasks.testing.junit.JUnitTestClassExecutor.execute(JUnitTestClassExecutor.java:40) ~[na:na]
	at org.gradle.api.internal.tasks.testing.junit.AbstractJUnitTestClassProcessor.processTestClass(AbstractJUnitTestClassProcessor.java:54) ~[na:na]
	at org.gradle.api.internal.tasks.testing.SuiteTestClassProcessor.processTestClass(SuiteTestClassProcessor.java:53) ~[na:na]
	at java.base/jdk.internal.reflect.NativeMethodAccessorImpl.invoke0(Native Method) ~[na:na]
	at java.base/jdk.internal.reflect.NativeMethodAccessorImpl.invoke(NativeMethodAccessorImpl.java:62) ~[na:na]
	at java.base/jdk.internal.reflect.DelegatingMethodAccessorImpl.invoke(DelegatingMethodAccessorImpl.java:43) ~[na:na]
	at java.base/java.lang.reflect.Method.invoke(Method.java:566) ~[na:na]
	at org.gradle.internal.dispatch.ReflectionDispatch.dispatch(ReflectionDispatch.java:36) ~[na:na]
	at org.gradle.internal.dispatch.ReflectionDispatch.dispatch(ReflectionDispatch.java:24) ~[na:na]
	at org.gradle.internal.dispatch.ContextClassLoaderDispatch.dispatch(ContextClassLoaderDispatch.java:33) ~[na:na]
	at org.gradle.internal.dispatch.ProxyDispatchAdapter$DispatchingInvocationHandler.invoke(ProxyDispatchAdapter.java:92) ~[na:na]
	at com.sun.proxy.$Proxy6.processTestClass(Unknown Source) ~[na:na]
	at org.gradle.api.internal.tasks.testing.worker.TestWorker$2.run(TestWorker.java:183) ~[na:na]
	at org.gradle.api.internal.tasks.testing.worker.TestWorker.executeAndMaintainThreadName(TestWorker.java:132) ~[na:na]
	at org.gradle.api.internal.tasks.testing.worker.TestWorker.execute(TestWorker.java:103) ~[na:na]
	at org.gradle.api.internal.tasks.testing.worker.TestWorker.execute(TestWorker.java:63) ~[na:na]
	at org.gradle.process.internal.worker.child.ActionExecutionWorker.execute(ActionExecutionWorker.java:56) ~[na:na]
	at org.gradle.process.internal.worker.child.SystemApplicationClassLoaderWorker.call(SystemApplicationClassLoaderWorker.java:122) ~[na:na]
	at org.gradle.process.internal.worker.child.SystemApplicationClassLoaderWorker.call(SystemApplicationClassLoaderWorker.java:72) ~[na:na]
	at worker.org.gradle.process.internal.worker.GradleWorkerMain.run(GradleWorkerMain.java:69) ~[gradle-worker.jar:na]
	at worker.org.gradle.process.internal.worker.GradleWorkerMain.main(GradleWorkerMain.java:74) ~[gradle-worker.jar:na]
Caused by: org.h2.jdbc.JdbcSQLSyntaxErrorException: Syntax error in SQL statement "TRUNCATE ""public""[*].SCHEDULES, ""public"".LESSONS, ""public"".SEMESTER_PERIOD, ""public"".SEMESTER_DAY, ""public"".SEMESTERS, ""public"".GROUPS, ""public"".TEACHERS, ""public"".SUBJECTS, ""public"".PERIODS, ""public"".ROOMS, ""public"".ROOM_TYPES RESTART IDENTITY CASCADE"; expected "TABLE"; SQL statement:
TRUNCATE "public".schedules, "public".lessons, "public".semester_period, "public".semester_day, "public".semesters, "public".groups, "public".teachers, "public".subjects, "public".periods, "public".rooms, "public".room_types RESTART IDENTITY CASCADE [42001-200]
	at org.h2.message.DbException.getJdbcSQLException(DbException.java:453) ~[h2-1.4.200.jar:1.4.200]
	at org.h2.message.DbException.getJdbcSQLException(DbException.java:429) ~[h2-1.4.200.jar:1.4.200]
	at org.h2.message.DbException.getSyntaxError(DbException.java:243) ~[h2-1.4.200.jar:1.4.200]
	at org.h2.command.Parser.getSyntaxError(Parser.java:1053) ~[h2-1.4.200.jar:1.4.200]
	at org.h2.command.Parser.read(Parser.java:4995) ~[h2-1.4.200.jar:1.4.200]
	at org.h2.command.Parser.parseTruncate(Parser.java:2137) ~[h2-1.4.200.jar:1.4.200]
	at org.h2.command.Parser.parsePrepared(Parser.java:1000) ~[h2-1.4.200.jar:1.4.200]
	at org.h2.command.Parser.parse(Parser.java:843) ~[h2-1.4.200.jar:1.4.200]
	at org.h2.command.Parser.parse(Parser.java:819) ~[h2-1.4.200.jar:1.4.200]
	at org.h2.command.Parser.prepareCommand(Parser.java:738) ~[h2-1.4.200.jar:1.4.200]
	at org.h2.engine.Session.prepareLocal(Session.java:657) ~[h2-1.4.200.jar:1.4.200]
	at org.h2.engine.Session.prepareCommand(Session.java:595) ~[h2-1.4.200.jar:1.4.200]
	at org.h2.jdbc.JdbcConnection.prepareCommand(JdbcConnection.java:1235) ~[h2-1.4.200.jar:1.4.200]
	at org.h2.jdbc.JdbcStatement.executeInternal(JdbcStatement.java:212) ~[h2-1.4.200.jar:1.4.200]
	at org.h2.jdbc.JdbcStatement.execute(JdbcStatement.java:201) ~[h2-1.4.200.jar:1.4.200]
	at com.mchange.v2.c3p0.impl.NewProxyStatement.execute(NewProxyStatement.java:75) ~[c3p0-0.9.5.4.jar:0.9.5.4]
	at org.springframework.jdbc.datasource.init.ScriptUtils.executeSqlScript(ScriptUtils.java:601) ~[spring-jdbc-5.2.4.RELEASE.jar:5.2.4.RELEASE]
	... 53 common frames omitted
]]></system-out>
  <system-err><![CDATA[]]></system-err>
</testsuite>
