<?xml version="1.0" encoding="UTF-8"?>
<testsuite name="com.softserve.util.PasswordGeneratingUtilTest" tests="2" skipped="0" failures="0" errors="0" timestamp="2025-06-26T11:47:46.811Z" hostname="MacBook-Air-Ivan.local" time="0.002">
  <properties/>
  <testcase name="testIfEveryTimeGeneratedPasswordIsNew" classname="com.softserve.util.PasswordGeneratingUtilTest" time="0.001"/>
  <testcase name="testGeneratePassword" classname="com.softserve.util.PasswordGeneratingUtilTest" time="0.001"/>
  <system-out><![CDATA[]]></system-out>
  <system-err><![CDATA[]]></system-err>
</testsuite>
