<?xml version="1.0" encoding="UTF-8"?>
<testsuite name="com.softserve.service.LessonServiceTest" tests="7" skipped="0" failures="0" errors="0" timestamp="2025-06-26T11:47:45.900Z" hostname="MacBook-Air-Ivan.local" time="0.066">
  <properties/>
  <testcase name="getLessonById" classname="com.softserve.service.LessonServiceTest" time="0.032"/>
  <testcase name="updateLessonIfItDoesNotEqualsWithExistsLessons" classname="com.softserve.service.LessonServiceTest" time="0.03"/>
  <testcase name="throwEntityAlreadyExistsExceptionIfSaveLessonWithSameTeacherSubjectGroupLessonType" classname="com.softserve.service.LessonServiceTest" time="0.001"/>
  <testcase name="throwEntityNotFoundExceptionIfLessonNotFoundedById" classname="com.softserve.service.LessonServiceTest" time="0.0"/>
  <testcase name="updateLinkToMeeting" classname="com.softserve.service.LessonServiceTest" time="0.002"/>
  <testcase name="throwEntityAlreadyExistsExceptionIfUpdatedLessonEqualsWithExistsLessons" classname="com.softserve.service.LessonServiceTest" time="0.0"/>
  <testcase name="saveLessonIfDuplicatesDoesNotExists" classname="com.softserve.service.LessonServiceTest" time="0.001"/>
  <system-out><![CDATA[[INFO ] 2025-06-26 14:47:45.931 [Test worker] c.s.s.i.LessonServiceImpl - In getById(id = [1])
[INFO ] 2025-06-26 14:47:45.933 [Test worker] c.s.s.i.LessonServiceImpl - In update(entity = [Lesson(id=1, hours=1, linkToMeeting=https://softserveinc.zoom.us/j/93198369163?pwd=Rk1GU281cDFtK1FCK3pJWXphRkJrQT09, subjectForSite=Human anatomy, lessonType=LECTURE, teacher=Teacher(id=10, name=Ivan, surname=Ivanov, patronymic=Ivanovych, position=Docent, userId=1, department=null, disable=false), subject=com.softserve.entity.Subject@5cdf6014, group=Group(id=1, title=group, disable=false, sortOrder=null), semester=Semester(id=4, description=null, year=2020, startDay=2020-01-20, endDay=2020-02-20, currentSemester=true, defaultSemester=false, daysOfWeek=null, periods=[Period(id=null, startTime=null, endTime=null, name=null)], groups=null, disable=false), grouped=false)]
[INFO ] 2025-06-26 14:47:45.962 [Test worker] c.s.s.i.LessonServiceImpl - In isLessonForGroupExistsAndIgnoreWithId(lesson = [Lesson(id=1, hours=1, linkToMeeting=https://softserveinc.zoom.us/j/93198369163?pwd=Rk1GU281cDFtK1FCK3pJWXphRkJrQT09, subjectForSite=Human anatomy, lessonType=LECTURE, teacher=Teacher(id=10, name=Ivan, surname=Ivanov, patronymic=Ivanovych, position=Docent, userId=1, department=null, disable=false), subject=com.softserve.entity.Subject@5cdf6014, group=Group(id=1, title=group, disable=false, sortOrder=null), semester=Semester(id=4, description=null, year=2020, startDay=2020-01-20, endDay=2020-02-20, currentSemester=true, defaultSemester=false, daysOfWeek=null, periods=[Period(id=null, startTime=null, endTime=null, name=null)], groups=null, disable=false), grouped=false)])
[INFO ] 2025-06-26 14:47:45.963 [Test worker] c.s.s.i.LessonServiceImpl - In save(entity = [Lesson(id=1, hours=1, linkToMeeting=https://softserveinc.zoom.us/j/93198369163?pwd=Rk1GU281cDFtK1FCK3pJWXphRkJrQT09, subjectForSite=Human anatomy, lessonType=LECTURE, teacher=Teacher(id=10, name=Ivan, surname=Ivanov, patronymic=Ivanovych, position=Docent, userId=1, department=null, disable=false), subject=com.softserve.entity.Subject@5cdf6014, group=Group(id=1, title=group, disable=false, sortOrder=null), semester=null, grouped=false)]
[INFO ] 2025-06-26 14:47:45.963 [Test worker] c.s.s.i.LessonServiceImpl - In isLessonForGroupExists(lesson = [Lesson(id=1, hours=1, linkToMeeting=https://softserveinc.zoom.us/j/93198369163?pwd=Rk1GU281cDFtK1FCK3pJWXphRkJrQT09, subjectForSite=Human anatomy, lessonType=LECTURE, teacher=Teacher(id=10, name=Ivan, surname=Ivanov, patronymic=Ivanovych, position=Docent, userId=1, department=null, disable=false), subject=com.softserve.entity.Subject@5cdf6014, group=Group(id=1, title=group, disable=false, sortOrder=null), semester=null, grouped=false)])
[INFO ] 2025-06-26 14:47:45.964 [Test worker] c.s.s.i.LessonServiceImpl - In getById(id = [2])
[INFO ] 2025-06-26 14:47:45.965 [Test worker] c.s.s.i.LessonServiceImpl - In service updateLinkToMeeting lesson = [Lesson(id=null, hours=0, linkToMeeting=https://www.youtube.com/, subjectForSite=null, lessonType=LECTURE, teacher=Teacher(id=5, name=null, surname=null, patronymic=null, position=null, userId=null, department=null, disable=false), subject=com.softserve.entity.Subject@84a8e, group=null, semester=Semester(id=7, description=null, year=0, startDay=null, endDay=null, currentSemester=false, defaultSemester=false, daysOfWeek=null, periods=null, groups=null, disable=false), grouped=false)]
[INFO ] 2025-06-26 14:47:45.965 [Test worker] c.s.s.i.LessonServiceImpl - In service updateLinkToMeeting lesson = [Lesson(id=null, hours=0, linkToMeeting=https://www.youtube.com/, subjectForSite=null, lessonType=null, teacher=Teacher(id=5, name=null, surname=null, patronymic=null, position=null, userId=null, department=null, disable=false), subject=com.softserve.entity.Subject@84a8e, group=null, semester=Semester(id=7, description=null, year=0, startDay=null, endDay=null, currentSemester=false, defaultSemester=false, daysOfWeek=null, periods=null, groups=null, disable=false), grouped=false)]
[INFO ] 2025-06-26 14:47:45.965 [Test worker] c.s.s.i.LessonServiceImpl - In service updateLinkToMeeting lesson = [Lesson(id=null, hours=0, linkToMeeting=https://www.youtube.com/, subjectForSite=null, lessonType=null, teacher=Teacher(id=5, name=null, surname=null, patronymic=null, position=null, userId=null, department=null, disable=false), subject=null, group=null, semester=Semester(id=7, description=null, year=0, startDay=null, endDay=null, currentSemester=false, defaultSemester=false, daysOfWeek=null, periods=null, groups=null, disable=false), grouped=false)]
[INFO ] 2025-06-26 14:47:45.966 [Test worker] c.s.s.i.LessonServiceImpl - In update(entity = [Lesson(id=1, hours=1, linkToMeeting=https://softserveinc.zoom.us/j/93198369163?pwd=Rk1GU281cDFtK1FCK3pJWXphRkJrQT09, subjectForSite=Human anatomy, lessonType=LECTURE, teacher=Teacher(id=10, name=Ivan, surname=Ivanov, patronymic=Ivanovych, position=Docent, userId=1, department=null, disable=false), subject=com.softserve.entity.Subject@5cdf6014, group=Group(id=1, title=group, disable=false, sortOrder=null), semester=null, grouped=false)]
[INFO ] 2025-06-26 14:47:45.966 [Test worker] c.s.s.i.LessonServiceImpl - In isLessonForGroupExistsAndIgnoreWithId(lesson = [Lesson(id=1, hours=1, linkToMeeting=https://softserveinc.zoom.us/j/93198369163?pwd=Rk1GU281cDFtK1FCK3pJWXphRkJrQT09, subjectForSite=Human anatomy, lessonType=LECTURE, teacher=Teacher(id=10, name=Ivan, surname=Ivanov, patronymic=Ivanovych, position=Docent, userId=1, department=null, disable=false), subject=com.softserve.entity.Subject@5cdf6014, group=Group(id=1, title=group, disable=false, sortOrder=null), semester=null, grouped=false)])
[INFO ] 2025-06-26 14:47:45.966 [Test worker] c.s.s.i.LessonServiceImpl - In save(entity = [Lesson(id=1, hours=1, linkToMeeting=, subjectForSite=, lessonType=LECTURE, teacher=Teacher(id=10, name=Ivan, surname=Ivanov, patronymic=Ivanovych, position=Docent, userId=1, department=null, disable=false), subject=com.softserve.entity.Subject@5cdf6014, group=Group(id=1, title=group, disable=false, sortOrder=null), semester=null, grouped=false)]
[INFO ] 2025-06-26 14:47:45.967 [Test worker] c.s.s.i.LessonServiceImpl - In isLessonForGroupExists(lesson = [Lesson(id=1, hours=1, linkToMeeting=, subjectForSite=, lessonType=LECTURE, teacher=Teacher(id=10, name=Ivan, surname=Ivanov, patronymic=Ivanovych, position=Docent, userId=1, department=null, disable=false), subject=com.softserve.entity.Subject@5cdf6014, group=Group(id=1, title=group, disable=false, sortOrder=null), semester=null, grouped=false)])
]]></system-out>
  <system-err><![CDATA[]]></system-err>
</testsuite>
